[0.023s] Invoking command in '/home/user/ros2_ws/build/aruco_ros': CMAKE_PREFIX_PATH=/home/user/ros2_ws/install/aruco_msgs:/home/user/ros2_ws/install/aruco:/home/user/ros2_ws/install/ros2_kdl_package:/home/user/ros2_ws/install/ros2_fra2mo:/home/user/ros2_ws/install/impedance_controller:/home/user/ros2_ws/install/iiwa_bringup:/home/user/ros2_ws/install/iiwa_description:/home/user/ros2_ws/install/external_torque_sensor_broadcaster:/home/user/ros2_ws/install/aruco_ros:/opt/ros/humble LD_LIBRARY_PATH=/home/user/ros2_ws/install/aruco_msgs/lib:/home/user/ros2_ws/install/aruco/lib:/home/user/ros2_ws/install/ros2_kdl_package/lib:/home/user/ros2_ws/install/impedance_controller/lib:/home/user/ros2_ws/install/external_torque_sensor_broadcaster/lib:/home/user/ros2_ws/install/aruco_ros/lib:/opt/ros/humble/opt/rviz_ogre_vendor/lib:/opt/ros/humble/lib/x86_64-linux-gnu:/opt/ros/humble/lib /usr/bin/cmake /home/user/ros2_ws/src/aruco_ros/aruco_ros -DCMAKE_INSTALL_PREFIX=/home/user/ros2_ws/install/aruco_ros
[0.129s] -- The C compiler identification is GNU 11.4.0
[0.235s] -- The CXX compiler identification is GNU 11.4.0
[0.245s] -- Detecting C compiler ABI info
[0.356s] -- Detecting C compiler ABI info - done
[0.372s] -- Check for working C compiler: /usr/bin/cc - skipped
[0.373s] -- Detecting C compile features
[0.373s] -- Detecting C compile features - done
[0.379s] -- Detecting CXX compiler ABI info
[0.524s] -- Detecting CXX compiler ABI info - done
[0.540s] -- Check for working CXX compiler: /usr/bin/c++ - skipped
[0.540s] -- Detecting CXX compile features
[0.541s] -- Detecting CXX compile features - done
[0.550s] -- Found ament_cmake: 1.3.12 (/opt/ros/humble/share/ament_cmake/cmake)
[0.800s] -- Found Python3: /usr/bin/python3 (found version "3.10.12") found components: Interpreter 
[1.026s] -- Found OpenCV: /usr (found version "4.5.4") 
[1.041s] -- Found cv_bridge: 3.2.1 (/opt/ros/humble/share/cv_bridge/cmake)
[1.161s] -- Found rosidl_generator_c: 3.1.7 (/opt/ros/humble/share/rosidl_generator_c/cmake)
[1.181s] -- Found rosidl_adapter: 3.1.7 (/opt/ros/humble/share/rosidl_adapter/cmake)
[1.208s] -- Found rosidl_generator_cpp: 3.1.7 (/opt/ros/humble/share/rosidl_generator_cpp/cmake)
[1.244s] -- Using all available rosidl_typesupport_c: rosidl_typesupport_fastrtps_c;rosidl_typesupport_introspection_c
[1.294s] -- Using all available rosidl_typesupport_cpp: rosidl_typesupport_fastrtps_cpp;rosidl_typesupport_introspection_cpp
[1.467s] -- Found image_transport: 3.1.12 (/opt/ros/humble/share/image_transport/cmake)
[1.613s] -- Found rmw_implementation_cmake: 6.1.2 (/opt/ros/humble/share/rmw_implementation_cmake/cmake)
[1.623s] -- Found rmw_fastrtps_cpp: 6.2.9 (/opt/ros/humble/share/rmw_fastrtps_cpp/cmake)
[1.813s] -- Found OpenSSL: /usr/lib/x86_64-linux-gnu/libcrypto.so (found version "3.0.2")  
[1.881s] -- Found FastRTPS: /opt/ros/humble/include  
[1.989s] -- Using RMW implementation 'rmw_fastrtps_cpp' as default
[2.023s] -- Looking for pthread.h
[2.130s] -- Looking for pthread.h - found
[2.130s] -- Performing Test CMAKE_HAVE_LIBC_PTHREAD
[2.236s] -- Performing Test CMAKE_HAVE_LIBC_PTHREAD - Success
[2.238s] -- Found Threads: TRUE  
[2.438s] -- Found rclpy: 3.3.19 (/opt/ros/humble/share/rclpy/cmake)
[2.446s] -- Found tf2: 0.25.17 (/opt/ros/humble/share/tf2/cmake)
[2.461s] -- Found tf2_ros: 0.25.17 (/opt/ros/humble/share/tf2_ros/cmake)
[2.686s] -- Found tf2_geometry_msgs: 0.25.17 (/opt/ros/humble/share/tf2_geometry_msgs/cmake)
[2.736s] -- Found eigen3_cmake_module: 0.1.1 (/opt/ros/humble/share/eigen3_cmake_module/cmake)
[2.738s] -- Found Eigen3: TRUE (found version "3.4.0") 
[2.738s] -- Ensuring Eigen3 include directory is part of orocos-kdl CMake target
[2.743s] -- Found aruco: 5.0.5 (/home/user/ros2_ws/install/aruco/share/aruco/cmake)
[2.745s] -- Found aruco_msgs: 5.0.5 (/home/user/ros2_ws/install/aruco_msgs/share/aruco_msgs/cmake)
[2.787s] -- Found visualization_msgs: 4.9.0 (/opt/ros/humble/share/visualization_msgs/cmake)
[2.884s] -- Found ament_lint_auto: 0.12.14 (/opt/ros/humble/share/ament_lint_auto/cmake)
[3.095s] -- Added test 'cppcheck' to perform static code analysis on C / C++ code
[3.096s] -- Configured cppcheck include dirs: /home/user/ros2_ws/src/aruco_ros/aruco_ros/include
[3.096s] -- Configured cppcheck exclude dirs and/or files: 
[3.100s] -- Added test 'cpplint' to check C / C++ code against the Google style
[3.100s] -- Configured cpplint exclude dirs and/or files: 
[3.101s] -- Added test 'flake8' to check Python code syntax and style conventions
[3.103s] -- Added test 'lint_cmake' to check CMake code style
[3.104s] -- Added test 'pep257' to check Python code against some of the docstring style conventions in PEP 257
[3.108s] -- Added test 'uncrustify' to check C / C++ code style
[3.108s] -- Configured uncrustify additional arguments: 
[3.109s] -- Added test 'xmllint' to check XML markup files
[3.112s] -- Configuring done
[3.220s] -- Generating done
[3.249s] -- Build files have been written to: /home/user/ros2_ws/build/aruco_ros
[3.267s] Invoked command in '/home/user/ros2_ws/build/aruco_ros' returned '0': CMAKE_PREFIX_PATH=/home/user/ros2_ws/install/aruco_msgs:/home/user/ros2_ws/install/aruco:/home/user/ros2_ws/install/ros2_kdl_package:/home/user/ros2_ws/install/ros2_fra2mo:/home/user/ros2_ws/install/impedance_controller:/home/user/ros2_ws/install/iiwa_bringup:/home/user/ros2_ws/install/iiwa_description:/home/user/ros2_ws/install/external_torque_sensor_broadcaster:/home/user/ros2_ws/install/aruco_ros:/opt/ros/humble LD_LIBRARY_PATH=/home/user/ros2_ws/install/aruco_msgs/lib:/home/user/ros2_ws/install/aruco/lib:/home/user/ros2_ws/install/ros2_kdl_package/lib:/home/user/ros2_ws/install/impedance_controller/lib:/home/user/ros2_ws/install/external_torque_sensor_broadcaster/lib:/home/user/ros2_ws/install/aruco_ros/lib:/opt/ros/humble/opt/rviz_ogre_vendor/lib:/opt/ros/humble/lib/x86_64-linux-gnu:/opt/ros/humble/lib /usr/bin/cmake /home/user/ros2_ws/src/aruco_ros/aruco_ros -DCMAKE_INSTALL_PREFIX=/home/user/ros2_ws/install/aruco_ros
[3.269s] Invoking command in '/home/user/ros2_ws/build/aruco_ros': CMAKE_PREFIX_PATH=/home/user/ros2_ws/install/aruco_msgs:/home/user/ros2_ws/install/aruco:/home/user/ros2_ws/install/ros2_kdl_package:/home/user/ros2_ws/install/ros2_fra2mo:/home/user/ros2_ws/install/impedance_controller:/home/user/ros2_ws/install/iiwa_bringup:/home/user/ros2_ws/install/iiwa_description:/home/user/ros2_ws/install/external_torque_sensor_broadcaster:/home/user/ros2_ws/install/aruco_ros:/opt/ros/humble LD_LIBRARY_PATH=/home/user/ros2_ws/install/aruco_msgs/lib:/home/user/ros2_ws/install/aruco/lib:/home/user/ros2_ws/install/ros2_kdl_package/lib:/home/user/ros2_ws/install/impedance_controller/lib:/home/user/ros2_ws/install/external_torque_sensor_broadcaster/lib:/home/user/ros2_ws/install/aruco_ros/lib:/opt/ros/humble/opt/rviz_ogre_vendor/lib:/opt/ros/humble/lib/x86_64-linux-gnu:/opt/ros/humble/lib /usr/bin/cmake --build /home/user/ros2_ws/build/aruco_ros -- -j12 -l12
[3.362s] [  9%] [32mBuilding CXX object CMakeFiles/single.dir/src/aruco_ros_utils.cpp.o[0m
[3.362s] [ 18%] [32mBuilding CXX object CMakeFiles/single.dir/src/simple_single.cpp.o[0m
[3.368s] [ 27%] [32mBuilding CXX object CMakeFiles/aruco_ros_utils.dir/src/aruco_ros_utils.cpp.o[0m
[3.372s] [ 36%] [32mBuilding CXX object CMakeFiles/marker_publisher.dir/src/marker_publish.cpp.o[0m
[3.374s] [ 45%] [32mBuilding CXX object CMakeFiles/double.dir/src/simple_double.cpp.o[0m
[3.378s] [ 54%] [32mBuilding CXX object CMakeFiles/marker_publisher.dir/src/aruco_ros_utils.cpp.o[0m
[3.385s] [ 63%] [32mBuilding CXX object CMakeFiles/double.dir/src/aruco_ros_utils.cpp.o[0m
[7.367s] [ 72%] [32m[1mLinking CXX shared library libaruco_ros_utils.so[0m
[8.253s] [ 72%] Built target aruco_ros_utils
[19.785s] [ 81%] [32m[1mLinking CXX executable double[0m
[21.165s] [ 81%] Built target double
[21.536s] [ 90%] [32m[1mLinking CXX executable marker_publisher[0m
[22.117s] [100%] [32m[1mLinking CXX executable single[0m
[23.021s] [100%] Built target marker_publisher
[23.510s] [100%] Built target single
[23.523s] Invoked command in '/home/user/ros2_ws/build/aruco_ros' returned '0': CMAKE_PREFIX_PATH=/home/user/ros2_ws/install/aruco_msgs:/home/user/ros2_ws/install/aruco:/home/user/ros2_ws/install/ros2_kdl_package:/home/user/ros2_ws/install/ros2_fra2mo:/home/user/ros2_ws/install/impedance_controller:/home/user/ros2_ws/install/iiwa_bringup:/home/user/ros2_ws/install/iiwa_description:/home/user/ros2_ws/install/external_torque_sensor_broadcaster:/home/user/ros2_ws/install/aruco_ros:/opt/ros/humble LD_LIBRARY_PATH=/home/user/ros2_ws/install/aruco_msgs/lib:/home/user/ros2_ws/install/aruco/lib:/home/user/ros2_ws/install/ros2_kdl_package/lib:/home/user/ros2_ws/install/impedance_controller/lib:/home/user/ros2_ws/install/external_torque_sensor_broadcaster/lib:/home/user/ros2_ws/install/aruco_ros/lib:/opt/ros/humble/opt/rviz_ogre_vendor/lib:/opt/ros/humble/lib/x86_64-linux-gnu:/opt/ros/humble/lib /usr/bin/cmake --build /home/user/ros2_ws/build/aruco_ros -- -j12 -l12
[23.525s] Invoking command in '/home/user/ros2_ws/build/aruco_ros': CMAKE_PREFIX_PATH=/home/user/ros2_ws/install/aruco_msgs:/home/user/ros2_ws/install/aruco:/home/user/ros2_ws/install/ros2_kdl_package:/home/user/ros2_ws/install/ros2_fra2mo:/home/user/ros2_ws/install/impedance_controller:/home/user/ros2_ws/install/iiwa_bringup:/home/user/ros2_ws/install/iiwa_description:/home/user/ros2_ws/install/external_torque_sensor_broadcaster:/home/user/ros2_ws/install/aruco_ros:/opt/ros/humble LD_LIBRARY_PATH=/home/user/ros2_ws/install/aruco_msgs/lib:/home/user/ros2_ws/install/aruco/lib:/home/user/ros2_ws/install/ros2_kdl_package/lib:/home/user/ros2_ws/install/impedance_controller/lib:/home/user/ros2_ws/install/external_torque_sensor_broadcaster/lib:/home/user/ros2_ws/install/aruco_ros/lib:/opt/ros/humble/opt/rviz_ogre_vendor/lib:/opt/ros/humble/lib/x86_64-linux-gnu:/opt/ros/humble/lib /usr/bin/cmake --install /home/user/ros2_ws/build/aruco_ros
[23.533s] -- Install configuration: ""
[23.533s] -- Installing: /home/user/ros2_ws/install/aruco_ros/lib/libaruco_ros_utils.so
[23.534s] -- Set runtime path of "/home/user/ros2_ws/install/aruco_ros/lib/libaruco_ros_utils.so" to ""
[23.534s] -- Installing: /home/user/ros2_ws/install/aruco_ros/lib/aruco_ros/marker_publisher
[23.539s] -- Set runtime path of "/home/user/ros2_ws/install/aruco_ros/lib/aruco_ros/marker_publisher" to ""
[23.540s] -- Installing: /home/user/ros2_ws/install/aruco_ros/lib/aruco_ros/single
[23.545s] -- Set runtime path of "/home/user/ros2_ws/install/aruco_ros/lib/aruco_ros/single" to ""
[23.545s] -- Installing: /home/user/ros2_ws/install/aruco_ros/lib/aruco_ros/double
[23.549s] -- Set runtime path of "/home/user/ros2_ws/install/aruco_ros/lib/aruco_ros/double" to ""
[23.550s] -- Installing: /home/user/ros2_ws/install/aruco_ros/include
[23.550s] -- Installing: /home/user/ros2_ws/install/aruco_ros/include/aruco_ros
[23.550s] -- Installing: /home/user/ros2_ws/install/aruco_ros/share/aruco_ros/etc
[23.550s] -- Installing: /home/user/ros2_ws/install/aruco_ros/share/aruco_ros/etc/marker26_5cm.jpg
[23.550s] -- Installing: /home/user/ros2_ws/install/aruco_ros/share/aruco_ros/etc/marker582_5cm.jpg
[23.550s] -- Installing: /home/user/ros2_ws/install/aruco_ros/share/aruco_ros/etc/new_coordinates.png
[23.551s] -- Installing: /home/user/ros2_ws/install/aruco_ros/share/aruco_ros/etc/reem_gazebo_floating_marker_world.png
[23.551s] -- Installing: /home/user/ros2_ws/install/aruco_ros/share/aruco_ros/etc/marker582_5cm_margin_2cm.jpg
[23.551s] -- Installing: /home/user/ros2_ws/install/aruco_ros/share/aruco_ros/etc/marker_in_hand.jpg
[23.552s] -- Installing: /home/user/ros2_ws/install/aruco_ros/share/aruco_ros/etc/reem_gazebo_floating_marker.png
[23.552s] -- Installing: /home/user/ros2_ws/install/aruco_ros/share/aruco_ros/etc/marker_in_object.jpg
[23.552s] -- Installing: /home/user/ros2_ws/install/aruco_ros/share/aruco_ros/etc/marker26_5cm_margin_1cm.jpg
[23.553s] -- Installing: /home/user/ros2_ws/install/aruco_ros/share/aruco_ros/etc/marker26_5cm_margin_2cm.jpg
[23.553s] -- Installing: /home/user/ros2_ws/install/aruco_ros/share/aruco_ros/launch
[23.553s] -- Installing: /home/user/ros2_ws/install/aruco_ros/share/aruco_ros/launch/double.launch.py
[23.553s] -- Installing: /home/user/ros2_ws/install/aruco_ros/share/aruco_ros/launch/marker_publisher.launch.py
[23.554s] -- Installing: /home/user/ros2_ws/install/aruco_ros/share/aruco_ros/launch/single.launch.py
[23.554s] -- Installing: /home/user/ros2_ws/install/aruco_ros/share/ament_index/resource_index/package_run_dependencies/aruco_ros
[23.554s] -- Installing: /home/user/ros2_ws/install/aruco_ros/share/ament_index/resource_index/parent_prefix_path/aruco_ros
[23.555s] -- Installing: /home/user/ros2_ws/install/aruco_ros/share/aruco_ros/environment/ament_prefix_path.sh
[23.555s] -- Installing: /home/user/ros2_ws/install/aruco_ros/share/aruco_ros/environment/ament_prefix_path.dsv
[23.555s] -- Installing: /home/user/ros2_ws/install/aruco_ros/share/aruco_ros/environment/path.sh
[23.555s] -- Installing: /home/user/ros2_ws/install/aruco_ros/share/aruco_ros/environment/path.dsv
[23.556s] -- Installing: /home/user/ros2_ws/install/aruco_ros/share/aruco_ros/local_setup.bash
[23.556s] -- Installing: /home/user/ros2_ws/install/aruco_ros/share/aruco_ros/local_setup.sh
[23.556s] -- Installing: /home/user/ros2_ws/install/aruco_ros/share/aruco_ros/local_setup.zsh
[23.557s] -- Installing: /home/user/ros2_ws/install/aruco_ros/share/aruco_ros/local_setup.dsv
[23.557s] -- Installing: /home/user/ros2_ws/install/aruco_ros/share/aruco_ros/package.dsv
[23.557s] -- Installing: /home/user/ros2_ws/install/aruco_ros/share/ament_index/resource_index/packages/aruco_ros
[23.557s] -- Installing: /home/user/ros2_ws/install/aruco_ros/share/aruco_ros/cmake/aruco_rosConfig.cmake
[23.558s] -- Installing: /home/user/ros2_ws/install/aruco_ros/share/aruco_ros/cmake/aruco_rosConfig-version.cmake
[23.558s] -- Installing: /home/user/ros2_ws/install/aruco_ros/share/aruco_ros/package.xml
[23.560s] Invoked command in '/home/user/ros2_ws/build/aruco_ros' returned '0': CMAKE_PREFIX_PATH=/home/user/ros2_ws/install/aruco_msgs:/home/user/ros2_ws/install/aruco:/home/user/ros2_ws/install/ros2_kdl_package:/home/user/ros2_ws/install/ros2_fra2mo:/home/user/ros2_ws/install/impedance_controller:/home/user/ros2_ws/install/iiwa_bringup:/home/user/ros2_ws/install/iiwa_description:/home/user/ros2_ws/install/external_torque_sensor_broadcaster:/home/user/ros2_ws/install/aruco_ros:/opt/ros/humble LD_LIBRARY_PATH=/home/user/ros2_ws/install/aruco_msgs/lib:/home/user/ros2_ws/install/aruco/lib:/home/user/ros2_ws/install/ros2_kdl_package/lib:/home/user/ros2_ws/install/impedance_controller/lib:/home/user/ros2_ws/install/external_torque_sensor_broadcaster/lib:/home/user/ros2_ws/install/aruco_ros/lib:/opt/ros/humble/opt/rviz_ogre_vendor/lib:/opt/ros/humble/lib/x86_64-linux-gnu:/opt/ros/humble/lib /usr/bin/cmake --install /home/user/ros2_ws/build/aruco_ros
