[0.044s] Invoking command in '/home/user/ros2_ws/build/explore_lite': CMAKE_PREFIX_PATH=${CMAKE_PREFIX_PATH}:/opt/ros/humble /usr/bin/cmake --build /home/user/ros2_ws/build/explore_lite -- -j12 -l12
[0.158s] [ 20%] Built target gtest_main
[0.158s] [ 40%] Built target gtest
[0.236s] [ 80%] Built target explore
[0.244s] [100%] Built target test_explore
[0.333s] Invoked command in '/home/user/ros2_ws/build/explore_lite' returned '0': CMAKE_PREFIX_PATH=${CMAKE_PREFIX_PATH}:/opt/ros/humble /usr/bin/cmake --build /home/user/ros2_ws/build/explore_lite -- -j12 -l12
[0.335s] Invoking command in '/home/user/ros2_ws/build/explore_lite': CMAKE_PREFIX_PATH=${CMAKE_PREFIX_PATH}:/opt/ros/humble /usr/bin/cmake --install /home/user/ros2_ws/build/explore_lite
[0.416s] -- Install configuration: ""
[0.416s] -- Up-to-date: /home/user/ros2_ws/install/explore_lite/include/explore/
[0.416s] -- Up-to-date: /home/user/ros2_ws/install/explore_lite/include/explore//explore.h
[0.417s] -- Up-to-date: /home/user/ros2_ws/install/explore_lite/include/explore//costmap_tools.h
[0.417s] -- Up-to-date: /home/user/ros2_ws/install/explore_lite/include/explore//frontier_search.h
[0.417s] -- Up-to-date: /home/user/ros2_ws/install/explore_lite/include/explore//costmap_client.h
[0.417s] -- Up-to-date: /home/user/ros2_ws/install/explore_lite/share/explore_lite/config
[0.417s] -- Up-to-date: /home/user/ros2_ws/install/explore_lite/share/explore_lite/config/params_costmap.yaml
[0.417s] -- Up-to-date: /home/user/ros2_ws/install/explore_lite/share/explore_lite/config/params.yaml
[0.417s] -- Up-to-date: /home/user/ros2_ws/install/explore_lite/share/explore_lite/launch
[0.417s] -- Up-to-date: /home/user/ros2_ws/install/explore_lite/share/explore_lite/launch/explore.launch.py
[0.417s] -- Up-to-date: /home/user/ros2_ws/install/explore_lite/lib/explore_lite/explore
[0.418s] -- Up-to-date: /home/user/ros2_ws/install/explore_lite/share/ament_index/resource_index/package_run_dependencies/explore_lite
[0.418s] -- Up-to-date: /home/user/ros2_ws/install/explore_lite/share/ament_index/resource_index/parent_prefix_path/explore_lite
[0.418s] -- Up-to-date: /home/user/ros2_ws/install/explore_lite/share/explore_lite/environment/ament_prefix_path.sh
[0.418s] -- Up-to-date: /home/user/ros2_ws/install/explore_lite/share/explore_lite/environment/ament_prefix_path.dsv
[0.418s] -- Up-to-date: /home/user/ros2_ws/install/explore_lite/share/explore_lite/environment/path.sh
[0.418s] -- Up-to-date: /home/user/ros2_ws/install/explore_lite/share/explore_lite/environment/path.dsv
[0.418s] -- Up-to-date: /home/user/ros2_ws/install/explore_lite/share/explore_lite/local_setup.bash
[0.418s] -- Up-to-date: /home/user/ros2_ws/install/explore_lite/share/explore_lite/local_setup.sh
[0.418s] -- Up-to-date: /home/user/ros2_ws/install/explore_lite/share/explore_lite/local_setup.zsh
[0.418s] -- Up-to-date: /home/user/ros2_ws/install/explore_lite/share/explore_lite/local_setup.dsv
[0.419s] -- Installing: /home/user/ros2_ws/install/explore_lite/share/explore_lite/package.dsv
[0.419s] -- Up-to-date: /home/user/ros2_ws/install/explore_lite/share/ament_index/resource_index/packages/explore_lite
[0.419s] -- Up-to-date: /home/user/ros2_ws/install/explore_lite/share/explore_lite/cmake/ament_cmake_export_include_directories-extras.cmake
[0.419s] -- Up-to-date: /home/user/ros2_ws/install/explore_lite/share/explore_lite/cmake/explore_liteConfig.cmake
[0.419s] -- Up-to-date: /home/user/ros2_ws/install/explore_lite/share/explore_lite/cmake/explore_liteConfig-version.cmake
[0.419s] -- Up-to-date: /home/user/ros2_ws/install/explore_lite/share/explore_lite/package.xml
[0.496s] Invoked command in '/home/user/ros2_ws/build/explore_lite' returned '0': CMAKE_PREFIX_PATH=${CMAKE_PREFIX_PATH}:/opt/ros/humble /usr/bin/cmake --install /home/user/ros2_ws/build/explore_lite
