[0.037s] Invoking command in '/home/user/ros2_ws/build/impedance_controller': CMAKE_PREFIX_PATH=${CMAKE_PREFIX_PATH}:/opt/ros/humble /usr/bin/cmake --build /home/user/ros2_ws/build/impedance_controller -- -j12 -l12
[0.143s] [100%] Built target impedance_controller
[0.156s] Invoked command in '/home/user/ros2_ws/build/impedance_controller' returned '0': CMAKE_PREFIX_PATH=${CMAKE_PREFIX_PATH}:/opt/ros/humble /usr/bin/cmake --build /home/user/ros2_ws/build/impedance_controller -- -j12 -l12
[0.162s] Invoking command in '/home/user/ros2_ws/build/impedance_controller': CMAKE_PREFIX_PATH=${CMAKE_PREFIX_PATH}:/opt/ros/humble /usr/bin/cmake --install /home/user/ros2_ws/build/impedance_controller
[0.175s] -- Install configuration: ""
[0.175s] -- Execute custom install script
[0.176s] -- Up-to-date symlink: /home/user/ros2_ws/install/impedance_controller/share/impedance_controller//impedance_plugin.xml
[0.179s] -- Up-to-date symlink: /home/user/ros2_ws/install/impedance_controller/include/impedance_controller/impedance_controller.hpp
[0.179s] -- Up-to-date symlink: /home/user/ros2_ws/install/impedance_controller/include/impedance_controller/visibility_control.h
[0.180s] -- Up-to-date symlink: /home/user/ros2_ws/install/impedance_controller/lib/libimpedance_controller.so
[0.180s] -- Up-to-date symlink: /home/user/ros2_ws/install/impedance_controller/share/impedance_controller/environment/library_path.sh
[0.180s] -- Up-to-date symlink: /home/user/ros2_ws/install/impedance_controller/share/impedance_controller/environment/library_path.dsv
[0.181s] -- Up-to-date symlink: /home/user/ros2_ws/install/impedance_controller/share/ament_index/resource_index/package_run_dependencies/impedance_controller
[0.182s] -- Up-to-date symlink: /home/user/ros2_ws/install/impedance_controller/share/ament_index/resource_index/parent_prefix_path/impedance_controller
[0.182s] -- Up-to-date symlink: /home/user/ros2_ws/install/impedance_controller/share/impedance_controller/environment/ament_prefix_path.sh
[0.183s] -- Up-to-date symlink: /home/user/ros2_ws/install/impedance_controller/share/impedance_controller/environment/ament_prefix_path.dsv
[0.183s] -- Up-to-date symlink: /home/user/ros2_ws/install/impedance_controller/share/impedance_controller/environment/path.sh
[0.183s] -- Up-to-date symlink: /home/user/ros2_ws/install/impedance_controller/share/impedance_controller/environment/path.dsv
[0.185s] -- Up-to-date symlink: /home/user/ros2_ws/install/impedance_controller/share/impedance_controller/local_setup.bash
[0.186s] -- Up-to-date symlink: /home/user/ros2_ws/install/impedance_controller/share/impedance_controller/local_setup.sh
[0.186s] -- Up-to-date symlink: /home/user/ros2_ws/install/impedance_controller/share/impedance_controller/local_setup.zsh
[0.186s] -- Up-to-date symlink: /home/user/ros2_ws/install/impedance_controller/share/impedance_controller/local_setup.dsv
[0.188s] -- Symlinking: /home/user/ros2_ws/install/impedance_controller/share/impedance_controller/package.dsv
[0.201s] -- Up-to-date symlink: /home/user/ros2_ws/install/impedance_controller/share/ament_index/resource_index/packages/impedance_controller
[0.211s] -- Up-to-date symlink: /home/user/ros2_ws/install/impedance_controller/share/ament_index/resource_index/controller_interface__pluginlib__plugin/impedance_controller
[0.211s] -- Up-to-date symlink: /home/user/ros2_ws/install/impedance_controller/share/impedance_controller/cmake/ament_cmake_export_dependencies-extras.cmake
[0.211s] -- Up-to-date symlink: /home/user/ros2_ws/install/impedance_controller/share/impedance_controller/cmake/ament_cmake_export_include_directories-extras.cmake
[0.211s] -- Up-to-date symlink: /home/user/ros2_ws/install/impedance_controller/share/impedance_controller/cmake/ament_cmake_export_libraries-extras.cmake
[0.211s] -- Up-to-date symlink: /home/user/ros2_ws/install/impedance_controller/share/impedance_controller/cmake/impedance_controllerConfig.cmake
[0.211s] -- Up-to-date symlink: /home/user/ros2_ws/install/impedance_controller/share/impedance_controller/cmake/impedance_controllerConfig-version.cmake
[0.212s] -- Up-to-date symlink: /home/user/ros2_ws/install/impedance_controller/share/impedance_controller/package.xml
[0.251s] Invoked command in '/home/user/ros2_ws/build/impedance_controller' returned '0': CMAKE_PREFIX_PATH=${CMAKE_PREFIX_PATH}:/opt/ros/humble /usr/bin/cmake --install /home/user/ros2_ws/build/impedance_controller
