[0.016s] Invoking command in '/home/user/ros2_ws/build/aruco_ros': CMAKE_PREFIX_PATH=/home/user/ros2_ws/install/aruco_msgs:/home/user/ros2_ws/install/aruco:/home/user/ros2_ws/install/multirobot_map_merge:/home/user/ros2_ws/install/explore_lite:/home/user/ros2_ws/install/ros2_kdl_package:/home/user/ros2_ws/install/ros2_fra2mo:/home/user/ros2_ws/install/impedance_controller:/home/user/ros2_ws/install/iiwa_bringup:/home/user/ros2_ws/install/iiwa_description:/home/user/ros2_ws/install/external_torque_sensor_broadcaster:/home/user/ros2_ws/install/aruco_ros:/opt/ros/humble LD_LIBRARY_PATH=/home/user/ros2_ws/install/aruco_msgs/lib:/home/user/ros2_ws/install/aruco/lib:/home/user/ros2_ws/install/multirobot_map_merge/lib:/home/user/ros2_ws/install/ros2_kdl_package/lib:/home/user/ros2_ws/install/impedance_controller/lib:/home/user/ros2_ws/install/external_torque_sensor_broadcaster/lib:/home/user/ros2_ws/install/aruco_ros/lib:/opt/ros/humble/opt/rviz_ogre_vendor/lib:/opt/ros/humble/lib/x86_64-linux-gnu:/opt/ros/humble/lib /usr/bin/cmake /home/user/ros2_ws/src/aruco_ros/aruco_ros -DCMAKE_INSTALL_PREFIX=/home/user/ros2_ws/install/aruco_ros
[0.029s] -- Found ament_cmake: 1.3.12 (/opt/ros/humble/share/ament_cmake/cmake)
[0.172s] -- Override CMake install command with custom implementation using symlinks instead of copying resources
[0.189s] -- Found cv_bridge: 3.2.1 (/opt/ros/humble/share/cv_bridge/cmake)
[0.222s] -- Found rosidl_generator_c: 3.1.7 (/opt/ros/humble/share/rosidl_generator_c/cmake)
[0.225s] -- Found rosidl_adapter: 3.1.7 (/opt/ros/humble/share/rosidl_adapter/cmake)
[0.231s] -- Found rosidl_generator_cpp: 3.1.7 (/opt/ros/humble/share/rosidl_generator_cpp/cmake)
[0.242s] -- Using all available rosidl_typesupport_c: rosidl_typesupport_fastrtps_c;rosidl_typesupport_introspection_c
[0.257s] -- Using all available rosidl_typesupport_cpp: rosidl_typesupport_fastrtps_cpp;rosidl_typesupport_introspection_cpp
[0.321s] -- Found image_transport: 3.1.12 (/opt/ros/humble/share/image_transport/cmake)
[0.349s] -- Found rmw_implementation_cmake: 6.1.2 (/opt/ros/humble/share/rmw_implementation_cmake/cmake)
[0.351s] -- Found rmw_fastrtps_cpp: 6.2.9 (/opt/ros/humble/share/rmw_fastrtps_cpp/cmake)
[0.490s] -- Using RMW implementation 'rmw_fastrtps_cpp' as default
[0.556s] -- Found rclpy: 3.3.19 (/opt/ros/humble/share/rclpy/cmake)
[0.556s] -- Found tf2: 0.25.17 (/opt/ros/humble/share/tf2/cmake)
[0.559s] -- Found tf2_ros: 0.25.17 (/opt/ros/humble/share/tf2_ros/cmake)
[0.628s] -- Found tf2_geometry_msgs: 0.25.17 (/opt/ros/humble/share/tf2_geometry_msgs/cmake)
[0.631s] -- Found eigen3_cmake_module: 0.1.1 (/opt/ros/humble/share/eigen3_cmake_module/cmake)
[0.632s] -- Ensuring Eigen3 include directory is part of orocos-kdl CMake target
[0.634s] -- Found aruco: 5.0.5 (/home/user/ros2_ws/install/aruco/share/aruco/cmake)
[0.635s] -- Found aruco_msgs: 5.0.5 (/home/user/ros2_ws/install/aruco_msgs/share/aruco_msgs/cmake)
[0.649s] -- Found visualization_msgs: 4.9.0 (/opt/ros/humble/share/visualization_msgs/cmake)
[0.684s] -- Found ament_lint_auto: 0.12.14 (/opt/ros/humble/share/ament_lint_auto/cmake)
[0.747s] -- Added test 'cppcheck' to perform static code analysis on C / C++ code
[0.747s] -- Configured cppcheck include dirs: /home/user/ros2_ws/src/aruco_ros/aruco_ros/include
[0.748s] -- Configured cppcheck exclude dirs and/or files: 
[0.749s] -- Added test 'cpplint' to check C / C++ code against the Google style
[0.749s] -- Configured cpplint exclude dirs and/or files: 
[0.750s] -- Added test 'flake8' to check Python code syntax and style conventions
[0.750s] -- Added test 'lint_cmake' to check CMake code style
[0.751s] -- Added test 'pep257' to check Python code against some of the docstring style conventions in PEP 257
[0.752s] -- Added test 'uncrustify' to check C / C++ code style
[0.752s] -- Configured uncrustify additional arguments: 
[0.753s] -- Added test 'xmllint' to check XML markup files
[0.753s] -- Configuring done
[0.802s] -- Generating done
[0.813s] -- Build files have been written to: /home/user/ros2_ws/build/aruco_ros
[0.820s] Invoked command in '/home/user/ros2_ws/build/aruco_ros' returned '0': CMAKE_PREFIX_PATH=/home/user/ros2_ws/install/aruco_msgs:/home/user/ros2_ws/install/aruco:/home/user/ros2_ws/install/multirobot_map_merge:/home/user/ros2_ws/install/explore_lite:/home/user/ros2_ws/install/ros2_kdl_package:/home/user/ros2_ws/install/ros2_fra2mo:/home/user/ros2_ws/install/impedance_controller:/home/user/ros2_ws/install/iiwa_bringup:/home/user/ros2_ws/install/iiwa_description:/home/user/ros2_ws/install/external_torque_sensor_broadcaster:/home/user/ros2_ws/install/aruco_ros:/opt/ros/humble LD_LIBRARY_PATH=/home/user/ros2_ws/install/aruco_msgs/lib:/home/user/ros2_ws/install/aruco/lib:/home/user/ros2_ws/install/multirobot_map_merge/lib:/home/user/ros2_ws/install/ros2_kdl_package/lib:/home/user/ros2_ws/install/impedance_controller/lib:/home/user/ros2_ws/install/external_torque_sensor_broadcaster/lib:/home/user/ros2_ws/install/aruco_ros/lib:/opt/ros/humble/opt/rviz_ogre_vendor/lib:/opt/ros/humble/lib/x86_64-linux-gnu:/opt/ros/humble/lib /usr/bin/cmake /home/user/ros2_ws/src/aruco_ros/aruco_ros -DCMAKE_INSTALL_PREFIX=/home/user/ros2_ws/install/aruco_ros
[0.822s] Invoking command in '/home/user/ros2_ws/build/aruco_ros': CMAKE_PREFIX_PATH=/home/user/ros2_ws/install/aruco_msgs:/home/user/ros2_ws/install/aruco:/home/user/ros2_ws/install/multirobot_map_merge:/home/user/ros2_ws/install/explore_lite:/home/user/ros2_ws/install/ros2_kdl_package:/home/user/ros2_ws/install/ros2_fra2mo:/home/user/ros2_ws/install/impedance_controller:/home/user/ros2_ws/install/iiwa_bringup:/home/user/ros2_ws/install/iiwa_description:/home/user/ros2_ws/install/external_torque_sensor_broadcaster:/home/user/ros2_ws/install/aruco_ros:/opt/ros/humble LD_LIBRARY_PATH=/home/user/ros2_ws/install/aruco_msgs/lib:/home/user/ros2_ws/install/aruco/lib:/home/user/ros2_ws/install/multirobot_map_merge/lib:/home/user/ros2_ws/install/ros2_kdl_package/lib:/home/user/ros2_ws/install/impedance_controller/lib:/home/user/ros2_ws/install/external_torque_sensor_broadcaster/lib:/home/user/ros2_ws/install/aruco_ros/lib:/opt/ros/humble/opt/rviz_ogre_vendor/lib:/opt/ros/humble/lib/x86_64-linux-gnu:/opt/ros/humble/lib /usr/bin/cmake --build /home/user/ros2_ws/build/aruco_ros -- -j12 -l12
[0.866s] [35m[1mConsolidate compiler generated dependencies of target aruco_ros_utils[0m
[0.867s] [35m[1mConsolidate compiler generated dependencies of target single[0m
[0.867s] [35m[1mConsolidate compiler generated dependencies of target double[0m
[0.867s] [35m[1mConsolidate compiler generated dependencies of target marker_publisher[0m
[0.887s] [ 18%] Built target aruco_ros_utils
[0.894s] [100%] Built target marker_publisher
[0.894s] [100%] Built target double
[0.894s] [100%] Built target single
[0.906s] Invoked command in '/home/user/ros2_ws/build/aruco_ros' returned '0': CMAKE_PREFIX_PATH=/home/user/ros2_ws/install/aruco_msgs:/home/user/ros2_ws/install/aruco:/home/user/ros2_ws/install/multirobot_map_merge:/home/user/ros2_ws/install/explore_lite:/home/user/ros2_ws/install/ros2_kdl_package:/home/user/ros2_ws/install/ros2_fra2mo:/home/user/ros2_ws/install/impedance_controller:/home/user/ros2_ws/install/iiwa_bringup:/home/user/ros2_ws/install/iiwa_description:/home/user/ros2_ws/install/external_torque_sensor_broadcaster:/home/user/ros2_ws/install/aruco_ros:/opt/ros/humble LD_LIBRARY_PATH=/home/user/ros2_ws/install/aruco_msgs/lib:/home/user/ros2_ws/install/aruco/lib:/home/user/ros2_ws/install/multirobot_map_merge/lib:/home/user/ros2_ws/install/ros2_kdl_package/lib:/home/user/ros2_ws/install/impedance_controller/lib:/home/user/ros2_ws/install/external_torque_sensor_broadcaster/lib:/home/user/ros2_ws/install/aruco_ros/lib:/opt/ros/humble/opt/rviz_ogre_vendor/lib:/opt/ros/humble/lib/x86_64-linux-gnu:/opt/ros/humble/lib /usr/bin/cmake --build /home/user/ros2_ws/build/aruco_ros -- -j12 -l12
[0.908s] Invoking command in '/home/user/ros2_ws/build/aruco_ros': CMAKE_PREFIX_PATH=/home/user/ros2_ws/install/aruco_msgs:/home/user/ros2_ws/install/aruco:/home/user/ros2_ws/install/multirobot_map_merge:/home/user/ros2_ws/install/explore_lite:/home/user/ros2_ws/install/ros2_kdl_package:/home/user/ros2_ws/install/ros2_fra2mo:/home/user/ros2_ws/install/impedance_controller:/home/user/ros2_ws/install/iiwa_bringup:/home/user/ros2_ws/install/iiwa_description:/home/user/ros2_ws/install/external_torque_sensor_broadcaster:/home/user/ros2_ws/install/aruco_ros:/opt/ros/humble LD_LIBRARY_PATH=/home/user/ros2_ws/install/aruco_msgs/lib:/home/user/ros2_ws/install/aruco/lib:/home/user/ros2_ws/install/multirobot_map_merge/lib:/home/user/ros2_ws/install/ros2_kdl_package/lib:/home/user/ros2_ws/install/impedance_controller/lib:/home/user/ros2_ws/install/external_torque_sensor_broadcaster/lib:/home/user/ros2_ws/install/aruco_ros/lib:/opt/ros/humble/opt/rviz_ogre_vendor/lib:/opt/ros/humble/lib/x86_64-linux-gnu:/opt/ros/humble/lib /usr/bin/cmake --install /home/user/ros2_ws/build/aruco_ros
[0.915s] -- Install configuration: ""
[0.916s] -- Execute custom install script
[0.916s] -- Up-to-date symlink: /home/user/ros2_ws/install/aruco_ros/lib/libaruco_ros_utils.so
[0.917s] -- Up-to-date symlink: /home/user/ros2_ws/install/aruco_ros/lib/aruco_ros/marker_publisher
[0.917s] -- Up-to-date symlink: /home/user/ros2_ws/install/aruco_ros/lib/aruco_ros/single
[0.917s] -- Up-to-date symlink: /home/user/ros2_ws/install/aruco_ros/lib/aruco_ros/double
[0.917s] -- Up-to-date symlink: /home/user/ros2_ws/install/aruco_ros/share/aruco_ros/etc/marker26_5cm.jpg
[0.917s] -- Up-to-date symlink: /home/user/ros2_ws/install/aruco_ros/share/aruco_ros/etc/marker26_5cm_margin_1cm.jpg
[0.917s] -- Up-to-date symlink: /home/user/ros2_ws/install/aruco_ros/share/aruco_ros/etc/marker26_5cm_margin_2cm.jpg
[0.918s] -- Up-to-date symlink: /home/user/ros2_ws/install/aruco_ros/share/aruco_ros/etc/marker582_5cm.jpg
[0.918s] -- Up-to-date symlink: /home/user/ros2_ws/install/aruco_ros/share/aruco_ros/etc/marker582_5cm_margin_2cm.jpg
[0.918s] -- Up-to-date symlink: /home/user/ros2_ws/install/aruco_ros/share/aruco_ros/etc/marker_in_hand.jpg
[0.918s] -- Up-to-date symlink: /home/user/ros2_ws/install/aruco_ros/share/aruco_ros/etc/marker_in_object.jpg
[0.918s] -- Up-to-date symlink: /home/user/ros2_ws/install/aruco_ros/share/aruco_ros/etc/new_coordinates.png
[0.918s] -- Up-to-date symlink: /home/user/ros2_ws/install/aruco_ros/share/aruco_ros/etc/reem_gazebo_floating_marker.png
[0.918s] -- Up-to-date symlink: /home/user/ros2_ws/install/aruco_ros/share/aruco_ros/etc/reem_gazebo_floating_marker_world.png
[0.919s] -- Up-to-date symlink: /home/user/ros2_ws/install/aruco_ros/share/aruco_ros/launch/double.launch.py
[0.919s] -- Up-to-date symlink: /home/user/ros2_ws/install/aruco_ros/share/aruco_ros/launch/marker_publisher.launch.py
[0.919s] -- Up-to-date symlink: /home/user/ros2_ws/install/aruco_ros/share/aruco_ros/launch/single.launch.py
[0.919s] -- Up-to-date symlink: /home/user/ros2_ws/install/aruco_ros/share/ament_index/resource_index/package_run_dependencies/aruco_ros
[0.919s] -- Up-to-date symlink: /home/user/ros2_ws/install/aruco_ros/share/ament_index/resource_index/parent_prefix_path/aruco_ros
[0.920s] -- Up-to-date symlink: /home/user/ros2_ws/install/aruco_ros/share/aruco_ros/environment/ament_prefix_path.sh
[0.920s] -- Up-to-date symlink: /home/user/ros2_ws/install/aruco_ros/share/aruco_ros/environment/ament_prefix_path.dsv
[0.920s] -- Up-to-date symlink: /home/user/ros2_ws/install/aruco_ros/share/aruco_ros/environment/path.sh
[0.920s] -- Up-to-date symlink: /home/user/ros2_ws/install/aruco_ros/share/aruco_ros/environment/path.dsv
[0.920s] -- Up-to-date symlink: /home/user/ros2_ws/install/aruco_ros/share/aruco_ros/local_setup.bash
[0.921s] -- Up-to-date symlink: /home/user/ros2_ws/install/aruco_ros/share/aruco_ros/local_setup.sh
[0.921s] -- Up-to-date symlink: /home/user/ros2_ws/install/aruco_ros/share/aruco_ros/local_setup.zsh
[0.921s] -- Up-to-date symlink: /home/user/ros2_ws/install/aruco_ros/share/aruco_ros/local_setup.dsv
[0.921s] -- Symlinking: /home/user/ros2_ws/install/aruco_ros/share/aruco_ros/package.dsv
[0.930s] -- Up-to-date symlink: /home/user/ros2_ws/install/aruco_ros/share/ament_index/resource_index/packages/aruco_ros
[0.930s] -- Up-to-date symlink: /home/user/ros2_ws/install/aruco_ros/share/aruco_ros/cmake/aruco_rosConfig.cmake
[0.930s] -- Up-to-date symlink: /home/user/ros2_ws/install/aruco_ros/share/aruco_ros/cmake/aruco_rosConfig-version.cmake
[0.930s] -- Up-to-date symlink: /home/user/ros2_ws/install/aruco_ros/share/aruco_ros/package.xml
[0.931s] -- Up-to-date: /home/user/ros2_ws/install/aruco_ros/include
[0.931s] -- Up-to-date: /home/user/ros2_ws/install/aruco_ros/include/aruco_ros
[0.933s] Invoked command in '/home/user/ros2_ws/build/aruco_ros' returned '0': CMAKE_PREFIX_PATH=/home/user/ros2_ws/install/aruco_msgs:/home/user/ros2_ws/install/aruco:/home/user/ros2_ws/install/multirobot_map_merge:/home/user/ros2_ws/install/explore_lite:/home/user/ros2_ws/install/ros2_kdl_package:/home/user/ros2_ws/install/ros2_fra2mo:/home/user/ros2_ws/install/impedance_controller:/home/user/ros2_ws/install/iiwa_bringup:/home/user/ros2_ws/install/iiwa_description:/home/user/ros2_ws/install/external_torque_sensor_broadcaster:/home/user/ros2_ws/install/aruco_ros:/opt/ros/humble LD_LIBRARY_PATH=/home/user/ros2_ws/install/aruco_msgs/lib:/home/user/ros2_ws/install/aruco/lib:/home/user/ros2_ws/install/multirobot_map_merge/lib:/home/user/ros2_ws/install/ros2_kdl_package/lib:/home/user/ros2_ws/install/impedance_controller/lib:/home/user/ros2_ws/install/external_torque_sensor_broadcaster/lib:/home/user/ros2_ws/install/aruco_ros/lib:/opt/ros/humble/opt/rviz_ogre_vendor/lib:/opt/ros/humble/lib/x86_64-linux-gnu:/opt/ros/humble/lib /usr/bin/cmake --install /home/user/ros2_ws/build/aruco_ros
