[0.054s] Invoking command in '/home/user/ros2_ws/build/aruco_msgs': CMAKE_PREFIX_PATH=${CMAKE_PREFIX_PATH}:/opt/ros/humble /usr/bin/cmake /home/user/ros2_ws/src/aruco_ros/aruco_msgs -DCMAKE_INSTALL_PREFIX=/home/user/ros2_ws/install/aruco_msgs
[0.076s] -- Found ament_cmake: 1.3.12 (/opt/ros/humble/share/ament_cmake/cmake)
[0.263s] -- Override CMake install command with custom implementation using symlinks instead of copying resources
[0.279s] -- Found std_msgs: 4.9.0 (/opt/ros/humble/share/std_msgs/cmake)
[0.330s] -- Found rosidl_generator_c: 3.1.7 (/opt/ros/humble/share/rosidl_generator_c/cmake)
[0.335s] -- Found rosidl_adapter: 3.1.7 (/opt/ros/humble/share/rosidl_adapter/cmake)
[0.347s] -- Found rosidl_generator_cpp: 3.1.7 (/opt/ros/humble/share/rosidl_generator_cpp/cmake)
[0.368s] -- Using all available rosidl_typesupport_c: rosidl_typesupport_fastrtps_c;rosidl_typesupport_introspection_c
[0.394s] -- Using all available rosidl_typesupport_cpp: rosidl_typesupport_fastrtps_cpp;rosidl_typesupport_introspection_cpp
[0.444s] -- Found geometry_msgs: 4.9.0 (/opt/ros/humble/share/geometry_msgs/cmake)
[0.471s] -- Found rosidl_default_generators: 1.2.0 (/opt/ros/humble/share/rosidl_default_generators/cmake)
[0.926s] -- Found ament_cmake_ros: 0.10.0 (/opt/ros/humble/share/ament_cmake_ros/cmake)
[1.503s] -- Using all available rosidl_typesupport_c: rosidl_typesupport_fastrtps_c;rosidl_typesupport_introspection_c
[1.710s] -- Using all available rosidl_typesupport_cpp: rosidl_typesupport_fastrtps_cpp;rosidl_typesupport_introspection_cpp
[1.736s] -- Found python_cmake_module: 0.10.0 (/opt/ros/humble/share/python_cmake_module/cmake)
[1.762s] -- Using PYTHON_EXECUTABLE: /usr/bin/python3
[1.762s] -- Using PYTHON_INCLUDE_DIRS: /usr/include/python3.10
[1.762s] -- Using PYTHON_LIBRARIES: /usr/lib/x86_64-linux-gnu/libpython3.10.so
[1.823s] -- Found ament_lint_auto: 0.12.14 (/opt/ros/humble/share/ament_lint_auto/cmake)
[1.835s] -- Added test 'copyright' to check source files copyright and LICENSE
[1.837s] -- Added test 'lint_cmake' to check CMake code style
[1.838s] -- Added test 'xmllint' to check XML markup files
[1.841s] -- Configuring done
[1.881s] -- Generating done
[1.894s] -- Build files have been written to: /home/user/ros2_ws/build/aruco_msgs
[1.900s] Invoked command in '/home/user/ros2_ws/build/aruco_msgs' returned '0': CMAKE_PREFIX_PATH=${CMAKE_PREFIX_PATH}:/opt/ros/humble /usr/bin/cmake /home/user/ros2_ws/src/aruco_ros/aruco_msgs -DCMAKE_INSTALL_PREFIX=/home/user/ros2_ws/install/aruco_msgs
[1.901s] Invoking command in '/home/user/ros2_ws/build/aruco_msgs': CMAKE_PREFIX_PATH=${CMAKE_PREFIX_PATH}:/opt/ros/humble /usr/bin/cmake --build /home/user/ros2_ws/build/aruco_msgs -- -j12 -l12
[1.947s] [35m[1mConsolidate compiler generated dependencies of target aruco_msgs__rosidl_generator_c[0m
[1.960s] [  2%] Built target aruco_msgs__cpp
[1.962s] [ 12%] Built target aruco_msgs__rosidl_generator_c
[1.971s] [ 12%] Built target ament_cmake_python_symlink_aruco_msgs
[1.976s] [35m[1mConsolidate compiler generated dependencies of target aruco_msgs__rosidl_typesupport_fastrtps_cpp[0m
[1.977s] [35m[1mConsolidate compiler generated dependencies of target aruco_msgs__rosidl_typesupport_introspection_cpp[0m
[1.977s] [35m[1mConsolidate compiler generated dependencies of target aruco_msgs__rosidl_typesupport_introspection_c[0m
[1.977s] [35m[1mConsolidate compiler generated dependencies of target aruco_msgs__rosidl_typesupport_cpp[0m
[1.979s] [35m[1mConsolidate compiler generated dependencies of target aruco_msgs__rosidl_typesupport_fastrtps_c[0m
[1.981s] [35m[1mConsolidate compiler generated dependencies of target aruco_msgs__rosidl_typesupport_c[0m
[1.996s] [ 23%] Built target aruco_msgs__rosidl_typesupport_introspection_c
[1.998s] [ 33%] Built target aruco_msgs__rosidl_typesupport_cpp
[1.998s] [ 43%] Built target aruco_msgs__rosidl_typesupport_c
[2.000s] [ 53%] Built target aruco_msgs__rosidl_typesupport_introspection_cpp
[2.001s] [ 64%] Built target aruco_msgs__rosidl_typesupport_fastrtps_cpp
[2.001s] [ 74%] Built target aruco_msgs__rosidl_typesupport_fastrtps_c
[2.028s] [ 74%] Built target aruco_msgs
[2.053s] [ 76%] Built target aruco_msgs__py
[2.065s] [35m[1mConsolidate compiler generated dependencies of target aruco_msgs__rosidl_generator_py[0m
[2.081s] [ 84%] Built target aruco_msgs__rosidl_generator_py
[2.095s] [35m[1mConsolidate compiler generated dependencies of target aruco_msgs__rosidl_typesupport_introspection_c__pyext[0m
[2.095s] [35m[1mConsolidate compiler generated dependencies of target aruco_msgs__rosidl_typesupport_fastrtps_c__pyext[0m
[2.095s] [35m[1mConsolidate compiler generated dependencies of target aruco_msgs__rosidl_typesupport_c__pyext[0m
[2.112s] [100%] Built target aruco_msgs__rosidl_typesupport_fastrtps_c__pyext
[2.113s] [100%] Built target aruco_msgs__rosidl_typesupport_c__pyext
[2.113s] [100%] Built target aruco_msgs__rosidl_typesupport_introspection_c__pyext
[2.221s] running egg_info
[2.221s] writing aruco_msgs.egg-info/PKG-INFO
[2.222s] writing dependency_links to aruco_msgs.egg-info/dependency_links.txt
[2.222s] writing top-level names to aruco_msgs.egg-info/top_level.txt
[2.224s] reading manifest file 'aruco_msgs.egg-info/SOURCES.txt'
[2.224s] writing manifest file 'aruco_msgs.egg-info/SOURCES.txt'
[2.248s] [100%] Built target ament_cmake_python_build_aruco_msgs_egg
[2.260s] Invoked command in '/home/user/ros2_ws/build/aruco_msgs' returned '0': CMAKE_PREFIX_PATH=${CMAKE_PREFIX_PATH}:/opt/ros/humble /usr/bin/cmake --build /home/user/ros2_ws/build/aruco_msgs -- -j12 -l12
[2.261s] Invoking command in '/home/user/ros2_ws/build/aruco_msgs': CMAKE_PREFIX_PATH=${CMAKE_PREFIX_PATH}:/opt/ros/humble /usr/bin/cmake --install /home/user/ros2_ws/build/aruco_msgs
[2.270s] -- Install configuration: ""
[2.270s] -- Execute custom install script
[2.271s] -- Up-to-date symlink: /home/user/ros2_ws/install/aruco_msgs/share/ament_index/resource_index/rosidl_interfaces/aruco_msgs
[2.271s] -- Up-to-date symlink: /home/user/ros2_ws/install/aruco_msgs/include/aruco_msgs/aruco_msgs/msg/detail/marker__functions.h
[2.271s] -- Up-to-date symlink: /home/user/ros2_ws/install/aruco_msgs/include/aruco_msgs/aruco_msgs/msg/detail/marker__struct.h
[2.271s] -- Up-to-date symlink: /home/user/ros2_ws/install/aruco_msgs/include/aruco_msgs/aruco_msgs/msg/detail/marker__type_support.h
[2.272s] -- Up-to-date symlink: /home/user/ros2_ws/install/aruco_msgs/include/aruco_msgs/aruco_msgs/msg/detail/marker_array__functions.h
[2.272s] -- Up-to-date symlink: /home/user/ros2_ws/install/aruco_msgs/include/aruco_msgs/aruco_msgs/msg/detail/marker_array__struct.h
[2.272s] -- Up-to-date symlink: /home/user/ros2_ws/install/aruco_msgs/include/aruco_msgs/aruco_msgs/msg/detail/marker_array__type_support.h
[2.272s] -- Up-to-date symlink: /home/user/ros2_ws/install/aruco_msgs/include/aruco_msgs/aruco_msgs/msg/marker.h
[2.272s] -- Up-to-date symlink: /home/user/ros2_ws/install/aruco_msgs/include/aruco_msgs/aruco_msgs/msg/marker_array.h
[2.272s] -- Up-to-date symlink: /home/user/ros2_ws/install/aruco_msgs/include/aruco_msgs/aruco_msgs/msg/rosidl_generator_c__visibility_control.h
[2.273s] -- Up-to-date symlink: /home/user/ros2_ws/install/aruco_msgs/share/aruco_msgs/environment/library_path.sh
[2.273s] -- Up-to-date symlink: /home/user/ros2_ws/install/aruco_msgs/share/aruco_msgs/environment/library_path.dsv
[2.273s] -- Up-to-date symlink: /home/user/ros2_ws/install/aruco_msgs/include/aruco_msgs/aruco_msgs/msg/detail/marker__rosidl_typesupport_fastrtps_c.h
[2.274s] -- Up-to-date symlink: /home/user/ros2_ws/install/aruco_msgs/include/aruco_msgs/aruco_msgs/msg/detail/marker_array__rosidl_typesupport_fastrtps_c.h
[2.274s] -- Up-to-date symlink: /home/user/ros2_ws/install/aruco_msgs/include/aruco_msgs/aruco_msgs/msg/rosidl_typesupport_fastrtps_c__visibility_control.h
[2.274s] -- Up-to-date symlink: /home/user/ros2_ws/install/aruco_msgs/include/aruco_msgs/aruco_msgs/msg/detail/marker__builder.hpp
[2.274s] -- Up-to-date symlink: /home/user/ros2_ws/install/aruco_msgs/include/aruco_msgs/aruco_msgs/msg/detail/marker__struct.hpp
[2.275s] -- Up-to-date symlink: /home/user/ros2_ws/install/aruco_msgs/include/aruco_msgs/aruco_msgs/msg/detail/marker__traits.hpp
[2.275s] -- Up-to-date symlink: /home/user/ros2_ws/install/aruco_msgs/include/aruco_msgs/aruco_msgs/msg/detail/marker__type_support.hpp
[2.275s] -- Up-to-date symlink: /home/user/ros2_ws/install/aruco_msgs/include/aruco_msgs/aruco_msgs/msg/detail/marker_array__builder.hpp
[2.275s] -- Up-to-date symlink: /home/user/ros2_ws/install/aruco_msgs/include/aruco_msgs/aruco_msgs/msg/detail/marker_array__struct.hpp
[2.275s] -- Up-to-date symlink: /home/user/ros2_ws/install/aruco_msgs/include/aruco_msgs/aruco_msgs/msg/detail/marker_array__traits.hpp
[2.276s] -- Up-to-date symlink: /home/user/ros2_ws/install/aruco_msgs/include/aruco_msgs/aruco_msgs/msg/detail/marker_array__type_support.hpp
[2.276s] -- Up-to-date symlink: /home/user/ros2_ws/install/aruco_msgs/include/aruco_msgs/aruco_msgs/msg/marker.hpp
[2.276s] -- Up-to-date symlink: /home/user/ros2_ws/install/aruco_msgs/include/aruco_msgs/aruco_msgs/msg/marker_array.hpp
[2.276s] -- Up-to-date symlink: /home/user/ros2_ws/install/aruco_msgs/include/aruco_msgs/aruco_msgs/msg/rosidl_generator_cpp__visibility_control.hpp
[2.277s] -- Up-to-date symlink: /home/user/ros2_ws/install/aruco_msgs/include/aruco_msgs/aruco_msgs/msg/detail/marker__rosidl_typesupport_fastrtps_cpp.hpp
[2.277s] -- Up-to-date symlink: /home/user/ros2_ws/install/aruco_msgs/include/aruco_msgs/aruco_msgs/msg/detail/marker_array__rosidl_typesupport_fastrtps_cpp.hpp
[2.277s] -- Up-to-date symlink: /home/user/ros2_ws/install/aruco_msgs/include/aruco_msgs/aruco_msgs/msg/rosidl_typesupport_fastrtps_cpp__visibility_control.h
[2.277s] -- Up-to-date symlink: /home/user/ros2_ws/install/aruco_msgs/include/aruco_msgs/aruco_msgs/msg/detail/marker__rosidl_typesupport_introspection_c.h
[2.278s] -- Up-to-date symlink: /home/user/ros2_ws/install/aruco_msgs/include/aruco_msgs/aruco_msgs/msg/detail/marker_array__rosidl_typesupport_introspection_c.h
[2.278s] -- Up-to-date symlink: /home/user/ros2_ws/install/aruco_msgs/include/aruco_msgs/aruco_msgs/msg/rosidl_typesupport_introspection_c__visibility_control.h
[2.278s] -- Up-to-date symlink: /home/user/ros2_ws/install/aruco_msgs/include/aruco_msgs/aruco_msgs/msg/detail/marker__rosidl_typesupport_introspection_cpp.hpp
[2.278s] -- Up-to-date symlink: /home/user/ros2_ws/install/aruco_msgs/include/aruco_msgs/aruco_msgs/msg/detail/marker_array__rosidl_typesupport_introspection_cpp.hpp
[2.278s] -- Up-to-date symlink: /home/user/ros2_ws/install/aruco_msgs/share/aruco_msgs/environment/pythonpath.sh
[2.279s] -- Up-to-date symlink: /home/user/ros2_ws/install/aruco_msgs/share/aruco_msgs/environment/pythonpath.dsv
[2.279s] -- Up-to-date symlink: /home/user/ros2_ws/install/aruco_msgs/local/lib/python3.10/dist-packages/aruco_msgs-5.0.5-py3.10.egg-info/PKG-INFO
[2.279s] -- Up-to-date symlink: /home/user/ros2_ws/install/aruco_msgs/local/lib/python3.10/dist-packages/aruco_msgs-5.0.5-py3.10.egg-info/SOURCES.txt
[2.279s] -- Up-to-date symlink: /home/user/ros2_ws/install/aruco_msgs/local/lib/python3.10/dist-packages/aruco_msgs-5.0.5-py3.10.egg-info/dependency_links.txt
[2.280s] -- Up-to-date symlink: /home/user/ros2_ws/install/aruco_msgs/local/lib/python3.10/dist-packages/aruco_msgs-5.0.5-py3.10.egg-info/top_level.txt
[2.280s] -- Up-to-date symlink: /home/user/ros2_ws/install/aruco_msgs/local/lib/python3.10/dist-packages/aruco_msgs/__init__.py
[2.280s] -- Up-to-date symlink: /home/user/ros2_ws/install/aruco_msgs/local/lib/python3.10/dist-packages/aruco_msgs/_aruco_msgs_s.ep.rosidl_typesupport_c.c
[2.280s] -- Up-to-date symlink: /home/user/ros2_ws/install/aruco_msgs/local/lib/python3.10/dist-packages/aruco_msgs/_aruco_msgs_s.ep.rosidl_typesupport_fastrtps_c.c
[2.281s] -- Up-to-date symlink: /home/user/ros2_ws/install/aruco_msgs/local/lib/python3.10/dist-packages/aruco_msgs/_aruco_msgs_s.ep.rosidl_typesupport_introspection_c.c
[2.281s] -- Up-to-date symlink: /home/user/ros2_ws/install/aruco_msgs/local/lib/python3.10/dist-packages/aruco_msgs/aruco_msgs_s__rosidl_typesupport_c.cpython-310-x86_64-linux-gnu.so
[2.281s] -- Up-to-date symlink: /home/user/ros2_ws/install/aruco_msgs/local/lib/python3.10/dist-packages/aruco_msgs/aruco_msgs_s__rosidl_typesupport_fastrtps_c.cpython-310-x86_64-linux-gnu.so
[2.281s] -- Up-to-date symlink: /home/user/ros2_ws/install/aruco_msgs/local/lib/python3.10/dist-packages/aruco_msgs/aruco_msgs_s__rosidl_typesupport_introspection_c.cpython-310-x86_64-linux-gnu.so
[2.281s] -- Up-to-date symlink: /home/user/ros2_ws/install/aruco_msgs/local/lib/python3.10/dist-packages/aruco_msgs/libaruco_msgs__rosidl_generator_py.so
[2.281s] -- Up-to-date symlink: /home/user/ros2_ws/install/aruco_msgs/local/lib/python3.10/dist-packages/aruco_msgs/msg/__init__.py
[2.282s] -- Up-to-date symlink: /home/user/ros2_ws/install/aruco_msgs/local/lib/python3.10/dist-packages/aruco_msgs/msg/_marker.py
[2.282s] -- Up-to-date symlink: /home/user/ros2_ws/install/aruco_msgs/local/lib/python3.10/dist-packages/aruco_msgs/msg/_marker_array.py
[2.282s] -- Up-to-date symlink: /home/user/ros2_ws/install/aruco_msgs/local/lib/python3.10/dist-packages/aruco_msgs/msg/_marker_array_s.c
[2.282s] -- Up-to-date symlink: /home/user/ros2_ws/install/aruco_msgs/local/lib/python3.10/dist-packages/aruco_msgs/msg/_marker_s.c
[2.282s] -- Up-to-date symlink: /home/user/ros2_ws/install/aruco_msgs/local/lib/python3.10/dist-packages/aruco_msgs/aruco_msgs_s__rosidl_typesupport_fastrtps_c.cpython-310-x86_64-linux-gnu.so
[2.283s] -- Up-to-date symlink: /home/user/ros2_ws/install/aruco_msgs/local/lib/python3.10/dist-packages/aruco_msgs/aruco_msgs_s__rosidl_typesupport_introspection_c.cpython-310-x86_64-linux-gnu.so
[2.283s] -- Up-to-date symlink: /home/user/ros2_ws/install/aruco_msgs/local/lib/python3.10/dist-packages/aruco_msgs/aruco_msgs_s__rosidl_typesupport_c.cpython-310-x86_64-linux-gnu.so
[2.283s] -- Up-to-date symlink: /home/user/ros2_ws/install/aruco_msgs/share/aruco_msgs/msg/Marker.idl
[2.283s] -- Up-to-date symlink: /home/user/ros2_ws/install/aruco_msgs/share/aruco_msgs/msg/MarkerArray.idl
[2.283s] -- Up-to-date symlink: /home/user/ros2_ws/install/aruco_msgs/share/aruco_msgs/msg/Marker.msg
[2.284s] -- Up-to-date symlink: /home/user/ros2_ws/install/aruco_msgs/share/aruco_msgs/msg/MarkerArray.msg
[2.284s] -- Up-to-date symlink: /home/user/ros2_ws/install/aruco_msgs/share/ament_index/resource_index/package_run_dependencies/aruco_msgs
[2.284s] -- Up-to-date symlink: /home/user/ros2_ws/install/aruco_msgs/share/ament_index/resource_index/parent_prefix_path/aruco_msgs
[2.284s] -- Up-to-date symlink: /home/user/ros2_ws/install/aruco_msgs/share/aruco_msgs/environment/ament_prefix_path.sh
[2.284s] -- Up-to-date symlink: /home/user/ros2_ws/install/aruco_msgs/share/aruco_msgs/environment/ament_prefix_path.dsv
[2.285s] -- Up-to-date symlink: /home/user/ros2_ws/install/aruco_msgs/share/aruco_msgs/environment/path.sh
[2.285s] -- Up-to-date symlink: /home/user/ros2_ws/install/aruco_msgs/share/aruco_msgs/environment/path.dsv
[2.285s] -- Up-to-date symlink: /home/user/ros2_ws/install/aruco_msgs/share/aruco_msgs/local_setup.bash
[2.285s] -- Up-to-date symlink: /home/user/ros2_ws/install/aruco_msgs/share/aruco_msgs/local_setup.sh
[2.285s] -- Up-to-date symlink: /home/user/ros2_ws/install/aruco_msgs/share/aruco_msgs/local_setup.zsh
[2.285s] -- Up-to-date symlink: /home/user/ros2_ws/install/aruco_msgs/share/aruco_msgs/local_setup.dsv
[2.285s] -- Symlinking: /home/user/ros2_ws/install/aruco_msgs/share/aruco_msgs/package.dsv
[2.295s] -- Up-to-date symlink: /home/user/ros2_ws/install/aruco_msgs/share/ament_index/resource_index/packages/aruco_msgs
[2.295s] -- Up-to-date symlink: /home/user/ros2_ws/install/aruco_msgs/share/aruco_msgs/cmake/rosidl_cmake-extras.cmake
[2.295s] -- Up-to-date symlink: /home/user/ros2_ws/install/aruco_msgs/share/aruco_msgs/cmake/ament_cmake_export_dependencies-extras.cmake
[2.295s] -- Up-to-date symlink: /home/user/ros2_ws/install/aruco_msgs/share/aruco_msgs/cmake/ament_cmake_export_include_directories-extras.cmake
[2.296s] -- Up-to-date symlink: /home/user/ros2_ws/install/aruco_msgs/share/aruco_msgs/cmake/ament_cmake_export_libraries-extras.cmake
[2.296s] -- Up-to-date symlink: /home/user/ros2_ws/install/aruco_msgs/share/aruco_msgs/cmake/ament_cmake_export_targets-extras.cmake
[2.296s] -- Up-to-date symlink: /home/user/ros2_ws/install/aruco_msgs/share/aruco_msgs/cmake/rosidl_cmake_export_typesupport_targets-extras.cmake
[2.296s] -- Up-to-date symlink: /home/user/ros2_ws/install/aruco_msgs/share/aruco_msgs/cmake/rosidl_cmake_export_typesupport_libraries-extras.cmake
[2.296s] -- Up-to-date symlink: /home/user/ros2_ws/install/aruco_msgs/share/aruco_msgs/cmake/aruco_msgsConfig.cmake
[2.296s] -- Up-to-date symlink: /home/user/ros2_ws/install/aruco_msgs/share/aruco_msgs/cmake/aruco_msgsConfig-version.cmake
[2.297s] -- Up-to-date symlink: /home/user/ros2_ws/install/aruco_msgs/share/aruco_msgs/package.xml
[2.297s] -- Up-to-date: /home/user/ros2_ws/install/aruco_msgs/lib/libaruco_msgs__rosidl_generator_c.so
[2.297s] -- Up-to-date: /home/user/ros2_ws/install/aruco_msgs/lib/libaruco_msgs__rosidl_typesupport_fastrtps_c.so
[2.298s] -- Up-to-date: /home/user/ros2_ws/install/aruco_msgs/lib/libaruco_msgs__rosidl_typesupport_fastrtps_cpp.so
[2.298s] -- Up-to-date: /home/user/ros2_ws/install/aruco_msgs/lib/libaruco_msgs__rosidl_typesupport_introspection_c.so
[2.299s] -- Up-to-date: /home/user/ros2_ws/install/aruco_msgs/lib/libaruco_msgs__rosidl_typesupport_c.so
[2.299s] -- Up-to-date: /home/user/ros2_ws/install/aruco_msgs/lib/libaruco_msgs__rosidl_typesupport_introspection_cpp.so
[2.299s] -- Up-to-date: /home/user/ros2_ws/install/aruco_msgs/lib/libaruco_msgs__rosidl_typesupport_cpp.so
[2.333s] Listing '/home/user/ros2_ws/install/aruco_msgs/local/lib/python3.10/dist-packages/aruco_msgs'...
[2.333s] Compiling '/home/user/ros2_ws/install/aruco_msgs/local/lib/python3.10/dist-packages/aruco_msgs/__init__.py'...
[2.333s] Listing '/home/user/ros2_ws/install/aruco_msgs/local/lib/python3.10/dist-packages/aruco_msgs/msg'...
[2.337s] -- Up-to-date: /home/user/ros2_ws/install/aruco_msgs/lib/libaruco_msgs__rosidl_generator_py.so
[2.337s] -- Up-to-date: /home/user/ros2_ws/install/aruco_msgs/share/aruco_msgs/cmake/export_aruco_msgs__rosidl_generator_cExport.cmake
[2.338s] -- Up-to-date: /home/user/ros2_ws/install/aruco_msgs/share/aruco_msgs/cmake/export_aruco_msgs__rosidl_generator_cExport-noconfig.cmake
[2.338s] -- Up-to-date: /home/user/ros2_ws/install/aruco_msgs/share/aruco_msgs/cmake/export_aruco_msgs__rosidl_typesupport_fastrtps_cExport.cmake
[2.338s] -- Up-to-date: /home/user/ros2_ws/install/aruco_msgs/share/aruco_msgs/cmake/export_aruco_msgs__rosidl_typesupport_fastrtps_cExport-noconfig.cmake
[2.338s] -- Up-to-date: /home/user/ros2_ws/install/aruco_msgs/share/aruco_msgs/cmake/export_aruco_msgs__rosidl_generator_cppExport.cmake
[2.338s] -- Up-to-date: /home/user/ros2_ws/install/aruco_msgs/share/aruco_msgs/cmake/export_aruco_msgs__rosidl_typesupport_fastrtps_cppExport.cmake
[2.339s] -- Up-to-date: /home/user/ros2_ws/install/aruco_msgs/share/aruco_msgs/cmake/export_aruco_msgs__rosidl_typesupport_fastrtps_cppExport-noconfig.cmake
[2.339s] -- Up-to-date: /home/user/ros2_ws/install/aruco_msgs/share/aruco_msgs/cmake/aruco_msgs__rosidl_typesupport_introspection_cExport.cmake
[2.339s] -- Up-to-date: /home/user/ros2_ws/install/aruco_msgs/share/aruco_msgs/cmake/aruco_msgs__rosidl_typesupport_introspection_cExport-noconfig.cmake
[2.339s] -- Up-to-date: /home/user/ros2_ws/install/aruco_msgs/share/aruco_msgs/cmake/aruco_msgs__rosidl_typesupport_cExport.cmake
[2.339s] -- Up-to-date: /home/user/ros2_ws/install/aruco_msgs/share/aruco_msgs/cmake/aruco_msgs__rosidl_typesupport_cExport-noconfig.cmake
[2.339s] -- Up-to-date: /home/user/ros2_ws/install/aruco_msgs/share/aruco_msgs/cmake/aruco_msgs__rosidl_typesupport_introspection_cppExport.cmake
[2.339s] -- Up-to-date: /home/user/ros2_ws/install/aruco_msgs/share/aruco_msgs/cmake/aruco_msgs__rosidl_typesupport_introspection_cppExport-noconfig.cmake
[2.339s] -- Up-to-date: /home/user/ros2_ws/install/aruco_msgs/share/aruco_msgs/cmake/aruco_msgs__rosidl_typesupport_cppExport.cmake
[2.340s] -- Up-to-date: /home/user/ros2_ws/install/aruco_msgs/share/aruco_msgs/cmake/aruco_msgs__rosidl_typesupport_cppExport-noconfig.cmake
[2.340s] -- Up-to-date: /home/user/ros2_ws/install/aruco_msgs/share/aruco_msgs/cmake/export_aruco_msgs__rosidl_generator_pyExport.cmake
[2.340s] -- Up-to-date: /home/user/ros2_ws/install/aruco_msgs/share/aruco_msgs/cmake/export_aruco_msgs__rosidl_generator_pyExport-noconfig.cmake
[2.341s] Invoked command in '/home/user/ros2_ws/build/aruco_msgs' returned '0': CMAKE_PREFIX_PATH=${CMAKE_PREFIX_PATH}:/opt/ros/humble /usr/bin/cmake --install /home/user/ros2_ws/build/aruco_msgs
