[0.040s] Invoking command in '/home/user/ros2_ws/build/explore_lite': CMAKE_PREFIX_PATH=${CMAKE_PREFIX_PATH}:/opt/ros/humble /usr/bin/cmake --build /home/user/ros2_ws/build/explore_lite -- -j12 -l12
[0.114s] [35m[1mConsolidate compiler generated dependencies of target gtest_main[0m
[0.121s] [35m[1mConsolidate compiler generated dependencies of target gtest[0m
[0.131s] [35m[1mConsolidate compiler generated dependencies of target explore[0m
[0.147s] [ 20%] Built target gtest_main
[0.155s] [ 40%] Built target gtest
[0.190s] [35m[1mConsolidate compiler generated dependencies of target test_explore[0m
[0.209s] [ 80%] Built target explore
[0.262s] [100%] Built target test_explore
[0.311s] Invoked command in '/home/user/ros2_ws/build/explore_lite' returned '0': CMAKE_PREFIX_PATH=${CMAKE_PREFIX_PATH}:/opt/ros/humble /usr/bin/cmake --build /home/user/ros2_ws/build/explore_lite -- -j12 -l12
[0.314s] Invoking command in '/home/user/ros2_ws/build/explore_lite': CMAKE_PREFIX_PATH=${CMAKE_PREFIX_PATH}:/opt/ros/humble /usr/bin/cmake --install /home/user/ros2_ws/build/explore_lite
[0.351s] -- Install configuration: ""
[0.351s] -- Up-to-date: /home/user/ros2_ws/install/explore_lite/include/explore/
[0.351s] -- Up-to-date: /home/user/ros2_ws/install/explore_lite/include/explore//explore.h
[0.351s] -- Up-to-date: /home/user/ros2_ws/install/explore_lite/include/explore//costmap_tools.h
[0.352s] -- Up-to-date: /home/user/ros2_ws/install/explore_lite/include/explore//frontier_search.h
[0.352s] -- Up-to-date: /home/user/ros2_ws/install/explore_lite/include/explore//costmap_client.h
[0.352s] -- Up-to-date: /home/user/ros2_ws/install/explore_lite/share/explore_lite/config
[0.352s] -- Up-to-date: /home/user/ros2_ws/install/explore_lite/share/explore_lite/config/params_costmap.yaml
[0.352s] -- Up-to-date: /home/user/ros2_ws/install/explore_lite/share/explore_lite/config/params.yaml
[0.352s] -- Up-to-date: /home/user/ros2_ws/install/explore_lite/share/explore_lite/launch
[0.353s] -- Up-to-date: /home/user/ros2_ws/install/explore_lite/share/explore_lite/launch/explore.launch.py
[0.353s] -- Up-to-date: /home/user/ros2_ws/install/explore_lite/lib/explore_lite/explore
[0.353s] -- Up-to-date: /home/user/ros2_ws/install/explore_lite/share/ament_index/resource_index/package_run_dependencies/explore_lite
[0.353s] -- Up-to-date: /home/user/ros2_ws/install/explore_lite/share/ament_index/resource_index/parent_prefix_path/explore_lite
[0.353s] -- Up-to-date: /home/user/ros2_ws/install/explore_lite/share/explore_lite/environment/ament_prefix_path.sh
[0.353s] -- Up-to-date: /home/user/ros2_ws/install/explore_lite/share/explore_lite/environment/ament_prefix_path.dsv
[0.353s] -- Up-to-date: /home/user/ros2_ws/install/explore_lite/share/explore_lite/environment/path.sh
[0.354s] -- Up-to-date: /home/user/ros2_ws/install/explore_lite/share/explore_lite/environment/path.dsv
[0.354s] -- Up-to-date: /home/user/ros2_ws/install/explore_lite/share/explore_lite/local_setup.bash
[0.354s] -- Up-to-date: /home/user/ros2_ws/install/explore_lite/share/explore_lite/local_setup.sh
[0.354s] -- Up-to-date: /home/user/ros2_ws/install/explore_lite/share/explore_lite/local_setup.zsh
[0.354s] -- Up-to-date: /home/user/ros2_ws/install/explore_lite/share/explore_lite/local_setup.dsv
[0.354s] -- Installing: /home/user/ros2_ws/install/explore_lite/share/explore_lite/package.dsv
[0.354s] -- Up-to-date: /home/user/ros2_ws/install/explore_lite/share/ament_index/resource_index/packages/explore_lite
[0.355s] -- Up-to-date: /home/user/ros2_ws/install/explore_lite/share/explore_lite/cmake/ament_cmake_export_include_directories-extras.cmake
[0.373s] -- Up-to-date: /home/user/ros2_ws/install/explore_lite/share/explore_lite/cmake/explore_liteConfig.cmake
[0.374s] -- Up-to-date: /home/user/ros2_ws/install/explore_lite/share/explore_lite/cmake/explore_liteConfig-version.cmake
[0.374s] -- Up-to-date: /home/user/ros2_ws/install/explore_lite/share/explore_lite/package.xml
[0.463s] Invoked command in '/home/user/ros2_ws/build/explore_lite' returned '0': CMAKE_PREFIX_PATH=${CMAKE_PREFIX_PATH}:/opt/ros/humble /usr/bin/cmake --install /home/user/ros2_ws/build/explore_lite
