[0.058s] Invoking command in '/home/user/ros2_ws/build/aruco': CMAKE_PREFIX_PATH=${CMAKE_PREFIX_PATH}:/opt/ros/humble /usr/bin/cmake /home/user/ros2_ws/src/aruco_ros/aruco -DCMAKE_INSTALL_PREFIX=/home/user/ros2_ws/install/aruco
[0.084s] -- Found ament_cmake: 1.3.12 (/opt/ros/humble/share/ament_cmake/cmake)
[0.313s] -- Override CMake install command with custom implementation using symlinks instead of copying resources
[0.428s] -- Configuring done
[0.446s] -- Generating done
[0.450s] -- Build files have been written to: /home/user/ros2_ws/build/aruco
[0.455s] Invoked command in '/home/user/ros2_ws/build/aruco' returned '0': CMAKE_PREFIX_PATH=${CMAKE_PREFIX_PATH}:/opt/ros/humble /usr/bin/cmake /home/user/ros2_ws/src/aruco_ros/aruco -DCMAKE_INSTALL_PREFIX=/home/user/ros2_ws/install/aruco
[0.460s] Invoking command in '/home/user/ros2_ws/build/aruco': CMAKE_PREFIX_PATH=${CMAKE_PREFIX_PATH}:/opt/ros/humble /usr/bin/cmake --build /home/user/ros2_ws/build/aruco -- -j12 -l12
[0.533s] [35m[1mConsolidate compiler generated dependencies of target aruco[0m
[0.589s] [100%] Built target aruco
[0.604s] Invoked command in '/home/user/ros2_ws/build/aruco' returned '0': CMAKE_PREFIX_PATH=${CMAKE_PREFIX_PATH}:/opt/ros/humble /usr/bin/cmake --build /home/user/ros2_ws/build/aruco -- -j12 -l12
[0.617s] Invoking command in '/home/user/ros2_ws/build/aruco': CMAKE_PREFIX_PATH=${CMAKE_PREFIX_PATH}:/opt/ros/humble /usr/bin/cmake --install /home/user/ros2_ws/build/aruco
[0.627s] -- Install configuration: ""
[0.628s] -- Execute custom install script
[0.628s] -- Up-to-date symlink: /home/user/ros2_ws/install/aruco/lib/libaruco.so
[0.629s] -- Up-to-date symlink: /home/user/ros2_ws/install/aruco/include/aruco/aruco.h
[0.630s] -- Up-to-date symlink: /home/user/ros2_ws/install/aruco/include/aruco/aruco_cvversioning.h
[0.630s] -- Up-to-date symlink: /home/user/ros2_ws/install/aruco/include/aruco/aruco_export.h
[0.630s] -- Up-to-date symlink: /home/user/ros2_ws/install/aruco/include/aruco/cameraparameters.h
[0.630s] -- Up-to-date symlink: /home/user/ros2_ws/install/aruco/include/aruco/cvdrawingutils.h
[0.631s] -- Up-to-date symlink: /home/user/ros2_ws/install/aruco/include/aruco/debug.h
[0.631s] -- Up-to-date symlink: /home/user/ros2_ws/install/aruco/include/aruco/dictionary.h
[0.631s] -- Up-to-date symlink: /home/user/ros2_ws/install/aruco/include/aruco/dictionary_based.h
[0.631s] -- Up-to-date symlink: /home/user/ros2_ws/install/aruco/include/aruco/fractaldetector.h
[0.631s] -- Up-to-date symlink: /home/user/ros2_ws/install/aruco/include/aruco/fractallabelers/fractallabeler.h
[0.632s] -- Up-to-date symlink: /home/user/ros2_ws/install/aruco/include/aruco/fractallabelers/fractalmarker.h
[0.632s] -- Up-to-date symlink: /home/user/ros2_ws/install/aruco/include/aruco/fractallabelers/fractalmarkerset.h
[0.632s] -- Up-to-date symlink: /home/user/ros2_ws/install/aruco/include/aruco/fractallabelers/fractalposetracker.h
[0.632s] -- Up-to-date symlink: /home/user/ros2_ws/install/aruco/include/aruco/ippe.h
[0.633s] -- Up-to-date symlink: /home/user/ros2_ws/install/aruco/include/aruco/levmarq.h
[0.633s] -- Up-to-date symlink: /home/user/ros2_ws/install/aruco/include/aruco/marker.h
[0.633s] -- Up-to-date symlink: /home/user/ros2_ws/install/aruco/include/aruco/markerdetector.h
[0.633s] -- Up-to-date symlink: /home/user/ros2_ws/install/aruco/include/aruco/markerdetector_impl.h
[0.634s] -- Up-to-date symlink: /home/user/ros2_ws/install/aruco/include/aruco/markerlabeler.h
[0.634s] -- Up-to-date symlink: /home/user/ros2_ws/install/aruco/include/aruco/markermap.h
[0.634s] -- Up-to-date symlink: /home/user/ros2_ws/install/aruco/include/aruco/picoflann.h
[0.634s] -- Up-to-date symlink: /home/user/ros2_ws/install/aruco/include/aruco/posetracker.h
[0.635s] -- Up-to-date symlink: /home/user/ros2_ws/install/aruco/include/aruco/timers.h
[0.635s] -- Up-to-date symlink: /home/user/ros2_ws/install/aruco/share/aruco/environment/library_path.sh
[0.635s] -- Up-to-date symlink: /home/user/ros2_ws/install/aruco/share/aruco/environment/library_path.dsv
[0.636s] -- Up-to-date symlink: /home/user/ros2_ws/install/aruco/share/ament_index/resource_index/package_run_dependencies/aruco
[0.636s] -- Up-to-date symlink: /home/user/ros2_ws/install/aruco/share/ament_index/resource_index/parent_prefix_path/aruco
[0.636s] -- Up-to-date symlink: /home/user/ros2_ws/install/aruco/share/aruco/environment/ament_prefix_path.sh
[0.637s] -- Up-to-date symlink: /home/user/ros2_ws/install/aruco/share/aruco/environment/ament_prefix_path.dsv
[0.637s] -- Up-to-date symlink: /home/user/ros2_ws/install/aruco/share/aruco/environment/path.sh
[0.638s] -- Up-to-date symlink: /home/user/ros2_ws/install/aruco/share/aruco/environment/path.dsv
[0.638s] -- Up-to-date symlink: /home/user/ros2_ws/install/aruco/share/aruco/local_setup.bash
[0.639s] -- Up-to-date symlink: /home/user/ros2_ws/install/aruco/share/aruco/local_setup.sh
[0.639s] -- Up-to-date symlink: /home/user/ros2_ws/install/aruco/share/aruco/local_setup.zsh
[0.639s] -- Up-to-date symlink: /home/user/ros2_ws/install/aruco/share/aruco/local_setup.dsv
[0.640s] -- Symlinking: /home/user/ros2_ws/install/aruco/share/aruco/package.dsv
[0.655s] -- Up-to-date symlink: /home/user/ros2_ws/install/aruco/share/ament_index/resource_index/packages/aruco
[0.656s] -- Up-to-date symlink: /home/user/ros2_ws/install/aruco/share/aruco/cmake/ament_cmake_export_include_directories-extras.cmake
[0.656s] -- Up-to-date symlink: /home/user/ros2_ws/install/aruco/share/aruco/cmake/ament_cmake_export_libraries-extras.cmake
[0.656s] -- Up-to-date symlink: /home/user/ros2_ws/install/aruco/share/aruco/cmake/arucoConfig.cmake
[0.657s] -- Up-to-date symlink: /home/user/ros2_ws/install/aruco/share/aruco/cmake/arucoConfig-version.cmake
[0.657s] -- Up-to-date symlink: /home/user/ros2_ws/install/aruco/share/aruco/package.xml
[0.679s] Invoked command in '/home/user/ros2_ws/build/aruco' returned '0': CMAKE_PREFIX_PATH=${CMAKE_PREFIX_PATH}:/opt/ros/humble /usr/bin/cmake --install /home/user/ros2_ws/build/aruco
