[0mCMake Deprecation Warning at /opt/ros/humble/share/rosidl_cmake/cmake/rosidl_target_interfaces.cmake:32 (message):
  Use rosidl_get_typesupport_target() and target_link_libraries() instead of
  rosidl_target_interfaces()
Call Stack (most recent call first):
  CMakeLists.txt:63 (rosidl_target_interfaces)

[0m
[0mCMake Deprecation Warning at /opt/ros/humble/share/rosidl_cmake/cmake/rosidl_target_interfaces.cmake:32 (message):
  Use rosidl_get_typesupport_target() and target_link_libraries() instead of
  rosidl_target_interfaces()
Call Stack (most recent call first):
  CMakeLists.txt:93 (rosidl_target_interfaces)

[0m
[01m[K/home/user/ros2_ws/src/ros2_kdl_package/src/ros2_kdl_node_client.cpp:14:10:[m[K [01;31m[Kfatal error: [m[Ktf2_ros/transform_listener.h: No such file or directory
   14 | #include [01;31m[K"tf2_ros/transform_listener.h"[m[K
      |          [01;31m[K^~~~~~~~~~~~~~~~~~~~~~~~~~~~~~[m[K
compilation terminated.
gmake[2]: *** [CMakeFiles/ros2_kdl_node_client.dir/build.make:76: CMakeFiles/ros2_kdl_node_client.dir/src/ros2_kdl_node_client.cpp.o] Error 1
gmake[1]: *** [CMakeFiles/Makefile2:652: CMakeFiles/ros2_kdl_node_client.dir/all] Error 2
gmake[1]: *** Waiting for unfinished jobs....
[01m[K/home/user/ros2_ws/src/ros2_kdl_package/src/ros2_kdl_node_example.cpp:[m[K In function ‘[01m[Kint main(int, char**)[m[K’:
[01m[K/home/user/ros2_ws/src/ros2_kdl_package/src/ros2_kdl_node_example.cpp:51:25:[m[K [01;35m[Kwarning: [m[Kcomparison of constant ‘[01m[K0[m[K’ with boolean expression is always true [[01;35m[K-Wbool-compare[m[K]
   51 |     if([01;35m[Kkinematics_status>=0[m[K){
      |        [01;35m[K~~~~~~~~~~~~~~~~~^~~[m[K
gmake: *** [Makefile:146: all] Error 2
