[0.040s] Invoking command in '/home/user/ros2_ws/build/aruco': CMAKE_PREFIX_PATH=${CMAKE_PREFIX_PATH}:/opt/ros/humble /usr/bin/cmake /home/user/ros2_ws/src/aruco_ros/aruco -DCMAKE_INSTALL_PREFIX=/home/user/ros2_ws/install/aruco
[0.154s] -- The C compiler identification is GNU 11.4.0
[0.250s] -- The CXX compiler identification is GNU 11.4.0
[0.262s] -- Detecting C compiler ABI info
[0.354s] -- Detecting C compiler ABI info - done
[0.368s] -- Check for working C compiler: /usr/bin/cc - skipped
[0.368s] -- Detecting C compile features
[0.369s] -- Detecting C compile features - done
[0.375s] -- Detecting CXX compiler ABI info
[0.486s] -- Detecting CXX compiler ABI info - done
[0.498s] -- Check for working CXX compiler: /usr/bin/c++ - skipped
[0.499s] -- Detecting CXX compile features
[0.500s] -- Detecting CXX compile features - done
[0.505s] -- Found ament_cmake: 1.3.12 (/opt/ros/humble/share/ament_cmake/cmake)
[0.717s] -- Found Python3: /usr/bin/python3 (found version "3.10.12") found components: Interpreter 
[0.891s] -- Found OpenCV: /usr (found suitable version "4.5.4", minimum required is "4.2.0") 
[0.984s] -- Configuring done
[0.997s] -- Generating done
[1.001s] -- Build files have been written to: /home/user/ros2_ws/build/aruco
[1.009s] Invoked command in '/home/user/ros2_ws/build/aruco' returned '0': CMAKE_PREFIX_PATH=${CMAKE_PREFIX_PATH}:/opt/ros/humble /usr/bin/cmake /home/user/ros2_ws/src/aruco_ros/aruco -DCMAKE_INSTALL_PREFIX=/home/user/ros2_ws/install/aruco
[1.011s] Invoking command in '/home/user/ros2_ws/build/aruco': CMAKE_PREFIX_PATH=${CMAKE_PREFIX_PATH}:/opt/ros/humble /usr/bin/cmake --build /home/user/ros2_ws/build/aruco -- -j12 -l12
[1.078s] [  5%] [32mBuilding CXX object CMakeFiles/aruco.dir/src/aruco/cameraparameters.cpp.o[0m
[1.078s] [ 16%] [32mBuilding CXX object CMakeFiles/aruco.dir/src/aruco/dictionary.cpp.o[0m
[1.078s] [ 22%] [32mBuilding CXX object CMakeFiles/aruco.dir/src/aruco/dictionary_based.cpp.o[0m
[1.078s] [ 22%] [32mBuilding CXX object CMakeFiles/aruco.dir/src/aruco/fractaldetector.cpp.o[0m
[1.081s] [ 27%] [32mBuilding CXX object CMakeFiles/aruco.dir/src/aruco/cvdrawingutils.cpp.o[0m
[1.081s] [ 33%] [32mBuilding CXX object CMakeFiles/aruco.dir/src/aruco/markerdetector_impl.cpp.o[0m
[1.081s] [ 38%] [32mBuilding CXX object CMakeFiles/aruco.dir/src/aruco/debug.cpp.o[0m
[1.081s] [ 44%] [32mBuilding CXX object CMakeFiles/aruco.dir/src/aruco/marker.cpp.o[0m
[1.084s] [ 50%] [32mBuilding CXX object CMakeFiles/aruco.dir/src/aruco/markerdetector.cpp.o[0m
[1.086s] [ 55%] [32mBuilding CXX object CMakeFiles/aruco.dir/src/aruco/ippe.cpp.o[0m
[1.087s] [ 61%] [32mBuilding CXX object CMakeFiles/aruco.dir/src/aruco/markerlabeler.cpp.o[0m
[1.106s] [ 66%] [32mBuilding CXX object CMakeFiles/aruco.dir/src/aruco/markermap.cpp.o[0m
[2.230s] [ 72%] [32mBuilding CXX object CMakeFiles/aruco.dir/src/aruco/posetracker.cpp.o[0m
[3.205s] [ 77%] [32mBuilding CXX object CMakeFiles/aruco.dir/src/aruco/fractallabelers/fractallabeler.cpp.o[0m
[3.339s] [ 83%] [32mBuilding CXX object CMakeFiles/aruco.dir/src/aruco/fractallabelers/fractalmarker.cpp.o[0m
[3.504s] [ 88%] [32mBuilding CXX object CMakeFiles/aruco.dir/src/aruco/fractallabelers/fractalmarkerset.cpp.o[0m
[3.762s] [ 94%] [32mBuilding CXX object CMakeFiles/aruco.dir/src/aruco/fractallabelers/fractalposetracker.cpp.o[0m
[13.250s] [100%] [32m[1mLinking CXX shared library libaruco.so[0m
[14.290s] [100%] Built target aruco
[14.312s] Invoked command in '/home/user/ros2_ws/build/aruco' returned '0': CMAKE_PREFIX_PATH=${CMAKE_PREFIX_PATH}:/opt/ros/humble /usr/bin/cmake --build /home/user/ros2_ws/build/aruco -- -j12 -l12
[14.315s] Invoking command in '/home/user/ros2_ws/build/aruco': CMAKE_PREFIX_PATH=${CMAKE_PREFIX_PATH}:/opt/ros/humble /usr/bin/cmake --install /home/user/ros2_ws/build/aruco
[14.329s] -- Install configuration: ""
[14.330s] -- Installing: /home/user/ros2_ws/install/aruco/lib/libaruco.so
[14.338s] -- Installing: /home/user/ros2_ws/install/aruco/include
[14.339s] -- Installing: /home/user/ros2_ws/install/aruco/include/aruco
[14.339s] -- Installing: /home/user/ros2_ws/install/aruco/include/aruco/fractaldetector.h
[14.339s] -- Installing: /home/user/ros2_ws/install/aruco/include/aruco/fractallabelers
[14.339s] -- Installing: /home/user/ros2_ws/install/aruco/include/aruco/fractallabelers/fractalmarkerset.h
[14.339s] -- Installing: /home/user/ros2_ws/install/aruco/include/aruco/fractallabelers/fractalposetracker.h
[14.340s] -- Installing: /home/user/ros2_ws/install/aruco/include/aruco/fractallabelers/fractallabeler.h
[14.340s] -- Installing: /home/user/ros2_ws/install/aruco/include/aruco/fractallabelers/fractalmarker.h
[14.340s] -- Installing: /home/user/ros2_ws/install/aruco/include/aruco/cvdrawingutils.h
[14.340s] -- Installing: /home/user/ros2_ws/install/aruco/include/aruco/aruco_cvversioning.h
[14.341s] -- Installing: /home/user/ros2_ws/install/aruco/include/aruco/dictionary.h
[14.341s] -- Installing: /home/user/ros2_ws/install/aruco/include/aruco/markerdetector_impl.h
[14.341s] -- Installing: /home/user/ros2_ws/install/aruco/include/aruco/marker.h
[14.341s] -- Installing: /home/user/ros2_ws/install/aruco/include/aruco/aruco.h
[14.342s] -- Installing: /home/user/ros2_ws/install/aruco/include/aruco/levmarq.h
[14.342s] -- Installing: /home/user/ros2_ws/install/aruco/include/aruco/debug.h
[14.343s] -- Installing: /home/user/ros2_ws/install/aruco/include/aruco/cameraparameters.h
[14.343s] -- Installing: /home/user/ros2_ws/install/aruco/include/aruco/aruco_export.h
[14.343s] -- Installing: /home/user/ros2_ws/install/aruco/include/aruco/markermap.h
[14.343s] -- Installing: /home/user/ros2_ws/install/aruco/include/aruco/ippe.h
[14.343s] -- Installing: /home/user/ros2_ws/install/aruco/include/aruco/posetracker.h
[14.344s] -- Installing: /home/user/ros2_ws/install/aruco/include/aruco/dictionary_based.h
[14.344s] -- Installing: /home/user/ros2_ws/install/aruco/include/aruco/markerlabeler.h
[14.344s] -- Installing: /home/user/ros2_ws/install/aruco/include/aruco/markerdetector.h
[14.344s] -- Installing: /home/user/ros2_ws/install/aruco/include/aruco/timers.h
[14.345s] -- Installing: /home/user/ros2_ws/install/aruco/include/aruco/picoflann.h
[14.345s] -- Installing: /home/user/ros2_ws/install/aruco/share/aruco/environment/library_path.sh
[14.346s] -- Installing: /home/user/ros2_ws/install/aruco/share/aruco/environment/library_path.dsv
[14.346s] -- Installing: /home/user/ros2_ws/install/aruco/share/ament_index/resource_index/package_run_dependencies/aruco
[14.347s] -- Installing: /home/user/ros2_ws/install/aruco/share/ament_index/resource_index/parent_prefix_path/aruco
[14.347s] -- Installing: /home/user/ros2_ws/install/aruco/share/aruco/environment/ament_prefix_path.sh
[14.347s] -- Installing: /home/user/ros2_ws/install/aruco/share/aruco/environment/ament_prefix_path.dsv
[14.349s] -- Installing: /home/user/ros2_ws/install/aruco/share/aruco/environment/path.sh
[14.349s] -- Installing: /home/user/ros2_ws/install/aruco/share/aruco/environment/path.dsv
[14.349s] -- Installing: /home/user/ros2_ws/install/aruco/share/aruco/local_setup.bash
[14.349s] -- Installing: /home/user/ros2_ws/install/aruco/share/aruco/local_setup.sh
[14.350s] -- Installing: /home/user/ros2_ws/install/aruco/share/aruco/local_setup.zsh
[14.350s] -- Installing: /home/user/ros2_ws/install/aruco/share/aruco/local_setup.dsv
[14.350s] -- Installing: /home/user/ros2_ws/install/aruco/share/aruco/package.dsv
[14.350s] -- Installing: /home/user/ros2_ws/install/aruco/share/ament_index/resource_index/packages/aruco
[14.351s] -- Installing: /home/user/ros2_ws/install/aruco/share/aruco/cmake/ament_cmake_export_include_directories-extras.cmake
[14.351s] -- Installing: /home/user/ros2_ws/install/aruco/share/aruco/cmake/ament_cmake_export_libraries-extras.cmake
[14.351s] -- Installing: /home/user/ros2_ws/install/aruco/share/aruco/cmake/arucoConfig.cmake
[14.352s] -- Installing: /home/user/ros2_ws/install/aruco/share/aruco/cmake/arucoConfig-version.cmake
[14.352s] -- Installing: /home/user/ros2_ws/install/aruco/share/aruco/package.xml
[14.356s] Invoked command in '/home/user/ros2_ws/build/aruco' returned '0': CMAKE_PREFIX_PATH=${CMAKE_PREFIX_PATH}:/opt/ros/humble /usr/bin/cmake --install /home/user/ros2_ws/build/aruco
