[0.045s] Invoking command in '/home/user/ros2_ws/build/explore_lite': CMAKE_PREFIX_PATH=${CMAKE_PREFIX_PATH}:/opt/ros/humble /usr/bin/cmake --build /home/user/ros2_ws/build/explore_lite -- -j12 -l12
[0.171s] [ 20%] Built target gtest
[0.175s] [ 40%] Built target gtest_main
[0.216s] [ 80%] Built target explore
[0.239s] [100%] Built target test_explore
[0.333s] Invoked command in '/home/user/ros2_ws/build/explore_lite' returned '0': CMAKE_PREFIX_PATH=${CMAKE_PREFIX_PATH}:/opt/ros/humble /usr/bin/cmake --build /home/user/ros2_ws/build/explore_lite -- -j12 -l12
[0.334s] Invoking command in '/home/user/ros2_ws/build/explore_lite': CMAKE_PREFIX_PATH=${CMAKE_PREFIX_PATH}:/opt/ros/humble /usr/bin/cmake --install /home/user/ros2_ws/build/explore_lite
[0.373s] -- Install configuration: ""
[0.374s] -- Execute custom install script
[0.374s] -- Up-to-date symlink: /home/user/ros2_ws/install/explore_lite/include/explore//costmap_client.h
[0.374s] -- Up-to-date symlink: /home/user/ros2_ws/install/explore_lite/include/explore//costmap_tools.h
[0.375s] -- Up-to-date symlink: /home/user/ros2_ws/install/explore_lite/include/explore//explore.h
[0.375s] -- Up-to-date symlink: /home/user/ros2_ws/install/explore_lite/include/explore//frontier_search.h
[0.375s] -- Up-to-date symlink: /home/user/ros2_ws/install/explore_lite/share/explore_lite/config/params.yaml
[0.375s] -- Up-to-date symlink: /home/user/ros2_ws/install/explore_lite/share/explore_lite/config/params_costmap.yaml
[0.376s] -- Up-to-date symlink: /home/user/ros2_ws/install/explore_lite/share/explore_lite/launch/explore.launch.py
[0.376s] -- Up-to-date symlink: /home/user/ros2_ws/install/explore_lite/lib/explore_lite/explore
[0.376s] -- Up-to-date symlink: /home/user/ros2_ws/install/explore_lite/share/ament_index/resource_index/package_run_dependencies/explore_lite
[0.376s] -- Up-to-date symlink: /home/user/ros2_ws/install/explore_lite/share/ament_index/resource_index/parent_prefix_path/explore_lite
[0.376s] -- Up-to-date symlink: /home/user/ros2_ws/install/explore_lite/share/explore_lite/environment/ament_prefix_path.sh
[0.377s] -- Up-to-date symlink: /home/user/ros2_ws/install/explore_lite/share/explore_lite/environment/ament_prefix_path.dsv
[0.377s] -- Up-to-date symlink: /home/user/ros2_ws/install/explore_lite/share/explore_lite/environment/path.sh
[0.377s] -- Up-to-date symlink: /home/user/ros2_ws/install/explore_lite/share/explore_lite/environment/path.dsv
[0.377s] -- Up-to-date symlink: /home/user/ros2_ws/install/explore_lite/share/explore_lite/local_setup.bash
[0.378s] -- Up-to-date symlink: /home/user/ros2_ws/install/explore_lite/share/explore_lite/local_setup.sh
[0.378s] -- Up-to-date symlink: /home/user/ros2_ws/install/explore_lite/share/explore_lite/local_setup.zsh
[0.378s] -- Up-to-date symlink: /home/user/ros2_ws/install/explore_lite/share/explore_lite/local_setup.dsv
[0.378s] -- Symlinking: /home/user/ros2_ws/install/explore_lite/share/explore_lite/package.dsv
[0.409s] -- Up-to-date symlink: /home/user/ros2_ws/install/explore_lite/share/ament_index/resource_index/packages/explore_lite
[0.409s] -- Up-to-date symlink: /home/user/ros2_ws/install/explore_lite/share/explore_lite/cmake/ament_cmake_export_include_directories-extras.cmake
[0.409s] -- Up-to-date symlink: /home/user/ros2_ws/install/explore_lite/share/explore_lite/cmake/explore_liteConfig.cmake
[0.411s] -- Up-to-date symlink: /home/user/ros2_ws/install/explore_lite/share/explore_lite/cmake/explore_liteConfig-version.cmake
[0.411s] -- Up-to-date symlink: /home/user/ros2_ws/install/explore_lite/share/explore_lite/package.xml
[0.433s] Invoked command in '/home/user/ros2_ws/build/explore_lite' returned '0': CMAKE_PREFIX_PATH=${CMAKE_PREFIX_PATH}:/opt/ros/humble /usr/bin/cmake --install /home/user/ros2_ws/build/explore_lite
