[0.051s] Invoking command in '/home/user/ros2_ws/build/iiwa_bringup': CMAKE_PREFIX_PATH=/home/user/ros2_ws/install/iiwa_description:/home/user/ros2_ws/install/ros2_kdl_package:/home/user/ros2_ws/install/ros2_fra2mo:/home/user/ros2_ws/install/impedance_controller:/home/user/ros2_ws/install/iiwa_bringup:/home/user/ros2_ws/install/external_torque_sensor_broadcaster:/home/user/ros2_ws/install/aruco_ros:/home/user/ros2_ws/install/aruco_msgs:/home/user/ros2_ws/install/aruco:/opt/ros/humble /usr/bin/cmake /home/user/ros2_ws/src/ros2_iiwa/iiwa_bringup -DCMAKE_INSTALL_PREFIX=/home/user/ros2_ws/install/iiwa_bringup
[0.205s] -- The C compiler identification is GNU 11.4.0
[0.434s] -- The CXX compiler identification is GNU 11.4.0
[0.447s] -- Detecting C compiler ABI info
[0.630s] -- Detecting C compiler ABI info - done
[0.665s] -- Check for working C compiler: /usr/bin/cc - skipped
[0.668s] -- Detecting C compile features
[0.669s] -- Detecting C compile features - done
[0.684s] -- Detecting CXX compiler ABI info
[1.009s] -- Detecting CXX compiler ABI info - done
[1.042s] -- Check for working CXX compiler: /usr/bin/c++ - skipped
[1.046s] -- Detecting CXX compile features
[1.051s] -- Detecting CXX compile features - done
[1.073s] -- Found ament_cmake: 1.3.12 (/opt/ros/humble/share/ament_cmake/cmake)
[1.699s] -- Found Python3: /usr/bin/python3 (found version "3.10.12") found components: Interpreter 
[2.151s] -- Found rclcpp: 16.0.16 (/opt/ros/humble/share/rclcpp/cmake)
[2.419s] -- Found rosidl_generator_c: 3.1.7 (/opt/ros/humble/share/rosidl_generator_c/cmake)
[2.468s] -- Found rosidl_adapter: 3.1.7 (/opt/ros/humble/share/rosidl_adapter/cmake)
[2.548s] -- Found rosidl_generator_cpp: 3.1.7 (/opt/ros/humble/share/rosidl_generator_cpp/cmake)
[2.654s] -- Using all available rosidl_typesupport_c: rosidl_typesupport_fastrtps_c;rosidl_typesupport_introspection_c
[2.771s] -- Using all available rosidl_typesupport_cpp: rosidl_typesupport_fastrtps_cpp;rosidl_typesupport_introspection_cpp
[3.021s] -- Found rmw_implementation_cmake: 6.1.2 (/opt/ros/humble/share/rmw_implementation_cmake/cmake)
[3.039s] -- Found rmw_fastrtps_cpp: 6.2.9 (/opt/ros/humble/share/rmw_fastrtps_cpp/cmake)
[3.375s] -- Found OpenSSL: /usr/lib/x86_64-linux-gnu/libcrypto.so (found version "3.0.2")  
[3.474s] -- Found FastRTPS: /opt/ros/humble/include  
[3.689s] -- Using RMW implementation 'rmw_fastrtps_cpp' as default
[3.735s] -- Looking for pthread.h
[3.888s] -- Looking for pthread.h - found
[3.889s] -- Performing Test CMAKE_HAVE_LIBC_PTHREAD
[4.064s] -- Performing Test CMAKE_HAVE_LIBC_PTHREAD - Success
[4.065s] -- Found Threads: TRUE  
[4.216s] -- Found rclpy: 3.3.19 (/opt/ros/humble/share/rclpy/cmake)
[4.224s] -- Found sensor_msgs: 4.9.0 (/opt/ros/humble/share/sensor_msgs/cmake)
[4.315s] -- Found visualization_msgs: 4.9.0 (/opt/ros/humble/share/visualization_msgs/cmake)
[4.364s] -- Found ament_cmake_gtest: 1.3.12 (/opt/ros/humble/share/ament_cmake_gtest/cmake)
[4.372s] -- Found ament_lint_auto: 0.12.14 (/opt/ros/humble/share/ament_lint_auto/cmake)
[4.614s] -- Added test 'copyright' to check source files copyright and LICENSE
[4.623s] -- Added test 'flake8' to check Python code syntax and style conventions
[4.623s] -- Added test 'lint_cmake' to check CMake code style
[4.623s] -- Added test 'pep257' to check Python code against some of the docstring style conventions in PEP 257
[4.630s] -- Added test 'xmllint' to check XML markup files
[4.631s] -- Configuring done
[4.646s] -- Generating done
[4.652s] -- Build files have been written to: /home/user/ros2_ws/build/iiwa_bringup
[4.690s] Invoked command in '/home/user/ros2_ws/build/iiwa_bringup' returned '0': CMAKE_PREFIX_PATH=/home/user/ros2_ws/install/iiwa_description:/home/user/ros2_ws/install/ros2_kdl_package:/home/user/ros2_ws/install/ros2_fra2mo:/home/user/ros2_ws/install/impedance_controller:/home/user/ros2_ws/install/iiwa_bringup:/home/user/ros2_ws/install/external_torque_sensor_broadcaster:/home/user/ros2_ws/install/aruco_ros:/home/user/ros2_ws/install/aruco_msgs:/home/user/ros2_ws/install/aruco:/opt/ros/humble /usr/bin/cmake /home/user/ros2_ws/src/ros2_iiwa/iiwa_bringup -DCMAKE_INSTALL_PREFIX=/home/user/ros2_ws/install/iiwa_bringup
[4.694s] Invoking command in '/home/user/ros2_ws/build/iiwa_bringup': CMAKE_PREFIX_PATH=/home/user/ros2_ws/install/iiwa_description:/home/user/ros2_ws/install/ros2_kdl_package:/home/user/ros2_ws/install/ros2_fra2mo:/home/user/ros2_ws/install/impedance_controller:/home/user/ros2_ws/install/iiwa_bringup:/home/user/ros2_ws/install/external_torque_sensor_broadcaster:/home/user/ros2_ws/install/aruco_ros:/home/user/ros2_ws/install/aruco_msgs:/home/user/ros2_ws/install/aruco:/opt/ros/humble /usr/bin/cmake --build /home/user/ros2_ws/build/iiwa_bringup -- -j12 -l12
[4.802s] Invoked command in '/home/user/ros2_ws/build/iiwa_bringup' returned '0': CMAKE_PREFIX_PATH=/home/user/ros2_ws/install/iiwa_description:/home/user/ros2_ws/install/ros2_kdl_package:/home/user/ros2_ws/install/ros2_fra2mo:/home/user/ros2_ws/install/impedance_controller:/home/user/ros2_ws/install/iiwa_bringup:/home/user/ros2_ws/install/external_torque_sensor_broadcaster:/home/user/ros2_ws/install/aruco_ros:/home/user/ros2_ws/install/aruco_msgs:/home/user/ros2_ws/install/aruco:/opt/ros/humble /usr/bin/cmake --build /home/user/ros2_ws/build/iiwa_bringup -- -j12 -l12
[4.802s] Invoking command in '/home/user/ros2_ws/build/iiwa_bringup': CMAKE_PREFIX_PATH=/home/user/ros2_ws/install/iiwa_description:/home/user/ros2_ws/install/ros2_kdl_package:/home/user/ros2_ws/install/ros2_fra2mo:/home/user/ros2_ws/install/impedance_controller:/home/user/ros2_ws/install/iiwa_bringup:/home/user/ros2_ws/install/external_torque_sensor_broadcaster:/home/user/ros2_ws/install/aruco_ros:/home/user/ros2_ws/install/aruco_msgs:/home/user/ros2_ws/install/aruco:/opt/ros/humble /usr/bin/cmake --install /home/user/ros2_ws/build/iiwa_bringup
[4.813s] -- Install configuration: ""
[4.813s] -- Installing: /home/user/ros2_ws/install/iiwa_bringup/share/iiwa_bringup/launch
[4.814s] -- Installing: /home/user/ros2_ws/install/iiwa_bringup/share/iiwa_bringup/launch/iiwa_pose_tracking.launch.py
[4.815s] -- Installing: /home/user/ros2_ws/install/iiwa_bringup/share/iiwa_bringup/launch/iiwa_servoing.launch.py
[4.815s] -- Installing: /home/user/ros2_ws/install/iiwa_bringup/share/iiwa_bringup/launch/joy_servo_teleop.launch.py
[4.816s] -- Installing: /home/user/ros2_ws/install/iiwa_bringup/share/iiwa_bringup/launch/iiwa_test_joint_trajectory_controller.launch.py
[4.817s] -- Installing: /home/user/ros2_ws/install/iiwa_bringup/share/iiwa_bringup/launch/iiwa_planning.launch.py
[4.817s] -- Installing: /home/user/ros2_ws/install/iiwa_bringup/share/iiwa_bringup/launch/iiwa.launch.py
[4.818s] -- Installing: /home/user/ros2_ws/install/iiwa_bringup/share/iiwa_bringup/config
[4.819s] -- Installing: /home/user/ros2_ws/install/iiwa_bringup/share/iiwa_bringup/config/test_trajectory_config.yaml
[4.819s] -- Installing: /home/user/ros2_ws/install/iiwa_bringup/share/ament_index/resource_index/package_run_dependencies/iiwa_bringup
[4.820s] -- Installing: /home/user/ros2_ws/install/iiwa_bringup/share/ament_index/resource_index/parent_prefix_path/iiwa_bringup
[4.821s] -- Installing: /home/user/ros2_ws/install/iiwa_bringup/share/iiwa_bringup/environment/ament_prefix_path.sh
[4.822s] -- Installing: /home/user/ros2_ws/install/iiwa_bringup/share/iiwa_bringup/environment/ament_prefix_path.dsv
[4.823s] -- Installing: /home/user/ros2_ws/install/iiwa_bringup/share/iiwa_bringup/environment/path.sh
[4.823s] -- Installing: /home/user/ros2_ws/install/iiwa_bringup/share/iiwa_bringup/environment/path.dsv
[4.824s] -- Installing: /home/user/ros2_ws/install/iiwa_bringup/share/iiwa_bringup/local_setup.bash
[4.825s] -- Installing: /home/user/ros2_ws/install/iiwa_bringup/share/iiwa_bringup/local_setup.sh
[4.825s] -- Installing: /home/user/ros2_ws/install/iiwa_bringup/share/iiwa_bringup/local_setup.zsh
[4.825s] -- Installing: /home/user/ros2_ws/install/iiwa_bringup/share/iiwa_bringup/local_setup.dsv
[4.826s] -- Installing: /home/user/ros2_ws/install/iiwa_bringup/share/iiwa_bringup/package.dsv
[4.827s] -- Installing: /home/user/ros2_ws/install/iiwa_bringup/share/ament_index/resource_index/packages/iiwa_bringup
[4.828s] -- Installing: /home/user/ros2_ws/install/iiwa_bringup/share/iiwa_bringup/cmake/iiwa_bringupConfig.cmake
[4.828s] -- Installing: /home/user/ros2_ws/install/iiwa_bringup/share/iiwa_bringup/cmake/iiwa_bringupConfig-version.cmake
[4.829s] -- Installing: /home/user/ros2_ws/install/iiwa_bringup/share/iiwa_bringup/package.xml
[4.835s] Invoked command in '/home/user/ros2_ws/build/iiwa_bringup' returned '0': CMAKE_PREFIX_PATH=/home/user/ros2_ws/install/iiwa_description:/home/user/ros2_ws/install/ros2_kdl_package:/home/user/ros2_ws/install/ros2_fra2mo:/home/user/ros2_ws/install/impedance_controller:/home/user/ros2_ws/install/iiwa_bringup:/home/user/ros2_ws/install/external_torque_sensor_broadcaster:/home/user/ros2_ws/install/aruco_ros:/home/user/ros2_ws/install/aruco_msgs:/home/user/ros2_ws/install/aruco:/opt/ros/humble /usr/bin/cmake --install /home/user/ros2_ws/build/iiwa_bringup
