[0.027s] Invoking command in '/home/user/ros2_ws/build/iiwa_description': CMAKE_PREFIX_PATH=${CMAKE_PREFIX_PATH}:/opt/ros/humble /usr/bin/cmake /home/user/ros2_ws/src/ros2_iiwa/iiwa_description -DCMAKE_INSTALL_PREFIX=/home/user/ros2_ws/install/iiwa_description
[0.080s] -- The C compiler identification is GNU 11.4.0
[0.142s] -- The CXX compiler identification is GNU 11.4.0
[0.149s] -- Detecting C compiler ABI info
[0.220s] -- Detecting C compiler ABI info - done
[0.231s] -- Check for working C compiler: /usr/bin/cc - skipped
[0.231s] -- Detecting C compile features
[0.231s] -- Detecting C compile features - done
[0.234s] -- Detecting CXX compiler ABI info
[0.332s] -- Detecting CXX compiler ABI info - done
[0.341s] -- Check for working CXX compiler: /usr/bin/c++ - skipped
[0.342s] -- Detecting CXX compile features
[0.342s] -- Detecting CXX compile features - done
[0.347s] -- Found ament_cmake: 1.3.12 (/opt/ros/humble/share/ament_cmake/cmake)
[0.532s] -- Found Python3: /usr/bin/python3 (found version "3.10.12") found components: Interpreter 
[0.685s] -- Found ament_cmake_gtest: 1.3.12 (/opt/ros/humble/share/ament_cmake_gtest/cmake)
[0.689s] -- Found ament_lint_auto: 0.12.14 (/opt/ros/humble/share/ament_lint_auto/cmake)
[0.794s] -- Added test 'copyright' to check source files copyright and LICENSE
[0.811s] -- Added test 'lint_cmake' to check CMake code style
[0.821s] -- Added test 'xmllint' to check XML markup files
[0.821s] -- Configuring done
[0.826s] -- Generating done
[0.830s] -- Build files have been written to: /home/user/ros2_ws/build/iiwa_description
[0.837s] Invoked command in '/home/user/ros2_ws/build/iiwa_description' returned '0': CMAKE_PREFIX_PATH=${CMAKE_PREFIX_PATH}:/opt/ros/humble /usr/bin/cmake /home/user/ros2_ws/src/ros2_iiwa/iiwa_description -DCMAKE_INSTALL_PREFIX=/home/user/ros2_ws/install/iiwa_description
[0.847s] Invoking command in '/home/user/ros2_ws/build/iiwa_description': CMAKE_PREFIX_PATH=${CMAKE_PREFIX_PATH}:/opt/ros/humble /usr/bin/cmake --build /home/user/ros2_ws/build/iiwa_description -- -j12 -l12
[0.957s] Invoked command in '/home/user/ros2_ws/build/iiwa_description' returned '0': CMAKE_PREFIX_PATH=${CMAKE_PREFIX_PATH}:/opt/ros/humble /usr/bin/cmake --build /home/user/ros2_ws/build/iiwa_description -- -j12 -l12
[0.988s] Invoking command in '/home/user/ros2_ws/build/iiwa_description': CMAKE_PREFIX_PATH=${CMAKE_PREFIX_PATH}:/opt/ros/humble /usr/bin/cmake --install /home/user/ros2_ws/build/iiwa_description
[1.008s] -- Install configuration: ""
[1.008s] -- Installing: /home/user/ros2_ws/install/iiwa_description/share/iiwa_description/urdf
[1.008s] -- Installing: /home/user/ros2_ws/install/iiwa_description/share/iiwa_description/urdf/iiwa.urdf.xacro
[1.008s] -- Installing: /home/user/ros2_ws/install/iiwa_description/share/iiwa_description/meshes
[1.008s] -- Installing: /home/user/ros2_ws/install/iiwa_description/share/iiwa_description/meshes/lbr_iiwa_14_r820
[1.009s] -- Installing: /home/user/ros2_ws/install/iiwa_description/share/iiwa_description/meshes/lbr_iiwa_14_r820/collision
[1.009s] -- Installing: /home/user/ros2_ws/install/iiwa_description/share/iiwa_description/meshes/lbr_iiwa_14_r820/collision/link_1.stl
[1.009s] -- Installing: /home/user/ros2_ws/install/iiwa_description/share/iiwa_description/meshes/lbr_iiwa_14_r820/collision/link_2.stl
[1.009s] -- Installing: /home/user/ros2_ws/install/iiwa_description/share/iiwa_description/meshes/lbr_iiwa_14_r820/collision/link_4.stl
[1.010s] -- Installing: /home/user/ros2_ws/install/iiwa_description/share/iiwa_description/meshes/lbr_iiwa_14_r820/collision/link_5.stl
[1.018s] -- Installing: /home/user/ros2_ws/install/iiwa_description/share/iiwa_description/meshes/lbr_iiwa_14_r820/collision/base_link.stl
[1.018s] -- Installing: /home/user/ros2_ws/install/iiwa_description/share/iiwa_description/meshes/lbr_iiwa_14_r820/collision/link_7.stl
[1.018s] -- Installing: /home/user/ros2_ws/install/iiwa_description/share/iiwa_description/meshes/lbr_iiwa_14_r820/collision/link_6.stl
[1.019s] -- Installing: /home/user/ros2_ws/install/iiwa_description/share/iiwa_description/meshes/lbr_iiwa_14_r820/collision/link_7_2.stl
[1.047s] -- Installing: /home/user/ros2_ws/install/iiwa_description/share/iiwa_description/meshes/lbr_iiwa_14_r820/collision/link_3.stl
[1.049s] -- Installing: /home/user/ros2_ws/install/iiwa_description/share/iiwa_description/meshes/lbr_iiwa_14_r820/link_7_2.stl
[1.066s] -- Installing: /home/user/ros2_ws/install/iiwa_description/share/iiwa_description/meshes/lbr_iiwa_14_r820/visual
[1.068s] -- Installing: /home/user/ros2_ws/install/iiwa_description/share/iiwa_description/meshes/lbr_iiwa_14_r820/visual/link_3.dae
[1.068s] -- Installing: /home/user/ros2_ws/install/iiwa_description/share/iiwa_description/meshes/lbr_iiwa_14_r820/visual/link_4.dae
[1.068s] -- Installing: /home/user/ros2_ws/install/iiwa_description/share/iiwa_description/meshes/lbr_iiwa_14_r820/visual/base_link.dae
[1.075s] -- Installing: /home/user/ros2_ws/install/iiwa_description/share/iiwa_description/meshes/lbr_iiwa_14_r820/visual/link_2.dae
[1.076s] -- Installing: /home/user/ros2_ws/install/iiwa_description/share/iiwa_description/meshes/lbr_iiwa_14_r820/visual/link_7.dae
[1.091s] -- Installing: /home/user/ros2_ws/install/iiwa_description/share/iiwa_description/meshes/lbr_iiwa_14_r820/visual/link_7_2.stl
[1.107s] -- Installing: /home/user/ros2_ws/install/iiwa_description/share/iiwa_description/meshes/lbr_iiwa_14_r820/visual/link_1.dae
[1.115s] -- Installing: /home/user/ros2_ws/install/iiwa_description/share/iiwa_description/meshes/lbr_iiwa_14_r820/visual/link_5.dae
[1.115s] -- Installing: /home/user/ros2_ws/install/iiwa_description/share/iiwa_description/meshes/lbr_iiwa_14_r820/visual/link_6.dae
[1.115s] -- Installing: /home/user/ros2_ws/install/iiwa_description/share/iiwa_description/meshes/flex_fellow_h800
[1.115s] -- Installing: /home/user/ros2_ws/install/iiwa_description/share/iiwa_description/meshes/flex_fellow_h800/flex_fellow_h800.stl
[1.122s] -- Installing: /home/user/ros2_ws/install/iiwa_description/share/iiwa_description/meshes/flex_fellow_h800/flex_fellow_h800.dae
[1.136s] -- Installing: /home/user/ros2_ws/install/iiwa_description/share/iiwa_description/gazebo
[1.145s] -- Installing: /home/user/ros2_ws/install/iiwa_description/share/iiwa_description/gazebo/worlds
[1.145s] -- Installing: /home/user/ros2_ws/install/iiwa_description/share/iiwa_description/gazebo/worlds/empty.world
[1.145s] -- Installing: /home/user/ros2_ws/install/iiwa_description/share/iiwa_description/gazebo/models
[1.145s] -- Installing: /home/user/ros2_ws/install/iiwa_description/share/iiwa_description/gazebo/models/arucotag
[1.145s] -- Installing: /home/user/ros2_ws/install/iiwa_description/share/iiwa_description/gazebo/models/arucotag/model.config
[1.145s] -- Installing: /home/user/ros2_ws/install/iiwa_description/share/iiwa_description/gazebo/models/arucotag/model.sdf
[1.146s] -- Installing: /home/user/ros2_ws/install/iiwa_description/share/iiwa_description/gazebo/models/arucotag/arucotag.png
[1.146s] -- Installing: /home/user/ros2_ws/install/iiwa_description/share/iiwa_description/gazebo/models/arucotag/aruco-201.png
[1.146s] -- Installing: /home/user/ros2_ws/install/iiwa_description/share/iiwa_description/gazebo/iiwa.gazebo.xacro
[1.146s] -- Installing: /home/user/ros2_ws/install/iiwa_description/share/iiwa_description/rviz
[1.146s] -- Installing: /home/user/ros2_ws/install/iiwa_description/share/iiwa_description/rviz/servo_rviz_config.rviz
[1.149s] -- Installing: /home/user/ros2_ws/install/iiwa_description/share/iiwa_description/rviz/moveit.rviz
[1.150s] -- Installing: /home/user/ros2_ws/install/iiwa_description/share/iiwa_description/rviz/iiwa.rviz
[1.150s] -- Installing: /home/user/ros2_ws/install/iiwa_description/share/iiwa_description/ros2_control
[1.150s] -- Installing: /home/user/ros2_ws/install/iiwa_description/share/iiwa_description/ros2_control/iiwa.r2c_hw_ds.xacro
[1.150s] -- Installing: /home/user/ros2_ws/install/iiwa_description/share/iiwa_description/ros2_control/iiwa.r2c_hardware.xacro
[1.150s] -- Installing: /home/user/ros2_ws/install/iiwa_description/share/iiwa_description/config
[1.150s] -- Installing: /home/user/ros2_ws/install/iiwa_description/share/iiwa_description/config/iiwa_controllers.yaml
[1.151s] -- Installing: /home/user/ros2_ws/install/iiwa_description/share/iiwa_description/config/initial_positions.yaml
[1.151s] -- Installing: /home/user/ros2_ws/install/iiwa_description/share/iiwa_description/config/base_frame.yaml
[1.151s] -- Installing: /home/user/ros2_ws/install/iiwa_description/share/iiwa_description/config/iiwa.config.xacro
[1.151s] -- Installing: /home/user/ros2_ws/install/iiwa_description/share/iiwa_description/moveit2
[1.151s] -- Installing: /home/user/ros2_ws/install/iiwa_description/share/iiwa_description/moveit2/planning_pipelines_config.yaml
[1.151s] -- Installing: /home/user/ros2_ws/install/iiwa_description/share/iiwa_description/moveit2/iiwa_moveit2_pose_tracking_settings.yaml
[1.151s] -- Installing: /home/user/ros2_ws/install/iiwa_description/share/iiwa_description/moveit2/iiwa_cartesian_limits.yaml
[1.152s] -- Installing: /home/user/ros2_ws/install/iiwa_description/share/iiwa_description/moveit2/iiwa_moveit_controller_config.yaml
[1.152s] -- Installing: /home/user/ros2_ws/install/iiwa_description/share/iiwa_description/moveit2/ompl_planning.yaml
[1.152s] -- Installing: /home/user/ros2_ws/install/iiwa_description/share/iiwa_description/moveit2/iiwa_joint_limits.yaml
[1.152s] -- Installing: /home/user/ros2_ws/install/iiwa_description/share/iiwa_description/moveit2/kinematics.yaml
[1.152s] -- Installing: /home/user/ros2_ws/install/iiwa_description/share/iiwa_description/moveit2/iiwa_moveit2_servo_config.yaml
[1.152s] -- Installing: /home/user/ros2_ws/install/iiwa_description/share/iiwa_description/moveit2/iiwa_moveit2_pose_tracking_config.yaml
[1.152s] -- Installing: /home/user/ros2_ws/install/iiwa_description/share/iiwa_description/srdf
[1.153s] -- Installing: /home/user/ros2_ws/install/iiwa_description/share/iiwa_description/srdf/iiwa_macro.srdf.xacro
[1.153s] -- Installing: /home/user/ros2_ws/install/iiwa_description/share/iiwa_description/srdf/iiwa.srdf.xacro
[1.154s] -- Installing: /home/user/ros2_ws/install/iiwa_description/share/iiwa_description/environment/iiwa_description.sh
[1.154s] -- Installing: /home/user/ros2_ws/install/iiwa_description/share/ament_index/resource_index/package_run_dependencies/iiwa_description
[1.154s] -- Installing: /home/user/ros2_ws/install/iiwa_description/share/ament_index/resource_index/parent_prefix_path/iiwa_description
[1.154s] -- Installing: /home/user/ros2_ws/install/iiwa_description/share/iiwa_description/environment/ament_prefix_path.sh
[1.154s] -- Installing: /home/user/ros2_ws/install/iiwa_description/share/iiwa_description/environment/ament_prefix_path.dsv
[1.154s] -- Installing: /home/user/ros2_ws/install/iiwa_description/share/iiwa_description/environment/path.sh
[1.154s] -- Installing: /home/user/ros2_ws/install/iiwa_description/share/iiwa_description/environment/path.dsv
[1.154s] -- Installing: /home/user/ros2_ws/install/iiwa_description/share/iiwa_description/local_setup.bash
[1.154s] -- Installing: /home/user/ros2_ws/install/iiwa_description/share/iiwa_description/local_setup.sh
[1.162s] -- Installing: /home/user/ros2_ws/install/iiwa_description/share/iiwa_description/local_setup.zsh
[1.162s] -- Installing: /home/user/ros2_ws/install/iiwa_description/share/iiwa_description/local_setup.dsv
[1.162s] -- Installing: /home/user/ros2_ws/install/iiwa_description/share/iiwa_description/package.dsv
[1.162s] -- Installing: /home/user/ros2_ws/install/iiwa_description/share/ament_index/resource_index/packages/iiwa_description
[1.162s] -- Installing: /home/user/ros2_ws/install/iiwa_description/share/iiwa_description/cmake/iiwa_descriptionConfig.cmake
[1.162s] -- Installing: /home/user/ros2_ws/install/iiwa_description/share/iiwa_description/cmake/iiwa_descriptionConfig-version.cmake
[1.162s] -- Installing: /home/user/ros2_ws/install/iiwa_description/share/iiwa_description/package.xml
[1.163s] Invoked command in '/home/user/ros2_ws/build/iiwa_description' returned '0': CMAKE_PREFIX_PATH=${CMAKE_PREFIX_PATH}:/opt/ros/humble /usr/bin/cmake --install /home/user/ros2_ws/build/iiwa_description
