[0.038s] Invoking command in '/home/user/ros2_ws/build/aruco': CMAKE_PREFIX_PATH=${CMAKE_PREFIX_PATH}:/opt/ros/humble /usr/bin/cmake /home/user/ros2_ws/src/aruco_ros/aruco -DCMAKE_INSTALL_PREFIX=/home/user/ros2_ws/install/aruco
[0.101s] -- The C compiler identification is GNU 11.4.0
[0.161s] -- The CXX compiler identification is GNU 11.4.0
[0.168s] -- Detecting C compiler ABI info
[0.239s] -- Detecting C compiler ABI info - done
[0.247s] -- Check for working C compiler: /usr/bin/cc - skipped
[0.247s] -- Detecting C compile features
[0.248s] -- Detecting C compile features - done
[0.252s] -- Detecting CXX compiler ABI info
[0.338s] -- Detecting CXX compiler ABI info - done
[0.348s] -- Check for working CXX compiler: /usr/bin/c++ - skipped
[0.348s] -- Detecting CXX compile features
[0.349s] -- Detecting CXX compile features - done
[0.354s] -- Found ament_cmake: 1.3.12 (/opt/ros/humble/share/ament_cmake/cmake)
[0.543s] -- Found Python3: /usr/bin/python3 (found version "3.10.12") found components: Interpreter 
[0.688s] -- Found OpenCV: /usr (found suitable version "4.5.4", minimum required is "4.2.0") 
[0.752s] -- Configuring done
[0.765s] -- Generating done
[0.770s] -- Build files have been written to: /home/user/ros2_ws/build/aruco
[0.774s] Invoked command in '/home/user/ros2_ws/build/aruco' returned '0': CMAKE_PREFIX_PATH=${CMAKE_PREFIX_PATH}:/opt/ros/humble /usr/bin/cmake /home/user/ros2_ws/src/aruco_ros/aruco -DCMAKE_INSTALL_PREFIX=/home/user/ros2_ws/install/aruco
[0.776s] Invoking command in '/home/user/ros2_ws/build/aruco': CMAKE_PREFIX_PATH=${CMAKE_PREFIX_PATH}:/opt/ros/humble /usr/bin/cmake --build /home/user/ros2_ws/build/aruco -- -j12 -l12
[0.827s] [ 11%] [32mBuilding CXX object CMakeFiles/aruco.dir/src/aruco/debug.cpp.o[0m
[0.828s] [ 11%] [32mBuilding CXX object CMakeFiles/aruco.dir/src/aruco/dictionary_based.cpp.o[0m
[0.828s] [ 16%] [32mBuilding CXX object CMakeFiles/aruco.dir/src/aruco/cvdrawingutils.cpp.o[0m
[0.829s] [ 22%] [32mBuilding CXX object CMakeFiles/aruco.dir/src/aruco/ippe.cpp.o[0m
[0.829s] [ 27%] [32mBuilding CXX object CMakeFiles/aruco.dir/src/aruco/marker.cpp.o[0m
[0.830s] [ 33%] [32mBuilding CXX object CMakeFiles/aruco.dir/src/aruco/markerdetector_impl.cpp.o[0m
[0.830s] [ 38%] [32mBuilding CXX object CMakeFiles/aruco.dir/src/aruco/fractaldetector.cpp.o[0m
[0.831s] [ 44%] [32mBuilding CXX object CMakeFiles/aruco.dir/src/aruco/dictionary.cpp.o[0m
[0.835s] [ 50%] [32mBuilding CXX object CMakeFiles/aruco.dir/src/aruco/cameraparameters.cpp.o[0m
[0.837s] [ 55%] [32mBuilding CXX object CMakeFiles/aruco.dir/src/aruco/markerlabeler.cpp.o[0m
[0.837s] [ 61%] [32mBuilding CXX object CMakeFiles/aruco.dir/src/aruco/markerdetector.cpp.o[0m
[0.838s] [ 66%] [32mBuilding CXX object CMakeFiles/aruco.dir/src/aruco/markermap.cpp.o[0m
[1.621s] [ 72%] [32mBuilding CXX object CMakeFiles/aruco.dir/src/aruco/posetracker.cpp.o[0m
[2.282s] [ 77%] [32mBuilding CXX object CMakeFiles/aruco.dir/src/aruco/fractallabelers/fractallabeler.cpp.o[0m
[2.618s] [ 83%] [32mBuilding CXX object CMakeFiles/aruco.dir/src/aruco/fractallabelers/fractalmarker.cpp.o[0m
[2.682s] [ 88%] [32mBuilding CXX object CMakeFiles/aruco.dir/src/aruco/fractallabelers/fractalmarkerset.cpp.o[0m
[2.997s] [ 94%] [32mBuilding CXX object CMakeFiles/aruco.dir/src/aruco/fractallabelers/fractalposetracker.cpp.o[0m
[10.637s] [100%] [32m[1mLinking CXX shared library libaruco.so[0m
[11.457s] [100%] Built target aruco
[11.470s] Invoked command in '/home/user/ros2_ws/build/aruco' returned '0': CMAKE_PREFIX_PATH=${CMAKE_PREFIX_PATH}:/opt/ros/humble /usr/bin/cmake --build /home/user/ros2_ws/build/aruco -- -j12 -l12
[11.472s] Invoking command in '/home/user/ros2_ws/build/aruco': CMAKE_PREFIX_PATH=${CMAKE_PREFIX_PATH}:/opt/ros/humble /usr/bin/cmake --install /home/user/ros2_ws/build/aruco
[11.482s] -- Install configuration: ""
[11.482s] -- Installing: /home/user/ros2_ws/install/aruco/lib/libaruco.so
[11.488s] -- Installing: /home/user/ros2_ws/install/aruco/include
[11.488s] -- Installing: /home/user/ros2_ws/install/aruco/include/aruco
[11.489s] -- Installing: /home/user/ros2_ws/install/aruco/include/aruco/fractaldetector.h
[11.489s] -- Installing: /home/user/ros2_ws/install/aruco/include/aruco/fractallabelers
[11.489s] -- Installing: /home/user/ros2_ws/install/aruco/include/aruco/fractallabelers/fractalmarkerset.h
[11.489s] -- Installing: /home/user/ros2_ws/install/aruco/include/aruco/fractallabelers/fractalposetracker.h
[11.489s] -- Installing: /home/user/ros2_ws/install/aruco/include/aruco/fractallabelers/fractallabeler.h
[11.490s] -- Installing: /home/user/ros2_ws/install/aruco/include/aruco/fractallabelers/fractalmarker.h
[11.490s] -- Installing: /home/user/ros2_ws/install/aruco/include/aruco/cvdrawingutils.h
[11.490s] -- Installing: /home/user/ros2_ws/install/aruco/include/aruco/aruco_cvversioning.h
[11.490s] -- Installing: /home/user/ros2_ws/install/aruco/include/aruco/dictionary.h
[11.491s] -- Installing: /home/user/ros2_ws/install/aruco/include/aruco/markerdetector_impl.h
[11.491s] -- Installing: /home/user/ros2_ws/install/aruco/include/aruco/marker.h
[11.491s] -- Installing: /home/user/ros2_ws/install/aruco/include/aruco/aruco.h
[11.491s] -- Installing: /home/user/ros2_ws/install/aruco/include/aruco/levmarq.h
[11.491s] -- Installing: /home/user/ros2_ws/install/aruco/include/aruco/debug.h
[11.492s] -- Installing: /home/user/ros2_ws/install/aruco/include/aruco/cameraparameters.h
[11.492s] -- Installing: /home/user/ros2_ws/install/aruco/include/aruco/aruco_export.h
[11.492s] -- Installing: /home/user/ros2_ws/install/aruco/include/aruco/markermap.h
[11.492s] -- Installing: /home/user/ros2_ws/install/aruco/include/aruco/ippe.h
[11.493s] -- Installing: /home/user/ros2_ws/install/aruco/include/aruco/posetracker.h
[11.493s] -- Installing: /home/user/ros2_ws/install/aruco/include/aruco/dictionary_based.h
[11.493s] -- Installing: /home/user/ros2_ws/install/aruco/include/aruco/markerlabeler.h
[11.493s] -- Installing: /home/user/ros2_ws/install/aruco/include/aruco/markerdetector.h
[11.494s] -- Installing: /home/user/ros2_ws/install/aruco/include/aruco/timers.h
[11.494s] -- Installing: /home/user/ros2_ws/install/aruco/include/aruco/picoflann.h
[11.494s] -- Installing: /home/user/ros2_ws/install/aruco/share/aruco/environment/library_path.sh
[11.495s] -- Installing: /home/user/ros2_ws/install/aruco/share/aruco/environment/library_path.dsv
[11.495s] -- Installing: /home/user/ros2_ws/install/aruco/share/ament_index/resource_index/package_run_dependencies/aruco
[11.496s] -- Installing: /home/user/ros2_ws/install/aruco/share/ament_index/resource_index/parent_prefix_path/aruco
[11.496s] -- Installing: /home/user/ros2_ws/install/aruco/share/aruco/environment/ament_prefix_path.sh
[11.496s] -- Installing: /home/user/ros2_ws/install/aruco/share/aruco/environment/ament_prefix_path.dsv
[11.496s] -- Installing: /home/user/ros2_ws/install/aruco/share/aruco/environment/path.sh
[11.497s] -- Installing: /home/user/ros2_ws/install/aruco/share/aruco/environment/path.dsv
[11.497s] -- Installing: /home/user/ros2_ws/install/aruco/share/aruco/local_setup.bash
[11.497s] -- Installing: /home/user/ros2_ws/install/aruco/share/aruco/local_setup.sh
[11.498s] -- Installing: /home/user/ros2_ws/install/aruco/share/aruco/local_setup.zsh
[11.498s] -- Installing: /home/user/ros2_ws/install/aruco/share/aruco/local_setup.dsv
[11.498s] -- Installing: /home/user/ros2_ws/install/aruco/share/aruco/package.dsv
[11.499s] -- Installing: /home/user/ros2_ws/install/aruco/share/ament_index/resource_index/packages/aruco
[11.499s] -- Installing: /home/user/ros2_ws/install/aruco/share/aruco/cmake/ament_cmake_export_include_directories-extras.cmake
[11.499s] -- Installing: /home/user/ros2_ws/install/aruco/share/aruco/cmake/ament_cmake_export_libraries-extras.cmake
[11.500s] -- Installing: /home/user/ros2_ws/install/aruco/share/aruco/cmake/arucoConfig.cmake
[11.500s] -- Installing: /home/user/ros2_ws/install/aruco/share/aruco/cmake/arucoConfig-version.cmake
[11.500s] -- Installing: /home/user/ros2_ws/install/aruco/share/aruco/package.xml
[11.504s] Invoked command in '/home/user/ros2_ws/build/aruco' returned '0': CMAKE_PREFIX_PATH=${CMAKE_PREFIX_PATH}:/opt/ros/humble /usr/bin/cmake --install /home/user/ros2_ws/build/aruco
