[0.049s] Invoking command in '/home/user/ros2_ws/build/ros2_kdl_package': CMAKE_PREFIX_PATH=${CMAKE_PREFIX_PATH}:/opt/ros/humble /usr/bin/cmake --build /home/user/ros2_ws/build/ros2_kdl_package -- -j12 -l12
[0.109s] -- Found ament_cmake: 1.3.12 (/opt/ros/humble/share/ament_cmake/cmake)
[0.337s] -- Found urdf: 2.6.1 (/opt/ros/humble/share/urdf/cmake)
[0.399s] -- Found kdl_parser: 2.6.4 (/opt/ros/humble/share/kdl_parser/cmake)
[0.399s] -- Found eigen3_cmake_module: 0.1.1 (/opt/ros/humble/share/eigen3_cmake_module/cmake)
[0.399s] -- Ensuring Eigen3 include directory is part of orocos-kdl CMake target
[0.400s] -- Found sensor_msgs: 4.9.0 (/opt/ros/humble/share/sensor_msgs/cmake)
[0.420s] -- Found rosidl_generator_c: 3.1.7 (/opt/ros/humble/share/rosidl_generator_c/cmake)
[0.421s] -- Found rosidl_adapter: 3.1.7 (/opt/ros/humble/share/rosidl_adapter/cmake)
[0.428s] -- Found rosidl_generator_cpp: 3.1.7 (/opt/ros/humble/share/rosidl_generator_cpp/cmake)
[0.440s] -- Using all available rosidl_typesupport_c: rosidl_typesupport_fastrtps_c;rosidl_typesupport_introspection_c
[0.451s] -- Using all available rosidl_typesupport_cpp: rosidl_typesupport_fastrtps_cpp;rosidl_typesupport_introspection_cpp
[0.509s] -- Found rclcpp: 16.0.16 (/opt/ros/humble/share/rclcpp/cmake)
[0.542s] -- Found rmw_implementation_cmake: 6.1.2 (/opt/ros/humble/share/rmw_implementation_cmake/cmake)
[0.544s] -- Found rmw_fastrtps_cpp: 6.2.9 (/opt/ros/humble/share/rmw_fastrtps_cpp/cmake)
[0.564s] -- Found TinyXML2 via Config file: TinyXML2_DIR-NOTFOUND
[0.573s] -- Found TinyXML2 via Config file: TinyXML2_DIR-NOTFOUND
[0.593s] -- Found TinyXML2 via Config file: TinyXML2_DIR-NOTFOUND
[0.602s] -- Found TinyXML2 via Config file: TinyXML2_DIR-NOTFOUND
[0.612s] -- Using RMW implementation 'rmw_fastrtps_cpp' as default
[0.654s] -- Found rclcpp_action: 16.0.16 (/opt/ros/humble/share/rclcpp_action/cmake)
[0.693s] -- Found rosidl_default_generators: 1.2.0 (/opt/ros/humble/share/rosidl_default_generators/cmake)
[0.703s] -- Found tf2: 0.25.17 (/opt/ros/humble/share/tf2/cmake)
[0.708s] -- Found tf2_ros: 0.25.17 (/opt/ros/humble/share/tf2_ros/cmake)
[0.763s] -- Found tf2_geometry_msgs: 0.25.17 (/opt/ros/humble/share/tf2_geometry_msgs/cmake)
[1.037s] -- Found ament_cmake_ros: 0.10.0 (/opt/ros/humble/share/ament_cmake_ros/cmake)
[1.441s] -- Using all available rosidl_typesupport_c: rosidl_typesupport_fastrtps_c;rosidl_typesupport_introspection_c
[1.596s] -- Using all available rosidl_typesupport_cpp: rosidl_typesupport_fastrtps_cpp;rosidl_typesupport_introspection_cpp
[1.617s] -- Found python_cmake_module: 0.10.0 (/opt/ros/humble/share/python_cmake_module/cmake)
[1.638s] -- Using PYTHON_EXECUTABLE: /usr/bin/python3
[1.638s] -- Using PYTHON_INCLUDE_DIRS: /usr/include/python3.10
[1.638s] -- Using PYTHON_LIBRARIES: /usr/lib/x86_64-linux-gnu/libpython3.10.so
[1.693s] -- Found ament_lint_auto: 0.12.14 (/opt/ros/humble/share/ament_lint_auto/cmake)
[1.703s] -- Added test 'cppcheck' to perform static code analysis on C / C++ code
[1.704s] -- Configured cppcheck include dirs: $<BUILD_INTERFACE:/home/user/ros2_ws/src/ros2_kdl_package/include>
[1.704s] -- Configured cppcheck exclude dirs and/or files: 
[1.704s] -- Added test 'flake8' to check Python code syntax and style conventions
[1.705s] -- Added test 'lint_cmake' to check CMake code style
[1.706s] -- Added test 'pep257' to check Python code against some of the docstring style conventions in PEP 257
[1.707s] -- Added test 'uncrustify' to check C / C++ code style
[1.707s] -- Configured uncrustify additional arguments: 
[1.708s] -- Added test 'xmllint' to check XML markup files
[1.709s] -- Configuring done
[1.762s] -- Generating done
[1.781s] -- Build files have been written to: /home/user/ros2_ws/build/ros2_kdl_package
[1.811s] [35m[1mConsolidate compiler generated dependencies of target ros2_kdl_package__rosidl_generator_c[0m
[1.812s] [35m[1mConsolidate compiler generated dependencies of target ros2_kdl_node_example[0m
[1.825s] [  2%] Built target ros2_kdl_package__cpp
[1.827s] [ 10%] Built target ros2_kdl_package__rosidl_generator_c
[1.840s] [ 15%] Built target ros2_kdl_node_example
[1.840s] [35m[1mConsolidate compiler generated dependencies of target ros2_kdl_package__rosidl_typesupport_introspection_cpp[0m
[1.840s] [ 15%] Built target ament_cmake_python_copy_ros2_kdl_package
[1.841s] [35m[1mConsolidate compiler generated dependencies of target ros2_kdl_package__rosidl_typesupport_fastrtps_cpp[0m
[1.842s] [35m[1mConsolidate compiler generated dependencies of target ros2_kdl_package__rosidl_typesupport_c[0m
[1.844s] [35m[1mConsolidate compiler generated dependencies of target ros2_kdl_package__rosidl_typesupport_cpp[0m
[1.846s] [35m[1mConsolidate compiler generated dependencies of target ros2_kdl_package__rosidl_typesupport_introspection_c[0m
[1.848s] [35m[1mConsolidate compiler generated dependencies of target ros2_kdl_package__rosidl_typesupport_fastrtps_c[0m
[1.859s] [ 22%] Built target ros2_kdl_package__rosidl_typesupport_c
[1.859s] [ 30%] Built target ros2_kdl_package__rosidl_typesupport_fastrtps_cpp
[1.861s] [ 37%] Built target ros2_kdl_package__rosidl_typesupport_introspection_c
[1.862s] [ 45%] Built target ros2_kdl_package__rosidl_typesupport_introspection_cpp
[1.865s] [ 52%] Built target ros2_kdl_package__rosidl_typesupport_cpp
[1.866s] [ 60%] Built target ros2_kdl_package__rosidl_typesupport_fastrtps_c
[1.880s] [35m[1mConsolidate compiler generated dependencies of target ros2_kdl_node_client[0m
[1.881s] [35m[1mConsolidate compiler generated dependencies of target ros2_kdl_node[0m
[1.892s] [ 60%] Built target ros2_kdl_package
[1.905s] [ 62%] [32mBuilding CXX object CMakeFiles/ros2_kdl_node_client.dir/src/ros2_kdl_node_client.cpp.o[0m
[1.915s] [ 65%] [32mBuilding CXX object CMakeFiles/ros2_kdl_node.dir/src/ros2_kdl_node.cpp.o[0m
[1.918s] [ 67%] Built target ros2_kdl_package__py
[1.931s] [35m[1mConsolidate compiler generated dependencies of target ros2_kdl_package__rosidl_generator_py[0m
[1.948s] [ 72%] Built target ros2_kdl_package__rosidl_generator_py
[1.962s] [35m[1mConsolidate compiler generated dependencies of target ros2_kdl_package__rosidl_typesupport_introspection_c__pyext[0m
[1.962s] [35m[1mConsolidate compiler generated dependencies of target ros2_kdl_package__rosidl_typesupport_fastrtps_c__pyext[0m
[1.962s] [35m[1mConsolidate compiler generated dependencies of target ros2_kdl_package__rosidl_typesupport_c__pyext[0m
[1.979s] [ 80%] Built target ros2_kdl_package__rosidl_typesupport_fastrtps_c__pyext
[1.979s] [ 85%] Built target ros2_kdl_package__rosidl_typesupport_c__pyext
[1.979s] [ 87%] Built target ros2_kdl_package__rosidl_typesupport_introspection_c__pyext
[2.105s] running egg_info
[2.105s] writing ros2_kdl_package.egg-info/PKG-INFO
[2.105s] writing dependency_links to ros2_kdl_package.egg-info/dependency_links.txt
[2.106s] writing top-level names to ros2_kdl_package.egg-info/top_level.txt
[2.108s] reading manifest file 'ros2_kdl_package.egg-info/SOURCES.txt'
[2.108s] writing manifest file 'ros2_kdl_package.egg-info/SOURCES.txt'
[2.133s] [ 87%] Built target ament_cmake_python_build_ros2_kdl_package_egg
[4.621s] /home/user/ros2_ws/src/ros2_kdl_package/src/ros2_kdl_node_client.cpp: In instantiation of ‘[01m[KPickAndPlaceClient::execute_pick_sequence()::<lambda(const auto:40&)>::<lambda(const auto:41&)> [with auto:41 = rclcpp_action::ClientGoalHandle<ros2_kdl_package::action::ExecuteTrajectory>::WrappedResult][m[K’:
[4.621s] [01m[K/usr/include/c++/11/type_traits:2530:26:[m[K   required by substitution of ‘[01m[Ktemplate<class _Fn, class ... _Args> static std::__result_of_success<decltype (declval<_Fn>()((declval<_Args>)()...)), std::__invoke_other> std::__result_of_other_impl::_S_test(int) [with _Fn = PickAndPlaceClient::execute_pick_sequence()::<lambda(const auto:40&)>::<lambda(const auto:41&)>&; _Args = {const rclcpp_action::ClientGoalHandle<ros2_kdl_package::action::ExecuteTrajectory>::WrappedResult&}][m[K’
[4.621s] [01m[K/usr/include/c++/11/type_traits:2541:55:[m[K   required from ‘[01m[Kstruct std::__result_of_impl<false, false, PickAndPlaceClient::execute_pick_sequence()::<lambda(const auto:40&)>::<lambda(const auto:41&)>&, const rclcpp_action::ClientGoalHandle<ros2_kdl_package::action::ExecuteTrajectory>::WrappedResult&>[m[K’
[4.621s] [01m[K/usr/include/c++/11/type_traits:2546:12:[m[K   required from ‘[01m[Kstruct std::__invoke_result<PickAndPlaceClient::execute_pick_sequence()::<lambda(const auto:40&)>::<lambda(const auto:41&)>&, const rclcpp_action::ClientGoalHandle<ros2_kdl_package::action::ExecuteTrajectory>::WrappedResult&>[m[K’
[4.621s] [01m[K/usr/include/c++/11/bits/std_function.h:348:9:[m[K   required from ‘[01m[Kstruct std::function<void(const rclcpp_action::ClientGoalHandle<ros2_kdl_package::action::ExecuteTrajectory>::WrappedResult&)>::_Callable<PickAndPlaceClient::execute_pick_sequence()::<lambda(const auto:40&)>::<lambda(const auto:41&)>, PickAndPlaceClient::execute_pick_sequence()::<lambda(const auto:40&)>::<lambda(const auto:41&)>, std::__invoke_result<PickAndPlaceClient::execute_pick_sequence()::<lambda(const auto:40&)>::<lambda(const auto:41&)>&, const rclcpp_action::ClientGoalHandle<ros2_kdl_package::action::ExecuteTrajectory>::WrappedResult&> >[m[K’
[4.621s] [01m[K/usr/include/c++/11/bits/std_function.h:353:8:[m[K   [ skipping 3 instantiation contexts, use -ftemplate-backtrace-limit=0 to disable ]
[4.621s] [01m[K/usr/include/c++/11/type_traits:2530:26:[m[K   required by substitution of ‘[01m[Ktemplate<class _Fn, class ... _Args> static std::__result_of_success<decltype (declval<_Fn>()((declval<_Args>)()...)), std::__invoke_other> std::__result_of_other_impl::_S_test(int) [with _Fn = PickAndPlaceClient::execute_pick_sequence()::<lambda(const auto:40&)>&; _Args = {const rclcpp_action::ClientGoalHandle<ros2_kdl_package::action::ExecuteTrajectory>::WrappedResult&}][m[K’
[4.621s] [01m[K/usr/include/c++/11/type_traits:2541:55:[m[K   required from ‘[01m[Kstruct std::__result_of_impl<false, false, PickAndPlaceClient::execute_pick_sequence()::<lambda(const auto:40&)>&, const rclcpp_action::ClientGoalHandle<ros2_kdl_package::action::ExecuteTrajectory>::WrappedResult&>[m[K’
[4.621s] [01m[K/usr/include/c++/11/bits/std_function.h:348:9:[m[K   recursively required by substitution of ‘[01m[Ktemplate<class _Result, class _Ret> struct std::__is_invocable_impl<_Result, _Ret, true, std::__void_t<typename _CTp::type> > [with _Result = std::__invoke_result<PickAndPlaceClient::execute_pick_sequence()::<lambda(const auto:40&)>&, const rclcpp_action::ClientGoalHandle<ros2_kdl_package::action::ExecuteTrajectory>::WrappedResult&>; _Ret = void][m[K’
[4.621s] [01m[K/usr/include/c++/11/bits/std_function.h:348:9:[m[K   required from ‘[01m[Kstruct std::function<void(const rclcpp_action::ClientGoalHandle<ros2_kdl_package::action::ExecuteTrajectory>::WrappedResult&)>::_Callable<PickAndPlaceClient::execute_pick_sequence()::<lambda(const auto:40&)>, PickAndPlaceClient::execute_pick_sequence()::<lambda(const auto:40&)>, std::__invoke_result<PickAndPlaceClient::execute_pick_sequence()::<lambda(const auto:40&)>&, const rclcpp_action::ClientGoalHandle<ros2_kdl_package::action::ExecuteTrajectory>::WrappedResult&> >[m[K’
[4.622s] [01m[K/usr/include/c++/11/bits/std_function.h:353:8:[m[K   required by substitution of ‘[01m[Ktemplate<class _Res, class ... _ArgTypes> template<class _Cond, class _Tp> using _Requires = std::__enable_if_t<_Cond::value, _Tp> [with _Cond = std::function<void(const rclcpp_action::ClientGoalHandle<ros2_kdl_package::action::ExecuteTrajectory>::WrappedResult&)>::_Callable<PickAndPlaceClient::execute_pick_sequence()::<lambda(const auto:40&)>, PickAndPlaceClient::execute_pick_sequence()::<lambda(const auto:40&)>, std::__invoke_result<PickAndPlaceClient::execute_pick_sequence()::<lambda(const auto:40&)>&, const rclcpp_action::ClientGoalHandle<ros2_kdl_package::action::ExecuteTrajectory>::WrappedResult&> >; _Tp = void; _Res = void; _ArgTypes = {const rclcpp_action::ClientGoalHandle<ros2_kdl_package::action::ExecuteTrajectory>::WrappedResult&}][m[K’
[4.622s] [01m[K/usr/include/c++/11/bits/std_function.h:434:9:[m[K   required by substitution of ‘[01m[Ktemplate<class _Functor, class _Constraints> std::function<void(const rclcpp_action::ClientGoalHandle<ros2_kdl_package::action::ExecuteTrajectory>::WrappedResult&)>::function(_Functor&&) [with _Functor = PickAndPlaceClient::execute_pick_sequence()::<lambda(const auto:40&)>; _Constraints = <missing>][m[K’
[4.622s] [01m[K/home/user/ros2_ws/src/ros2_kdl_package/src/ros2_kdl_node_client.cpp:83:13:[m[K   required from here
[4.622s] [01m[K/home/user/ros2_ws/src/ros2_kdl_package/src/ros2_kdl_node_client.cpp:75:58:[m[K [01;35m[Kwarning: [m[Kunused parameter ‘[01m[Kres[m[K’ [[01;35m[K-Wunused-parameter[m[K]
[4.622s]    75 |                 opt.result_callback = [this]([01;35m[Kconst auto& res[m[K) {
[4.622s]       |                                              [01;35m[K~~~~~~~~~~~~^~~[m[K
[4.625s] /home/user/ros2_ws/src/ros2_kdl_package/src/ros2_kdl_node_client.cpp: In instantiation of ‘[01m[KPickAndPlaceClient::execute_pick_sequence()::<lambda(const auto:40&)> [with auto:40 = rclcpp_action::ClientGoalHandle<ros2_kdl_package::action::ExecuteTrajectory>::WrappedResult][m[K’:
[4.625s] [01m[K/usr/include/c++/11/type_traits:2530:26:[m[K   required by substitution of ‘[01m[Ktemplate<class _Fn, class ... _Args> static std::__result_of_success<decltype (declval<_Fn>()((declval<_Args>)()...)), std::__invoke_other> std::__result_of_other_impl::_S_test(int) [with _Fn = PickAndPlaceClient::execute_pick_sequence()::<lambda(const auto:40&)>&; _Args = {const rclcpp_action::ClientGoalHandle<ros2_kdl_package::action::ExecuteTrajectory>::WrappedResult&}][m[K’
[4.625s] [01m[K/usr/include/c++/11/type_traits:2541:55:[m[K   required from ‘[01m[Kstruct std::__result_of_impl<false, false, PickAndPlaceClient::execute_pick_sequence()::<lambda(const auto:40&)>&, const rclcpp_action::ClientGoalHandle<ros2_kdl_package::action::ExecuteTrajectory>::WrappedResult&>[m[K’
[4.625s] [01m[K/usr/include/c++/11/bits/std_function.h:348:9:[m[K   recursively required by substitution of ‘[01m[Ktemplate<class _Result, class _Ret> struct std::__is_invocable_impl<_Result, _Ret, true, std::__void_t<typename _CTp::type> > [with _Result = std::__invoke_result<PickAndPlaceClient::execute_pick_sequence()::<lambda(const auto:40&)>&, const rclcpp_action::ClientGoalHandle<ros2_kdl_package::action::ExecuteTrajectory>::WrappedResult&>; _Ret = void][m[K’
[4.625s] [01m[K/usr/include/c++/11/bits/std_function.h:348:9:[m[K   required from ‘[01m[Kstruct std::function<void(const rclcpp_action::ClientGoalHandle<ros2_kdl_package::action::ExecuteTrajectory>::WrappedResult&)>::_Callable<PickAndPlaceClient::execute_pick_sequence()::<lambda(const auto:40&)>, PickAndPlaceClient::execute_pick_sequence()::<lambda(const auto:40&)>, std::__invoke_result<PickAndPlaceClient::execute_pick_sequence()::<lambda(const auto:40&)>&, const rclcpp_action::ClientGoalHandle<ros2_kdl_package::action::ExecuteTrajectory>::WrappedResult&> >[m[K’
[4.625s] [01m[K/usr/include/c++/11/bits/std_function.h:353:8:[m[K   required by substitution of ‘[01m[Ktemplate<class _Res, class ... _ArgTypes> template<class _Cond, class _Tp> using _Requires = std::__enable_if_t<_Cond::value, _Tp> [with _Cond = std::function<void(const rclcpp_action::ClientGoalHandle<ros2_kdl_package::action::ExecuteTrajectory>::WrappedResult&)>::_Callable<PickAndPlaceClient::execute_pick_sequence()::<lambda(const auto:40&)>, PickAndPlaceClient::execute_pick_sequence()::<lambda(const auto:40&)>, std::__invoke_result<PickAndPlaceClient::execute_pick_sequence()::<lambda(const auto:40&)>&, const rclcpp_action::ClientGoalHandle<ros2_kdl_package::action::ExecuteTrajectory>::WrappedResult&> >; _Tp = void; _Res = void; _ArgTypes = {const rclcpp_action::ClientGoalHandle<ros2_kdl_package::action::ExecuteTrajectory>::WrappedResult&}][m[K’
[4.625s] [01m[K/usr/include/c++/11/bits/std_function.h:434:9:[m[K   required by substitution of ‘[01m[Ktemplate<class _Functor, class _Constraints> std::function<void(const rclcpp_action::ClientGoalHandle<ros2_kdl_package::action::ExecuteTrajectory>::WrappedResult&)>::function(_Functor&&) [with _Functor = PickAndPlaceClient::execute_pick_sequence()::<lambda(const auto:40&)>; _Constraints = <missing>][m[K’
[4.625s] [01m[K/home/user/ros2_ws/src/ros2_kdl_package/src/ros2_kdl_node_client.cpp:83:13:[m[K   required from here
[4.625s] [01m[K/home/user/ros2_ws/src/ros2_kdl_package/src/ros2_kdl_node_client.cpp:68:74:[m[K [01;35m[Kwarning: [m[Kunused parameter ‘[01m[Kresult[m[K’ [[01;35m[K-Wunused-parameter[m[K]
[4.625s]    68 |             options.result_callback = [this, target_in_base]([01;35m[Kconst auto& result[m[K) {
[4.625s]       |                                                              [01;35m[K~~~~~~~~~~~~^~~~~~[m[K
[11.195s] [ 90%] [32m[1mLinking CXX executable ros2_kdl_node_client[0m
[11.682s] [ 90%] Built target ros2_kdl_node_client
[19.641s] [ 92%] [32m[1mLinking CXX executable ros2_kdl_node[0m
[20.439s] [100%] Built target ros2_kdl_node
[20.451s] Invoked command in '/home/user/ros2_ws/build/ros2_kdl_package' returned '0': CMAKE_PREFIX_PATH=${CMAKE_PREFIX_PATH}:/opt/ros/humble /usr/bin/cmake --build /home/user/ros2_ws/build/ros2_kdl_package -- -j12 -l12
[20.453s] Invoking command in '/home/user/ros2_ws/build/ros2_kdl_package': CMAKE_PREFIX_PATH=${CMAKE_PREFIX_PATH}:/opt/ros/humble /usr/bin/cmake --install /home/user/ros2_ws/build/ros2_kdl_package
[20.461s] -- Install configuration: ""
[20.461s] -- Up-to-date: /home/user/ros2_ws/install/ros2_kdl_package/share/ament_index/resource_index/rosidl_interfaces/ros2_kdl_package
[20.461s] -- Up-to-date: /home/user/ros2_ws/install/ros2_kdl_package/include/ros2_kdl_package/ros2_kdl_package
[20.461s] -- Up-to-date: /home/user/ros2_ws/install/ros2_kdl_package/include/ros2_kdl_package/ros2_kdl_package/action
[20.462s] -- Up-to-date: /home/user/ros2_ws/install/ros2_kdl_package/include/ros2_kdl_package/ros2_kdl_package/action/detail
[20.462s] -- Up-to-date: /home/user/ros2_ws/install/ros2_kdl_package/include/ros2_kdl_package/ros2_kdl_package/action/detail/execute_trajectory__type_support.h
[20.462s] -- Up-to-date: /home/user/ros2_ws/install/ros2_kdl_package/include/ros2_kdl_package/ros2_kdl_package/action/detail/execute_trajectory__functions.h
[20.462s] -- Up-to-date: /home/user/ros2_ws/install/ros2_kdl_package/include/ros2_kdl_package/ros2_kdl_package/action/detail/execute_trajectory__functions.c
[20.462s] -- Up-to-date: /home/user/ros2_ws/install/ros2_kdl_package/include/ros2_kdl_package/ros2_kdl_package/action/detail/execute_trajectory__struct.h
[20.462s] -- Up-to-date: /home/user/ros2_ws/install/ros2_kdl_package/include/ros2_kdl_package/ros2_kdl_package/action/execute_trajectory.h
[20.462s] -- Up-to-date: /home/user/ros2_ws/install/ros2_kdl_package/include/ros2_kdl_package/ros2_kdl_package/msg
[20.463s] -- Up-to-date: /home/user/ros2_ws/install/ros2_kdl_package/include/ros2_kdl_package/ros2_kdl_package/msg/rosidl_generator_c__visibility_control.h
[20.463s] -- Up-to-date: /home/user/ros2_ws/install/ros2_kdl_package/share/ros2_kdl_package/environment/library_path.sh
[20.463s] -- Installing: /home/user/ros2_ws/install/ros2_kdl_package/share/ros2_kdl_package/environment/library_path.dsv
[20.463s] -- Up-to-date: /home/user/ros2_ws/install/ros2_kdl_package/lib/libros2_kdl_package__rosidl_generator_c.so
[20.463s] -- Up-to-date: /home/user/ros2_ws/install/ros2_kdl_package/include/ros2_kdl_package/ros2_kdl_package
[20.463s] -- Up-to-date: /home/user/ros2_ws/install/ros2_kdl_package/include/ros2_kdl_package/ros2_kdl_package/action
[20.463s] -- Up-to-date: /home/user/ros2_ws/install/ros2_kdl_package/include/ros2_kdl_package/ros2_kdl_package/action/detail
[20.464s] -- Up-to-date: /home/user/ros2_ws/install/ros2_kdl_package/include/ros2_kdl_package/ros2_kdl_package/action/detail/execute_trajectory__rosidl_typesupport_fastrtps_c.h
[20.464s] -- Up-to-date: /home/user/ros2_ws/install/ros2_kdl_package/include/ros2_kdl_package/ros2_kdl_package/msg
[20.464s] -- Up-to-date: /home/user/ros2_ws/install/ros2_kdl_package/include/ros2_kdl_package/ros2_kdl_package/msg/rosidl_typesupport_fastrtps_c__visibility_control.h
[20.464s] -- Up-to-date: /home/user/ros2_ws/install/ros2_kdl_package/lib/libros2_kdl_package__rosidl_typesupport_fastrtps_c.so
[20.464s] -- Up-to-date: /home/user/ros2_ws/install/ros2_kdl_package/include/ros2_kdl_package/ros2_kdl_package
[20.464s] -- Up-to-date: /home/user/ros2_ws/install/ros2_kdl_package/include/ros2_kdl_package/ros2_kdl_package/action
[20.464s] -- Up-to-date: /home/user/ros2_ws/install/ros2_kdl_package/include/ros2_kdl_package/ros2_kdl_package/action/detail
[20.464s] -- Up-to-date: /home/user/ros2_ws/install/ros2_kdl_package/include/ros2_kdl_package/ros2_kdl_package/action/detail/execute_trajectory__builder.hpp
[20.465s] -- Up-to-date: /home/user/ros2_ws/install/ros2_kdl_package/include/ros2_kdl_package/ros2_kdl_package/action/detail/execute_trajectory__type_support.hpp
[20.465s] -- Up-to-date: /home/user/ros2_ws/install/ros2_kdl_package/include/ros2_kdl_package/ros2_kdl_package/action/detail/execute_trajectory__traits.hpp
[20.465s] -- Up-to-date: /home/user/ros2_ws/install/ros2_kdl_package/include/ros2_kdl_package/ros2_kdl_package/action/detail/execute_trajectory__struct.hpp
[20.465s] -- Up-to-date: /home/user/ros2_ws/install/ros2_kdl_package/include/ros2_kdl_package/ros2_kdl_package/action/execute_trajectory.hpp
[20.465s] -- Up-to-date: /home/user/ros2_ws/install/ros2_kdl_package/include/ros2_kdl_package/ros2_kdl_package/msg
[20.465s] -- Up-to-date: /home/user/ros2_ws/install/ros2_kdl_package/include/ros2_kdl_package/ros2_kdl_package/msg/rosidl_generator_cpp__visibility_control.hpp
[20.465s] -- Up-to-date: /home/user/ros2_ws/install/ros2_kdl_package/include/ros2_kdl_package/ros2_kdl_package
[20.465s] -- Up-to-date: /home/user/ros2_ws/install/ros2_kdl_package/include/ros2_kdl_package/ros2_kdl_package/action
[20.465s] -- Up-to-date: /home/user/ros2_ws/install/ros2_kdl_package/include/ros2_kdl_package/ros2_kdl_package/action/detail
[20.466s] -- Up-to-date: /home/user/ros2_ws/install/ros2_kdl_package/include/ros2_kdl_package/ros2_kdl_package/action/detail/dds_fastrtps
[20.466s] -- Up-to-date: /home/user/ros2_ws/install/ros2_kdl_package/include/ros2_kdl_package/ros2_kdl_package/action/detail/execute_trajectory__rosidl_typesupport_fastrtps_cpp.hpp
[20.466s] -- Up-to-date: /home/user/ros2_ws/install/ros2_kdl_package/include/ros2_kdl_package/ros2_kdl_package/msg
[20.466s] -- Up-to-date: /home/user/ros2_ws/install/ros2_kdl_package/include/ros2_kdl_package/ros2_kdl_package/msg/rosidl_typesupport_fastrtps_cpp__visibility_control.h
[20.466s] -- Up-to-date: /home/user/ros2_ws/install/ros2_kdl_package/lib/libros2_kdl_package__rosidl_typesupport_fastrtps_cpp.so
[20.466s] -- Up-to-date: /home/user/ros2_ws/install/ros2_kdl_package/include/ros2_kdl_package/ros2_kdl_package
[20.466s] -- Up-to-date: /home/user/ros2_ws/install/ros2_kdl_package/include/ros2_kdl_package/ros2_kdl_package/action
[20.466s] -- Up-to-date: /home/user/ros2_ws/install/ros2_kdl_package/include/ros2_kdl_package/ros2_kdl_package/action/detail
[20.467s] -- Up-to-date: /home/user/ros2_ws/install/ros2_kdl_package/include/ros2_kdl_package/ros2_kdl_package/action/detail/execute_trajectory__rosidl_typesupport_introspection_c.h
[20.467s] -- Up-to-date: /home/user/ros2_ws/install/ros2_kdl_package/include/ros2_kdl_package/ros2_kdl_package/action/detail/execute_trajectory__type_support.c
[20.467s] -- Up-to-date: /home/user/ros2_ws/install/ros2_kdl_package/include/ros2_kdl_package/ros2_kdl_package/msg
[20.467s] -- Up-to-date: /home/user/ros2_ws/install/ros2_kdl_package/include/ros2_kdl_package/ros2_kdl_package/msg/rosidl_typesupport_introspection_c__visibility_control.h
[20.467s] -- Up-to-date: /home/user/ros2_ws/install/ros2_kdl_package/lib/libros2_kdl_package__rosidl_typesupport_introspection_c.so
[20.467s] -- Up-to-date: /home/user/ros2_ws/install/ros2_kdl_package/lib/libros2_kdl_package__rosidl_typesupport_c.so
[20.467s] -- Up-to-date: /home/user/ros2_ws/install/ros2_kdl_package/include/ros2_kdl_package/ros2_kdl_package
[20.467s] -- Up-to-date: /home/user/ros2_ws/install/ros2_kdl_package/include/ros2_kdl_package/ros2_kdl_package/action
[20.468s] -- Up-to-date: /home/user/ros2_ws/install/ros2_kdl_package/include/ros2_kdl_package/ros2_kdl_package/action/detail
[20.468s] -- Up-to-date: /home/user/ros2_ws/install/ros2_kdl_package/include/ros2_kdl_package/ros2_kdl_package/action/detail/execute_trajectory__rosidl_typesupport_introspection_cpp.hpp
[20.468s] -- Up-to-date: /home/user/ros2_ws/install/ros2_kdl_package/include/ros2_kdl_package/ros2_kdl_package/action/detail/execute_trajectory__type_support.cpp
[20.468s] -- Up-to-date: /home/user/ros2_ws/install/ros2_kdl_package/lib/libros2_kdl_package__rosidl_typesupport_introspection_cpp.so
[20.468s] -- Up-to-date: /home/user/ros2_ws/install/ros2_kdl_package/lib/libros2_kdl_package__rosidl_typesupport_cpp.so
[20.468s] -- Up-to-date: /home/user/ros2_ws/install/ros2_kdl_package/share/ros2_kdl_package/environment/pythonpath.sh
[20.468s] -- Installing: /home/user/ros2_ws/install/ros2_kdl_package/share/ros2_kdl_package/environment/pythonpath.dsv
[20.468s] -- Up-to-date: /home/user/ros2_ws/install/ros2_kdl_package/local/lib/python3.10/dist-packages/ros2_kdl_package-0.0.0-py3.10.egg-info
[20.468s] -- Installing: /home/user/ros2_ws/install/ros2_kdl_package/local/lib/python3.10/dist-packages/ros2_kdl_package-0.0.0-py3.10.egg-info/PKG-INFO
[20.469s] -- Installing: /home/user/ros2_ws/install/ros2_kdl_package/local/lib/python3.10/dist-packages/ros2_kdl_package-0.0.0-py3.10.egg-info/top_level.txt
[20.469s] -- Installing: /home/user/ros2_ws/install/ros2_kdl_package/local/lib/python3.10/dist-packages/ros2_kdl_package-0.0.0-py3.10.egg-info/SOURCES.txt
[20.469s] -- Installing: /home/user/ros2_ws/install/ros2_kdl_package/local/lib/python3.10/dist-packages/ros2_kdl_package-0.0.0-py3.10.egg-info/dependency_links.txt
[20.469s] -- Up-to-date: /home/user/ros2_ws/install/ros2_kdl_package/local/lib/python3.10/dist-packages/ros2_kdl_package
[20.469s] -- Up-to-date: /home/user/ros2_ws/install/ros2_kdl_package/local/lib/python3.10/dist-packages/ros2_kdl_package/action
[20.469s] -- Up-to-date: /home/user/ros2_ws/install/ros2_kdl_package/local/lib/python3.10/dist-packages/ros2_kdl_package/action/__init__.py
[20.469s] -- Up-to-date: /home/user/ros2_ws/install/ros2_kdl_package/local/lib/python3.10/dist-packages/ros2_kdl_package/action/_execute_trajectory.py
[20.469s] -- Up-to-date: /home/user/ros2_ws/install/ros2_kdl_package/local/lib/python3.10/dist-packages/ros2_kdl_package/action/_execute_trajectory_s.c
[20.469s] -- Up-to-date: /home/user/ros2_ws/install/ros2_kdl_package/local/lib/python3.10/dist-packages/ros2_kdl_package/_ros2_kdl_package_s.ep.rosidl_typesupport_fastrtps_c.c
[20.469s] -- Up-to-date: /home/user/ros2_ws/install/ros2_kdl_package/local/lib/python3.10/dist-packages/ros2_kdl_package/libros2_kdl_package__rosidl_generator_py.so
[20.469s] -- Up-to-date: /home/user/ros2_ws/install/ros2_kdl_package/local/lib/python3.10/dist-packages/ros2_kdl_package/ros2_kdl_package_s__rosidl_typesupport_fastrtps_c.cpython-310-x86_64-linux-gnu.so
[20.470s] -- Installing: /home/user/ros2_ws/install/ros2_kdl_package/local/lib/python3.10/dist-packages/ros2_kdl_package/__init__.py
[20.470s] -- Up-to-date: /home/user/ros2_ws/install/ros2_kdl_package/local/lib/python3.10/dist-packages/ros2_kdl_package/ros2_kdl_package_s__rosidl_typesupport_c.cpython-310-x86_64-linux-gnu.so
[20.470s] -- Up-to-date: /home/user/ros2_ws/install/ros2_kdl_package/local/lib/python3.10/dist-packages/ros2_kdl_package/_ros2_kdl_package_s.ep.rosidl_typesupport_introspection_c.c
[20.470s] -- Up-to-date: /home/user/ros2_ws/install/ros2_kdl_package/local/lib/python3.10/dist-packages/ros2_kdl_package/_ros2_kdl_package_s.ep.rosidl_typesupport_c.c
[20.470s] -- Up-to-date: /home/user/ros2_ws/install/ros2_kdl_package/local/lib/python3.10/dist-packages/ros2_kdl_package/ros2_kdl_package_s__rosidl_typesupport_introspection_c.cpython-310-x86_64-linux-gnu.so
[20.500s] Listing '/home/user/ros2_ws/install/ros2_kdl_package/local/lib/python3.10/dist-packages/ros2_kdl_package'...
[20.500s] Compiling '/home/user/ros2_ws/install/ros2_kdl_package/local/lib/python3.10/dist-packages/ros2_kdl_package/__init__.py'...
[20.500s] Listing '/home/user/ros2_ws/install/ros2_kdl_package/local/lib/python3.10/dist-packages/ros2_kdl_package/action'...
[20.504s] -- Up-to-date: /home/user/ros2_ws/install/ros2_kdl_package/local/lib/python3.10/dist-packages/ros2_kdl_package/ros2_kdl_package_s__rosidl_typesupport_fastrtps_c.cpython-310-x86_64-linux-gnu.so
[20.504s] -- Up-to-date: /home/user/ros2_ws/install/ros2_kdl_package/local/lib/python3.10/dist-packages/ros2_kdl_package/ros2_kdl_package_s__rosidl_typesupport_introspection_c.cpython-310-x86_64-linux-gnu.so
[20.505s] -- Up-to-date: /home/user/ros2_ws/install/ros2_kdl_package/local/lib/python3.10/dist-packages/ros2_kdl_package/ros2_kdl_package_s__rosidl_typesupport_c.cpython-310-x86_64-linux-gnu.so
[20.505s] -- Up-to-date: /home/user/ros2_ws/install/ros2_kdl_package/lib/libros2_kdl_package__rosidl_generator_py.so
[20.505s] -- Up-to-date: /home/user/ros2_ws/install/ros2_kdl_package/share/ros2_kdl_package/action/ExecuteTrajectory.idl
[20.505s] -- Up-to-date: /home/user/ros2_ws/install/ros2_kdl_package/share/ros2_kdl_package/action/ExecuteTrajectory.action
[20.506s] -- Installing: /home/user/ros2_ws/install/ros2_kdl_package/lib/ros2_kdl_package/ros2_kdl_node
[20.514s] -- Set runtime path of "/home/user/ros2_ws/install/ros2_kdl_package/lib/ros2_kdl_package/ros2_kdl_node" to ""
[20.514s] -- Up-to-date: /home/user/ros2_ws/install/ros2_kdl_package/lib/ros2_kdl_package/ros2_kdl_node_example
[20.515s] -- Installing: /home/user/ros2_ws/install/ros2_kdl_package/lib/ros2_kdl_package/ros2_kdl_node_client
[20.519s] -- Set runtime path of "/home/user/ros2_ws/install/ros2_kdl_package/lib/ros2_kdl_package/ros2_kdl_node_client" to ""
[20.519s] -- Up-to-date: /home/user/ros2_ws/install/ros2_kdl_package/share/ros2_kdl_package/launch
[20.519s] -- Up-to-date: /home/user/ros2_ws/install/ros2_kdl_package/share/ros2_kdl_package/launch/__pycache__
[20.519s] -- Installing: /home/user/ros2_ws/install/ros2_kdl_package/share/ros2_kdl_package/launch/__pycache__/launching.launch.cpython-310.pyc
[20.519s] -- Installing: /home/user/ros2_ws/install/ros2_kdl_package/share/ros2_kdl_package/launch/launching.launch.py
[20.520s] -- Up-to-date: /home/user/ros2_ws/install/ros2_kdl_package/share/ros2_kdl_package/config
[20.520s] -- Up-to-date: /home/user/ros2_ws/install/ros2_kdl_package/share/ros2_kdl_package/config/bridge_config.yaml
[20.520s] -- Up-to-date: /home/user/ros2_ws/install/ros2_kdl_package/share/ros2_kdl_package/config/kdl_params.yaml
[20.520s] -- Up-to-date: /home/user/ros2_ws/install/ros2_kdl_package/share/ament_index/resource_index/package_run_dependencies/ros2_kdl_package
[20.520s] -- Up-to-date: /home/user/ros2_ws/install/ros2_kdl_package/share/ament_index/resource_index/parent_prefix_path/ros2_kdl_package
[20.520s] -- Up-to-date: /home/user/ros2_ws/install/ros2_kdl_package/share/ros2_kdl_package/environment/ament_prefix_path.sh
[20.520s] -- Installing: /home/user/ros2_ws/install/ros2_kdl_package/share/ros2_kdl_package/environment/ament_prefix_path.dsv
[20.521s] -- Up-to-date: /home/user/ros2_ws/install/ros2_kdl_package/share/ros2_kdl_package/environment/path.sh
[20.521s] -- Installing: /home/user/ros2_ws/install/ros2_kdl_package/share/ros2_kdl_package/environment/path.dsv
[20.521s] -- Up-to-date: /home/user/ros2_ws/install/ros2_kdl_package/share/ros2_kdl_package/local_setup.bash
[20.521s] -- Up-to-date: /home/user/ros2_ws/install/ros2_kdl_package/share/ros2_kdl_package/local_setup.sh
[20.521s] -- Up-to-date: /home/user/ros2_ws/install/ros2_kdl_package/share/ros2_kdl_package/local_setup.zsh
[20.521s] -- Installing: /home/user/ros2_ws/install/ros2_kdl_package/share/ros2_kdl_package/local_setup.dsv
[20.521s] -- Installing: /home/user/ros2_ws/install/ros2_kdl_package/share/ros2_kdl_package/package.dsv
[20.522s] -- Up-to-date: /home/user/ros2_ws/install/ros2_kdl_package/share/ament_index/resource_index/packages/ros2_kdl_package
[20.522s] -- Up-to-date: /home/user/ros2_ws/install/ros2_kdl_package/share/ros2_kdl_package/cmake/export_ros2_kdl_package__rosidl_generator_cExport.cmake
[20.522s] -- Up-to-date: /home/user/ros2_ws/install/ros2_kdl_package/share/ros2_kdl_package/cmake/export_ros2_kdl_package__rosidl_generator_cExport-noconfig.cmake
[20.522s] -- Up-to-date: /home/user/ros2_ws/install/ros2_kdl_package/share/ros2_kdl_package/cmake/export_ros2_kdl_package__rosidl_typesupport_fastrtps_cExport.cmake
[20.522s] -- Up-to-date: /home/user/ros2_ws/install/ros2_kdl_package/share/ros2_kdl_package/cmake/export_ros2_kdl_package__rosidl_typesupport_fastrtps_cExport-noconfig.cmake
[20.522s] -- Up-to-date: /home/user/ros2_ws/install/ros2_kdl_package/share/ros2_kdl_package/cmake/export_ros2_kdl_package__rosidl_generator_cppExport.cmake
[20.522s] -- Up-to-date: /home/user/ros2_ws/install/ros2_kdl_package/share/ros2_kdl_package/cmake/export_ros2_kdl_package__rosidl_typesupport_fastrtps_cppExport.cmake
[20.522s] -- Up-to-date: /home/user/ros2_ws/install/ros2_kdl_package/share/ros2_kdl_package/cmake/export_ros2_kdl_package__rosidl_typesupport_fastrtps_cppExport-noconfig.cmake
[20.522s] -- Up-to-date: /home/user/ros2_ws/install/ros2_kdl_package/share/ros2_kdl_package/cmake/ros2_kdl_package__rosidl_typesupport_introspection_cExport.cmake
[20.523s] -- Up-to-date: /home/user/ros2_ws/install/ros2_kdl_package/share/ros2_kdl_package/cmake/ros2_kdl_package__rosidl_typesupport_introspection_cExport-noconfig.cmake
[20.523s] -- Up-to-date: /home/user/ros2_ws/install/ros2_kdl_package/share/ros2_kdl_package/cmake/ros2_kdl_package__rosidl_typesupport_cExport.cmake
[20.523s] -- Up-to-date: /home/user/ros2_ws/install/ros2_kdl_package/share/ros2_kdl_package/cmake/ros2_kdl_package__rosidl_typesupport_cExport-noconfig.cmake
[20.523s] -- Up-to-date: /home/user/ros2_ws/install/ros2_kdl_package/share/ros2_kdl_package/cmake/ros2_kdl_package__rosidl_typesupport_introspection_cppExport.cmake
[20.523s] -- Up-to-date: /home/user/ros2_ws/install/ros2_kdl_package/share/ros2_kdl_package/cmake/ros2_kdl_package__rosidl_typesupport_introspection_cppExport-noconfig.cmake
[20.523s] -- Up-to-date: /home/user/ros2_ws/install/ros2_kdl_package/share/ros2_kdl_package/cmake/ros2_kdl_package__rosidl_typesupport_cppExport.cmake
[20.523s] -- Up-to-date: /home/user/ros2_ws/install/ros2_kdl_package/share/ros2_kdl_package/cmake/ros2_kdl_package__rosidl_typesupport_cppExport-noconfig.cmake
[20.523s] -- Up-to-date: /home/user/ros2_ws/install/ros2_kdl_package/share/ros2_kdl_package/cmake/export_ros2_kdl_package__rosidl_generator_pyExport.cmake
[20.523s] -- Up-to-date: /home/user/ros2_ws/install/ros2_kdl_package/share/ros2_kdl_package/cmake/export_ros2_kdl_package__rosidl_generator_pyExport-noconfig.cmake
[20.523s] -- Up-to-date: /home/user/ros2_ws/install/ros2_kdl_package/share/ros2_kdl_package/cmake/rosidl_cmake-extras.cmake
[20.524s] -- Up-to-date: /home/user/ros2_ws/install/ros2_kdl_package/share/ros2_kdl_package/cmake/ament_cmake_export_dependencies-extras.cmake
[20.524s] -- Up-to-date: /home/user/ros2_ws/install/ros2_kdl_package/share/ros2_kdl_package/cmake/ament_cmake_export_include_directories-extras.cmake
[20.524s] -- Up-to-date: /home/user/ros2_ws/install/ros2_kdl_package/share/ros2_kdl_package/cmake/ament_cmake_export_libraries-extras.cmake
[20.524s] -- Up-to-date: /home/user/ros2_ws/install/ros2_kdl_package/share/ros2_kdl_package/cmake/ament_cmake_export_targets-extras.cmake
[20.524s] -- Up-to-date: /home/user/ros2_ws/install/ros2_kdl_package/share/ros2_kdl_package/cmake/rosidl_cmake_export_typesupport_targets-extras.cmake
[20.524s] -- Up-to-date: /home/user/ros2_ws/install/ros2_kdl_package/share/ros2_kdl_package/cmake/rosidl_cmake_export_typesupport_libraries-extras.cmake
[20.524s] -- Up-to-date: /home/user/ros2_ws/install/ros2_kdl_package/share/ros2_kdl_package/cmake/ros2_kdl_packageConfig.cmake
[20.524s] -- Up-to-date: /home/user/ros2_ws/install/ros2_kdl_package/share/ros2_kdl_package/cmake/ros2_kdl_packageConfig-version.cmake
[20.524s] -- Up-to-date: /home/user/ros2_ws/install/ros2_kdl_package/share/ros2_kdl_package/package.xml
[20.525s] Invoked command in '/home/user/ros2_ws/build/ros2_kdl_package' returned '0': CMAKE_PREFIX_PATH=${CMAKE_PREFIX_PATH}:/opt/ros/humble /usr/bin/cmake --install /home/user/ros2_ws/build/ros2_kdl_package
