[0.032s] Invoking command in '/home/user/ros2_ws/build/explore_lite': CMAKE_PREFIX_PATH=${CMAKE_PREFIX_PATH}:/opt/ros/humble /usr/bin/cmake /home/user/ros2_ws/m-explore-ros2/explore -DCMAKE_INSTALL_PREFIX=/home/user/ros2_ws/install/explore_lite
[0.153s] -- The C compiler identification is GNU 11.4.0
[0.259s] -- The CXX compiler identification is GNU 11.4.0
[0.272s] -- Detecting C compiler ABI info
[0.378s] -- Detecting C compiler ABI info - done
[0.394s] -- Check for working C compiler: /usr/bin/cc - skipped
[0.395s] -- Detecting C compile features
[0.395s] -- Detecting C compile features - done
[0.401s] -- Detecting CXX compiler ABI info
[0.531s] -- Detecting CXX compiler ABI info - done
[0.543s] -- Check for working CXX compiler: /usr/bin/c++ - skipped
[0.544s] -- Detecting CXX compile features
[0.545s] -- Detecting CXX compile features - done
[0.545s] -- BuilD for ROS2: humble
[0.552s] -- Found ament_cmake: 1.3.12 (/opt/ros/humble/share/ament_cmake/cmake)
[0.789s] -- Found Python3: /usr/bin/python3 (found version "3.10.12") found components: Interpreter 
[0.949s] -- Found rclcpp: 16.0.16 (/opt/ros/humble/share/rclcpp/cmake)
[1.054s] -- Found rosidl_generator_c: 3.1.7 (/opt/ros/humble/share/rosidl_generator_c/cmake)
[1.068s] -- Found rosidl_adapter: 3.1.7 (/opt/ros/humble/share/rosidl_adapter/cmake)
[1.089s] -- Found rosidl_generator_cpp: 3.1.7 (/opt/ros/humble/share/rosidl_generator_cpp/cmake)
[1.116s] -- Using all available rosidl_typesupport_c: rosidl_typesupport_fastrtps_c;rosidl_typesupport_introspection_c
[1.188s] -- Using all available rosidl_typesupport_cpp: rosidl_typesupport_fastrtps_cpp;rosidl_typesupport_introspection_cpp
[1.441s] -- Found rmw_implementation_cmake: 6.1.2 (/opt/ros/humble/share/rmw_implementation_cmake/cmake)
[1.460s] -- Found rmw_fastrtps_cpp: 6.2.9 (/opt/ros/humble/share/rmw_fastrtps_cpp/cmake)
[1.895s] -- Found OpenSSL: /usr/lib/x86_64-linux-gnu/libcrypto.so (found version "3.0.2")  
[2.033s] -- Found FastRTPS: /opt/ros/humble/include  
[2.266s] -- Using RMW implementation 'rmw_fastrtps_cpp' as default
[2.338s] -- Looking for pthread.h
[2.581s] -- Looking for pthread.h - found
[2.584s] -- Performing Test CMAKE_HAVE_LIBC_PTHREAD
[2.907s] -- Performing Test CMAKE_HAVE_LIBC_PTHREAD - Success
[2.916s] -- Found Threads: TRUE  
[3.241s] -- Found sensor_msgs: 4.9.0 (/opt/ros/humble/share/sensor_msgs/cmake)
[3.392s] -- Found tf2_ros: 0.25.17 (/opt/ros/humble/share/tf2_ros/cmake)
[4.023s] -- Found tf2_geometry_msgs: 0.25.17 (/opt/ros/humble/share/tf2_geometry_msgs/cmake)
[4.163s] -- Found eigen3_cmake_module: 0.1.1 (/opt/ros/humble/share/eigen3_cmake_module/cmake)
[4.166s] -- Found Eigen3: TRUE (found version "3.4.0") 
[4.166s] -- Ensuring Eigen3 include directory is part of orocos-kdl CMake target
[4.191s] -- Found nav2_msgs: 1.1.20 (/opt/ros/humble/share/nav2_msgs/cmake)
[4.414s] -- Found map_msgs: 2.1.0 (/opt/ros/humble/share/map_msgs/cmake)
[4.506s] -- Found visualization_msgs: 4.9.0 (/opt/ros/humble/share/visualization_msgs/cmake)
[4.624s] -- Found nav2_costmap_2d: 1.1.20 (/opt/ros/humble/share/nav2_costmap_2d/cmake)
[5.332s] -- Found ament_lint_auto: 0.12.14 (/opt/ros/humble/share/ament_lint_auto/cmake)
[5.534s] -- Found ament_cmake_gtest: 1.3.12 (/opt/ros/humble/share/ament_cmake_gtest/cmake)
[5.541s] -- Found gtest sources under '/opt/ros/humble/src/gtest_vendor': C++ tests using 'Google Test' will be built
[5.589s] -- Added test 'cppcheck' to perform static code analysis on C / C++ code
[5.589s] -- Configured cppcheck include dirs: /home/user/ros2_ws/m-explore-ros2/explore/include;$<BUILD_INTERFACE:/home/user/ros2_ws/m-explore-ros2/explore/include>
[5.589s] -- Configured cppcheck exclude dirs and/or files: 
[5.590s] -- Added test 'flake8' to check Python code syntax and style conventions
[5.594s] -- Added test 'lint_cmake' to check CMake code style
[5.594s] -- Added test 'pep257' to check Python code against some of the docstring style conventions in PEP 257
[5.597s] -- Added test 'uncrustify' to check C / C++ code style
[5.597s] -- Configured uncrustify additional arguments: 
[5.598s] -- Added test 'xmllint' to check XML markup files
[5.603s] -- Configuring done
[6.047s] -- Generating done
[6.115s] -- Build files have been written to: /home/user/ros2_ws/build/explore_lite
[6.165s] Invoked command in '/home/user/ros2_ws/build/explore_lite' returned '0': CMAKE_PREFIX_PATH=${CMAKE_PREFIX_PATH}:/opt/ros/humble /usr/bin/cmake /home/user/ros2_ws/m-explore-ros2/explore -DCMAKE_INSTALL_PREFIX=/home/user/ros2_ws/install/explore_lite
[6.166s] Invoking command in '/home/user/ros2_ws/build/explore_lite': CMAKE_PREFIX_PATH=${CMAKE_PREFIX_PATH}:/opt/ros/humble /usr/bin/cmake --build /home/user/ros2_ws/build/explore_lite -- -j12 -l12
[8.113s] [ 10%] [32mBuilding CXX object CMakeFiles/explore.dir/src/costmap_client.cpp.o[0m
[8.114s] [ 20%] [32mBuilding CXX object CMakeFiles/explore.dir/src/explore.cpp.o[0m
[8.114s] [ 30%] [32mBuilding CXX object CMakeFiles/explore.dir/src/frontier_search.cpp.o[0m
[8.114s] [ 40%] [32mBuilding CXX object gtest/CMakeFiles/gtest_main.dir/src/gtest_main.cc.o[0m
[8.114s] [ 50%] [32mBuilding CXX object gtest/CMakeFiles/gtest.dir/src/gtest-all.cc.o[0m
[9.056s] [ 60%] [32m[1mLinking CXX static library libgtest_main.a[0m
[9.179s] [ 60%] Built target gtest_main
[16.025s] [ 70%] [32m[1mLinking CXX static library libgtest.a[0m
[16.222s] [ 70%] Built target gtest
[16.270s] [ 80%] [32mBuilding CXX object CMakeFiles/test_explore.dir/test/test_explore.cpp.o[0m
[20.384s] [ 90%] [32m[1mLinking CXX executable test_explore[0m
[22.371s] [ 90%] Built target test_explore
[39.884s] [100%] [32m[1mLinking CXX executable explore[0m
[44.104s] [100%] Built target explore
[44.127s] Invoked command in '/home/user/ros2_ws/build/explore_lite' returned '0': CMAKE_PREFIX_PATH=${CMAKE_PREFIX_PATH}:/opt/ros/humble /usr/bin/cmake --build /home/user/ros2_ws/build/explore_lite -- -j12 -l12
[44.130s] Invoking command in '/home/user/ros2_ws/build/explore_lite': CMAKE_PREFIX_PATH=${CMAKE_PREFIX_PATH}:/opt/ros/humble /usr/bin/cmake --install /home/user/ros2_ws/build/explore_lite
[44.144s] -- Install configuration: ""
[44.145s] -- Installing: /home/user/ros2_ws/install/explore_lite/include/explore/
[44.145s] -- Installing: /home/user/ros2_ws/install/explore_lite/include/explore//explore.h
[44.145s] -- Installing: /home/user/ros2_ws/install/explore_lite/include/explore//costmap_tools.h
[44.145s] -- Installing: /home/user/ros2_ws/install/explore_lite/include/explore//frontier_search.h
[44.145s] -- Installing: /home/user/ros2_ws/install/explore_lite/include/explore//costmap_client.h
[44.146s] -- Installing: /home/user/ros2_ws/install/explore_lite/share/explore_lite/config
[44.146s] -- Installing: /home/user/ros2_ws/install/explore_lite/share/explore_lite/config/params_costmap.yaml
[44.146s] -- Installing: /home/user/ros2_ws/install/explore_lite/share/explore_lite/config/params.yaml
[44.147s] -- Installing: /home/user/ros2_ws/install/explore_lite/share/explore_lite/launch
[44.148s] -- Installing: /home/user/ros2_ws/install/explore_lite/share/explore_lite/launch/explore.launch.py
[44.149s] -- Installing: /home/user/ros2_ws/install/explore_lite/lib/explore_lite/explore
[44.162s] -- Set runtime path of "/home/user/ros2_ws/install/explore_lite/lib/explore_lite/explore" to ""
[44.163s] -- Installing: /home/user/ros2_ws/install/explore_lite/share/ament_index/resource_index/package_run_dependencies/explore_lite
[44.163s] -- Installing: /home/user/ros2_ws/install/explore_lite/share/ament_index/resource_index/parent_prefix_path/explore_lite
[44.164s] -- Installing: /home/user/ros2_ws/install/explore_lite/share/explore_lite/environment/ament_prefix_path.sh
[44.164s] -- Installing: /home/user/ros2_ws/install/explore_lite/share/explore_lite/environment/ament_prefix_path.dsv
[44.164s] -- Installing: /home/user/ros2_ws/install/explore_lite/share/explore_lite/environment/path.sh
[44.165s] -- Installing: /home/user/ros2_ws/install/explore_lite/share/explore_lite/environment/path.dsv
[44.165s] -- Installing: /home/user/ros2_ws/install/explore_lite/share/explore_lite/local_setup.bash
[44.165s] -- Installing: /home/user/ros2_ws/install/explore_lite/share/explore_lite/local_setup.sh
[44.166s] -- Installing: /home/user/ros2_ws/install/explore_lite/share/explore_lite/local_setup.zsh
[44.166s] -- Installing: /home/user/ros2_ws/install/explore_lite/share/explore_lite/local_setup.dsv
[44.167s] -- Installing: /home/user/ros2_ws/install/explore_lite/share/explore_lite/package.dsv
[44.167s] -- Installing: /home/user/ros2_ws/install/explore_lite/share/ament_index/resource_index/packages/explore_lite
[44.167s] -- Installing: /home/user/ros2_ws/install/explore_lite/share/explore_lite/cmake/ament_cmake_export_include_directories-extras.cmake
[44.168s] -- Installing: /home/user/ros2_ws/install/explore_lite/share/explore_lite/cmake/explore_liteConfig.cmake
[44.168s] -- Installing: /home/user/ros2_ws/install/explore_lite/share/explore_lite/cmake/explore_liteConfig-version.cmake
[44.168s] -- Installing: /home/user/ros2_ws/install/explore_lite/share/explore_lite/package.xml
[44.173s] Invoked command in '/home/user/ros2_ws/build/explore_lite' returned '0': CMAKE_PREFIX_PATH=${CMAKE_PREFIX_PATH}:/opt/ros/humble /usr/bin/cmake --install /home/user/ros2_ws/build/explore_lite
