[0.058s] Invoking command in '/home/user/ros2_ws/build/aruco_ros': CMAKE_PREFIX_PATH=/home/user/ros2_ws/install/aruco_msgs:/home/user/ros2_ws/install/aruco:/home/user/ros2_ws/install/ros2_kdl_package:/home/user/ros2_ws/install/ros2_fra2mo:/home/user/ros2_ws/install/multirobot_map_merge:/home/user/ros2_ws/install/impedance_controller:/home/user/ros2_ws/install/iiwa_bringup:/home/user/ros2_ws/install/iiwa_description:/home/user/ros2_ws/install/external_torque_sensor_broadcaster:/home/user/ros2_ws/install/explore_lite:/home/user/ros2_ws/install/aruco_ros:/opt/ros/humble LD_LIBRARY_PATH=/home/user/ros2_ws/install/aruco_msgs/lib:/home/user/ros2_ws/install/aruco/lib:/home/user/ros2_ws/install/ros2_kdl_package/lib:/home/user/ros2_ws/install/multirobot_map_merge/lib:/home/user/ros2_ws/install/impedance_controller/lib:/home/user/ros2_ws/install/external_torque_sensor_broadcaster/lib:/home/user/ros2_ws/install/aruco_ros/lib:/opt/ros/humble/opt/rviz_ogre_vendor/lib:/opt/ros/humble/lib/x86_64-linux-gnu:/opt/ros/humble/lib /usr/bin/cmake /home/user/ros2_ws/src/aruco_ros/aruco_ros -DCMAKE_INSTALL_PREFIX=/home/user/ros2_ws/install/aruco_ros
[0.292s] -- The C compiler identification is GNU 11.4.0
[0.571s] -- The CXX compiler identification is GNU 11.4.0
[0.602s] -- Detecting C compiler ABI info
[0.879s] -- Detecting C compiler ABI info - done
[0.915s] -- Check for working C compiler: /usr/bin/cc - skipped
[0.916s] -- Detecting C compile features
[0.918s] -- Detecting C compile features - done
[0.926s] -- Detecting CXX compiler ABI info
[1.244s] -- Detecting CXX compiler ABI info - done
[1.266s] -- Check for working CXX compiler: /usr/bin/c++ - skipped
[1.266s] -- Detecting CXX compile features
[1.268s] -- Detecting CXX compile features - done
[1.281s] -- Found ament_cmake: 1.3.12 (/opt/ros/humble/share/ament_cmake/cmake)
[1.756s] -- Found Python3: /usr/bin/python3 (found version "3.10.12") found components: Interpreter 
[2.062s] -- Found OpenCV: /usr (found version "4.5.4") 
[2.072s] -- Found cv_bridge: 3.2.1 (/opt/ros/humble/share/cv_bridge/cmake)
[2.228s] -- Found rosidl_generator_c: 3.1.7 (/opt/ros/humble/share/rosidl_generator_c/cmake)
[2.250s] -- Found rosidl_adapter: 3.1.7 (/opt/ros/humble/share/rosidl_adapter/cmake)
[2.284s] -- Found rosidl_generator_cpp: 3.1.7 (/opt/ros/humble/share/rosidl_generator_cpp/cmake)
[2.328s] -- Using all available rosidl_typesupport_c: rosidl_typesupport_fastrtps_c;rosidl_typesupport_introspection_c
[2.390s] -- Using all available rosidl_typesupport_cpp: rosidl_typesupport_fastrtps_cpp;rosidl_typesupport_introspection_cpp
[2.597s] -- Found image_transport: 3.1.12 (/opt/ros/humble/share/image_transport/cmake)
[2.781s] -- Found rmw_implementation_cmake: 6.1.2 (/opt/ros/humble/share/rmw_implementation_cmake/cmake)
[2.794s] -- Found rmw_fastrtps_cpp: 6.2.9 (/opt/ros/humble/share/rmw_fastrtps_cpp/cmake)
[3.071s] -- Found OpenSSL: /usr/lib/x86_64-linux-gnu/libcrypto.so (found version "3.0.2")  
[3.147s] -- Found FastRTPS: /opt/ros/humble/include  
[3.269s] -- Using RMW implementation 'rmw_fastrtps_cpp' as default
[3.308s] -- Looking for pthread.h
[3.464s] -- Looking for pthread.h - found
[3.465s] -- Performing Test CMAKE_HAVE_LIBC_PTHREAD
[3.623s] -- Performing Test CMAKE_HAVE_LIBC_PTHREAD - Success
[3.625s] -- Found Threads: TRUE  
[3.852s] -- Found rclpy: 3.3.19 (/opt/ros/humble/share/rclpy/cmake)
[3.861s] -- Found tf2: 0.25.17 (/opt/ros/humble/share/tf2/cmake)
[3.878s] -- Found tf2_ros: 0.25.17 (/opt/ros/humble/share/tf2_ros/cmake)
[4.140s] -- Found tf2_geometry_msgs: 0.25.17 (/opt/ros/humble/share/tf2_geometry_msgs/cmake)
[4.197s] -- Found eigen3_cmake_module: 0.1.1 (/opt/ros/humble/share/eigen3_cmake_module/cmake)
[4.205s] -- Found Eigen3: TRUE (found version "3.4.0") 
[4.205s] -- Ensuring Eigen3 include directory is part of orocos-kdl CMake target
[4.205s] -- Found aruco: 5.0.5 (/home/user/ros2_ws/install/aruco/share/aruco/cmake)
[4.208s] -- Found aruco_msgs: 5.0.5 (/home/user/ros2_ws/install/aruco_msgs/share/aruco_msgs/cmake)
[4.255s] -- Found visualization_msgs: 4.9.0 (/opt/ros/humble/share/visualization_msgs/cmake)
[4.368s] -- Found ament_lint_auto: 0.12.14 (/opt/ros/humble/share/ament_lint_auto/cmake)
[4.609s] -- Added test 'cppcheck' to perform static code analysis on C / C++ code
[4.610s] -- Configured cppcheck include dirs: /home/user/ros2_ws/src/aruco_ros/aruco_ros/include
[4.610s] -- Configured cppcheck exclude dirs and/or files: 
[4.615s] -- Added test 'cpplint' to check C / C++ code against the Google style
[4.615s] -- Configured cpplint exclude dirs and/or files: 
[4.617s] -- Added test 'flake8' to check Python code syntax and style conventions
[4.619s] -- Added test 'lint_cmake' to check CMake code style
[4.621s] -- Added test 'pep257' to check Python code against some of the docstring style conventions in PEP 257
[4.625s] -- Added test 'uncrustify' to check C / C++ code style
[4.626s] -- Configured uncrustify additional arguments: 
[4.627s] -- Added test 'xmllint' to check XML markup files
[4.631s] -- Configuring done
[4.759s] -- Generating done
[4.797s] -- Build files have been written to: /home/user/ros2_ws/build/aruco_ros
[4.824s] Invoked command in '/home/user/ros2_ws/build/aruco_ros' returned '0': CMAKE_PREFIX_PATH=/home/user/ros2_ws/install/aruco_msgs:/home/user/ros2_ws/install/aruco:/home/user/ros2_ws/install/ros2_kdl_package:/home/user/ros2_ws/install/ros2_fra2mo:/home/user/ros2_ws/install/multirobot_map_merge:/home/user/ros2_ws/install/impedance_controller:/home/user/ros2_ws/install/iiwa_bringup:/home/user/ros2_ws/install/iiwa_description:/home/user/ros2_ws/install/external_torque_sensor_broadcaster:/home/user/ros2_ws/install/explore_lite:/home/user/ros2_ws/install/aruco_ros:/opt/ros/humble LD_LIBRARY_PATH=/home/user/ros2_ws/install/aruco_msgs/lib:/home/user/ros2_ws/install/aruco/lib:/home/user/ros2_ws/install/ros2_kdl_package/lib:/home/user/ros2_ws/install/multirobot_map_merge/lib:/home/user/ros2_ws/install/impedance_controller/lib:/home/user/ros2_ws/install/external_torque_sensor_broadcaster/lib:/home/user/ros2_ws/install/aruco_ros/lib:/opt/ros/humble/opt/rviz_ogre_vendor/lib:/opt/ros/humble/lib/x86_64-linux-gnu:/opt/ros/humble/lib /usr/bin/cmake /home/user/ros2_ws/src/aruco_ros/aruco_ros -DCMAKE_INSTALL_PREFIX=/home/user/ros2_ws/install/aruco_ros
[4.830s] Invoking command in '/home/user/ros2_ws/build/aruco_ros': CMAKE_PREFIX_PATH=/home/user/ros2_ws/install/aruco_msgs:/home/user/ros2_ws/install/aruco:/home/user/ros2_ws/install/ros2_kdl_package:/home/user/ros2_ws/install/ros2_fra2mo:/home/user/ros2_ws/install/multirobot_map_merge:/home/user/ros2_ws/install/impedance_controller:/home/user/ros2_ws/install/iiwa_bringup:/home/user/ros2_ws/install/iiwa_description:/home/user/ros2_ws/install/external_torque_sensor_broadcaster:/home/user/ros2_ws/install/explore_lite:/home/user/ros2_ws/install/aruco_ros:/opt/ros/humble LD_LIBRARY_PATH=/home/user/ros2_ws/install/aruco_msgs/lib:/home/user/ros2_ws/install/aruco/lib:/home/user/ros2_ws/install/ros2_kdl_package/lib:/home/user/ros2_ws/install/multirobot_map_merge/lib:/home/user/ros2_ws/install/impedance_controller/lib:/home/user/ros2_ws/install/external_torque_sensor_broadcaster/lib:/home/user/ros2_ws/install/aruco_ros/lib:/opt/ros/humble/opt/rviz_ogre_vendor/lib:/opt/ros/humble/lib/x86_64-linux-gnu:/opt/ros/humble/lib /usr/bin/cmake --build /home/user/ros2_ws/build/aruco_ros -- -j12 -l12
[4.944s] [  9%] [32mBuilding CXX object CMakeFiles/aruco_ros_utils.dir/src/aruco_ros_utils.cpp.o[0m
[4.969s] [ 18%] [32mBuilding CXX object CMakeFiles/double.dir/src/simple_double.cpp.o[0m
[4.969s] [ 27%] [32mBuilding CXX object CMakeFiles/marker_publisher.dir/src/marker_publish.cpp.o[0m
[4.969s] [ 36%] [32mBuilding CXX object CMakeFiles/double.dir/src/aruco_ros_utils.cpp.o[0m
[4.981s] [ 45%] [32mBuilding CXX object CMakeFiles/marker_publisher.dir/src/aruco_ros_utils.cpp.o[0m
[5.000s] [ 54%] [32mBuilding CXX object CMakeFiles/single.dir/src/aruco_ros_utils.cpp.o[0m
[5.000s] [ 63%] [32mBuilding CXX object CMakeFiles/single.dir/src/simple_single.cpp.o[0m
[10.752s] [ 72%] [32m[1mLinking CXX shared library libaruco_ros_utils.so[0m
[11.515s] [ 72%] Built target aruco_ros_utils
[24.102s] [ 81%] [32m[1mLinking CXX executable double[0m
[25.379s] [ 81%] Built target double
[26.130s] [ 90%] [32m[1mLinking CXX executable marker_publisher[0m
[27.247s] [100%] [32m[1mLinking CXX executable single[0m
[27.360s] [100%] Built target marker_publisher
[28.374s] [100%] Built target single
[28.387s] Invoked command in '/home/user/ros2_ws/build/aruco_ros' returned '0': CMAKE_PREFIX_PATH=/home/user/ros2_ws/install/aruco_msgs:/home/user/ros2_ws/install/aruco:/home/user/ros2_ws/install/ros2_kdl_package:/home/user/ros2_ws/install/ros2_fra2mo:/home/user/ros2_ws/install/multirobot_map_merge:/home/user/ros2_ws/install/impedance_controller:/home/user/ros2_ws/install/iiwa_bringup:/home/user/ros2_ws/install/iiwa_description:/home/user/ros2_ws/install/external_torque_sensor_broadcaster:/home/user/ros2_ws/install/explore_lite:/home/user/ros2_ws/install/aruco_ros:/opt/ros/humble LD_LIBRARY_PATH=/home/user/ros2_ws/install/aruco_msgs/lib:/home/user/ros2_ws/install/aruco/lib:/home/user/ros2_ws/install/ros2_kdl_package/lib:/home/user/ros2_ws/install/multirobot_map_merge/lib:/home/user/ros2_ws/install/impedance_controller/lib:/home/user/ros2_ws/install/external_torque_sensor_broadcaster/lib:/home/user/ros2_ws/install/aruco_ros/lib:/opt/ros/humble/opt/rviz_ogre_vendor/lib:/opt/ros/humble/lib/x86_64-linux-gnu:/opt/ros/humble/lib /usr/bin/cmake --build /home/user/ros2_ws/build/aruco_ros -- -j12 -l12
[28.389s] Invoking command in '/home/user/ros2_ws/build/aruco_ros': CMAKE_PREFIX_PATH=/home/user/ros2_ws/install/aruco_msgs:/home/user/ros2_ws/install/aruco:/home/user/ros2_ws/install/ros2_kdl_package:/home/user/ros2_ws/install/ros2_fra2mo:/home/user/ros2_ws/install/multirobot_map_merge:/home/user/ros2_ws/install/impedance_controller:/home/user/ros2_ws/install/iiwa_bringup:/home/user/ros2_ws/install/iiwa_description:/home/user/ros2_ws/install/external_torque_sensor_broadcaster:/home/user/ros2_ws/install/explore_lite:/home/user/ros2_ws/install/aruco_ros:/opt/ros/humble LD_LIBRARY_PATH=/home/user/ros2_ws/install/aruco_msgs/lib:/home/user/ros2_ws/install/aruco/lib:/home/user/ros2_ws/install/ros2_kdl_package/lib:/home/user/ros2_ws/install/multirobot_map_merge/lib:/home/user/ros2_ws/install/impedance_controller/lib:/home/user/ros2_ws/install/external_torque_sensor_broadcaster/lib:/home/user/ros2_ws/install/aruco_ros/lib:/opt/ros/humble/opt/rviz_ogre_vendor/lib:/opt/ros/humble/lib/x86_64-linux-gnu:/opt/ros/humble/lib /usr/bin/cmake --install /home/user/ros2_ws/build/aruco_ros
[28.398s] -- Install configuration: ""
[28.398s] -- Installing: /home/user/ros2_ws/install/aruco_ros/lib/libaruco_ros_utils.so
[28.399s] -- Set runtime path of "/home/user/ros2_ws/install/aruco_ros/lib/libaruco_ros_utils.so" to ""
[28.399s] -- Installing: /home/user/ros2_ws/install/aruco_ros/lib/aruco_ros/marker_publisher
[28.404s] -- Set runtime path of "/home/user/ros2_ws/install/aruco_ros/lib/aruco_ros/marker_publisher" to ""
[28.404s] -- Installing: /home/user/ros2_ws/install/aruco_ros/lib/aruco_ros/single
[28.410s] -- Set runtime path of "/home/user/ros2_ws/install/aruco_ros/lib/aruco_ros/single" to ""
[28.410s] -- Installing: /home/user/ros2_ws/install/aruco_ros/lib/aruco_ros/double
[28.414s] -- Set runtime path of "/home/user/ros2_ws/install/aruco_ros/lib/aruco_ros/double" to ""
[28.414s] -- Installing: /home/user/ros2_ws/install/aruco_ros/include
[28.415s] -- Installing: /home/user/ros2_ws/install/aruco_ros/include/aruco_ros
[28.415s] -- Installing: /home/user/ros2_ws/install/aruco_ros/share/aruco_ros/etc
[28.415s] -- Installing: /home/user/ros2_ws/install/aruco_ros/share/aruco_ros/etc/marker26_5cm.jpg
[28.415s] -- Installing: /home/user/ros2_ws/install/aruco_ros/share/aruco_ros/etc/marker582_5cm.jpg
[28.415s] -- Installing: /home/user/ros2_ws/install/aruco_ros/share/aruco_ros/etc/new_coordinates.png
[28.415s] -- Installing: /home/user/ros2_ws/install/aruco_ros/share/aruco_ros/etc/reem_gazebo_floating_marker_world.png
[28.416s] -- Installing: /home/user/ros2_ws/install/aruco_ros/share/aruco_ros/etc/marker582_5cm_margin_2cm.jpg
[28.416s] -- Installing: /home/user/ros2_ws/install/aruco_ros/share/aruco_ros/etc/marker_in_hand.jpg
[28.416s] -- Installing: /home/user/ros2_ws/install/aruco_ros/share/aruco_ros/etc/reem_gazebo_floating_marker.png
[28.416s] -- Installing: /home/user/ros2_ws/install/aruco_ros/share/aruco_ros/etc/marker_in_object.jpg
[28.416s] -- Installing: /home/user/ros2_ws/install/aruco_ros/share/aruco_ros/etc/marker26_5cm_margin_1cm.jpg
[28.416s] -- Installing: /home/user/ros2_ws/install/aruco_ros/share/aruco_ros/etc/marker26_5cm_margin_2cm.jpg
[28.417s] -- Installing: /home/user/ros2_ws/install/aruco_ros/share/aruco_ros/launch
[28.417s] -- Installing: /home/user/ros2_ws/install/aruco_ros/share/aruco_ros/launch/double.launch.py
[28.417s] -- Installing: /home/user/ros2_ws/install/aruco_ros/share/aruco_ros/launch/marker_publisher.launch.py
[28.417s] -- Installing: /home/user/ros2_ws/install/aruco_ros/share/aruco_ros/launch/single.launch.py
[28.417s] -- Installing: /home/user/ros2_ws/install/aruco_ros/share/ament_index/resource_index/package_run_dependencies/aruco_ros
[28.417s] -- Installing: /home/user/ros2_ws/install/aruco_ros/share/ament_index/resource_index/parent_prefix_path/aruco_ros
[28.418s] -- Installing: /home/user/ros2_ws/install/aruco_ros/share/aruco_ros/environment/ament_prefix_path.sh
[28.418s] -- Installing: /home/user/ros2_ws/install/aruco_ros/share/aruco_ros/environment/ament_prefix_path.dsv
[28.418s] -- Installing: /home/user/ros2_ws/install/aruco_ros/share/aruco_ros/environment/path.sh
[28.418s] -- Installing: /home/user/ros2_ws/install/aruco_ros/share/aruco_ros/environment/path.dsv
[28.418s] -- Installing: /home/user/ros2_ws/install/aruco_ros/share/aruco_ros/local_setup.bash
[28.419s] -- Installing: /home/user/ros2_ws/install/aruco_ros/share/aruco_ros/local_setup.sh
[28.419s] -- Installing: /home/user/ros2_ws/install/aruco_ros/share/aruco_ros/local_setup.zsh
[28.419s] -- Installing: /home/user/ros2_ws/install/aruco_ros/share/aruco_ros/local_setup.dsv
[28.419s] -- Installing: /home/user/ros2_ws/install/aruco_ros/share/aruco_ros/package.dsv
[28.419s] -- Installing: /home/user/ros2_ws/install/aruco_ros/share/ament_index/resource_index/packages/aruco_ros
[28.420s] -- Installing: /home/user/ros2_ws/install/aruco_ros/share/aruco_ros/cmake/aruco_rosConfig.cmake
[28.420s] -- Installing: /home/user/ros2_ws/install/aruco_ros/share/aruco_ros/cmake/aruco_rosConfig-version.cmake
[28.420s] -- Installing: /home/user/ros2_ws/install/aruco_ros/share/aruco_ros/package.xml
[28.422s] Invoked command in '/home/user/ros2_ws/build/aruco_ros' returned '0': CMAKE_PREFIX_PATH=/home/user/ros2_ws/install/aruco_msgs:/home/user/ros2_ws/install/aruco:/home/user/ros2_ws/install/ros2_kdl_package:/home/user/ros2_ws/install/ros2_fra2mo:/home/user/ros2_ws/install/multirobot_map_merge:/home/user/ros2_ws/install/impedance_controller:/home/user/ros2_ws/install/iiwa_bringup:/home/user/ros2_ws/install/iiwa_description:/home/user/ros2_ws/install/external_torque_sensor_broadcaster:/home/user/ros2_ws/install/explore_lite:/home/user/ros2_ws/install/aruco_ros:/opt/ros/humble LD_LIBRARY_PATH=/home/user/ros2_ws/install/aruco_msgs/lib:/home/user/ros2_ws/install/aruco/lib:/home/user/ros2_ws/install/ros2_kdl_package/lib:/home/user/ros2_ws/install/multirobot_map_merge/lib:/home/user/ros2_ws/install/impedance_controller/lib:/home/user/ros2_ws/install/external_torque_sensor_broadcaster/lib:/home/user/ros2_ws/install/aruco_ros/lib:/opt/ros/humble/opt/rviz_ogre_vendor/lib:/opt/ros/humble/lib/x86_64-linux-gnu:/opt/ros/humble/lib /usr/bin/cmake --install /home/user/ros2_ws/build/aruco_ros
