[0.027s] Invoking command in '/home/user/ros2_ws/build/ros2_kdl_package': CMAKE_PREFIX_PATH=${CMAKE_PREFIX_PATH}:/opt/ros/humble /usr/bin/cmake /home/user/ros2_ws/src/ros2_kdl_package -DCMAKE_INSTALL_PREFIX=/home/user/ros2_ws/install/ros2_kdl_package
[0.111s] -- The C compiler identification is GNU 11.4.0
[0.205s] -- The CXX compiler identification is GNU 11.4.0
[0.216s] -- Detecting C compiler ABI info
[0.304s] -- Detecting C compiler ABI info - done
[0.320s] -- Check for working C compiler: /usr/bin/cc - skipped
[0.320s] -- Detecting C compile features
[0.320s] -- Detecting C compile features - done
[0.326s] -- Detecting CXX compiler ABI info
[0.423s] -- Detecting CXX compiler ABI info - done
[0.441s] -- Check for working CXX compiler: /usr/bin/c++ - skipped
[0.441s] -- Detecting CXX compile features
[0.442s] -- Detecting CXX compile features - done
[0.450s] -- Found ament_cmake: 1.3.12 (/opt/ros/humble/share/ament_cmake/cmake)
[0.656s] -- Found Python3: /usr/bin/python3 (found version "3.10.12") found components: Interpreter 
[0.847s] -- Found urdf: 2.6.1 (/opt/ros/humble/share/urdf/cmake)
[0.969s] -- Found kdl_parser: 2.6.4 (/opt/ros/humble/share/kdl_parser/cmake)
[0.981s] -- Found eigen3_cmake_module: 0.1.1 (/opt/ros/humble/share/eigen3_cmake_module/cmake)
[0.984s] -- Found Eigen3: TRUE (found version "3.4.0") 
[0.984s] -- Ensuring Eigen3 include directory is part of orocos-kdl CMake target
[0.991s] -- Found sensor_msgs: 4.9.0 (/opt/ros/humble/share/sensor_msgs/cmake)
[1.065s] -- Found rosidl_generator_c: 3.1.7 (/opt/ros/humble/share/rosidl_generator_c/cmake)
[1.088s] -- Found rosidl_adapter: 3.1.7 (/opt/ros/humble/share/rosidl_adapter/cmake)
[1.122s] -- Found rosidl_generator_cpp: 3.1.7 (/opt/ros/humble/share/rosidl_generator_cpp/cmake)
[1.189s] -- Using all available rosidl_typesupport_c: rosidl_typesupport_fastrtps_c;rosidl_typesupport_introspection_c
[1.258s] -- Using all available rosidl_typesupport_cpp: rosidl_typesupport_fastrtps_cpp;rosidl_typesupport_introspection_cpp
[1.489s] -- Found rclcpp: 16.0.16 (/opt/ros/humble/share/rclcpp/cmake)
[1.755s] -- Found rmw_implementation_cmake: 6.1.2 (/opt/ros/humble/share/rmw_implementation_cmake/cmake)
[1.778s] -- Found rmw_fastrtps_cpp: 6.2.9 (/opt/ros/humble/share/rmw_fastrtps_cpp/cmake)
[2.004s] -- Found TinyXML2 via Config file: TinyXML2_DIR-NOTFOUND
[2.180s] -- Found OpenSSL: /usr/lib/x86_64-linux-gnu/libcrypto.so (found version "3.0.2")  
[2.189s] -- Found TinyXML2 via Config file: TinyXML2_DIR-NOTFOUND
[2.253s] -- Found FastRTPS: /opt/ros/humble/include  
[2.268s] -- Found TinyXML2 via Config file: TinyXML2_DIR-NOTFOUND
[2.287s] -- Found TinyXML2 via Config file: TinyXML2_DIR-NOTFOUND
[2.325s] -- Using RMW implementation 'rmw_fastrtps_cpp' as default
[2.402s] -- Looking for pthread.h
[2.687s] -- Looking for pthread.h - found
[2.687s] -- Performing Test CMAKE_HAVE_LIBC_PTHREAD
[3.036s] -- Performing Test CMAKE_HAVE_LIBC_PTHREAD - Success
[3.038s] -- Found Threads: TRUE  
[3.362s] -- Found rclcpp_action: 16.0.16 (/opt/ros/humble/share/rclcpp_action/cmake)
[3.535s] -- Found rosidl_default_generators: 1.2.0 (/opt/ros/humble/share/rosidl_default_generators/cmake)
[3.617s] -- Found tf2: 0.25.17 (/opt/ros/humble/share/tf2/cmake)
[3.652s] -- Found tf2_ros: 0.25.17 (/opt/ros/humble/share/tf2_ros/cmake)
[3.952s] -- Found tf2_geometry_msgs: 0.25.17 (/opt/ros/humble/share/tf2_geometry_msgs/cmake)
[4.759s] -- Found ament_cmake_ros: 0.10.0 (/opt/ros/humble/share/ament_cmake_ros/cmake)
[5.832s] -- Using all available rosidl_typesupport_c: rosidl_typesupport_fastrtps_c;rosidl_typesupport_introspection_c
[6.303s] -- Using all available rosidl_typesupport_cpp: rosidl_typesupport_fastrtps_cpp;rosidl_typesupport_introspection_cpp
[6.362s] -- Found PythonInterp: /usr/bin/python3 (found suitable version "3.10.12", minimum required is "3.6") 
[6.370s] -- Found python_cmake_module: 0.10.0 (/opt/ros/humble/share/python_cmake_module/cmake)
[6.437s] -- Found PythonLibs: /usr/lib/x86_64-linux-gnu/libpython3.10.so (found suitable version "3.10.12", minimum required is "3.5") 
[6.438s] -- Using PYTHON_EXECUTABLE: /usr/bin/python3
[6.440s] -- Using PYTHON_INCLUDE_DIRS: /usr/include/python3.10
[6.441s] -- Using PYTHON_LIBRARIES: /usr/lib/x86_64-linux-gnu/libpython3.10.so
[6.498s] -- Found PythonExtra: .so  
[6.735s] -- Found ament_lint_auto: 0.12.14 (/opt/ros/humble/share/ament_lint_auto/cmake)
[6.813s] -- Added test 'cppcheck' to perform static code analysis on C / C++ code
[6.815s] -- Configured cppcheck include dirs: $<BUILD_INTERFACE:/home/user/ros2_ws/src/ros2_kdl_package/include>
[6.815s] -- Configured cppcheck exclude dirs and/or files: 
[6.817s] -- Added test 'flake8' to check Python code syntax and style conventions
[6.820s] -- Added test 'lint_cmake' to check CMake code style
[6.823s] -- Added test 'pep257' to check Python code against some of the docstring style conventions in PEP 257
[6.825s] -- Added test 'uncrustify' to check C / C++ code style
[6.826s] -- Configured uncrustify additional arguments: 
[6.827s] -- Added test 'xmllint' to check XML markup files
[6.835s] -- Configuring done
[7.002s] -- Generating done
[7.068s] -- Build files have been written to: /home/user/ros2_ws/build/ros2_kdl_package
[7.101s] Invoked command in '/home/user/ros2_ws/build/ros2_kdl_package' returned '0': CMAKE_PREFIX_PATH=${CMAKE_PREFIX_PATH}:/opt/ros/humble /usr/bin/cmake /home/user/ros2_ws/src/ros2_kdl_package -DCMAKE_INSTALL_PREFIX=/home/user/ros2_ws/install/ros2_kdl_package
[7.103s] Invoking command in '/home/user/ros2_ws/build/ros2_kdl_package': CMAKE_PREFIX_PATH=${CMAKE_PREFIX_PATH}:/opt/ros/humble /usr/bin/cmake --build /home/user/ros2_ws/build/ros2_kdl_package -- -j12 -l12
[7.259s] [  2%] [34m[1mGenerating C code for ROS interfaces[0m
[7.280s] [  5%] [32mBuilding CXX object CMakeFiles/ros2_kdl_node_example.dir/src/ros2_kdl_node_example.cpp.o[0m
[7.315s] [  7%] [34m[1mGenerating C++ code for ROS interfaces[0m
[7.346s] [  7%] Built target ament_cmake_python_copy_ros2_kdl_package
[7.917s] running egg_info
[7.918s] creating ros2_kdl_package.egg-info
[7.919s] writing ros2_kdl_package.egg-info/PKG-INFO
[7.922s] writing dependency_links to ros2_kdl_package.egg-info/dependency_links.txt
[7.922s] writing top-level names to ros2_kdl_package.egg-info/top_level.txt
[7.922s] writing manifest file 'ros2_kdl_package.egg-info/SOURCES.txt'
[7.924s] reading manifest file 'ros2_kdl_package.egg-info/SOURCES.txt'
[7.927s] writing manifest file 'ros2_kdl_package.egg-info/SOURCES.txt'
[7.983s] [  7%] Built target ament_cmake_python_build_ros2_kdl_package_egg
[8.337s] [  7%] Built target ros2_kdl_package__cpp
[8.356s] [ 12%] [34m[1mGenerating C++ type support for eProsima Fast-RTPS[0m
[8.356s] [ 12%] [34m[1mGenerating C++ type support dispatch for ROS interfaces[0m
[8.358s] [ 15%] [34m[1mGenerating C++ introspection for ROS interfaces[0m
[8.455s] [ 17%] [32mBuilding C object CMakeFiles/ros2_kdl_package__rosidl_generator_c.dir/rosidl_generator_c/ros2_kdl_package/action/detail/execute_trajectory__functions.c.o[0m
[8.736s] [ 20%] [32m[1mLinking C shared library libros2_kdl_package__rosidl_generator_c.so[0m
[8.815s] [ 20%] Built target ros2_kdl_package__rosidl_generator_c
[8.841s] [ 22%] [34m[1mGenerating C type support dispatch for ROS interfaces[0m
[8.842s] [ 25%] [34m[1mGenerating C introspection for ROS interfaces[0m
[8.848s] [ 27%] [34m[1mGenerating C type support for eProsima Fast-RTPS[0m
[9.137s] [ 30%] [32mBuilding CXX object CMakeFiles/ros2_kdl_package__rosidl_typesupport_cpp.dir/rosidl_typesupport_cpp/ros2_kdl_package/action/execute_trajectory__type_support.cpp.o[0m
[9.373s] [ 32%] [32mBuilding CXX object CMakeFiles/ros2_kdl_package__rosidl_typesupport_introspection_cpp.dir/rosidl_typesupport_introspection_cpp/ros2_kdl_package/action/detail/execute_trajectory__type_support.cpp.o[0m
[9.527s] [ 35%] [32mBuilding CXX object CMakeFiles/ros2_kdl_package__rosidl_typesupport_fastrtps_cpp.dir/rosidl_typesupport_fastrtps_cpp/ros2_kdl_package/action/detail/dds_fastrtps/execute_trajectory__type_support.cpp.o[0m
[9.651s] [ 37%] [32mBuilding CXX object CMakeFiles/ros2_kdl_package__rosidl_typesupport_c.dir/rosidl_typesupport_c/ros2_kdl_package/action/execute_trajectory__type_support.cpp.o[0m
[9.786s] [ 40%] [32m[1mLinking CXX shared library libros2_kdl_package__rosidl_typesupport_c.so[0m
[9.867s] [ 40%] Built target ros2_kdl_package__rosidl_typesupport_c
[9.917s] [ 42%] [32mBuilding C object CMakeFiles/ros2_kdl_package__rosidl_typesupport_introspection_c.dir/rosidl_typesupport_introspection_c/ros2_kdl_package/action/detail/execute_trajectory__type_support.c.o[0m
[9.921s] [ 45%] [32mBuilding CXX object CMakeFiles/ros2_kdl_package__rosidl_typesupport_fastrtps_c.dir/rosidl_typesupport_fastrtps_c/ros2_kdl_package/action/detail/execute_trajectory__type_support_c.cpp.o[0m
[10.054s] [ 47%] [32m[1mLinking C shared library libros2_kdl_package__rosidl_typesupport_introspection_c.so[0m
[10.128s] [ 47%] Built target ros2_kdl_package__rosidl_typesupport_introspection_c
[10.312s] [ 50%] [32m[1mLinking CXX shared library libros2_kdl_package__rosidl_typesupport_cpp.so[0m
[10.414s] [ 50%] Built target ros2_kdl_package__rosidl_typesupport_cpp
[10.469s] [ 52%] [32mBuilding CXX object CMakeFiles/ros2_kdl_node_client.dir/src/ros2_kdl_node_client.cpp.o[0m
[10.486s] [ 55%] [32mBuilding CXX object CMakeFiles/ros2_kdl_node.dir/src/kdl_control.cpp.o[0m
[10.491s] [ 57%] [32mBuilding CXX object CMakeFiles/ros2_kdl_node.dir/src/kdl_robot.cpp.o[0m
[10.491s] [ 60%] [32mBuilding CXX object CMakeFiles/ros2_kdl_node.dir/src/ros2_kdl_node.cpp.o[0m
[10.499s] [ 62%] [32mBuilding CXX object CMakeFiles/ros2_kdl_node.dir/src/kdl_planner.cpp.o[0m
[10.637s] [ 65%] [32m[1mLinking CXX shared library libros2_kdl_package__rosidl_typesupport_introspection_cpp.so[0m
[10.714s] [ 67%] [32m[1mLinking CXX shared library libros2_kdl_package__rosidl_typesupport_fastrtps_cpp.so[0m
[10.776s] [ 70%] [32m[1mLinking CXX shared library libros2_kdl_package__rosidl_typesupport_fastrtps_c.so[0m
[10.871s] [ 70%] Built target ros2_kdl_package__rosidl_typesupport_introspection_cpp
[10.978s] [ 70%] Built target ros2_kdl_package__rosidl_typesupport_fastrtps_cpp
[11.005s] [ 70%] Built target ros2_kdl_package__rosidl_typesupport_fastrtps_c
[11.043s] [ 70%] Built target ros2_kdl_package
[11.085s] [ 72%] [34m[1mGenerating Python code for ROS interfaces[0m
[12.989s] [ 72%] Built target ros2_kdl_package__py
[13.045s] [ 75%] [32mBuilding C object CMakeFiles/ros2_kdl_package__rosidl_generator_py.dir/rosidl_generator_py/ros2_kdl_package/action/_execute_trajectory_s.c.o[0m
[13.069s] [01m[K/home/user/ros2_ws/src/ros2_kdl_package/src/ros2_kdl_node_example.cpp:[m[K In function ‘[01m[Kint main(int, char**)[m[K’:
[13.069s] [01m[K/home/user/ros2_ws/src/ros2_kdl_package/src/ros2_kdl_node_example.cpp:51:25:[m[K [01;35m[Kwarning: [m[Kcomparison of constant ‘[01m[K0[m[K’ with boolean expression is always true [[01;35m[K-Wbool-compare[m[K]
[13.069s]    51 |     if([01;35m[Kkinematics_status>=0[m[K){
[13.069s]       |        [01;35m[K~~~~~~~~~~~~~~~~~^~~[m[K
[13.340s] [ 77%] [32m[1mLinking C shared library rosidl_generator_py/ros2_kdl_package/libros2_kdl_package__rosidl_generator_py.so[0m
[13.433s] [ 77%] Built target ros2_kdl_package__rosidl_generator_py
[13.477s] [ 80%] [32mBuilding C object CMakeFiles/ros2_kdl_package__rosidl_typesupport_fastrtps_c__pyext.dir/rosidl_generator_py/ros2_kdl_package/_ros2_kdl_package_s.ep.rosidl_typesupport_fastrtps_c.c.o[0m
[13.482s] [ 82%] [32mBuilding C object CMakeFiles/ros2_kdl_package__rosidl_typesupport_introspection_c__pyext.dir/rosidl_generator_py/ros2_kdl_package/_ros2_kdl_package_s.ep.rosidl_typesupport_introspection_c.c.o[0m
[13.491s] [ 85%] [32mBuilding C object CMakeFiles/ros2_kdl_package__rosidl_typesupport_c__pyext.dir/rosidl_generator_py/ros2_kdl_package/_ros2_kdl_package_s.ep.rosidl_typesupport_c.c.o[0m
[13.769s] [ 87%] [32m[1mLinking C shared library rosidl_generator_py/ros2_kdl_package/ros2_kdl_package_s__rosidl_typesupport_introspection_c.cpython-310-x86_64-linux-gnu.so[0m
[13.822s] [ 90%] [32m[1mLinking C shared library rosidl_generator_py/ros2_kdl_package/ros2_kdl_package_s__rosidl_typesupport_fastrtps_c.cpython-310-x86_64-linux-gnu.so[0m
[13.854s] [ 92%] [32m[1mLinking C shared library rosidl_generator_py/ros2_kdl_package/ros2_kdl_package_s__rosidl_typesupport_c.cpython-310-x86_64-linux-gnu.so[0m
[13.876s] [ 92%] Built target ros2_kdl_package__rosidl_typesupport_introspection_c__pyext
[13.954s] [ 92%] Built target ros2_kdl_package__rosidl_typesupport_fastrtps_c__pyext
[13.957s] [ 92%] Built target ros2_kdl_package__rosidl_typesupport_c__pyext
[14.098s] [ 95%] [32m[1mLinking CXX executable ros2_kdl_node_example[0m
[14.326s] [ 95%] Built target ros2_kdl_node_example
[28.183s] [ 97%] [32m[1mLinking CXX executable ros2_kdl_node_client[0m
[29.248s] [ 97%] Built target ros2_kdl_node_client
[56.676s] [100%] [32m[1mLinking CXX executable ros2_kdl_node[0m
[58.278s] [100%] Built target ros2_kdl_node
[58.291s] Invoked command in '/home/user/ros2_ws/build/ros2_kdl_package' returned '0': CMAKE_PREFIX_PATH=${CMAKE_PREFIX_PATH}:/opt/ros/humble /usr/bin/cmake --build /home/user/ros2_ws/build/ros2_kdl_package -- -j12 -l12
[58.293s] Invoking command in '/home/user/ros2_ws/build/ros2_kdl_package': CMAKE_PREFIX_PATH=${CMAKE_PREFIX_PATH}:/opt/ros/humble /usr/bin/cmake --install /home/user/ros2_ws/build/ros2_kdl_package
[58.301s] -- Install configuration: ""
[58.301s] -- Installing: /home/user/ros2_ws/install/ros2_kdl_package/share/ament_index/resource_index/rosidl_interfaces/ros2_kdl_package
[58.301s] -- Installing: /home/user/ros2_ws/install/ros2_kdl_package/include/ros2_kdl_package/ros2_kdl_package
[58.302s] -- Installing: /home/user/ros2_ws/install/ros2_kdl_package/include/ros2_kdl_package/ros2_kdl_package/action
[58.302s] -- Installing: /home/user/ros2_ws/install/ros2_kdl_package/include/ros2_kdl_package/ros2_kdl_package/action/detail
[58.302s] -- Installing: /home/user/ros2_ws/install/ros2_kdl_package/include/ros2_kdl_package/ros2_kdl_package/action/detail/execute_trajectory__type_support.h
[58.302s] -- Installing: /home/user/ros2_ws/install/ros2_kdl_package/include/ros2_kdl_package/ros2_kdl_package/action/detail/execute_trajectory__functions.h
[58.302s] -- Installing: /home/user/ros2_ws/install/ros2_kdl_package/include/ros2_kdl_package/ros2_kdl_package/action/detail/execute_trajectory__functions.c
[58.302s] -- Installing: /home/user/ros2_ws/install/ros2_kdl_package/include/ros2_kdl_package/ros2_kdl_package/action/detail/execute_trajectory__struct.h
[58.302s] -- Installing: /home/user/ros2_ws/install/ros2_kdl_package/include/ros2_kdl_package/ros2_kdl_package/action/execute_trajectory.h
[58.303s] -- Installing: /home/user/ros2_ws/install/ros2_kdl_package/include/ros2_kdl_package/ros2_kdl_package/msg
[58.303s] -- Installing: /home/user/ros2_ws/install/ros2_kdl_package/include/ros2_kdl_package/ros2_kdl_package/msg/rosidl_generator_c__visibility_control.h
[58.303s] -- Installing: /home/user/ros2_ws/install/ros2_kdl_package/share/ros2_kdl_package/environment/library_path.sh
[58.303s] -- Installing: /home/user/ros2_ws/install/ros2_kdl_package/share/ros2_kdl_package/environment/library_path.dsv
[58.303s] -- Installing: /home/user/ros2_ws/install/ros2_kdl_package/lib/libros2_kdl_package__rosidl_generator_c.so
[58.304s] -- Set runtime path of "/home/user/ros2_ws/install/ros2_kdl_package/lib/libros2_kdl_package__rosidl_generator_c.so" to ""
[58.304s] -- Up-to-date: /home/user/ros2_ws/install/ros2_kdl_package/include/ros2_kdl_package/ros2_kdl_package
[58.304s] -- Up-to-date: /home/user/ros2_ws/install/ros2_kdl_package/include/ros2_kdl_package/ros2_kdl_package/action
[58.304s] -- Up-to-date: /home/user/ros2_ws/install/ros2_kdl_package/include/ros2_kdl_package/ros2_kdl_package/action/detail
[58.304s] -- Installing: /home/user/ros2_ws/install/ros2_kdl_package/include/ros2_kdl_package/ros2_kdl_package/action/detail/execute_trajectory__rosidl_typesupport_fastrtps_c.h
[58.305s] -- Up-to-date: /home/user/ros2_ws/install/ros2_kdl_package/include/ros2_kdl_package/ros2_kdl_package/msg
[58.305s] -- Installing: /home/user/ros2_ws/install/ros2_kdl_package/include/ros2_kdl_package/ros2_kdl_package/msg/rosidl_typesupport_fastrtps_c__visibility_control.h
[58.305s] -- Installing: /home/user/ros2_ws/install/ros2_kdl_package/lib/libros2_kdl_package__rosidl_typesupport_fastrtps_c.so
[58.305s] -- Set runtime path of "/home/user/ros2_ws/install/ros2_kdl_package/lib/libros2_kdl_package__rosidl_typesupport_fastrtps_c.so" to ""
[58.305s] -- Up-to-date: /home/user/ros2_ws/install/ros2_kdl_package/include/ros2_kdl_package/ros2_kdl_package
[58.305s] -- Up-to-date: /home/user/ros2_ws/install/ros2_kdl_package/include/ros2_kdl_package/ros2_kdl_package/action
[58.306s] -- Up-to-date: /home/user/ros2_ws/install/ros2_kdl_package/include/ros2_kdl_package/ros2_kdl_package/action/detail
[58.306s] -- Installing: /home/user/ros2_ws/install/ros2_kdl_package/include/ros2_kdl_package/ros2_kdl_package/action/detail/execute_trajectory__builder.hpp
[58.306s] -- Installing: /home/user/ros2_ws/install/ros2_kdl_package/include/ros2_kdl_package/ros2_kdl_package/action/detail/execute_trajectory__type_support.hpp
[58.306s] -- Installing: /home/user/ros2_ws/install/ros2_kdl_package/include/ros2_kdl_package/ros2_kdl_package/action/detail/execute_trajectory__traits.hpp
[58.306s] -- Installing: /home/user/ros2_ws/install/ros2_kdl_package/include/ros2_kdl_package/ros2_kdl_package/action/detail/execute_trajectory__struct.hpp
[58.306s] -- Installing: /home/user/ros2_ws/install/ros2_kdl_package/include/ros2_kdl_package/ros2_kdl_package/action/execute_trajectory.hpp
[58.306s] -- Up-to-date: /home/user/ros2_ws/install/ros2_kdl_package/include/ros2_kdl_package/ros2_kdl_package/msg
[58.306s] -- Installing: /home/user/ros2_ws/install/ros2_kdl_package/include/ros2_kdl_package/ros2_kdl_package/msg/rosidl_generator_cpp__visibility_control.hpp
[58.307s] -- Up-to-date: /home/user/ros2_ws/install/ros2_kdl_package/include/ros2_kdl_package/ros2_kdl_package
[58.307s] -- Up-to-date: /home/user/ros2_ws/install/ros2_kdl_package/include/ros2_kdl_package/ros2_kdl_package/action
[58.307s] -- Up-to-date: /home/user/ros2_ws/install/ros2_kdl_package/include/ros2_kdl_package/ros2_kdl_package/action/detail
[58.307s] -- Installing: /home/user/ros2_ws/install/ros2_kdl_package/include/ros2_kdl_package/ros2_kdl_package/action/detail/dds_fastrtps
[58.307s] -- Installing: /home/user/ros2_ws/install/ros2_kdl_package/include/ros2_kdl_package/ros2_kdl_package/action/detail/execute_trajectory__rosidl_typesupport_fastrtps_cpp.hpp
[58.307s] -- Up-to-date: /home/user/ros2_ws/install/ros2_kdl_package/include/ros2_kdl_package/ros2_kdl_package/msg
[58.307s] -- Installing: /home/user/ros2_ws/install/ros2_kdl_package/include/ros2_kdl_package/ros2_kdl_package/msg/rosidl_typesupport_fastrtps_cpp__visibility_control.h
[58.307s] -- Installing: /home/user/ros2_ws/install/ros2_kdl_package/lib/libros2_kdl_package__rosidl_typesupport_fastrtps_cpp.so
[58.308s] -- Set runtime path of "/home/user/ros2_ws/install/ros2_kdl_package/lib/libros2_kdl_package__rosidl_typesupport_fastrtps_cpp.so" to ""
[58.308s] -- Up-to-date: /home/user/ros2_ws/install/ros2_kdl_package/include/ros2_kdl_package/ros2_kdl_package
[58.308s] -- Up-to-date: /home/user/ros2_ws/install/ros2_kdl_package/include/ros2_kdl_package/ros2_kdl_package/action
[58.308s] -- Up-to-date: /home/user/ros2_ws/install/ros2_kdl_package/include/ros2_kdl_package/ros2_kdl_package/action/detail
[58.308s] -- Installing: /home/user/ros2_ws/install/ros2_kdl_package/include/ros2_kdl_package/ros2_kdl_package/action/detail/execute_trajectory__rosidl_typesupport_introspection_c.h
[58.308s] -- Installing: /home/user/ros2_ws/install/ros2_kdl_package/include/ros2_kdl_package/ros2_kdl_package/action/detail/execute_trajectory__type_support.c
[58.309s] -- Up-to-date: /home/user/ros2_ws/install/ros2_kdl_package/include/ros2_kdl_package/ros2_kdl_package/msg
[58.309s] -- Installing: /home/user/ros2_ws/install/ros2_kdl_package/include/ros2_kdl_package/ros2_kdl_package/msg/rosidl_typesupport_introspection_c__visibility_control.h
[58.309s] -- Installing: /home/user/ros2_ws/install/ros2_kdl_package/lib/libros2_kdl_package__rosidl_typesupport_introspection_c.so
[58.309s] -- Set runtime path of "/home/user/ros2_ws/install/ros2_kdl_package/lib/libros2_kdl_package__rosidl_typesupport_introspection_c.so" to ""
[58.310s] -- Installing: /home/user/ros2_ws/install/ros2_kdl_package/lib/libros2_kdl_package__rosidl_typesupport_c.so
[58.310s] -- Set runtime path of "/home/user/ros2_ws/install/ros2_kdl_package/lib/libros2_kdl_package__rosidl_typesupport_c.so" to ""
[58.310s] -- Up-to-date: /home/user/ros2_ws/install/ros2_kdl_package/include/ros2_kdl_package/ros2_kdl_package
[58.310s] -- Up-to-date: /home/user/ros2_ws/install/ros2_kdl_package/include/ros2_kdl_package/ros2_kdl_package/action
[58.310s] -- Up-to-date: /home/user/ros2_ws/install/ros2_kdl_package/include/ros2_kdl_package/ros2_kdl_package/action/detail
[58.310s] -- Installing: /home/user/ros2_ws/install/ros2_kdl_package/include/ros2_kdl_package/ros2_kdl_package/action/detail/execute_trajectory__rosidl_typesupport_introspection_cpp.hpp
[58.310s] -- Installing: /home/user/ros2_ws/install/ros2_kdl_package/include/ros2_kdl_package/ros2_kdl_package/action/detail/execute_trajectory__type_support.cpp
[58.311s] -- Installing: /home/user/ros2_ws/install/ros2_kdl_package/lib/libros2_kdl_package__rosidl_typesupport_introspection_cpp.so
[58.311s] -- Set runtime path of "/home/user/ros2_ws/install/ros2_kdl_package/lib/libros2_kdl_package__rosidl_typesupport_introspection_cpp.so" to ""
[58.311s] -- Installing: /home/user/ros2_ws/install/ros2_kdl_package/lib/libros2_kdl_package__rosidl_typesupport_cpp.so
[58.312s] -- Set runtime path of "/home/user/ros2_ws/install/ros2_kdl_package/lib/libros2_kdl_package__rosidl_typesupport_cpp.so" to ""
[58.312s] -- Installing: /home/user/ros2_ws/install/ros2_kdl_package/share/ros2_kdl_package/environment/pythonpath.sh
[58.312s] -- Installing: /home/user/ros2_ws/install/ros2_kdl_package/share/ros2_kdl_package/environment/pythonpath.dsv
[58.312s] -- Installing: /home/user/ros2_ws/install/ros2_kdl_package/local/lib/python3.10/dist-packages/ros2_kdl_package-0.0.0-py3.10.egg-info
[58.312s] -- Installing: /home/user/ros2_ws/install/ros2_kdl_package/local/lib/python3.10/dist-packages/ros2_kdl_package-0.0.0-py3.10.egg-info/PKG-INFO
[58.312s] -- Installing: /home/user/ros2_ws/install/ros2_kdl_package/local/lib/python3.10/dist-packages/ros2_kdl_package-0.0.0-py3.10.egg-info/top_level.txt
[58.312s] -- Installing: /home/user/ros2_ws/install/ros2_kdl_package/local/lib/python3.10/dist-packages/ros2_kdl_package-0.0.0-py3.10.egg-info/SOURCES.txt
[58.313s] -- Installing: /home/user/ros2_ws/install/ros2_kdl_package/local/lib/python3.10/dist-packages/ros2_kdl_package-0.0.0-py3.10.egg-info/dependency_links.txt
[58.313s] -- Installing: /home/user/ros2_ws/install/ros2_kdl_package/local/lib/python3.10/dist-packages/ros2_kdl_package
[58.313s] -- Installing: /home/user/ros2_ws/install/ros2_kdl_package/local/lib/python3.10/dist-packages/ros2_kdl_package/action
[58.313s] -- Installing: /home/user/ros2_ws/install/ros2_kdl_package/local/lib/python3.10/dist-packages/ros2_kdl_package/action/__init__.py
[58.313s] -- Installing: /home/user/ros2_ws/install/ros2_kdl_package/local/lib/python3.10/dist-packages/ros2_kdl_package/action/_execute_trajectory.py
[58.313s] -- Installing: /home/user/ros2_ws/install/ros2_kdl_package/local/lib/python3.10/dist-packages/ros2_kdl_package/action/_execute_trajectory_s.c
[58.313s] -- Installing: /home/user/ros2_ws/install/ros2_kdl_package/local/lib/python3.10/dist-packages/ros2_kdl_package/_ros2_kdl_package_s.ep.rosidl_typesupport_fastrtps_c.c
[58.314s] -- Installing: /home/user/ros2_ws/install/ros2_kdl_package/local/lib/python3.10/dist-packages/ros2_kdl_package/libros2_kdl_package__rosidl_generator_py.so
[58.314s] -- Installing: /home/user/ros2_ws/install/ros2_kdl_package/local/lib/python3.10/dist-packages/ros2_kdl_package/ros2_kdl_package_s__rosidl_typesupport_fastrtps_c.cpython-310-x86_64-linux-gnu.so
[58.314s] -- Installing: /home/user/ros2_ws/install/ros2_kdl_package/local/lib/python3.10/dist-packages/ros2_kdl_package/__init__.py
[58.314s] -- Installing: /home/user/ros2_ws/install/ros2_kdl_package/local/lib/python3.10/dist-packages/ros2_kdl_package/ros2_kdl_package_s__rosidl_typesupport_c.cpython-310-x86_64-linux-gnu.so
[58.314s] -- Installing: /home/user/ros2_ws/install/ros2_kdl_package/local/lib/python3.10/dist-packages/ros2_kdl_package/_ros2_kdl_package_s.ep.rosidl_typesupport_introspection_c.c
[58.315s] -- Installing: /home/user/ros2_ws/install/ros2_kdl_package/local/lib/python3.10/dist-packages/ros2_kdl_package/_ros2_kdl_package_s.ep.rosidl_typesupport_c.c
[58.315s] -- Installing: /home/user/ros2_ws/install/ros2_kdl_package/local/lib/python3.10/dist-packages/ros2_kdl_package/ros2_kdl_package_s__rosidl_typesupport_introspection_c.cpython-310-x86_64-linux-gnu.so
[58.355s] Listing '/home/user/ros2_ws/install/ros2_kdl_package/local/lib/python3.10/dist-packages/ros2_kdl_package'...
[58.355s] Compiling '/home/user/ros2_ws/install/ros2_kdl_package/local/lib/python3.10/dist-packages/ros2_kdl_package/__init__.py'...
[58.355s] Listing '/home/user/ros2_ws/install/ros2_kdl_package/local/lib/python3.10/dist-packages/ros2_kdl_package/action'...
[58.355s] Compiling '/home/user/ros2_ws/install/ros2_kdl_package/local/lib/python3.10/dist-packages/ros2_kdl_package/action/__init__.py'...
[58.355s] Compiling '/home/user/ros2_ws/install/ros2_kdl_package/local/lib/python3.10/dist-packages/ros2_kdl_package/action/_execute_trajectory.py'...
[58.360s] -- Installing: /home/user/ros2_ws/install/ros2_kdl_package/local/lib/python3.10/dist-packages/ros2_kdl_package/ros2_kdl_package_s__rosidl_typesupport_fastrtps_c.cpython-310-x86_64-linux-gnu.so
[58.361s] -- Set runtime path of "/home/user/ros2_ws/install/ros2_kdl_package/local/lib/python3.10/dist-packages/ros2_kdl_package/ros2_kdl_package_s__rosidl_typesupport_fastrtps_c.cpython-310-x86_64-linux-gnu.so" to ""
[58.361s] -- Installing: /home/user/ros2_ws/install/ros2_kdl_package/local/lib/python3.10/dist-packages/ros2_kdl_package/ros2_kdl_package_s__rosidl_typesupport_introspection_c.cpython-310-x86_64-linux-gnu.so
[58.361s] -- Set runtime path of "/home/user/ros2_ws/install/ros2_kdl_package/local/lib/python3.10/dist-packages/ros2_kdl_package/ros2_kdl_package_s__rosidl_typesupport_introspection_c.cpython-310-x86_64-linux-gnu.so" to ""
[58.362s] -- Installing: /home/user/ros2_ws/install/ros2_kdl_package/local/lib/python3.10/dist-packages/ros2_kdl_package/ros2_kdl_package_s__rosidl_typesupport_c.cpython-310-x86_64-linux-gnu.so
[58.362s] -- Set runtime path of "/home/user/ros2_ws/install/ros2_kdl_package/local/lib/python3.10/dist-packages/ros2_kdl_package/ros2_kdl_package_s__rosidl_typesupport_c.cpython-310-x86_64-linux-gnu.so" to ""
[58.362s] -- Installing: /home/user/ros2_ws/install/ros2_kdl_package/lib/libros2_kdl_package__rosidl_generator_py.so
[58.363s] -- Set runtime path of "/home/user/ros2_ws/install/ros2_kdl_package/lib/libros2_kdl_package__rosidl_generator_py.so" to ""
[58.363s] -- Installing: /home/user/ros2_ws/install/ros2_kdl_package/share/ros2_kdl_package/action/ExecuteTrajectory.idl
[58.363s] -- Installing: /home/user/ros2_ws/install/ros2_kdl_package/share/ros2_kdl_package/action/ExecuteTrajectory.action
[58.363s] -- Installing: /home/user/ros2_ws/install/ros2_kdl_package/lib/ros2_kdl_package/ros2_kdl_node
[58.375s] -- Set runtime path of "/home/user/ros2_ws/install/ros2_kdl_package/lib/ros2_kdl_package/ros2_kdl_node" to ""
[58.375s] -- Installing: /home/user/ros2_ws/install/ros2_kdl_package/lib/ros2_kdl_package/ros2_kdl_node_example
[58.376s] -- Set runtime path of "/home/user/ros2_ws/install/ros2_kdl_package/lib/ros2_kdl_package/ros2_kdl_node_example" to ""
[58.376s] -- Installing: /home/user/ros2_ws/install/ros2_kdl_package/lib/ros2_kdl_package/ros2_kdl_node_client
[58.380s] -- Set runtime path of "/home/user/ros2_ws/install/ros2_kdl_package/lib/ros2_kdl_package/ros2_kdl_node_client" to ""
[58.380s] -- Installing: /home/user/ros2_ws/install/ros2_kdl_package/share/ros2_kdl_package/launch
[58.380s] -- Installing: /home/user/ros2_ws/install/ros2_kdl_package/share/ros2_kdl_package/launch/__pycache__
[58.380s] -- Installing: /home/user/ros2_ws/install/ros2_kdl_package/share/ros2_kdl_package/launch/__pycache__/launching.launch.cpython-310.pyc
[58.381s] -- Installing: /home/user/ros2_ws/install/ros2_kdl_package/share/ros2_kdl_package/launch/launching.launch.py
[58.381s] -- Installing: /home/user/ros2_ws/install/ros2_kdl_package/share/ros2_kdl_package/config
[58.382s] -- Installing: /home/user/ros2_ws/install/ros2_kdl_package/share/ros2_kdl_package/config/bridge_config.yaml
[58.382s] -- Installing: /home/user/ros2_ws/install/ros2_kdl_package/share/ros2_kdl_package/config/kdl_params.yaml
[58.382s] -- Installing: /home/user/ros2_ws/install/ros2_kdl_package/share/ament_index/resource_index/package_run_dependencies/ros2_kdl_package
[58.382s] -- Installing: /home/user/ros2_ws/install/ros2_kdl_package/share/ament_index/resource_index/parent_prefix_path/ros2_kdl_package
[58.382s] -- Installing: /home/user/ros2_ws/install/ros2_kdl_package/share/ros2_kdl_package/environment/ament_prefix_path.sh
[58.383s] -- Installing: /home/user/ros2_ws/install/ros2_kdl_package/share/ros2_kdl_package/environment/ament_prefix_path.dsv
[58.383s] -- Installing: /home/user/ros2_ws/install/ros2_kdl_package/share/ros2_kdl_package/environment/path.sh
[58.383s] -- Installing: /home/user/ros2_ws/install/ros2_kdl_package/share/ros2_kdl_package/environment/path.dsv
[58.383s] -- Installing: /home/user/ros2_ws/install/ros2_kdl_package/share/ros2_kdl_package/local_setup.bash
[58.383s] -- Installing: /home/user/ros2_ws/install/ros2_kdl_package/share/ros2_kdl_package/local_setup.sh
[58.383s] -- Installing: /home/user/ros2_ws/install/ros2_kdl_package/share/ros2_kdl_package/local_setup.zsh
[58.384s] -- Installing: /home/user/ros2_ws/install/ros2_kdl_package/share/ros2_kdl_package/local_setup.dsv
[58.384s] -- Installing: /home/user/ros2_ws/install/ros2_kdl_package/share/ros2_kdl_package/package.dsv
[58.384s] -- Installing: /home/user/ros2_ws/install/ros2_kdl_package/share/ament_index/resource_index/packages/ros2_kdl_package
[58.384s] -- Installing: /home/user/ros2_ws/install/ros2_kdl_package/share/ros2_kdl_package/cmake/export_ros2_kdl_package__rosidl_generator_cExport.cmake
[58.385s] -- Installing: /home/user/ros2_ws/install/ros2_kdl_package/share/ros2_kdl_package/cmake/export_ros2_kdl_package__rosidl_generator_cExport-noconfig.cmake
[58.385s] -- Installing: /home/user/ros2_ws/install/ros2_kdl_package/share/ros2_kdl_package/cmake/export_ros2_kdl_package__rosidl_typesupport_fastrtps_cExport.cmake
[58.385s] -- Installing: /home/user/ros2_ws/install/ros2_kdl_package/share/ros2_kdl_package/cmake/export_ros2_kdl_package__rosidl_typesupport_fastrtps_cExport-noconfig.cmake
[58.385s] -- Installing: /home/user/ros2_ws/install/ros2_kdl_package/share/ros2_kdl_package/cmake/export_ros2_kdl_package__rosidl_generator_cppExport.cmake
[58.385s] -- Installing: /home/user/ros2_ws/install/ros2_kdl_package/share/ros2_kdl_package/cmake/export_ros2_kdl_package__rosidl_typesupport_fastrtps_cppExport.cmake
[58.386s] -- Installing: /home/user/ros2_ws/install/ros2_kdl_package/share/ros2_kdl_package/cmake/export_ros2_kdl_package__rosidl_typesupport_fastrtps_cppExport-noconfig.cmake
[58.386s] -- Installing: /home/user/ros2_ws/install/ros2_kdl_package/share/ros2_kdl_package/cmake/ros2_kdl_package__rosidl_typesupport_introspection_cExport.cmake
[58.386s] -- Installing: /home/user/ros2_ws/install/ros2_kdl_package/share/ros2_kdl_package/cmake/ros2_kdl_package__rosidl_typesupport_introspection_cExport-noconfig.cmake
[58.386s] -- Installing: /home/user/ros2_ws/install/ros2_kdl_package/share/ros2_kdl_package/cmake/ros2_kdl_package__rosidl_typesupport_cExport.cmake
[58.386s] -- Installing: /home/user/ros2_ws/install/ros2_kdl_package/share/ros2_kdl_package/cmake/ros2_kdl_package__rosidl_typesupport_cExport-noconfig.cmake
[58.386s] -- Installing: /home/user/ros2_ws/install/ros2_kdl_package/share/ros2_kdl_package/cmake/ros2_kdl_package__rosidl_typesupport_introspection_cppExport.cmake
[58.387s] -- Installing: /home/user/ros2_ws/install/ros2_kdl_package/share/ros2_kdl_package/cmake/ros2_kdl_package__rosidl_typesupport_introspection_cppExport-noconfig.cmake
[58.387s] -- Installing: /home/user/ros2_ws/install/ros2_kdl_package/share/ros2_kdl_package/cmake/ros2_kdl_package__rosidl_typesupport_cppExport.cmake
[58.387s] -- Installing: /home/user/ros2_ws/install/ros2_kdl_package/share/ros2_kdl_package/cmake/ros2_kdl_package__rosidl_typesupport_cppExport-noconfig.cmake
[58.387s] -- Installing: /home/user/ros2_ws/install/ros2_kdl_package/share/ros2_kdl_package/cmake/export_ros2_kdl_package__rosidl_generator_pyExport.cmake
[58.387s] -- Installing: /home/user/ros2_ws/install/ros2_kdl_package/share/ros2_kdl_package/cmake/export_ros2_kdl_package__rosidl_generator_pyExport-noconfig.cmake
[58.388s] -- Installing: /home/user/ros2_ws/install/ros2_kdl_package/share/ros2_kdl_package/cmake/rosidl_cmake-extras.cmake
[58.388s] -- Installing: /home/user/ros2_ws/install/ros2_kdl_package/share/ros2_kdl_package/cmake/ament_cmake_export_dependencies-extras.cmake
[58.388s] -- Installing: /home/user/ros2_ws/install/ros2_kdl_package/share/ros2_kdl_package/cmake/ament_cmake_export_include_directories-extras.cmake
[58.388s] -- Installing: /home/user/ros2_ws/install/ros2_kdl_package/share/ros2_kdl_package/cmake/ament_cmake_export_libraries-extras.cmake
[58.388s] -- Installing: /home/user/ros2_ws/install/ros2_kdl_package/share/ros2_kdl_package/cmake/ament_cmake_export_targets-extras.cmake
[58.389s] -- Installing: /home/user/ros2_ws/install/ros2_kdl_package/share/ros2_kdl_package/cmake/rosidl_cmake_export_typesupport_targets-extras.cmake
[58.389s] -- Installing: /home/user/ros2_ws/install/ros2_kdl_package/share/ros2_kdl_package/cmake/rosidl_cmake_export_typesupport_libraries-extras.cmake
[58.389s] -- Installing: /home/user/ros2_ws/install/ros2_kdl_package/share/ros2_kdl_package/cmake/ros2_kdl_packageConfig.cmake
[58.389s] -- Installing: /home/user/ros2_ws/install/ros2_kdl_package/share/ros2_kdl_package/cmake/ros2_kdl_packageConfig-version.cmake
[58.389s] -- Installing: /home/user/ros2_ws/install/ros2_kdl_package/share/ros2_kdl_package/package.xml
[58.392s] Invoked command in '/home/user/ros2_ws/build/ros2_kdl_package' returned '0': CMAKE_PREFIX_PATH=${CMAKE_PREFIX_PATH}:/opt/ros/humble /usr/bin/cmake --install /home/user/ros2_ws/build/ros2_kdl_package
