[0.022s] Invoking command in '/home/user/ros2_ws/build/impedance_controller': CMAKE_PREFIX_PATH=${CMAKE_PREFIX_PATH}:/opt/ros/humble /usr/bin/cmake /home/user/ros2_ws/src/ros2_iiwa/iiwa_controllers/impedance_controller -DCMAKE_INSTALL_PREFIX=/home/user/ros2_ws/install/impedance_controller
[0.082s] -- The C compiler identification is GNU 11.4.0
[0.163s] -- The CXX compiler identification is GNU 11.4.0
[0.174s] -- Detecting C compiler ABI info
[0.254s] -- Detecting C compiler ABI info - done
[0.264s] -- Check for working C compiler: /usr/bin/cc - skipped
[0.264s] -- Detecting C compile features
[0.265s] -- Detecting C compile features - done
[0.270s] -- Detecting CXX compiler ABI info
[0.364s] -- Detecting CXX compiler ABI info - done
[0.374s] -- Check for working CXX compiler: /usr/bin/c++ - skipped
[0.375s] -- Detecting CXX compile features
[0.376s] -- Detecting CXX compile features - done
[0.382s] -- Found ament_cmake: 1.3.12 (/opt/ros/humble/share/ament_cmake/cmake)
[0.554s] -- Found Python3: /usr/bin/python3 (found version "3.10.12") found components: Interpreter 
[0.676s] -- Found controller_interface: 2.52.2 (/opt/ros/humble/share/controller_interface/cmake)
[0.745s] -- Found rosidl_generator_c: 3.1.7 (/opt/ros/humble/share/rosidl_generator_c/cmake)
[0.754s] -- Found rosidl_adapter: 3.1.7 (/opt/ros/humble/share/rosidl_adapter/cmake)
[0.772s] -- Found rosidl_generator_cpp: 3.1.7 (/opt/ros/humble/share/rosidl_generator_cpp/cmake)
[0.803s] -- Using all available rosidl_typesupport_c: rosidl_typesupport_fastrtps_c;rosidl_typesupport_introspection_c
[0.863s] -- Using all available rosidl_typesupport_cpp: rosidl_typesupport_fastrtps_cpp;rosidl_typesupport_introspection_cpp
[1.834s] -- Found rmw_implementation_cmake: 6.1.2 (/opt/ros/humble/share/rmw_implementation_cmake/cmake)
[1.850s] -- Found rmw_fastrtps_cpp: 6.2.9 (/opt/ros/humble/share/rmw_fastrtps_cpp/cmake)
[1.990s] -- Found TinyXML2 via Config file: TinyXML2_DIR-NOTFOUND
[2.151s] -- Found OpenSSL: /usr/lib/x86_64-linux-gnu/libcrypto.so (found version "3.0.2")  
[2.166s] -- Found TinyXML2 via Config file: TinyXML2_DIR-NOTFOUND
[2.221s] -- Found FastRTPS: /opt/ros/humble/include  
[2.231s] -- Found TinyXML2 via Config file: TinyXML2_DIR-NOTFOUND
[2.260s] -- Found TinyXML2 via Config file: TinyXML2_DIR-NOTFOUND
[2.292s] -- Using RMW implementation 'rmw_fastrtps_cpp' as default
[2.335s] -- Looking for pthread.h
[2.596s] -- Looking for pthread.h - found
[2.598s] -- Performing Test CMAKE_HAVE_LIBC_PTHREAD
[2.836s] -- Performing Test CMAKE_HAVE_LIBC_PTHREAD - Success
[2.841s] -- Found Threads: TRUE  
[3.049s] -- Found realtime_tools: 2.14.1 (/opt/ros/humble/share/realtime_tools/cmake)
[3.159s] -- Found ament_cmake_gtest: 1.3.12 (/opt/ros/humble/share/ament_cmake_gtest/cmake)
[3.175s] -- Found ament_lint_auto: 0.12.14 (/opt/ros/humble/share/ament_lint_auto/cmake)
[3.362s] -- Configuring done
[3.420s] -- Generating done
[3.437s] -- Build files have been written to: /home/user/ros2_ws/build/impedance_controller
[3.477s] Invoked command in '/home/user/ros2_ws/build/impedance_controller' returned '0': CMAKE_PREFIX_PATH=${CMAKE_PREFIX_PATH}:/opt/ros/humble /usr/bin/cmake /home/user/ros2_ws/src/ros2_iiwa/iiwa_controllers/impedance_controller -DCMAKE_INSTALL_PREFIX=/home/user/ros2_ws/install/impedance_controller
[3.486s] Invoking command in '/home/user/ros2_ws/build/impedance_controller': CMAKE_PREFIX_PATH=${CMAKE_PREFIX_PATH}:/opt/ros/humble /usr/bin/cmake --build /home/user/ros2_ws/build/impedance_controller -- -j12 -l12
[3.622s] [ 50%] [32mBuilding CXX object CMakeFiles/impedance_controller.dir/src/impedance_controller.cpp.o[0m
[8.686s] In file included from [01m[K/home/user/ros2_ws/src/ros2_iiwa/iiwa_controllers/impedance_controller/include/impedance_controller/impedance_controller.hpp:27[m[K,
[8.686s]                  from [01m[K/home/user/ros2_ws/src/ros2_iiwa/iiwa_controllers/impedance_controller/src/impedance_controller.cpp:15[m[K:
[8.686s] [01m[K/opt/ros/humble/include/realtime_tools/realtime_tools/realtime_buffer.h:22:100:[m[K [01;36m[Knote: [m[K‘[01m[K#pragma message: This header include is deprecated. Please update your code to use 'realtime_buffer.hpp' header.[m[K’
[8.686s]    22 | lease update your code to use 'realtime_buffer.hpp' header."[01;36m[K)[m[K  //NOLINT
[8.686s]       |                                                             [01;36m[K^[m[K
[8.686s] 
[17.821s] [100%] [32m[1mLinking CXX shared library libimpedance_controller.so[0m
[18.656s] [100%] Built target impedance_controller
[18.674s] Invoked command in '/home/user/ros2_ws/build/impedance_controller' returned '0': CMAKE_PREFIX_PATH=${CMAKE_PREFIX_PATH}:/opt/ros/humble /usr/bin/cmake --build /home/user/ros2_ws/build/impedance_controller -- -j12 -l12
[18.677s] Invoking command in '/home/user/ros2_ws/build/impedance_controller': CMAKE_PREFIX_PATH=${CMAKE_PREFIX_PATH}:/opt/ros/humble /usr/bin/cmake --install /home/user/ros2_ws/build/impedance_controller
[18.689s] -- Install configuration: ""
[18.689s] -- Installing: /home/user/ros2_ws/install/impedance_controller/share/impedance_controller/impedance_plugin.xml
[18.689s] -- Installing: /home/user/ros2_ws/install/impedance_controller/include
[18.689s] -- Installing: /home/user/ros2_ws/install/impedance_controller/include/impedance_controller
[18.690s] -- Installing: /home/user/ros2_ws/install/impedance_controller/include/impedance_controller/visibility_control.h
[18.690s] -- Installing: /home/user/ros2_ws/install/impedance_controller/include/impedance_controller/impedance_controller.hpp
[18.690s] -- Installing: /home/user/ros2_ws/install/impedance_controller/lib/libimpedance_controller.so
[18.700s] -- Set runtime path of "/home/user/ros2_ws/install/impedance_controller/lib/libimpedance_controller.so" to ""
[18.700s] -- Installing: /home/user/ros2_ws/install/impedance_controller/share/impedance_controller/environment/library_path.sh
[18.700s] -- Installing: /home/user/ros2_ws/install/impedance_controller/share/impedance_controller/environment/library_path.dsv
[18.701s] -- Installing: /home/user/ros2_ws/install/impedance_controller/share/ament_index/resource_index/package_run_dependencies/impedance_controller
[18.701s] -- Installing: /home/user/ros2_ws/install/impedance_controller/share/ament_index/resource_index/parent_prefix_path/impedance_controller
[18.701s] -- Installing: /home/user/ros2_ws/install/impedance_controller/share/impedance_controller/environment/ament_prefix_path.sh
[18.702s] -- Installing: /home/user/ros2_ws/install/impedance_controller/share/impedance_controller/environment/ament_prefix_path.dsv
[18.702s] -- Installing: /home/user/ros2_ws/install/impedance_controller/share/impedance_controller/environment/path.sh
[18.702s] -- Installing: /home/user/ros2_ws/install/impedance_controller/share/impedance_controller/environment/path.dsv
[18.703s] -- Installing: /home/user/ros2_ws/install/impedance_controller/share/impedance_controller/local_setup.bash
[18.703s] -- Installing: /home/user/ros2_ws/install/impedance_controller/share/impedance_controller/local_setup.sh
[18.703s] -- Installing: /home/user/ros2_ws/install/impedance_controller/share/impedance_controller/local_setup.zsh
[18.704s] -- Installing: /home/user/ros2_ws/install/impedance_controller/share/impedance_controller/local_setup.dsv
[18.704s] -- Installing: /home/user/ros2_ws/install/impedance_controller/share/impedance_controller/package.dsv
[18.704s] -- Installing: /home/user/ros2_ws/install/impedance_controller/share/ament_index/resource_index/packages/impedance_controller
[18.705s] -- Installing: /home/user/ros2_ws/install/impedance_controller/share/ament_index/resource_index/controller_interface__pluginlib__plugin/impedance_controller
[18.705s] -- Installing: /home/user/ros2_ws/install/impedance_controller/share/impedance_controller/cmake/ament_cmake_export_dependencies-extras.cmake
[18.705s] -- Installing: /home/user/ros2_ws/install/impedance_controller/share/impedance_controller/cmake/ament_cmake_export_include_directories-extras.cmake
[18.706s] -- Installing: /home/user/ros2_ws/install/impedance_controller/share/impedance_controller/cmake/ament_cmake_export_libraries-extras.cmake
[18.706s] -- Installing: /home/user/ros2_ws/install/impedance_controller/share/impedance_controller/cmake/impedance_controllerConfig.cmake
[18.706s] -- Installing: /home/user/ros2_ws/install/impedance_controller/share/impedance_controller/cmake/impedance_controllerConfig-version.cmake
[18.706s] -- Installing: /home/user/ros2_ws/install/impedance_controller/share/impedance_controller/package.xml
[18.710s] Invoked command in '/home/user/ros2_ws/build/impedance_controller' returned '0': CMAKE_PREFIX_PATH=${CMAKE_PREFIX_PATH}:/opt/ros/humble /usr/bin/cmake --install /home/user/ros2_ws/build/impedance_controller
