[0.024s] Invoking command in '/home/user/ros2_ws/build/ros2_fra2mo': CMAKE_PREFIX_PATH=${CMAKE_PREFIX_PATH}:/opt/ros/humble /usr/bin/cmake /home/user/ros2_ws/src/ros2_fra2mo -DCMAKE_INSTALL_PREFIX=/home/user/ros2_ws/install/ros2_fra2mo
[0.098s] -- The C compiler identification is GNU 11.4.0
[0.190s] -- The CXX compiler identification is GNU 11.4.0
[0.202s] -- Detecting C compiler ABI info
[0.301s] -- Detecting C compiler ABI info - done
[0.314s] -- Check for working C compiler: /usr/bin/cc - skipped
[0.315s] -- Detecting C compile features
[0.315s] -- Detecting C compile features - done
[0.321s] -- Detecting CXX compiler ABI info
[0.435s] -- Detecting CXX compiler ABI info - done
[0.453s] -- Check for working CXX compiler: /usr/bin/c++ - skipped
[0.453s] -- Detecting CXX compile features
[0.454s] -- Detecting CXX compile features - done
[0.461s] -- Found ament_cmake: 1.3.12 (/opt/ros/humble/share/ament_cmake/cmake)
[0.681s] -- Found Python3: /usr/bin/python3 (found version "3.10.12") found components: Interpreter 
[0.837s] -- Found geometry_msgs: 4.9.0 (/opt/ros/humble/share/geometry_msgs/cmake)
[0.923s] -- Found rosidl_generator_c: 3.1.7 (/opt/ros/humble/share/rosidl_generator_c/cmake)
[0.938s] -- Found rosidl_adapter: 3.1.7 (/opt/ros/humble/share/rosidl_adapter/cmake)
[0.957s] -- Found rosidl_generator_cpp: 3.1.7 (/opt/ros/humble/share/rosidl_generator_cpp/cmake)
[0.984s] -- Using all available rosidl_typesupport_c: rosidl_typesupport_fastrtps_c;rosidl_typesupport_introspection_c
[1.014s] -- Using all available rosidl_typesupport_cpp: rosidl_typesupport_fastrtps_cpp;rosidl_typesupport_introspection_cpp
[1.178s] -- Found nav_msgs: 4.9.0 (/opt/ros/humble/share/nav_msgs/cmake)
[1.280s] -- Found sensor_msgs: 4.9.0 (/opt/ros/humble/share/sensor_msgs/cmake)
[1.321s] -- Found rclcpp: 16.0.16 (/opt/ros/humble/share/rclcpp/cmake)
[1.547s] -- Found rmw_implementation_cmake: 6.1.2 (/opt/ros/humble/share/rmw_implementation_cmake/cmake)
[1.569s] -- Found rmw_fastrtps_cpp: 6.2.9 (/opt/ros/humble/share/rmw_fastrtps_cpp/cmake)
[1.987s] -- Found OpenSSL: /usr/lib/x86_64-linux-gnu/libcrypto.so (found version "3.0.2")  
[2.140s] -- Found FastRTPS: /opt/ros/humble/include  
[2.311s] -- Using RMW implementation 'rmw_fastrtps_cpp' as default
[2.370s] -- Looking for pthread.h
[2.669s] -- Looking for pthread.h - found
[2.669s] -- Performing Test CMAKE_HAVE_LIBC_PTHREAD
[2.999s] -- Performing Test CMAKE_HAVE_LIBC_PTHREAD - Success
[2.999s] -- Found Threads: TRUE  
[3.304s] -- Found urdf: 2.6.1 (/opt/ros/humble/share/urdf/cmake)
[3.560s] -- Found xacro: 2.1.1 (/opt/ros/humble/share/xacro/cmake)
[3.592s] -- Found tf2: 0.25.17 (/opt/ros/humble/share/tf2/cmake)
[3.621s] -- Found tf2_ros: 0.25.17 (/opt/ros/humble/share/tf2_ros/cmake)
[4.373s] -- Configuring done
[4.438s] -- Generating done
[4.453s] -- Build files have been written to: /home/user/ros2_ws/build/ros2_fra2mo
[4.499s] Invoked command in '/home/user/ros2_ws/build/ros2_fra2mo' returned '0': CMAKE_PREFIX_PATH=${CMAKE_PREFIX_PATH}:/opt/ros/humble /usr/bin/cmake /home/user/ros2_ws/src/ros2_fra2mo -DCMAKE_INSTALL_PREFIX=/home/user/ros2_ws/install/ros2_fra2mo
[4.513s] Invoking command in '/home/user/ros2_ws/build/ros2_fra2mo': CMAKE_PREFIX_PATH=${CMAKE_PREFIX_PATH}:/opt/ros/humble /usr/bin/cmake --build /home/user/ros2_ws/build/ros2_fra2mo -- -j12 -l12
[4.693s] [ 50%] [32mBuilding CXX object CMakeFiles/dynamic_tf_publisher.dir/src/odom_bl_tf.cpp.o[0m
[22.419s] [100%] [32m[1mLinking CXX executable dynamic_tf_publisher[0m
[23.652s] [100%] Built target dynamic_tf_publisher
[23.681s] Invoked command in '/home/user/ros2_ws/build/ros2_fra2mo' returned '0': CMAKE_PREFIX_PATH=${CMAKE_PREFIX_PATH}:/opt/ros/humble /usr/bin/cmake --build /home/user/ros2_ws/build/ros2_fra2mo -- -j12 -l12
[23.682s] Invoking command in '/home/user/ros2_ws/build/ros2_fra2mo': CMAKE_PREFIX_PATH=${CMAKE_PREFIX_PATH}:/opt/ros/humble /usr/bin/cmake --install /home/user/ros2_ws/build/ros2_fra2mo
[23.696s] -- Install configuration: ""
[23.696s] -- Installing: /home/user/ros2_ws/install/ros2_fra2mo/share/ros2_fra2mo/launch
[23.697s] -- Installing: /home/user/ros2_ws/install/ros2_fra2mo/share/ros2_fra2mo/launch/fra2mo_slam.launch.py
[23.697s] -- Installing: /home/user/ros2_ws/install/ros2_fra2mo/share/ros2_fra2mo/launch/fra2mo_amcl.launch.py
[23.698s] -- Installing: /home/user/ros2_ws/install/ros2_fra2mo/share/ros2_fra2mo/launch/fra2mo_explore.launch.py
[23.699s] -- Installing: /home/user/ros2_ws/install/ros2_fra2mo/share/ros2_fra2mo/launch/fra2mo_navigation.launch.py
[23.699s] -- Installing: /home/user/ros2_ws/install/ros2_fra2mo/share/ros2_fra2mo/launch/warehouse.launch.py
[23.700s] -- Installing: /home/user/ros2_ws/install/ros2_fra2mo/share/ros2_fra2mo/launch/display_fra2mo.launch.py
[23.701s] -- Installing: /home/user/ros2_ws/install/ros2_fra2mo/share/ros2_fra2mo/launch/gazebo_fra2mo.launch.py
[23.701s] -- Installing: /home/user/ros2_ws/install/ros2_fra2mo/share/ros2_fra2mo/urdf
[23.702s] -- Installing: /home/user/ros2_ws/install/ros2_fra2mo/share/ros2_fra2mo/urdf/fra2mo.urdf.xacro
[23.702s] -- Installing: /home/user/ros2_ws/install/ros2_fra2mo/share/ros2_fra2mo/urdf/d435_gazebo_macro.xacro
[23.703s] -- Installing: /home/user/ros2_ws/install/ros2_fra2mo/share/ros2_fra2mo/urdf/fra2mo_base_macro.xacro
[23.703s] -- Installing: /home/user/ros2_ws/install/ros2_fra2mo/share/ros2_fra2mo/urdf/test.urdf
[23.704s] -- Installing: /home/user/ros2_ws/install/ros2_fra2mo/share/ros2_fra2mo/urdf/utility_macro.xacro
[23.704s] -- Installing: /home/user/ros2_ws/install/ros2_fra2mo/share/ros2_fra2mo/urdf/lidar_gazebo_macro.xacro
[23.705s] -- Installing: /home/user/ros2_ws/install/ros2_fra2mo/share/ros2_fra2mo/models
[23.705s] -- Installing: /home/user/ros2_ws/install/ros2_fra2mo/share/ros2_fra2mo/models/unknown_obst_1
[23.705s] -- Installing: /home/user/ros2_ws/install/ros2_fra2mo/share/ros2_fra2mo/models/unknown_obst_1/mesh
[23.706s] -- Installing: /home/user/ros2_ws/install/ros2_fra2mo/share/ros2_fra2mo/models/unknown_obst_1/mesh/unknown_obst_high.stl
[23.706s] -- Installing: /home/user/ros2_ws/install/ros2_fra2mo/share/ros2_fra2mo/models/unknown_obst_1/model.config
[23.706s] -- Installing: /home/user/ros2_ws/install/ros2_fra2mo/share/ros2_fra2mo/models/unknown_obst_1/unknown_obst_1.sdf
[23.707s] -- Installing: /home/user/ros2_ws/install/ros2_fra2mo/share/ros2_fra2mo/models/marker_1
[23.707s] -- Installing: /home/user/ros2_ws/install/ros2_fra2mo/share/ros2_fra2mo/models/marker_1/material
[23.708s] -- Installing: /home/user/ros2_ws/install/ros2_fra2mo/share/ros2_fra2mo/models/marker_1/material/textures
[23.708s] -- Installing: /home/user/ros2_ws/install/ros2_fra2mo/share/ros2_fra2mo/models/marker_1/material/textures/ar_tag_0.png
[23.708s] -- Installing: /home/user/ros2_ws/install/ros2_fra2mo/share/ros2_fra2mo/models/marker_1/material/textures/ar_tag_3.png
[23.709s] -- Installing: /home/user/ros2_ws/install/ros2_fra2mo/share/ros2_fra2mo/models/marker_1/material/textures/ar_tag_4.png
[23.710s] -- Installing: /home/user/ros2_ws/install/ros2_fra2mo/share/ros2_fra2mo/models/marker_1/material/textures/ar_tag_1.png
[23.710s] -- Installing: /home/user/ros2_ws/install/ros2_fra2mo/share/ros2_fra2mo/models/marker_1/material/textures/ar_tag_2.png
[23.710s] -- Installing: /home/user/ros2_ws/install/ros2_fra2mo/share/ros2_fra2mo/models/marker_1/material/scripts
[23.711s] -- Installing: /home/user/ros2_ws/install/ros2_fra2mo/share/ros2_fra2mo/models/marker_1/material/scripts/marker_1.material
[23.711s] -- Installing: /home/user/ros2_ws/install/ros2_fra2mo/share/ros2_fra2mo/models/marker_1/model.config
[23.712s] -- Installing: /home/user/ros2_ws/install/ros2_fra2mo/share/ros2_fra2mo/models/marker_1/marker_1.sdf
[23.712s] -- Installing: /home/user/ros2_ws/install/ros2_fra2mo/share/ros2_fra2mo/models/start_pod
[23.712s] -- Installing: /home/user/ros2_ws/install/ros2_fra2mo/share/ros2_fra2mo/models/start_pod/mesh
[23.713s] -- Installing: /home/user/ros2_ws/install/ros2_fra2mo/share/ros2_fra2mo/models/start_pod/mesh/start_pod.stl
[23.713s] -- Installing: /home/user/ros2_ws/install/ros2_fra2mo/share/ros2_fra2mo/models/start_pod/model.config
[23.714s] -- Installing: /home/user/ros2_ws/install/ros2_fra2mo/share/ros2_fra2mo/models/start_pod/start_pod.sdf
[23.714s] -- Installing: /home/user/ros2_ws/install/ros2_fra2mo/share/ros2_fra2mo/models/unknown_obst_2
[23.714s] -- Installing: /home/user/ros2_ws/install/ros2_fra2mo/share/ros2_fra2mo/models/unknown_obst_2/mesh
[23.715s] -- Installing: /home/user/ros2_ws/install/ros2_fra2mo/share/ros2_fra2mo/models/unknown_obst_2/mesh/unknown_obst_low.stl
[23.715s] -- Installing: /home/user/ros2_ws/install/ros2_fra2mo/share/ros2_fra2mo/models/unknown_obst_2/model.config
[23.715s] -- Installing: /home/user/ros2_ws/install/ros2_fra2mo/share/ros2_fra2mo/models/unknown_obst_2/unknown_obst_2.sdf
[23.716s] -- Installing: /home/user/ros2_ws/install/ros2_fra2mo/share/ros2_fra2mo/models/unknown_tunnel_2
[23.716s] -- Installing: /home/user/ros2_ws/install/ros2_fra2mo/share/ros2_fra2mo/models/unknown_tunnel_2/mesh
[23.716s] -- Installing: /home/user/ros2_ws/install/ros2_fra2mo/share/ros2_fra2mo/models/unknown_tunnel_2/mesh/tunnel_short.stl
[23.717s] -- Installing: /home/user/ros2_ws/install/ros2_fra2mo/share/ros2_fra2mo/models/unknown_tunnel_2/model.config
[23.717s] -- Installing: /home/user/ros2_ws/install/ros2_fra2mo/share/ros2_fra2mo/models/unknown_tunnel_2/unknown_tunnel_2.sdf
[23.717s] -- Installing: /home/user/ros2_ws/install/ros2_fra2mo/share/ros2_fra2mo/models/unknown_obst_3
[23.718s] -- Installing: /home/user/ros2_ws/install/ros2_fra2mo/share/ros2_fra2mo/models/unknown_obst_3/mesh
[23.718s] -- Installing: /home/user/ros2_ws/install/ros2_fra2mo/share/ros2_fra2mo/models/unknown_obst_3/mesh/unknown_obst_wall.stl
[23.719s] -- Installing: /home/user/ros2_ws/install/ros2_fra2mo/share/ros2_fra2mo/models/unknown_obst_3/model.config
[23.719s] -- Installing: /home/user/ros2_ws/install/ros2_fra2mo/share/ros2_fra2mo/models/unknown_obst_3/unknown_obst_3.sdf
[23.719s] -- Installing: /home/user/ros2_ws/install/ros2_fra2mo/share/ros2_fra2mo/models/obstacle_10_
[23.719s] -- Installing: /home/user/ros2_ws/install/ros2_fra2mo/share/ros2_fra2mo/models/obstacle_10_/obstacle_10_.sdf
[23.720s] -- Installing: /home/user/ros2_ws/install/ros2_fra2mo/share/ros2_fra2mo/models/obstacle_10_/mesh
[23.720s] -- Installing: /home/user/ros2_ws/install/ros2_fra2mo/share/ros2_fra2mo/models/obstacle_10_/mesh/ostacolo_10_.stl
[23.721s] -- Installing: /home/user/ros2_ws/install/ros2_fra2mo/share/ros2_fra2mo/models/obstacle_10_/model.config
[23.721s] -- Installing: /home/user/ros2_ws/install/ros2_fra2mo/share/ros2_fra2mo/models/unknown_tunnel_1
[23.722s] -- Installing: /home/user/ros2_ws/install/ros2_fra2mo/share/ros2_fra2mo/models/unknown_tunnel_1/unknown_tunnel_1.sdf
[23.722s] -- Installing: /home/user/ros2_ws/install/ros2_fra2mo/share/ros2_fra2mo/models/unknown_tunnel_1/mesh
[23.722s] -- Installing: /home/user/ros2_ws/install/ros2_fra2mo/share/ros2_fra2mo/models/unknown_tunnel_1/mesh/tunnel_long.stl
[23.723s] -- Installing: /home/user/ros2_ws/install/ros2_fra2mo/share/ros2_fra2mo/models/unknown_tunnel_1/model.config
[23.723s] -- Installing: /home/user/ros2_ws/install/ros2_fra2mo/share/ros2_fra2mo/models/obstacle_06
[23.723s] -- Installing: /home/user/ros2_ws/install/ros2_fra2mo/share/ros2_fra2mo/models/obstacle_06/obstacle_06.sdf
[23.724s] -- Installing: /home/user/ros2_ws/install/ros2_fra2mo/share/ros2_fra2mo/models/obstacle_06/mesh
[23.724s] -- Installing: /home/user/ros2_ws/install/ros2_fra2mo/share/ros2_fra2mo/models/obstacle_06/mesh/ostacolo_06.stl
[23.724s] -- Installing: /home/user/ros2_ws/install/ros2_fra2mo/share/ros2_fra2mo/models/obstacle_06/model.config
[23.724s] -- Installing: /home/user/ros2_ws/install/ros2_fra2mo/share/ros2_fra2mo/models/marker_4
[23.725s] -- Installing: /home/user/ros2_ws/install/ros2_fra2mo/share/ros2_fra2mo/models/marker_4/marker_4.sdf
[23.725s] -- Installing: /home/user/ros2_ws/install/ros2_fra2mo/share/ros2_fra2mo/models/marker_4/material
[23.725s] -- Installing: /home/user/ros2_ws/install/ros2_fra2mo/share/ros2_fra2mo/models/marker_4/material/textures
[23.726s] -- Installing: /home/user/ros2_ws/install/ros2_fra2mo/share/ros2_fra2mo/models/marker_4/material/textures/ar_tag_0.png
[23.726s] -- Installing: /home/user/ros2_ws/install/ros2_fra2mo/share/ros2_fra2mo/models/marker_4/material/textures/ar_tag_3.png
[23.726s] -- Installing: /home/user/ros2_ws/install/ros2_fra2mo/share/ros2_fra2mo/models/marker_4/material/textures/ar_tag_4.png
[23.726s] -- Installing: /home/user/ros2_ws/install/ros2_fra2mo/share/ros2_fra2mo/models/marker_4/material/textures/ar_tag_1.png
[23.726s] -- Installing: /home/user/ros2_ws/install/ros2_fra2mo/share/ros2_fra2mo/models/marker_4/material/textures/ar_tag_2.png
[23.727s] -- Installing: /home/user/ros2_ws/install/ros2_fra2mo/share/ros2_fra2mo/models/marker_4/material/scripts
[23.727s] -- Installing: /home/user/ros2_ws/install/ros2_fra2mo/share/ros2_fra2mo/models/marker_4/material/scripts/marker_4.material
[23.727s] -- Installing: /home/user/ros2_ws/install/ros2_fra2mo/share/ros2_fra2mo/models/marker_4/model.config
[23.727s] -- Installing: /home/user/ros2_ws/install/ros2_fra2mo/share/ros2_fra2mo/models/marker_3
[23.728s] -- Installing: /home/user/ros2_ws/install/ros2_fra2mo/share/ros2_fra2mo/models/marker_3/marker_3.sdf
[23.728s] -- Installing: /home/user/ros2_ws/install/ros2_fra2mo/share/ros2_fra2mo/models/marker_3/material
[23.728s] -- Installing: /home/user/ros2_ws/install/ros2_fra2mo/share/ros2_fra2mo/models/marker_3/material/textures
[23.729s] -- Installing: /home/user/ros2_ws/install/ros2_fra2mo/share/ros2_fra2mo/models/marker_3/material/textures/ar_tag_0.png
[23.729s] -- Installing: /home/user/ros2_ws/install/ros2_fra2mo/share/ros2_fra2mo/models/marker_3/material/textures/ar_tag_3.png
[23.730s] -- Installing: /home/user/ros2_ws/install/ros2_fra2mo/share/ros2_fra2mo/models/marker_3/material/textures/ar_tag_4.png
[23.730s] -- Installing: /home/user/ros2_ws/install/ros2_fra2mo/share/ros2_fra2mo/models/marker_3/material/textures/ar_tag_1.png
[23.731s] -- Installing: /home/user/ros2_ws/install/ros2_fra2mo/share/ros2_fra2mo/models/marker_3/material/textures/ar_tag_2.png
[23.731s] -- Installing: /home/user/ros2_ws/install/ros2_fra2mo/share/ros2_fra2mo/models/marker_3/material/scripts
[23.732s] -- Installing: /home/user/ros2_ws/install/ros2_fra2mo/share/ros2_fra2mo/models/marker_3/material/scripts/marker_3.material
[23.732s] -- Installing: /home/user/ros2_ws/install/ros2_fra2mo/share/ros2_fra2mo/models/marker_3/model.config
[23.732s] -- Installing: /home/user/ros2_ws/install/ros2_fra2mo/share/ros2_fra2mo/models/roof
[23.733s] -- Installing: /home/user/ros2_ws/install/ros2_fra2mo/share/ros2_fra2mo/models/roof/roof.sdf
[23.733s] -- Installing: /home/user/ros2_ws/install/ros2_fra2mo/share/ros2_fra2mo/models/roof/mesh
[23.733s] -- Installing: /home/user/ros2_ws/install/ros2_fra2mo/share/ros2_fra2mo/models/roof/mesh/roof.stl
[23.734s] -- Installing: /home/user/ros2_ws/install/ros2_fra2mo/share/ros2_fra2mo/models/roof/model.config
[23.735s] -- Installing: /home/user/ros2_ws/install/ros2_fra2mo/share/ros2_fra2mo/models/marker_0
[23.735s] -- Installing: /home/user/ros2_ws/install/ros2_fra2mo/share/ros2_fra2mo/models/marker_0/ar_tag_0.png
[23.735s] -- Installing: /home/user/ros2_ws/install/ros2_fra2mo/share/ros2_fra2mo/models/marker_0/material
[23.736s] -- Installing: /home/user/ros2_ws/install/ros2_fra2mo/share/ros2_fra2mo/models/marker_0/material/textures
[23.736s] -- Installing: /home/user/ros2_ws/install/ros2_fra2mo/share/ros2_fra2mo/models/marker_0/material/textures/ar_tag_0.png
[23.737s] -- Installing: /home/user/ros2_ws/install/ros2_fra2mo/share/ros2_fra2mo/models/marker_0/material/textures/ar_tag_3.png
[23.737s] -- Installing: /home/user/ros2_ws/install/ros2_fra2mo/share/ros2_fra2mo/models/marker_0/material/textures/ar_tag_4.png
[23.738s] -- Installing: /home/user/ros2_ws/install/ros2_fra2mo/share/ros2_fra2mo/models/marker_0/material/textures/ar_tag_1.png
[23.738s] -- Installing: /home/user/ros2_ws/install/ros2_fra2mo/share/ros2_fra2mo/models/marker_0/material/textures/ar_tag_2.png
[23.739s] -- Installing: /home/user/ros2_ws/install/ros2_fra2mo/share/ros2_fra2mo/models/marker_0/material/scripts
[23.739s] -- Installing: /home/user/ros2_ws/install/ros2_fra2mo/share/ros2_fra2mo/models/marker_0/material/scripts/marker_0.material
[23.740s] -- Installing: /home/user/ros2_ws/install/ros2_fra2mo/share/ros2_fra2mo/models/marker_0/marker_0.sdf
[23.740s] -- Installing: /home/user/ros2_ws/install/ros2_fra2mo/share/ros2_fra2mo/models/marker_0/model.config
[23.740s] -- Installing: /home/user/ros2_ws/install/ros2_fra2mo/share/ros2_fra2mo/models/race_field
[23.741s] -- Installing: /home/user/ros2_ws/install/ros2_fra2mo/share/ros2_fra2mo/models/race_field/mesh
[23.741s] -- Installing: /home/user/ros2_ws/install/ros2_fra2mo/share/ros2_fra2mo/models/race_field/mesh/campo_gara.stl
[23.742s] -- Installing: /home/user/ros2_ws/install/ros2_fra2mo/share/ros2_fra2mo/models/race_field/model.config
[23.742s] -- Installing: /home/user/ros2_ws/install/ros2_fra2mo/share/ros2_fra2mo/models/race_field/model.sdf
[23.743s] -- Installing: /home/user/ros2_ws/install/ros2_fra2mo/share/ros2_fra2mo/models/obstacle_09
[23.743s] -- Installing: /home/user/ros2_ws/install/ros2_fra2mo/share/ros2_fra2mo/models/obstacle_09/mesh
[23.743s] -- Installing: /home/user/ros2_ws/install/ros2_fra2mo/share/ros2_fra2mo/models/obstacle_09/mesh/ostacolo_09.stl
[23.744s] -- Installing: /home/user/ros2_ws/install/ros2_fra2mo/share/ros2_fra2mo/models/obstacle_09/model.config
[23.744s] -- Installing: /home/user/ros2_ws/install/ros2_fra2mo/share/ros2_fra2mo/models/obstacle_09/obstacle_09.sdf
[23.745s] -- Installing: /home/user/ros2_ws/install/ros2_fra2mo/share/ros2_fra2mo/models/obstacle_03
[23.745s] -- Installing: /home/user/ros2_ws/install/ros2_fra2mo/share/ros2_fra2mo/models/obstacle_03/mesh
[23.746s] -- Installing: /home/user/ros2_ws/install/ros2_fra2mo/share/ros2_fra2mo/models/obstacle_03/mesh/ostacolo_03.stl
[23.746s] -- Installing: /home/user/ros2_ws/install/ros2_fra2mo/share/ros2_fra2mo/models/obstacle_03/model.config
[23.747s] -- Installing: /home/user/ros2_ws/install/ros2_fra2mo/share/ros2_fra2mo/models/obstacle_03/obstacle_03.sdf
[23.747s] -- Installing: /home/user/ros2_ws/install/ros2_fra2mo/share/ros2_fra2mo/models/marker26_8cm_massless
[23.748s] -- Installing: /home/user/ros2_ws/install/ros2_fra2mo/share/ros2_fra2mo/models/marker26_8cm_massless/material
[23.748s] -- Installing: /home/user/ros2_ws/install/ros2_fra2mo/share/ros2_fra2mo/models/marker26_8cm_massless/material/textures
[23.748s] -- Installing: /home/user/ros2_ws/install/ros2_fra2mo/share/ros2_fra2mo/models/marker26_8cm_massless/material/textures/aruco-26_8cm.png
[23.749s] -- Installing: /home/user/ros2_ws/install/ros2_fra2mo/share/ros2_fra2mo/models/marker26_8cm_massless/material/scripts
[23.749s] -- Installing: /home/user/ros2_ws/install/ros2_fra2mo/share/ros2_fra2mo/models/marker26_8cm_massless/material/scripts/marker26_8cm.material
[23.750s] -- Installing: /home/user/ros2_ws/install/ros2_fra2mo/share/ros2_fra2mo/models/marker26_8cm_massless/model.config
[23.750s] -- Installing: /home/user/ros2_ws/install/ros2_fra2mo/share/ros2_fra2mo/models/marker26_8cm_massless/marker26_8cm_massless.sdf
[23.751s] -- Installing: /home/user/ros2_ws/install/ros2_fra2mo/share/ros2_fra2mo/models/marker_2
[23.751s] -- Installing: /home/user/ros2_ws/install/ros2_fra2mo/share/ros2_fra2mo/models/marker_2/material
[23.751s] -- Installing: /home/user/ros2_ws/install/ros2_fra2mo/share/ros2_fra2mo/models/marker_2/material/textures
[23.752s] -- Installing: /home/user/ros2_ws/install/ros2_fra2mo/share/ros2_fra2mo/models/marker_2/material/textures/ar_tag_0.png
[23.752s] -- Installing: /home/user/ros2_ws/install/ros2_fra2mo/share/ros2_fra2mo/models/marker_2/material/textures/ar_tag_3.png
[23.753s] -- Installing: /home/user/ros2_ws/install/ros2_fra2mo/share/ros2_fra2mo/models/marker_2/material/textures/ar_tag_4.png
[23.753s] -- Installing: /home/user/ros2_ws/install/ros2_fra2mo/share/ros2_fra2mo/models/marker_2/material/textures/ar_tag_1.png
[23.754s] -- Installing: /home/user/ros2_ws/install/ros2_fra2mo/share/ros2_fra2mo/models/marker_2/material/textures/ar_tag_2.png
[23.754s] -- Installing: /home/user/ros2_ws/install/ros2_fra2mo/share/ros2_fra2mo/models/marker_2/material/scripts
[23.754s] -- Installing: /home/user/ros2_ws/install/ros2_fra2mo/share/ros2_fra2mo/models/marker_2/material/scripts/marker_2.material
[23.755s] -- Installing: /home/user/ros2_ws/install/ros2_fra2mo/share/ros2_fra2mo/models/marker_2/model.config
[23.755s] -- Installing: /home/user/ros2_ws/install/ros2_fra2mo/share/ros2_fra2mo/models/marker_2/marker_2.sdf
[23.756s] -- Installing: /home/user/ros2_ws/install/ros2_fra2mo/share/ros2_fra2mo/models/obstacle_10
[23.756s] -- Installing: /home/user/ros2_ws/install/ros2_fra2mo/share/ros2_fra2mo/models/obstacle_10/mesh
[23.757s] -- Installing: /home/user/ros2_ws/install/ros2_fra2mo/share/ros2_fra2mo/models/obstacle_10/mesh/ostacolo_10.stl
[23.757s] -- Installing: /home/user/ros2_ws/install/ros2_fra2mo/share/ros2_fra2mo/models/obstacle_10/model.config
[23.758s] -- Installing: /home/user/ros2_ws/install/ros2_fra2mo/share/ros2_fra2mo/models/obstacle_10/obstacle_10.sdf
[23.758s] -- Installing: /home/user/ros2_ws/install/ros2_fra2mo/share/ros2_fra2mo/models/intruder
[23.759s] -- Installing: /home/user/ros2_ws/install/ros2_fra2mo/share/ros2_fra2mo/models/intruder/intruder.sdf
[23.759s] -- Installing: /home/user/ros2_ws/install/ros2_fra2mo/share/ros2_fra2mo/models/intruder/mesh
[23.760s] -- Installing: /home/user/ros2_ws/install/ros2_fra2mo/share/ros2_fra2mo/models/intruder/mesh/intruder.stl
[23.760s] -- Installing: /home/user/ros2_ws/install/ros2_fra2mo/share/ros2_fra2mo/models/intruder/model.config
[23.761s] -- Installing: /home/user/ros2_ws/install/ros2_fra2mo/share/ros2_fra2mo/meshes
[23.761s] -- Installing: /home/user/ros2_ws/install/ros2_fra2mo/share/ros2_fra2mo/meshes/unknown_obst_low.stl
[23.762s] -- Installing: /home/user/ros2_ws/install/ros2_fra2mo/share/ros2_fra2mo/meshes/assieme_gara_2023.stl
[23.763s] -- Installing: /home/user/ros2_ws/install/ros2_fra2mo/share/ros2_fra2mo/meshes/start_pod.stl
[23.763s] -- Installing: /home/user/ros2_ws/install/ros2_fra2mo/share/ros2_fra2mo/meshes/ostacolo_10.stl
[23.763s] -- Installing: /home/user/ros2_ws/install/ros2_fra2mo/share/ros2_fra2mo/meshes/tunnel_short.stl
[23.764s] -- Installing: /home/user/ros2_ws/install/ros2_fra2mo/share/ros2_fra2mo/meshes/ostacolo_06.stl
[23.764s] -- Installing: /home/user/ros2_ws/install/ros2_fra2mo/share/ros2_fra2mo/meshes/ostacolo_09.stl
[23.765s] -- Installing: /home/user/ros2_ws/install/ros2_fra2mo/share/ros2_fra2mo/meshes/unknown_obst_wall.stl
[23.766s] -- Installing: /home/user/ros2_ws/install/ros2_fra2mo/share/ros2_fra2mo/meshes/intruder.stl
[23.767s] -- Installing: /home/user/ros2_ws/install/ros2_fra2mo/share/ros2_fra2mo/meshes/rl_fra2mo_body.stl
[23.777s] -- Installing: /home/user/ros2_ws/install/ros2_fra2mo/share/ros2_fra2mo/meshes/rl_fra2mo_wheel.stl
[23.777s] -- Installing: /home/user/ros2_ws/install/ros2_fra2mo/share/ros2_fra2mo/meshes/unknown_obst_high.stl
[23.778s] -- Installing: /home/user/ros2_ws/install/ros2_fra2mo/share/ros2_fra2mo/meshes/ostacolo_03.stl
[23.778s] -- Installing: /home/user/ros2_ws/install/ros2_fra2mo/share/ros2_fra2mo/meshes/tunnel_long.stl
[23.780s] -- Installing: /home/user/ros2_ws/install/ros2_fra2mo/share/ros2_fra2mo/meshes/campo_gara.stl
[23.782s] -- Installing: /home/user/ros2_ws/install/ros2_fra2mo/share/ros2_fra2mo/meshes/lidar.stl
[23.785s] -- Installing: /home/user/ros2_ws/install/ros2_fra2mo/share/ros2_fra2mo/worlds
[23.785s] -- Installing: /home/user/ros2_ws/install/ros2_fra2mo/share/ros2_fra2mo/worlds/leonardo_race_field.sdf
[23.786s] -- Installing: /home/user/ros2_ws/install/ros2_fra2mo/share/ros2_fra2mo/worlds/warehouse.sdf
[23.786s] -- Installing: /home/user/ros2_ws/install/ros2_fra2mo/share/ros2_fra2mo/config
[23.786s] -- Installing: /home/user/ros2_ws/install/ros2_fra2mo/share/ros2_fra2mo/config/slam.yaml
[23.786s] -- Installing: /home/user/ros2_ws/install/ros2_fra2mo/share/ros2_fra2mo/config/explore.yaml
[23.786s] -- Installing: /home/user/ros2_ws/install/ros2_fra2mo/share/ros2_fra2mo/config/iiwa.pose.yaml
[23.786s] -- Installing: /home/user/ros2_ws/install/ros2_fra2mo/share/ros2_fra2mo/config/amcl.yaml
[23.786s] -- Installing: /home/user/ros2_ws/install/ros2_fra2mo/share/ros2_fra2mo/config/navigation.yaml
[23.788s] -- Installing: /home/user/ros2_ws/install/ros2_fra2mo/share/ros2_fra2mo/src
[23.788s] -- Installing: /home/user/ros2_ws/install/ros2_fra2mo/share/ros2_fra2mo/src/odom_bl_tf.cpp
[23.789s] -- Installing: /home/user/ros2_ws/install/ros2_fra2mo/share/ros2_fra2mo/maps
[23.789s] -- Installing: /home/user/ros2_ws/install/ros2_fra2mo/share/ros2_fra2mo/maps/sim_map.pgm
[23.789s] -- Installing: /home/user/ros2_ws/install/ros2_fra2mo/share/ros2_fra2mo/maps/warehouse_map.yaml
[23.790s] -- Installing: /home/user/ros2_ws/install/ros2_fra2mo/share/ros2_fra2mo/maps/sim_map.yaml
[23.790s] -- Installing: /home/user/ros2_ws/install/ros2_fra2mo/share/ros2_fra2mo/maps/map.yaml
[23.791s] -- Installing: /home/user/ros2_ws/install/ros2_fra2mo/share/ros2_fra2mo/maps/map.pgm
[23.792s] -- Installing: /home/user/ros2_ws/install/ros2_fra2mo/share/ros2_fra2mo/maps/warehouse_map.pgm
[23.792s] -- Installing: /home/user/ros2_ws/install/ros2_fra2mo/share/ros2_fra2mo/scripts
[23.793s] -- Installing: /home/user/ros2_ws/install/ros2_fra2mo/share/ros2_fra2mo/scripts/reach_goal.py
[23.793s] -- Installing: /home/user/ros2_ws/install/ros2_fra2mo/share/ros2_fra2mo/scripts/follow_waypoints.py
[23.793s] -- Installing: /home/user/ros2_ws/install/ros2_fra2mo/share/ros2_fra2mo/rviz_conf
[23.793s] -- Installing: /home/user/ros2_ws/install/ros2_fra2mo/share/ros2_fra2mo/rviz_conf/slam_view.rviz
[23.794s] -- Installing: /home/user/ros2_ws/install/ros2_fra2mo/share/ros2_fra2mo/rviz_conf/amcl_view.rviz
[23.794s] -- Installing: /home/user/ros2_ws/install/ros2_fra2mo/share/ros2_fra2mo/rviz_conf/navigation.rviz
[23.796s] -- Installing: /home/user/ros2_ws/install/ros2_fra2mo/share/ros2_fra2mo/rviz_conf/fra2mo_conf.rviz
[23.797s] -- Installing: /home/user/ros2_ws/install/ros2_fra2mo/share/ros2_fra2mo/rviz_conf/conf_base.rviz
[23.797s] -- Installing: /home/user/ros2_ws/install/ros2_fra2mo/share/ros2_fra2mo/rviz_conf/explore.rviz
[23.798s] -- Installing: /home/user/ros2_ws/install/ros2_fra2mo/lib/ros2_fra2mo/dynamic_tf_publisher
[23.805s] -- Set runtime path of "/home/user/ros2_ws/install/ros2_fra2mo/lib/ros2_fra2mo/dynamic_tf_publisher" to ""
[23.807s] -- Installing: /home/user/ros2_ws/install/ros2_fra2mo/lib/ros2_fra2mo/reach_goal.py
[23.812s] -- Installing: /home/user/ros2_ws/install/ros2_fra2mo/lib/ros2_fra2mo/follow_waypoints.py
[23.813s] -- Installing: /home/user/ros2_ws/install/ros2_fra2mo/share/ament_index/resource_index/package_run_dependencies/ros2_fra2mo
[23.813s] -- Installing: /home/user/ros2_ws/install/ros2_fra2mo/share/ament_index/resource_index/parent_prefix_path/ros2_fra2mo
[23.813s] -- Installing: /home/user/ros2_ws/install/ros2_fra2mo/share/ros2_fra2mo/environment/ament_prefix_path.sh
[23.813s] -- Installing: /home/user/ros2_ws/install/ros2_fra2mo/share/ros2_fra2mo/environment/ament_prefix_path.dsv
[23.813s] -- Installing: /home/user/ros2_ws/install/ros2_fra2mo/share/ros2_fra2mo/environment/path.sh
[23.813s] -- Installing: /home/user/ros2_ws/install/ros2_fra2mo/share/ros2_fra2mo/environment/path.dsv
[23.814s] -- Installing: /home/user/ros2_ws/install/ros2_fra2mo/share/ros2_fra2mo/local_setup.bash
[23.814s] -- Installing: /home/user/ros2_ws/install/ros2_fra2mo/share/ros2_fra2mo/local_setup.sh
[23.814s] -- Installing: /home/user/ros2_ws/install/ros2_fra2mo/share/ros2_fra2mo/local_setup.zsh
[23.814s] -- Installing: /home/user/ros2_ws/install/ros2_fra2mo/share/ros2_fra2mo/local_setup.dsv
[23.814s] -- Installing: /home/user/ros2_ws/install/ros2_fra2mo/share/ros2_fra2mo/package.dsv
[23.814s] -- Installing: /home/user/ros2_ws/install/ros2_fra2mo/share/ament_index/resource_index/packages/ros2_fra2mo
[23.814s] -- Installing: /home/user/ros2_ws/install/ros2_fra2mo/share/ros2_fra2mo/cmake/ros2_fra2moConfig.cmake
[23.814s] -- Installing: /home/user/ros2_ws/install/ros2_fra2mo/share/ros2_fra2mo/cmake/ros2_fra2moConfig-version.cmake
[23.815s] -- Installing: /home/user/ros2_ws/install/ros2_fra2mo/share/ros2_fra2mo/package.xml
[23.821s] Invoked command in '/home/user/ros2_ws/build/ros2_fra2mo' returned '0': CMAKE_PREFIX_PATH=${CMAKE_PREFIX_PATH}:/opt/ros/humble /usr/bin/cmake --install /home/user/ros2_ws/build/ros2_fra2mo
