[0.040s] Invoking command in '/home/user/ros2_ws/build/explore_lite': CMAKE_PREFIX_PATH=${CMAKE_PREFIX_PATH}:/opt/ros/humble /usr/bin/cmake --build /home/user/ros2_ws/build/explore_lite -- -j12 -l12
[0.178s] [ 20%] Built target gtest
[0.179s] [ 40%] Built target gtest_main
[0.256s] [ 80%] Built target explore
[0.278s] [100%] Built target test_explore
[0.353s] Invoked command in '/home/user/ros2_ws/build/explore_lite' returned '0': CMAKE_PREFIX_PATH=${CMAKE_PREFIX_PATH}:/opt/ros/humble /usr/bin/cmake --build /home/user/ros2_ws/build/explore_lite -- -j12 -l12
[0.368s] Invoking command in '/home/user/ros2_ws/build/explore_lite': CMAKE_PREFIX_PATH=${CMAKE_PREFIX_PATH}:/opt/ros/humble /usr/bin/cmake --install /home/user/ros2_ws/build/explore_lite
[0.383s] -- Install configuration: ""
[0.383s] -- Up-to-date: /home/user/ros2_ws/install/explore_lite/include/explore/
[0.383s] -- Up-to-date: /home/user/ros2_ws/install/explore_lite/include/explore//explore.h
[0.383s] -- Up-to-date: /home/user/ros2_ws/install/explore_lite/include/explore//costmap_tools.h
[0.383s] -- Up-to-date: /home/user/ros2_ws/install/explore_lite/include/explore//frontier_search.h
[0.383s] -- Up-to-date: /home/user/ros2_ws/install/explore_lite/include/explore//costmap_client.h
[0.383s] -- Up-to-date: /home/user/ros2_ws/install/explore_lite/share/explore_lite/config
[0.384s] -- Up-to-date: /home/user/ros2_ws/install/explore_lite/share/explore_lite/config/params_costmap.yaml
[0.387s] -- Up-to-date: /home/user/ros2_ws/install/explore_lite/share/explore_lite/config/params.yaml
[0.387s] -- Up-to-date: /home/user/ros2_ws/install/explore_lite/share/explore_lite/launch
[0.387s] -- Up-to-date: /home/user/ros2_ws/install/explore_lite/share/explore_lite/launch/explore.launch.py
[0.389s] -- Up-to-date: /home/user/ros2_ws/install/explore_lite/lib/explore_lite/explore
[0.392s] -- Up-to-date: /home/user/ros2_ws/install/explore_lite/share/ament_index/resource_index/package_run_dependencies/explore_lite
[0.395s] -- Up-to-date: /home/user/ros2_ws/install/explore_lite/share/ament_index/resource_index/parent_prefix_path/explore_lite
[0.395s] -- Up-to-date: /home/user/ros2_ws/install/explore_lite/share/explore_lite/environment/ament_prefix_path.sh
[0.395s] -- Up-to-date: /home/user/ros2_ws/install/explore_lite/share/explore_lite/environment/ament_prefix_path.dsv
[0.395s] -- Up-to-date: /home/user/ros2_ws/install/explore_lite/share/explore_lite/environment/path.sh
[0.395s] -- Up-to-date: /home/user/ros2_ws/install/explore_lite/share/explore_lite/environment/path.dsv
[0.396s] -- Up-to-date: /home/user/ros2_ws/install/explore_lite/share/explore_lite/local_setup.bash
[0.396s] -- Up-to-date: /home/user/ros2_ws/install/explore_lite/share/explore_lite/local_setup.sh
[0.396s] -- Up-to-date: /home/user/ros2_ws/install/explore_lite/share/explore_lite/local_setup.zsh
[0.397s] -- Up-to-date: /home/user/ros2_ws/install/explore_lite/share/explore_lite/local_setup.dsv
[0.397s] -- Installing: /home/user/ros2_ws/install/explore_lite/share/explore_lite/package.dsv
[0.404s] -- Up-to-date: /home/user/ros2_ws/install/explore_lite/share/ament_index/resource_index/packages/explore_lite
[0.405s] -- Up-to-date: /home/user/ros2_ws/install/explore_lite/share/explore_lite/cmake/ament_cmake_export_include_directories-extras.cmake
[0.405s] -- Up-to-date: /home/user/ros2_ws/install/explore_lite/share/explore_lite/cmake/explore_liteConfig.cmake
[0.406s] -- Up-to-date: /home/user/ros2_ws/install/explore_lite/share/explore_lite/cmake/explore_liteConfig-version.cmake
[0.406s] -- Up-to-date: /home/user/ros2_ws/install/explore_lite/share/explore_lite/package.xml
[0.463s] Invoked command in '/home/user/ros2_ws/build/explore_lite' returned '0': CMAKE_PREFIX_PATH=${CMAKE_PREFIX_PATH}:/opt/ros/humble /usr/bin/cmake --install /home/user/ros2_ws/build/explore_lite
