[0.044s] Invoking command in '/home/user/ros2_ws/build/aruco': CMAKE_PREFIX_PATH=${CMAKE_PREFIX_PATH}:/opt/ros/humble /usr/bin/cmake /home/user/ros2_ws/src/aruco_ros/aruco -DCMAKE_INSTALL_PREFIX=/home/user/ros2_ws/install/aruco
[0.134s] -- The C compiler identification is GNU 11.4.0
[0.208s] -- The CXX compiler identification is GNU 11.4.0
[0.217s] -- Detecting C compiler ABI info
[0.304s] -- Detecting C compiler ABI info - done
[0.321s] -- Check for working C compiler: /usr/bin/cc - skipped
[0.321s] -- Detecting C compile features
[0.321s] -- Detecting C compile features - done
[0.327s] -- Detecting CXX compiler ABI info
[0.435s] -- Detecting CXX compiler ABI info - done
[0.450s] -- Check for working CXX compiler: /usr/bin/c++ - skipped
[0.450s] -- Detecting CXX compile features
[0.451s] -- Detecting CXX compile features - done
[0.457s] -- Found ament_cmake: 1.3.12 (/opt/ros/humble/share/ament_cmake/cmake)
[0.681s] -- Found Python3: /usr/bin/python3 (found version "3.10.12") found components: Interpreter 
[0.858s] -- Found OpenCV: /usr (found suitable version "4.5.4", minimum required is "4.2.0") 
[0.942s] -- Configuring done
[0.953s] -- Generating done
[0.957s] -- Build files have been written to: /home/user/ros2_ws/build/aruco
[0.962s] Invoked command in '/home/user/ros2_ws/build/aruco' returned '0': CMAKE_PREFIX_PATH=${CMAKE_PREFIX_PATH}:/opt/ros/humble /usr/bin/cmake /home/user/ros2_ws/src/aruco_ros/aruco -DCMAKE_INSTALL_PREFIX=/home/user/ros2_ws/install/aruco
[0.964s] Invoking command in '/home/user/ros2_ws/build/aruco': CMAKE_PREFIX_PATH=${CMAKE_PREFIX_PATH}:/opt/ros/humble /usr/bin/cmake --build /home/user/ros2_ws/build/aruco -- -j12 -l12
[1.021s] [  5%] [32mBuilding CXX object CMakeFiles/aruco.dir/src/aruco/cvdrawingutils.cpp.o[0m
[2.361s] [ 11%] [32mBuilding CXX object CMakeFiles/aruco.dir/src/aruco/markermap.cpp.o[0m
[3.897s] [ 16%] [32mBuilding CXX object CMakeFiles/aruco.dir/src/aruco/posetracker.cpp.o[0m
[9.427s] [ 22%] [32mBuilding CXX object CMakeFiles/aruco.dir/src/aruco/fractallabelers/fractallabeler.cpp.o[0m
[10.659s] [ 27%] [32mBuilding CXX object CMakeFiles/aruco.dir/src/aruco/fractallabelers/fractalmarker.cpp.o[0m
[11.490s] [ 33%] [32mBuilding CXX object CMakeFiles/aruco.dir/src/aruco/fractallabelers/fractalmarkerset.cpp.o[0m
[13.026s] [ 38%] [32mBuilding CXX object CMakeFiles/aruco.dir/src/aruco/fractallabelers/fractalposetracker.cpp.o[0m
[15.459s] [ 44%] [32mBuilding CXX object CMakeFiles/aruco.dir/src/aruco/markerlabeler.cpp.o[0m
[16.145s] [ 50%] [32mBuilding CXX object CMakeFiles/aruco.dir/src/aruco/markerdetector.cpp.o[0m
[17.102s] [ 55%] [32mBuilding CXX object CMakeFiles/aruco.dir/src/aruco/markerdetector_impl.cpp.o[0m
[19.112s] [ 61%] [32mBuilding CXX object CMakeFiles/aruco.dir/src/aruco/marker.cpp.o[0m
[20.005s] [ 66%] [32mBuilding CXX object CMakeFiles/aruco.dir/src/aruco/ippe.cpp.o[0m
[20.911s] [ 72%] [32mBuilding CXX object CMakeFiles/aruco.dir/src/aruco/fractaldetector.cpp.o[0m
[22.098s] [ 77%] [32mBuilding CXX object CMakeFiles/aruco.dir/src/aruco/dictionary.cpp.o[0m
[23.240s] [ 83%] [32mBuilding CXX object CMakeFiles/aruco.dir/src/aruco/dictionary_based.cpp.o[0m
[24.272s] [ 88%] [32mBuilding CXX object CMakeFiles/aruco.dir/src/aruco/debug.cpp.o[0m
[24.577s] [ 94%] [32mBuilding CXX object CMakeFiles/aruco.dir/src/aruco/cameraparameters.cpp.o[0m
[25.335s] [100%] [32m[1mLinking CXX shared library libaruco.so[0m
[25.721s] [100%] Built target aruco
[25.731s] Invoked command in '/home/user/ros2_ws/build/aruco' returned '0': CMAKE_PREFIX_PATH=${CMAKE_PREFIX_PATH}:/opt/ros/humble /usr/bin/cmake --build /home/user/ros2_ws/build/aruco -- -j12 -l12
[25.732s] Invoking command in '/home/user/ros2_ws/build/aruco': CMAKE_PREFIX_PATH=${CMAKE_PREFIX_PATH}:/opt/ros/humble /usr/bin/cmake --install /home/user/ros2_ws/build/aruco
[25.739s] -- Install configuration: ""
[25.740s] -- Installing: /home/user/ros2_ws/install/aruco/lib/libaruco.so
[25.744s] -- Installing: /home/user/ros2_ws/install/aruco/include
[25.744s] -- Installing: /home/user/ros2_ws/install/aruco/include/aruco
[25.744s] -- Installing: /home/user/ros2_ws/install/aruco/include/aruco/fractaldetector.h
[25.744s] -- Installing: /home/user/ros2_ws/install/aruco/include/aruco/fractallabelers
[25.745s] -- Installing: /home/user/ros2_ws/install/aruco/include/aruco/fractallabelers/fractalmarkerset.h
[25.745s] -- Installing: /home/user/ros2_ws/install/aruco/include/aruco/fractallabelers/fractalposetracker.h
[25.745s] -- Installing: /home/user/ros2_ws/install/aruco/include/aruco/fractallabelers/fractallabeler.h
[25.745s] -- Installing: /home/user/ros2_ws/install/aruco/include/aruco/fractallabelers/fractalmarker.h
[25.745s] -- Installing: /home/user/ros2_ws/install/aruco/include/aruco/cvdrawingutils.h
[25.745s] -- Installing: /home/user/ros2_ws/install/aruco/include/aruco/aruco_cvversioning.h
[25.745s] -- Installing: /home/user/ros2_ws/install/aruco/include/aruco/dictionary.h
[25.745s] -- Installing: /home/user/ros2_ws/install/aruco/include/aruco/markerdetector_impl.h
[25.746s] -- Installing: /home/user/ros2_ws/install/aruco/include/aruco/marker.h
[25.746s] -- Installing: /home/user/ros2_ws/install/aruco/include/aruco/aruco.h
[25.746s] -- Installing: /home/user/ros2_ws/install/aruco/include/aruco/levmarq.h
[25.746s] -- Installing: /home/user/ros2_ws/install/aruco/include/aruco/debug.h
[25.746s] -- Installing: /home/user/ros2_ws/install/aruco/include/aruco/cameraparameters.h
[25.746s] -- Installing: /home/user/ros2_ws/install/aruco/include/aruco/aruco_export.h
[25.746s] -- Installing: /home/user/ros2_ws/install/aruco/include/aruco/markermap.h
[25.747s] -- Installing: /home/user/ros2_ws/install/aruco/include/aruco/ippe.h
[25.747s] -- Installing: /home/user/ros2_ws/install/aruco/include/aruco/posetracker.h
[25.747s] -- Installing: /home/user/ros2_ws/install/aruco/include/aruco/dictionary_based.h
[25.747s] -- Installing: /home/user/ros2_ws/install/aruco/include/aruco/markerlabeler.h
[25.747s] -- Installing: /home/user/ros2_ws/install/aruco/include/aruco/markerdetector.h
[25.747s] -- Installing: /home/user/ros2_ws/install/aruco/include/aruco/timers.h
[25.748s] -- Installing: /home/user/ros2_ws/install/aruco/include/aruco/picoflann.h
[25.748s] -- Installing: /home/user/ros2_ws/install/aruco/share/aruco/environment/library_path.sh
[25.748s] -- Installing: /home/user/ros2_ws/install/aruco/share/aruco/environment/library_path.dsv
[25.748s] -- Installing: /home/user/ros2_ws/install/aruco/share/ament_index/resource_index/package_run_dependencies/aruco
[25.749s] -- Installing: /home/user/ros2_ws/install/aruco/share/ament_index/resource_index/parent_prefix_path/aruco
[25.749s] -- Installing: /home/user/ros2_ws/install/aruco/share/aruco/environment/ament_prefix_path.sh
[25.749s] -- Installing: /home/user/ros2_ws/install/aruco/share/aruco/environment/ament_prefix_path.dsv
[25.749s] -- Installing: /home/user/ros2_ws/install/aruco/share/aruco/environment/path.sh
[25.749s] -- Installing: /home/user/ros2_ws/install/aruco/share/aruco/environment/path.dsv
[25.750s] -- Installing: /home/user/ros2_ws/install/aruco/share/aruco/local_setup.bash
[25.750s] -- Installing: /home/user/ros2_ws/install/aruco/share/aruco/local_setup.sh
[25.750s] -- Installing: /home/user/ros2_ws/install/aruco/share/aruco/local_setup.zsh
[25.750s] -- Installing: /home/user/ros2_ws/install/aruco/share/aruco/local_setup.dsv
[25.750s] -- Installing: /home/user/ros2_ws/install/aruco/share/aruco/package.dsv
[25.751s] -- Installing: /home/user/ros2_ws/install/aruco/share/ament_index/resource_index/packages/aruco
[25.751s] -- Installing: /home/user/ros2_ws/install/aruco/share/aruco/cmake/ament_cmake_export_include_directories-extras.cmake
[25.751s] -- Installing: /home/user/ros2_ws/install/aruco/share/aruco/cmake/ament_cmake_export_libraries-extras.cmake
[25.751s] -- Installing: /home/user/ros2_ws/install/aruco/share/aruco/cmake/arucoConfig.cmake
[25.751s] -- Installing: /home/user/ros2_ws/install/aruco/share/aruco/cmake/arucoConfig-version.cmake
[25.752s] -- Installing: /home/user/ros2_ws/install/aruco/share/aruco/package.xml
[25.754s] Invoked command in '/home/user/ros2_ws/build/aruco' returned '0': CMAKE_PREFIX_PATH=${CMAKE_PREFIX_PATH}:/opt/ros/humble /usr/bin/cmake --install /home/user/ros2_ws/build/aruco
