[0.036s] Invoking command in '/home/user/ros2_ws/build/iiwa_bringup': CMAKE_PREFIX_PATH=/home/user/ros2_ws/install/iiwa_description:/home/user/ros2_ws/install/ros2_kdl_package:/home/user/ros2_ws/install/ros2_fra2mo:/home/user/ros2_ws/install/impedance_controller:/home/user/ros2_ws/install/iiwa_bringup:/home/user/ros2_ws/install/external_torque_sensor_broadcaster:/home/user/ros2_ws/install/aruco_ros:/home/user/ros2_ws/install/aruco_msgs:/home/user/ros2_ws/install/aruco:/opt/ros/humble /usr/bin/cmake /home/user/ros2_ws/src/ros2_iiwa/iiwa_bringup -DCMAKE_INSTALL_PREFIX=/home/user/ros2_ws/install/iiwa_bringup
[0.258s] -- The C compiler identification is GNU 11.4.0
[0.510s] -- The CXX compiler identification is GNU 11.4.0
[0.542s] -- Detecting C compiler ABI info
[0.859s] -- Detecting C compiler ABI info - done
[0.891s] -- Check for working C compiler: /usr/bin/cc - skipped
[0.891s] -- Detecting C compile features
[0.892s] -- Detecting C compile features - done
[0.904s] -- Detecting CXX compiler ABI info
[1.227s] -- Detecting CXX compiler ABI info - done
[1.288s] -- Check for working CXX compiler: /usr/bin/c++ - skipped
[1.289s] -- Detecting CXX compile features
[1.289s] -- Detecting CXX compile features - done
[1.324s] -- Found ament_cmake: 1.3.12 (/opt/ros/humble/share/ament_cmake/cmake)
[2.016s] -- Found Python3: /usr/bin/python3 (found version "3.10.12") found components: Interpreter 
[2.647s] -- Found rclcpp: 16.0.16 (/opt/ros/humble/share/rclcpp/cmake)
[3.008s] -- Found rosidl_generator_c: 3.1.7 (/opt/ros/humble/share/rosidl_generator_c/cmake)
[3.050s] -- Found rosidl_adapter: 3.1.7 (/opt/ros/humble/share/rosidl_adapter/cmake)
[3.090s] -- Found rosidl_generator_cpp: 3.1.7 (/opt/ros/humble/share/rosidl_generator_cpp/cmake)
[3.133s] -- Using all available rosidl_typesupport_c: rosidl_typesupport_fastrtps_c;rosidl_typesupport_introspection_c
[3.225s] -- Using all available rosidl_typesupport_cpp: rosidl_typesupport_fastrtps_cpp;rosidl_typesupport_introspection_cpp
[3.408s] -- Found rmw_implementation_cmake: 6.1.2 (/opt/ros/humble/share/rmw_implementation_cmake/cmake)
[3.418s] -- Found rmw_fastrtps_cpp: 6.2.9 (/opt/ros/humble/share/rmw_fastrtps_cpp/cmake)
[3.733s] -- Found OpenSSL: /usr/lib/x86_64-linux-gnu/libcrypto.so (found version "3.0.2")  
[3.827s] -- Found FastRTPS: /opt/ros/humble/include  
[3.965s] -- Using RMW implementation 'rmw_fastrtps_cpp' as default
[4.025s] -- Looking for pthread.h
[4.223s] -- Looking for pthread.h - found
[4.224s] -- Performing Test CMAKE_HAVE_LIBC_PTHREAD
[4.398s] -- Performing Test CMAKE_HAVE_LIBC_PTHREAD - Success
[4.402s] -- Found Threads: TRUE  
[4.564s] -- Found rclpy: 3.3.19 (/opt/ros/humble/share/rclpy/cmake)
[4.566s] -- Found sensor_msgs: 4.9.0 (/opt/ros/humble/share/sensor_msgs/cmake)
[4.675s] -- Found visualization_msgs: 4.9.0 (/opt/ros/humble/share/visualization_msgs/cmake)
[4.784s] -- Found ament_cmake_gtest: 1.3.12 (/opt/ros/humble/share/ament_cmake_gtest/cmake)
[4.798s] -- Found ament_lint_auto: 0.12.14 (/opt/ros/humble/share/ament_lint_auto/cmake)
[5.150s] -- Added test 'copyright' to check source files copyright and LICENSE
[5.154s] -- Added test 'flake8' to check Python code syntax and style conventions
[5.155s] -- Added test 'lint_cmake' to check CMake code style
[5.157s] -- Added test 'pep257' to check Python code against some of the docstring style conventions in PEP 257
[5.163s] -- Added test 'xmllint' to check XML markup files
[5.164s] -- Configuring done
[5.176s] -- Generating done
[5.182s] -- Build files have been written to: /home/user/ros2_ws/build/iiwa_bringup
[5.204s] Invoked command in '/home/user/ros2_ws/build/iiwa_bringup' returned '0': CMAKE_PREFIX_PATH=/home/user/ros2_ws/install/iiwa_description:/home/user/ros2_ws/install/ros2_kdl_package:/home/user/ros2_ws/install/ros2_fra2mo:/home/user/ros2_ws/install/impedance_controller:/home/user/ros2_ws/install/iiwa_bringup:/home/user/ros2_ws/install/external_torque_sensor_broadcaster:/home/user/ros2_ws/install/aruco_ros:/home/user/ros2_ws/install/aruco_msgs:/home/user/ros2_ws/install/aruco:/opt/ros/humble /usr/bin/cmake /home/user/ros2_ws/src/ros2_iiwa/iiwa_bringup -DCMAKE_INSTALL_PREFIX=/home/user/ros2_ws/install/iiwa_bringup
[5.210s] Invoking command in '/home/user/ros2_ws/build/iiwa_bringup': CMAKE_PREFIX_PATH=/home/user/ros2_ws/install/iiwa_description:/home/user/ros2_ws/install/ros2_kdl_package:/home/user/ros2_ws/install/ros2_fra2mo:/home/user/ros2_ws/install/impedance_controller:/home/user/ros2_ws/install/iiwa_bringup:/home/user/ros2_ws/install/external_torque_sensor_broadcaster:/home/user/ros2_ws/install/aruco_ros:/home/user/ros2_ws/install/aruco_msgs:/home/user/ros2_ws/install/aruco:/opt/ros/humble /usr/bin/cmake --build /home/user/ros2_ws/build/iiwa_bringup -- -j12 -l12
[5.301s] Invoked command in '/home/user/ros2_ws/build/iiwa_bringup' returned '0': CMAKE_PREFIX_PATH=/home/user/ros2_ws/install/iiwa_description:/home/user/ros2_ws/install/ros2_kdl_package:/home/user/ros2_ws/install/ros2_fra2mo:/home/user/ros2_ws/install/impedance_controller:/home/user/ros2_ws/install/iiwa_bringup:/home/user/ros2_ws/install/external_torque_sensor_broadcaster:/home/user/ros2_ws/install/aruco_ros:/home/user/ros2_ws/install/aruco_msgs:/home/user/ros2_ws/install/aruco:/opt/ros/humble /usr/bin/cmake --build /home/user/ros2_ws/build/iiwa_bringup -- -j12 -l12
[5.302s] Invoking command in '/home/user/ros2_ws/build/iiwa_bringup': CMAKE_PREFIX_PATH=/home/user/ros2_ws/install/iiwa_description:/home/user/ros2_ws/install/ros2_kdl_package:/home/user/ros2_ws/install/ros2_fra2mo:/home/user/ros2_ws/install/impedance_controller:/home/user/ros2_ws/install/iiwa_bringup:/home/user/ros2_ws/install/external_torque_sensor_broadcaster:/home/user/ros2_ws/install/aruco_ros:/home/user/ros2_ws/install/aruco_msgs:/home/user/ros2_ws/install/aruco:/opt/ros/humble /usr/bin/cmake --install /home/user/ros2_ws/build/iiwa_bringup
[5.315s] -- Install configuration: ""
[5.315s] -- Installing: /home/user/ros2_ws/install/iiwa_bringup/share/iiwa_bringup/launch
[5.316s] -- Installing: /home/user/ros2_ws/install/iiwa_bringup/share/iiwa_bringup/launch/iiwa_pose_tracking.launch.py
[5.316s] -- Installing: /home/user/ros2_ws/install/iiwa_bringup/share/iiwa_bringup/launch/iiwa_servoing.launch.py
[5.317s] -- Installing: /home/user/ros2_ws/install/iiwa_bringup/share/iiwa_bringup/launch/joy_servo_teleop.launch.py
[5.317s] -- Installing: /home/user/ros2_ws/install/iiwa_bringup/share/iiwa_bringup/launch/iiwa_test_joint_trajectory_controller.launch.py
[5.317s] -- Installing: /home/user/ros2_ws/install/iiwa_bringup/share/iiwa_bringup/launch/iiwa_planning.launch.py
[5.318s] -- Installing: /home/user/ros2_ws/install/iiwa_bringup/share/iiwa_bringup/launch/iiwa.launch.py
[5.318s] -- Installing: /home/user/ros2_ws/install/iiwa_bringup/share/iiwa_bringup/config
[5.318s] -- Installing: /home/user/ros2_ws/install/iiwa_bringup/share/iiwa_bringup/config/test_trajectory_config.yaml
[5.319s] -- Installing: /home/user/ros2_ws/install/iiwa_bringup/share/ament_index/resource_index/package_run_dependencies/iiwa_bringup
[5.319s] -- Installing: /home/user/ros2_ws/install/iiwa_bringup/share/ament_index/resource_index/parent_prefix_path/iiwa_bringup
[5.319s] -- Installing: /home/user/ros2_ws/install/iiwa_bringup/share/iiwa_bringup/environment/ament_prefix_path.sh
[5.319s] -- Installing: /home/user/ros2_ws/install/iiwa_bringup/share/iiwa_bringup/environment/ament_prefix_path.dsv
[5.320s] -- Installing: /home/user/ros2_ws/install/iiwa_bringup/share/iiwa_bringup/environment/path.sh
[5.320s] -- Installing: /home/user/ros2_ws/install/iiwa_bringup/share/iiwa_bringup/environment/path.dsv
[5.321s] -- Installing: /home/user/ros2_ws/install/iiwa_bringup/share/iiwa_bringup/local_setup.bash
[5.321s] -- Installing: /home/user/ros2_ws/install/iiwa_bringup/share/iiwa_bringup/local_setup.sh
[5.322s] -- Installing: /home/user/ros2_ws/install/iiwa_bringup/share/iiwa_bringup/local_setup.zsh
[5.322s] -- Installing: /home/user/ros2_ws/install/iiwa_bringup/share/iiwa_bringup/local_setup.dsv
[5.323s] -- Installing: /home/user/ros2_ws/install/iiwa_bringup/share/iiwa_bringup/package.dsv
[5.323s] -- Installing: /home/user/ros2_ws/install/iiwa_bringup/share/ament_index/resource_index/packages/iiwa_bringup
[5.323s] -- Installing: /home/user/ros2_ws/install/iiwa_bringup/share/iiwa_bringup/cmake/iiwa_bringupConfig.cmake
[5.323s] -- Installing: /home/user/ros2_ws/install/iiwa_bringup/share/iiwa_bringup/cmake/iiwa_bringupConfig-version.cmake
[5.323s] -- Installing: /home/user/ros2_ws/install/iiwa_bringup/share/iiwa_bringup/package.xml
[5.342s] Invoked command in '/home/user/ros2_ws/build/iiwa_bringup' returned '0': CMAKE_PREFIX_PATH=/home/user/ros2_ws/install/iiwa_description:/home/user/ros2_ws/install/ros2_kdl_package:/home/user/ros2_ws/install/ros2_fra2mo:/home/user/ros2_ws/install/impedance_controller:/home/user/ros2_ws/install/iiwa_bringup:/home/user/ros2_ws/install/external_torque_sensor_broadcaster:/home/user/ros2_ws/install/aruco_ros:/home/user/ros2_ws/install/aruco_msgs:/home/user/ros2_ws/install/aruco:/opt/ros/humble /usr/bin/cmake --install /home/user/ros2_ws/build/iiwa_bringup
