[0.031s] Invoking command in '/home/user/ros2_ws/build/external_torque_sensor_broadcaster': CMAKE_PREFIX_PATH=${CMAKE_PREFIX_PATH}:/opt/ros/humble /usr/bin/cmake --build /home/user/ros2_ws/build/external_torque_sensor_broadcaster -- -j12 -l12
[0.127s] [100%] Built target external_torque_sensor_broadcaster
[0.219s] Invoked command in '/home/user/ros2_ws/build/external_torque_sensor_broadcaster' returned '0': CMAKE_PREFIX_PATH=${CMAKE_PREFIX_PATH}:/opt/ros/humble /usr/bin/cmake --build /home/user/ros2_ws/build/external_torque_sensor_broadcaster -- -j12 -l12
[0.221s] Invoking command in '/home/user/ros2_ws/build/external_torque_sensor_broadcaster': CMAKE_PREFIX_PATH=${CMAKE_PREFIX_PATH}:/opt/ros/humble /usr/bin/cmake --install /home/user/ros2_ws/build/external_torque_sensor_broadcaster
[0.247s] -- Install configuration: ""
[0.247s] -- Up-to-date: /home/user/ros2_ws/install/external_torque_sensor_broadcaster/share/external_torque_sensor_broadcaster/external_torque_sensor_broadcaster.xml
[0.247s] -- Up-to-date: /home/user/ros2_ws/install/external_torque_sensor_broadcaster/lib/libexternal_torque_sensor_broadcaster.so
[0.248s] -- Up-to-date: /home/user/ros2_ws/install/external_torque_sensor_broadcaster/include
[0.249s] -- Up-to-date: /home/user/ros2_ws/install/external_torque_sensor_broadcaster/include/external_torque_sensor_broadcaster
[0.249s] -- Up-to-date: /home/user/ros2_ws/install/external_torque_sensor_broadcaster/include/external_torque_sensor_broadcaster/visibility_control.h
[0.249s] -- Up-to-date: /home/user/ros2_ws/install/external_torque_sensor_broadcaster/include/external_torque_sensor_broadcaster/external_torque_sensor.hpp
[0.250s] -- Up-to-date: /home/user/ros2_ws/install/external_torque_sensor_broadcaster/include/external_torque_sensor_broadcaster/external_torque_sensor_broadcaster.hpp
[0.250s] -- Up-to-date: /home/user/ros2_ws/install/external_torque_sensor_broadcaster/share/external_torque_sensor_broadcaster/environment/library_path.sh
[0.250s] -- Up-to-date: /home/user/ros2_ws/install/external_torque_sensor_broadcaster/share/external_torque_sensor_broadcaster/environment/library_path.dsv
[0.250s] -- Up-to-date: /home/user/ros2_ws/install/external_torque_sensor_broadcaster/share/ament_index/resource_index/package_run_dependencies/external_torque_sensor_broadcaster
[0.251s] -- Up-to-date: /home/user/ros2_ws/install/external_torque_sensor_broadcaster/share/ament_index/resource_index/parent_prefix_path/external_torque_sensor_broadcaster
[0.251s] -- Up-to-date: /home/user/ros2_ws/install/external_torque_sensor_broadcaster/share/external_torque_sensor_broadcaster/environment/ament_prefix_path.sh
[0.251s] -- Up-to-date: /home/user/ros2_ws/install/external_torque_sensor_broadcaster/share/external_torque_sensor_broadcaster/environment/ament_prefix_path.dsv
[0.251s] -- Up-to-date: /home/user/ros2_ws/install/external_torque_sensor_broadcaster/share/external_torque_sensor_broadcaster/environment/path.sh
[0.251s] -- Up-to-date: /home/user/ros2_ws/install/external_torque_sensor_broadcaster/share/external_torque_sensor_broadcaster/environment/path.dsv
[0.251s] -- Up-to-date: /home/user/ros2_ws/install/external_torque_sensor_broadcaster/share/external_torque_sensor_broadcaster/local_setup.bash
[0.252s] -- Up-to-date: /home/user/ros2_ws/install/external_torque_sensor_broadcaster/share/external_torque_sensor_broadcaster/local_setup.sh
[0.252s] -- Up-to-date: /home/user/ros2_ws/install/external_torque_sensor_broadcaster/share/external_torque_sensor_broadcaster/local_setup.zsh
[0.252s] -- Up-to-date: /home/user/ros2_ws/install/external_torque_sensor_broadcaster/share/external_torque_sensor_broadcaster/local_setup.dsv
[0.252s] -- Installing: /home/user/ros2_ws/install/external_torque_sensor_broadcaster/share/external_torque_sensor_broadcaster/package.dsv
[0.252s] -- Up-to-date: /home/user/ros2_ws/install/external_torque_sensor_broadcaster/share/ament_index/resource_index/packages/external_torque_sensor_broadcaster
[0.252s] -- Up-to-date: /home/user/ros2_ws/install/external_torque_sensor_broadcaster/share/ament_index/resource_index/controller_interface__pluginlib__plugin/external_torque_sensor_broadcaster
[0.253s] -- Up-to-date: /home/user/ros2_ws/install/external_torque_sensor_broadcaster/share/external_torque_sensor_broadcaster/cmake/ament_cmake_export_include_directories-extras.cmake
[0.253s] -- Up-to-date: /home/user/ros2_ws/install/external_torque_sensor_broadcaster/share/external_torque_sensor_broadcaster/cmake/ament_cmake_export_libraries-extras.cmake
[0.253s] -- Up-to-date: /home/user/ros2_ws/install/external_torque_sensor_broadcaster/share/external_torque_sensor_broadcaster/cmake/ament_cmake_export_dependencies-extras.cmake
[0.255s] -- Up-to-date: /home/user/ros2_ws/install/external_torque_sensor_broadcaster/share/external_torque_sensor_broadcaster/cmake/external_torque_sensor_broadcasterConfig.cmake
[0.255s] -- Up-to-date: /home/user/ros2_ws/install/external_torque_sensor_broadcaster/share/external_torque_sensor_broadcaster/cmake/external_torque_sensor_broadcasterConfig-version.cmake
[0.256s] -- Up-to-date: /home/user/ros2_ws/install/external_torque_sensor_broadcaster/share/external_torque_sensor_broadcaster/package.xml
[0.371s] Invoked command in '/home/user/ros2_ws/build/external_torque_sensor_broadcaster' returned '0': CMAKE_PREFIX_PATH=${CMAKE_PREFIX_PATH}:/opt/ros/humble /usr/bin/cmake --install /home/user/ros2_ws/build/external_torque_sensor_broadcaster
