[0.027s] Invoking command in '/home/user/ros2_ws/build/external_torque_sensor_broadcaster': CMAKE_PREFIX_PATH=${CMAKE_PREFIX_PATH}:/opt/ros/humble /usr/bin/cmake /home/user/ros2_ws/src/ros2_iiwa/iiwa_controllers/external_torque_sensor_broadcaster -DCMAKE_INSTALL_PREFIX=/home/user/ros2_ws/install/external_torque_sensor_broadcaster
[0.107s] -- The C compiler identification is GNU 11.4.0
[0.195s] -- The CXX compiler identification is GNU 11.4.0
[0.207s] -- Detecting C compiler ABI info
[0.303s] -- Detecting C compiler ABI info - done
[0.311s] -- Check for working C compiler: /usr/bin/cc - skipped
[0.312s] -- Detecting C compile features
[0.313s] -- Detecting C compile features - done
[0.317s] -- Detecting CXX compiler ABI info
[0.429s] -- Detecting CXX compiler ABI info - done
[0.446s] -- Check for working CXX compiler: /usr/bin/c++ - skipped
[0.447s] -- Detecting CXX compile features
[0.447s] -- Detecting CXX compile features - done
[0.453s] -- Found ament_cmake: 1.3.12 (/opt/ros/humble/share/ament_cmake/cmake)
[0.666s] -- Found Python3: /usr/bin/python3 (found version "3.10.12") found components: Interpreter 
[0.815s] -- Found controller_interface: 2.52.2 (/opt/ros/humble/share/controller_interface/cmake)
[0.904s] -- Found rosidl_generator_c: 3.1.7 (/opt/ros/humble/share/rosidl_generator_c/cmake)
[0.918s] -- Found rosidl_adapter: 3.1.7 (/opt/ros/humble/share/rosidl_adapter/cmake)
[0.936s] -- Found rosidl_generator_cpp: 3.1.7 (/opt/ros/humble/share/rosidl_generator_cpp/cmake)
[0.965s] -- Using all available rosidl_typesupport_c: rosidl_typesupport_fastrtps_c;rosidl_typesupport_introspection_c
[1.004s] -- Using all available rosidl_typesupport_cpp: rosidl_typesupport_fastrtps_cpp;rosidl_typesupport_introspection_cpp
[2.076s] -- Found rmw_implementation_cmake: 6.1.2 (/opt/ros/humble/share/rmw_implementation_cmake/cmake)
[2.089s] -- Found rmw_fastrtps_cpp: 6.2.9 (/opt/ros/humble/share/rmw_fastrtps_cpp/cmake)
[2.241s] -- Found TinyXML2 via Config file: TinyXML2_DIR-NOTFOUND
[2.463s] -- Found OpenSSL: /usr/lib/x86_64-linux-gnu/libcrypto.so (found version "3.0.2")  
[2.473s] -- Found TinyXML2 via Config file: TinyXML2_DIR-NOTFOUND
[2.552s] -- Found FastRTPS: /opt/ros/humble/include  
[2.565s] -- Found TinyXML2 via Config file: TinyXML2_DIR-NOTFOUND
[2.598s] -- Found TinyXML2 via Config file: TinyXML2_DIR-NOTFOUND
[2.639s] -- Using RMW implementation 'rmw_fastrtps_cpp' as default
[2.699s] -- Looking for pthread.h
[2.982s] -- Looking for pthread.h - found
[2.983s] -- Performing Test CMAKE_HAVE_LIBC_PTHREAD
[3.272s] -- Performing Test CMAKE_HAVE_LIBC_PTHREAD - Success
[3.276s] -- Found Threads: TRUE  
[3.522s] -- Found realtime_tools: 2.14.1 (/opt/ros/humble/share/realtime_tools/cmake)
[3.689s] -- Found ament_cmake_gtest: 1.3.12 (/opt/ros/humble/share/ament_cmake_gtest/cmake)
[3.704s] -- Found ament_lint_auto: 0.12.14 (/opt/ros/humble/share/ament_lint_auto/cmake)
[4.141s] -- Configuring done
[4.192s] -- Generating done
[4.205s] -- Build files have been written to: /home/user/ros2_ws/build/external_torque_sensor_broadcaster
[4.237s] Invoked command in '/home/user/ros2_ws/build/external_torque_sensor_broadcaster' returned '0': CMAKE_PREFIX_PATH=${CMAKE_PREFIX_PATH}:/opt/ros/humble /usr/bin/cmake /home/user/ros2_ws/src/ros2_iiwa/iiwa_controllers/external_torque_sensor_broadcaster -DCMAKE_INSTALL_PREFIX=/home/user/ros2_ws/install/external_torque_sensor_broadcaster
[4.238s] Invoking command in '/home/user/ros2_ws/build/external_torque_sensor_broadcaster': CMAKE_PREFIX_PATH=${CMAKE_PREFIX_PATH}:/opt/ros/humble /usr/bin/cmake --build /home/user/ros2_ws/build/external_torque_sensor_broadcaster -- -j12 -l12
[4.393s] [ 50%] [32mBuilding CXX object CMakeFiles/external_torque_sensor_broadcaster.dir/src/external_torque_sensor_broadcaster.cpp.o[0m
[9.735s] In file included from [01m[K/home/user/ros2_ws/src/ros2_iiwa/iiwa_controllers/external_torque_sensor_broadcaster/include/external_torque_sensor_broadcaster/external_torque_sensor_broadcaster.hpp:27[m[K,
[9.735s]                  from [01m[K/home/user/ros2_ws/src/ros2_iiwa/iiwa_controllers/external_torque_sensor_broadcaster/src/external_torque_sensor_broadcaster.cpp:15[m[K:
[9.735s] [01m[K/opt/ros/humble/include/realtime_tools/realtime_tools/realtime_publisher.h:22:103:[m[K [01;36m[Knote: [m[K‘[01m[K#pragma message: This header include is deprecated. Please update your code to use 'realtime_publisher.hpp' header.[m[K’
[9.735s]    22 | ease update your code to use 'realtime_publisher.hpp' header."[01;36m[K)[m[K  //NOLINT
[9.736s]       |                                                               [01;36m[K^[m[K
[9.738s] 
[14.667s] [100%] [32m[1mLinking CXX shared library libexternal_torque_sensor_broadcaster.so[0m
[15.239s] [100%] Built target external_torque_sensor_broadcaster
[15.260s] Invoked command in '/home/user/ros2_ws/build/external_torque_sensor_broadcaster' returned '0': CMAKE_PREFIX_PATH=${CMAKE_PREFIX_PATH}:/opt/ros/humble /usr/bin/cmake --build /home/user/ros2_ws/build/external_torque_sensor_broadcaster -- -j12 -l12
[15.263s] Invoking command in '/home/user/ros2_ws/build/external_torque_sensor_broadcaster': CMAKE_PREFIX_PATH=${CMAKE_PREFIX_PATH}:/opt/ros/humble /usr/bin/cmake --install /home/user/ros2_ws/build/external_torque_sensor_broadcaster
[15.277s] -- Install configuration: ""
[15.277s] -- Installing: /home/user/ros2_ws/install/external_torque_sensor_broadcaster/share/external_torque_sensor_broadcaster/external_torque_sensor_broadcaster.xml
[15.277s] -- Installing: /home/user/ros2_ws/install/external_torque_sensor_broadcaster/lib/libexternal_torque_sensor_broadcaster.so
[15.286s] -- Set runtime path of "/home/user/ros2_ws/install/external_torque_sensor_broadcaster/lib/libexternal_torque_sensor_broadcaster.so" to ""
[15.286s] -- Installing: /home/user/ros2_ws/install/external_torque_sensor_broadcaster/include
[15.286s] -- Installing: /home/user/ros2_ws/install/external_torque_sensor_broadcaster/include/external_torque_sensor_broadcaster
[15.287s] -- Installing: /home/user/ros2_ws/install/external_torque_sensor_broadcaster/include/external_torque_sensor_broadcaster/visibility_control.h
[15.291s] -- Installing: /home/user/ros2_ws/install/external_torque_sensor_broadcaster/include/external_torque_sensor_broadcaster/external_torque_sensor.hpp
[15.293s] -- Installing: /home/user/ros2_ws/install/external_torque_sensor_broadcaster/include/external_torque_sensor_broadcaster/external_torque_sensor_broadcaster.hpp
[15.293s] -- Installing: /home/user/ros2_ws/install/external_torque_sensor_broadcaster/share/external_torque_sensor_broadcaster/environment/library_path.sh
[15.293s] -- Installing: /home/user/ros2_ws/install/external_torque_sensor_broadcaster/share/external_torque_sensor_broadcaster/environment/library_path.dsv
[15.303s] -- Installing: /home/user/ros2_ws/install/external_torque_sensor_broadcaster/share/ament_index/resource_index/package_run_dependencies/external_torque_sensor_broadcaster
[15.305s] -- Installing: /home/user/ros2_ws/install/external_torque_sensor_broadcaster/share/ament_index/resource_index/parent_prefix_path/external_torque_sensor_broadcaster
[15.305s] -- Installing: /home/user/ros2_ws/install/external_torque_sensor_broadcaster/share/external_torque_sensor_broadcaster/environment/ament_prefix_path.sh
[15.305s] -- Installing: /home/user/ros2_ws/install/external_torque_sensor_broadcaster/share/external_torque_sensor_broadcaster/environment/ament_prefix_path.dsv
[15.305s] -- Installing: /home/user/ros2_ws/install/external_torque_sensor_broadcaster/share/external_torque_sensor_broadcaster/environment/path.sh
[15.316s] -- Installing: /home/user/ros2_ws/install/external_torque_sensor_broadcaster/share/external_torque_sensor_broadcaster/environment/path.dsv
[15.316s] -- Installing: /home/user/ros2_ws/install/external_torque_sensor_broadcaster/share/external_torque_sensor_broadcaster/local_setup.bash
[15.316s] -- Installing: /home/user/ros2_ws/install/external_torque_sensor_broadcaster/share/external_torque_sensor_broadcaster/local_setup.sh
[15.317s] -- Installing: /home/user/ros2_ws/install/external_torque_sensor_broadcaster/share/external_torque_sensor_broadcaster/local_setup.zsh
[15.317s] -- Installing: /home/user/ros2_ws/install/external_torque_sensor_broadcaster/share/external_torque_sensor_broadcaster/local_setup.dsv
[15.317s] -- Installing: /home/user/ros2_ws/install/external_torque_sensor_broadcaster/share/external_torque_sensor_broadcaster/package.dsv
[15.317s] -- Installing: /home/user/ros2_ws/install/external_torque_sensor_broadcaster/share/ament_index/resource_index/packages/external_torque_sensor_broadcaster
[15.317s] -- Installing: /home/user/ros2_ws/install/external_torque_sensor_broadcaster/share/ament_index/resource_index/controller_interface__pluginlib__plugin/external_torque_sensor_broadcaster
[15.317s] -- Installing: /home/user/ros2_ws/install/external_torque_sensor_broadcaster/share/external_torque_sensor_broadcaster/cmake/ament_cmake_export_include_directories-extras.cmake
[15.317s] -- Installing: /home/user/ros2_ws/install/external_torque_sensor_broadcaster/share/external_torque_sensor_broadcaster/cmake/ament_cmake_export_libraries-extras.cmake
[15.317s] -- Installing: /home/user/ros2_ws/install/external_torque_sensor_broadcaster/share/external_torque_sensor_broadcaster/cmake/ament_cmake_export_dependencies-extras.cmake
[15.318s] -- Installing: /home/user/ros2_ws/install/external_torque_sensor_broadcaster/share/external_torque_sensor_broadcaster/cmake/external_torque_sensor_broadcasterConfig.cmake
[15.319s] -- Installing: /home/user/ros2_ws/install/external_torque_sensor_broadcaster/share/external_torque_sensor_broadcaster/cmake/external_torque_sensor_broadcasterConfig-version.cmake
[15.319s] -- Installing: /home/user/ros2_ws/install/external_torque_sensor_broadcaster/share/external_torque_sensor_broadcaster/package.xml
[15.319s] Invoked command in '/home/user/ros2_ws/build/external_torque_sensor_broadcaster' returned '0': CMAKE_PREFIX_PATH=${CMAKE_PREFIX_PATH}:/opt/ros/humble /usr/bin/cmake --install /home/user/ros2_ws/build/external_torque_sensor_broadcaster
