[0.051s] Invoking command in '/home/user/ros2_ws/build/aruco': CMAKE_PREFIX_PATH=${CMAKE_PREFIX_PATH}:/opt/ros/humble /usr/bin/cmake --build /home/user/ros2_ws/build/aruco -- -j12 -l12
[0.153s] [100%] Built target aruco
[0.255s] Invoked command in '/home/user/ros2_ws/build/aruco' returned '0': CMAKE_PREFIX_PATH=${CMAKE_PREFIX_PATH}:/opt/ros/humble /usr/bin/cmake --build /home/user/ros2_ws/build/aruco -- -j12 -l12
[0.256s] Invoking command in '/home/user/ros2_ws/build/aruco': CMAKE_PREFIX_PATH=${CMAKE_PREFIX_PATH}:/opt/ros/humble /usr/bin/cmake --install /home/user/ros2_ws/build/aruco
[0.276s] -- Install configuration: ""
[0.276s] -- Up-to-date: /home/user/ros2_ws/install/aruco/lib/libaruco.so
[0.276s] -- Up-to-date: /home/user/ros2_ws/install/aruco/include
[0.277s] -- Up-to-date: /home/user/ros2_ws/install/aruco/include/aruco
[0.277s] -- Up-to-date: /home/user/ros2_ws/install/aruco/include/aruco/fractaldetector.h
[0.277s] -- Up-to-date: /home/user/ros2_ws/install/aruco/include/aruco/fractallabelers
[0.277s] -- Up-to-date: /home/user/ros2_ws/install/aruco/include/aruco/fractallabelers/fractalmarkerset.h
[0.277s] -- Up-to-date: /home/user/ros2_ws/install/aruco/include/aruco/fractallabelers/fractalposetracker.h
[0.282s] -- Up-to-date: /home/user/ros2_ws/install/aruco/include/aruco/fractallabelers/fractallabeler.h
[0.282s] -- Up-to-date: /home/user/ros2_ws/install/aruco/include/aruco/fractallabelers/fractalmarker.h
[0.282s] -- Up-to-date: /home/user/ros2_ws/install/aruco/include/aruco/cvdrawingutils.h
[0.283s] -- Up-to-date: /home/user/ros2_ws/install/aruco/include/aruco/aruco_cvversioning.h
[0.283s] -- Up-to-date: /home/user/ros2_ws/install/aruco/include/aruco/dictionary.h
[0.283s] -- Up-to-date: /home/user/ros2_ws/install/aruco/include/aruco/markerdetector_impl.h
[0.283s] -- Up-to-date: /home/user/ros2_ws/install/aruco/include/aruco/marker.h
[0.283s] -- Up-to-date: /home/user/ros2_ws/install/aruco/include/aruco/aruco.h
[0.283s] -- Up-to-date: /home/user/ros2_ws/install/aruco/include/aruco/levmarq.h
[0.283s] -- Up-to-date: /home/user/ros2_ws/install/aruco/include/aruco/debug.h
[0.283s] -- Up-to-date: /home/user/ros2_ws/install/aruco/include/aruco/cameraparameters.h
[0.284s] -- Up-to-date: /home/user/ros2_ws/install/aruco/include/aruco/aruco_export.h
[0.284s] -- Up-to-date: /home/user/ros2_ws/install/aruco/include/aruco/markermap.h
[0.284s] -- Up-to-date: /home/user/ros2_ws/install/aruco/include/aruco/ippe.h
[0.284s] -- Up-to-date: /home/user/ros2_ws/install/aruco/include/aruco/posetracker.h
[0.284s] -- Up-to-date: /home/user/ros2_ws/install/aruco/include/aruco/dictionary_based.h
[0.284s] -- Up-to-date: /home/user/ros2_ws/install/aruco/include/aruco/markerlabeler.h
[0.284s] -- Up-to-date: /home/user/ros2_ws/install/aruco/include/aruco/markerdetector.h
[0.286s] -- Up-to-date: /home/user/ros2_ws/install/aruco/include/aruco/timers.h
[0.287s] -- Up-to-date: /home/user/ros2_ws/install/aruco/include/aruco/picoflann.h
[0.288s] -- Up-to-date: /home/user/ros2_ws/install/aruco/share/aruco/environment/library_path.sh
[0.290s] -- Up-to-date: /home/user/ros2_ws/install/aruco/share/aruco/environment/library_path.dsv
[0.290s] -- Up-to-date: /home/user/ros2_ws/install/aruco/share/ament_index/resource_index/package_run_dependencies/aruco
[0.291s] -- Up-to-date: /home/user/ros2_ws/install/aruco/share/ament_index/resource_index/parent_prefix_path/aruco
[0.291s] -- Up-to-date: /home/user/ros2_ws/install/aruco/share/aruco/environment/ament_prefix_path.sh
[0.292s] -- Up-to-date: /home/user/ros2_ws/install/aruco/share/aruco/environment/ament_prefix_path.dsv
[0.292s] -- Up-to-date: /home/user/ros2_ws/install/aruco/share/aruco/environment/path.sh
[0.292s] -- Up-to-date: /home/user/ros2_ws/install/aruco/share/aruco/environment/path.dsv
[0.293s] -- Up-to-date: /home/user/ros2_ws/install/aruco/share/aruco/local_setup.bash
[0.297s] -- Up-to-date: /home/user/ros2_ws/install/aruco/share/aruco/local_setup.sh
[0.300s] -- Up-to-date: /home/user/ros2_ws/install/aruco/share/aruco/local_setup.zsh
[0.300s] -- Up-to-date: /home/user/ros2_ws/install/aruco/share/aruco/local_setup.dsv
[0.303s] -- Installing: /home/user/ros2_ws/install/aruco/share/aruco/package.dsv
[0.304s] -- Up-to-date: /home/user/ros2_ws/install/aruco/share/ament_index/resource_index/packages/aruco
[0.304s] -- Up-to-date: /home/user/ros2_ws/install/aruco/share/aruco/cmake/ament_cmake_export_include_directories-extras.cmake
[0.304s] -- Up-to-date: /home/user/ros2_ws/install/aruco/share/aruco/cmake/ament_cmake_export_libraries-extras.cmake
[0.304s] -- Up-to-date: /home/user/ros2_ws/install/aruco/share/aruco/cmake/arucoConfig.cmake
[0.305s] -- Up-to-date: /home/user/ros2_ws/install/aruco/share/aruco/cmake/arucoConfig-version.cmake
[0.305s] -- Up-to-date: /home/user/ros2_ws/install/aruco/share/aruco/package.xml
[0.367s] Invoked command in '/home/user/ros2_ws/build/aruco' returned '0': CMAKE_PREFIX_PATH=${CMAKE_PREFIX_PATH}:/opt/ros/humble /usr/bin/cmake --install /home/user/ros2_ws/build/aruco
