[0.040s] Invoking command in '/home/user/ros2_ws/build/ros2_fra2mo': CMAKE_PREFIX_PATH=${CMAKE_PREFIX_PATH}:/opt/ros/humble /usr/bin/cmake --build /home/user/ros2_ws/build/ros2_fra2mo -- -j12 -l12
[0.264s] [100%] Built target dynamic_tf_publisher
[0.343s] Invoked command in '/home/user/ros2_ws/build/ros2_fra2mo' returned '0': CMAKE_PREFIX_PATH=${CMAKE_PREFIX_PATH}:/opt/ros/humble /usr/bin/cmake --build /home/user/ros2_ws/build/ros2_fra2mo -- -j12 -l12
[0.345s] Invoking command in '/home/user/ros2_ws/build/ros2_fra2mo': CMAKE_PREFIX_PATH=${CMAKE_PREFIX_PATH}:/opt/ros/humble /usr/bin/cmake --install /home/user/ros2_ws/build/ros2_fra2mo
[0.370s] -- Install configuration: ""
[0.372s] -- Up-to-date: /home/user/ros2_ws/install/ros2_fra2mo/share/ros2_fra2mo/launch
[0.372s] -- Up-to-date: /home/user/ros2_ws/install/ros2_fra2mo/share/ros2_fra2mo/launch/fra2mo_slam.launch.py
[0.372s] -- Up-to-date: /home/user/ros2_ws/install/ros2_fra2mo/share/ros2_fra2mo/launch/fra2mo_amcl.launch.py
[0.372s] -- Up-to-date: /home/user/ros2_ws/install/ros2_fra2mo/share/ros2_fra2mo/launch/fra2mo_explore.launch.py
[0.373s] -- Up-to-date: /home/user/ros2_ws/install/ros2_fra2mo/share/ros2_fra2mo/launch/fra2mo_navigation.launch.py
[0.373s] -- Up-to-date: /home/user/ros2_ws/install/ros2_fra2mo/share/ros2_fra2mo/launch/warehouse.launch.py
[0.373s] -- Up-to-date: /home/user/ros2_ws/install/ros2_fra2mo/share/ros2_fra2mo/launch/display_fra2mo.launch.py
[0.373s] -- Up-to-date: /home/user/ros2_ws/install/ros2_fra2mo/share/ros2_fra2mo/launch/gazebo_fra2mo.launch.py
[0.373s] -- Up-to-date: /home/user/ros2_ws/install/ros2_fra2mo/share/ros2_fra2mo/urdf
[0.373s] -- Up-to-date: /home/user/ros2_ws/install/ros2_fra2mo/share/ros2_fra2mo/urdf/fra2mo.urdf.xacro
[0.374s] -- Up-to-date: /home/user/ros2_ws/install/ros2_fra2mo/share/ros2_fra2mo/urdf/d435_gazebo_macro.xacro
[0.374s] -- Up-to-date: /home/user/ros2_ws/install/ros2_fra2mo/share/ros2_fra2mo/urdf/fra2mo_base_macro.xacro
[0.374s] -- Up-to-date: /home/user/ros2_ws/install/ros2_fra2mo/share/ros2_fra2mo/urdf/test.urdf
[0.375s] -- Up-to-date: /home/user/ros2_ws/install/ros2_fra2mo/share/ros2_fra2mo/urdf/utility_macro.xacro
[0.375s] -- Up-to-date: /home/user/ros2_ws/install/ros2_fra2mo/share/ros2_fra2mo/urdf/lidar_gazebo_macro.xacro
[0.375s] -- Up-to-date: /home/user/ros2_ws/install/ros2_fra2mo/share/ros2_fra2mo/models
[0.375s] -- Up-to-date: /home/user/ros2_ws/install/ros2_fra2mo/share/ros2_fra2mo/models/unknown_obst_1
[0.375s] -- Up-to-date: /home/user/ros2_ws/install/ros2_fra2mo/share/ros2_fra2mo/models/unknown_obst_1/mesh
[0.376s] -- Up-to-date: /home/user/ros2_ws/install/ros2_fra2mo/share/ros2_fra2mo/models/unknown_obst_1/mesh/unknown_obst_high.stl
[0.376s] -- Up-to-date: /home/user/ros2_ws/install/ros2_fra2mo/share/ros2_fra2mo/models/unknown_obst_1/model.config
[0.376s] -- Up-to-date: /home/user/ros2_ws/install/ros2_fra2mo/share/ros2_fra2mo/models/unknown_obst_1/unknown_obst_1.sdf
[0.376s] -- Up-to-date: /home/user/ros2_ws/install/ros2_fra2mo/share/ros2_fra2mo/models/marker_1
[0.376s] -- Up-to-date: /home/user/ros2_ws/install/ros2_fra2mo/share/ros2_fra2mo/models/marker_1/material
[0.376s] -- Up-to-date: /home/user/ros2_ws/install/ros2_fra2mo/share/ros2_fra2mo/models/marker_1/material/textures
[0.377s] -- Up-to-date: /home/user/ros2_ws/install/ros2_fra2mo/share/ros2_fra2mo/models/marker_1/material/textures/ar_tag_0.png
[0.377s] -- Up-to-date: /home/user/ros2_ws/install/ros2_fra2mo/share/ros2_fra2mo/models/marker_1/material/textures/ar_tag_3.png
[0.377s] -- Up-to-date: /home/user/ros2_ws/install/ros2_fra2mo/share/ros2_fra2mo/models/marker_1/material/textures/ar_tag_4.png
[0.377s] -- Up-to-date: /home/user/ros2_ws/install/ros2_fra2mo/share/ros2_fra2mo/models/marker_1/material/textures/ar_tag_1.png
[0.377s] -- Up-to-date: /home/user/ros2_ws/install/ros2_fra2mo/share/ros2_fra2mo/models/marker_1/material/textures/ar_tag_2.png
[0.378s] -- Up-to-date: /home/user/ros2_ws/install/ros2_fra2mo/share/ros2_fra2mo/models/marker_1/material/scripts
[0.379s] -- Up-to-date: /home/user/ros2_ws/install/ros2_fra2mo/share/ros2_fra2mo/models/marker_1/material/scripts/marker_1.material
[0.381s] -- Up-to-date: /home/user/ros2_ws/install/ros2_fra2mo/share/ros2_fra2mo/models/marker_1/model.config
[0.381s] -- Up-to-date: /home/user/ros2_ws/install/ros2_fra2mo/share/ros2_fra2mo/models/marker_1/marker_1.sdf
[0.381s] -- Up-to-date: /home/user/ros2_ws/install/ros2_fra2mo/share/ros2_fra2mo/models/start_pod
[0.382s] -- Up-to-date: /home/user/ros2_ws/install/ros2_fra2mo/share/ros2_fra2mo/models/start_pod/mesh
[0.383s] -- Up-to-date: /home/user/ros2_ws/install/ros2_fra2mo/share/ros2_fra2mo/models/start_pod/mesh/start_pod.stl
[0.383s] -- Up-to-date: /home/user/ros2_ws/install/ros2_fra2mo/share/ros2_fra2mo/models/start_pod/model.config
[0.383s] -- Up-to-date: /home/user/ros2_ws/install/ros2_fra2mo/share/ros2_fra2mo/models/start_pod/start_pod.sdf
[0.383s] -- Up-to-date: /home/user/ros2_ws/install/ros2_fra2mo/share/ros2_fra2mo/models/unknown_obst_2
[0.383s] -- Up-to-date: /home/user/ros2_ws/install/ros2_fra2mo/share/ros2_fra2mo/models/unknown_obst_2/mesh
[0.384s] -- Up-to-date: /home/user/ros2_ws/install/ros2_fra2mo/share/ros2_fra2mo/models/unknown_obst_2/mesh/unknown_obst_low.stl
[0.384s] -- Up-to-date: /home/user/ros2_ws/install/ros2_fra2mo/share/ros2_fra2mo/models/unknown_obst_2/model.config
[0.384s] -- Up-to-date: /home/user/ros2_ws/install/ros2_fra2mo/share/ros2_fra2mo/models/unknown_obst_2/unknown_obst_2.sdf
[0.384s] -- Up-to-date: /home/user/ros2_ws/install/ros2_fra2mo/share/ros2_fra2mo/models/unknown_tunnel_2
[0.384s] -- Up-to-date: /home/user/ros2_ws/install/ros2_fra2mo/share/ros2_fra2mo/models/unknown_tunnel_2/mesh
[0.385s] -- Up-to-date: /home/user/ros2_ws/install/ros2_fra2mo/share/ros2_fra2mo/models/unknown_tunnel_2/mesh/tunnel_short.stl
[0.385s] -- Up-to-date: /home/user/ros2_ws/install/ros2_fra2mo/share/ros2_fra2mo/models/unknown_tunnel_2/model.config
[0.385s] -- Up-to-date: /home/user/ros2_ws/install/ros2_fra2mo/share/ros2_fra2mo/models/unknown_tunnel_2/unknown_tunnel_2.sdf
[0.385s] -- Up-to-date: /home/user/ros2_ws/install/ros2_fra2mo/share/ros2_fra2mo/models/unknown_obst_3
[0.385s] -- Up-to-date: /home/user/ros2_ws/install/ros2_fra2mo/share/ros2_fra2mo/models/unknown_obst_3/mesh
[0.385s] -- Up-to-date: /home/user/ros2_ws/install/ros2_fra2mo/share/ros2_fra2mo/models/unknown_obst_3/mesh/unknown_obst_wall.stl
[0.386s] -- Up-to-date: /home/user/ros2_ws/install/ros2_fra2mo/share/ros2_fra2mo/models/unknown_obst_3/model.config
[0.386s] -- Up-to-date: /home/user/ros2_ws/install/ros2_fra2mo/share/ros2_fra2mo/models/unknown_obst_3/unknown_obst_3.sdf
[0.386s] -- Up-to-date: /home/user/ros2_ws/install/ros2_fra2mo/share/ros2_fra2mo/models/obstacle_10_
[0.386s] -- Up-to-date: /home/user/ros2_ws/install/ros2_fra2mo/share/ros2_fra2mo/models/obstacle_10_/obstacle_10_.sdf
[0.386s] -- Up-to-date: /home/user/ros2_ws/install/ros2_fra2mo/share/ros2_fra2mo/models/obstacle_10_/mesh
[0.386s] -- Up-to-date: /home/user/ros2_ws/install/ros2_fra2mo/share/ros2_fra2mo/models/obstacle_10_/mesh/ostacolo_10_.stl
[0.386s] -- Up-to-date: /home/user/ros2_ws/install/ros2_fra2mo/share/ros2_fra2mo/models/obstacle_10_/model.config
[0.387s] -- Up-to-date: /home/user/ros2_ws/install/ros2_fra2mo/share/ros2_fra2mo/models/unknown_tunnel_1
[0.387s] -- Up-to-date: /home/user/ros2_ws/install/ros2_fra2mo/share/ros2_fra2mo/models/unknown_tunnel_1/unknown_tunnel_1.sdf
[0.387s] -- Up-to-date: /home/user/ros2_ws/install/ros2_fra2mo/share/ros2_fra2mo/models/unknown_tunnel_1/mesh
[0.387s] -- Up-to-date: /home/user/ros2_ws/install/ros2_fra2mo/share/ros2_fra2mo/models/unknown_tunnel_1/mesh/tunnel_long.stl
[0.387s] -- Up-to-date: /home/user/ros2_ws/install/ros2_fra2mo/share/ros2_fra2mo/models/unknown_tunnel_1/model.config
[0.387s] -- Up-to-date: /home/user/ros2_ws/install/ros2_fra2mo/share/ros2_fra2mo/models/obstacle_06
[0.387s] -- Up-to-date: /home/user/ros2_ws/install/ros2_fra2mo/share/ros2_fra2mo/models/obstacle_06/obstacle_06.sdf
[0.387s] -- Up-to-date: /home/user/ros2_ws/install/ros2_fra2mo/share/ros2_fra2mo/models/obstacle_06/mesh
[0.387s] -- Up-to-date: /home/user/ros2_ws/install/ros2_fra2mo/share/ros2_fra2mo/models/obstacle_06/mesh/ostacolo_06.stl
[0.388s] -- Up-to-date: /home/user/ros2_ws/install/ros2_fra2mo/share/ros2_fra2mo/models/obstacle_06/model.config
[0.388s] -- Up-to-date: /home/user/ros2_ws/install/ros2_fra2mo/share/ros2_fra2mo/models/marker_4
[0.388s] -- Up-to-date: /home/user/ros2_ws/install/ros2_fra2mo/share/ros2_fra2mo/models/marker_4/marker_4.sdf
[0.388s] -- Up-to-date: /home/user/ros2_ws/install/ros2_fra2mo/share/ros2_fra2mo/models/marker_4/material
[0.388s] -- Up-to-date: /home/user/ros2_ws/install/ros2_fra2mo/share/ros2_fra2mo/models/marker_4/material/textures
[0.388s] -- Up-to-date: /home/user/ros2_ws/install/ros2_fra2mo/share/ros2_fra2mo/models/marker_4/material/textures/ar_tag_0.png
[0.388s] -- Up-to-date: /home/user/ros2_ws/install/ros2_fra2mo/share/ros2_fra2mo/models/marker_4/material/textures/ar_tag_3.png
[0.388s] -- Up-to-date: /home/user/ros2_ws/install/ros2_fra2mo/share/ros2_fra2mo/models/marker_4/material/textures/ar_tag_4.png
[0.389s] -- Up-to-date: /home/user/ros2_ws/install/ros2_fra2mo/share/ros2_fra2mo/models/marker_4/material/textures/ar_tag_1.png
[0.389s] -- Up-to-date: /home/user/ros2_ws/install/ros2_fra2mo/share/ros2_fra2mo/models/marker_4/material/textures/ar_tag_2.png
[0.389s] -- Up-to-date: /home/user/ros2_ws/install/ros2_fra2mo/share/ros2_fra2mo/models/marker_4/material/scripts
[0.389s] -- Up-to-date: /home/user/ros2_ws/install/ros2_fra2mo/share/ros2_fra2mo/models/marker_4/material/scripts/marker_4.material
[0.389s] -- Up-to-date: /home/user/ros2_ws/install/ros2_fra2mo/share/ros2_fra2mo/models/marker_4/model.config
[0.389s] -- Up-to-date: /home/user/ros2_ws/install/ros2_fra2mo/share/ros2_fra2mo/models/marker_3
[0.390s] -- Up-to-date: /home/user/ros2_ws/install/ros2_fra2mo/share/ros2_fra2mo/models/marker_3/marker_3.sdf
[0.390s] -- Up-to-date: /home/user/ros2_ws/install/ros2_fra2mo/share/ros2_fra2mo/models/marker_3/material
[0.397s] -- Up-to-date: /home/user/ros2_ws/install/ros2_fra2mo/share/ros2_fra2mo/models/marker_3/material/textures
[0.397s] -- Up-to-date: /home/user/ros2_ws/install/ros2_fra2mo/share/ros2_fra2mo/models/marker_3/material/textures/ar_tag_0.png
[0.397s] -- Up-to-date: /home/user/ros2_ws/install/ros2_fra2mo/share/ros2_fra2mo/models/marker_3/material/textures/ar_tag_3.png
[0.398s] -- Up-to-date: /home/user/ros2_ws/install/ros2_fra2mo/share/ros2_fra2mo/models/marker_3/material/textures/ar_tag_4.png
[0.398s] -- Up-to-date: /home/user/ros2_ws/install/ros2_fra2mo/share/ros2_fra2mo/models/marker_3/material/textures/ar_tag_1.png
[0.398s] -- Up-to-date: /home/user/ros2_ws/install/ros2_fra2mo/share/ros2_fra2mo/models/marker_3/material/textures/ar_tag_2.png
[0.398s] -- Up-to-date: /home/user/ros2_ws/install/ros2_fra2mo/share/ros2_fra2mo/models/marker_3/material/scripts
[0.398s] -- Up-to-date: /home/user/ros2_ws/install/ros2_fra2mo/share/ros2_fra2mo/models/marker_3/material/scripts/marker_3.material
[0.398s] -- Up-to-date: /home/user/ros2_ws/install/ros2_fra2mo/share/ros2_fra2mo/models/marker_3/model.config
[0.398s] -- Up-to-date: /home/user/ros2_ws/install/ros2_fra2mo/share/ros2_fra2mo/models/roof
[0.399s] -- Up-to-date: /home/user/ros2_ws/install/ros2_fra2mo/share/ros2_fra2mo/models/roof/roof.sdf
[0.399s] -- Up-to-date: /home/user/ros2_ws/install/ros2_fra2mo/share/ros2_fra2mo/models/roof/mesh
[0.399s] -- Up-to-date: /home/user/ros2_ws/install/ros2_fra2mo/share/ros2_fra2mo/models/roof/mesh/roof.stl
[0.399s] -- Up-to-date: /home/user/ros2_ws/install/ros2_fra2mo/share/ros2_fra2mo/models/roof/model.config
[0.399s] -- Up-to-date: /home/user/ros2_ws/install/ros2_fra2mo/share/ros2_fra2mo/models/marker_0
[0.399s] -- Up-to-date: /home/user/ros2_ws/install/ros2_fra2mo/share/ros2_fra2mo/models/marker_0/ar_tag_0.png
[0.399s] -- Up-to-date: /home/user/ros2_ws/install/ros2_fra2mo/share/ros2_fra2mo/models/marker_0/material
[0.399s] -- Up-to-date: /home/user/ros2_ws/install/ros2_fra2mo/share/ros2_fra2mo/models/marker_0/material/textures
[0.400s] -- Up-to-date: /home/user/ros2_ws/install/ros2_fra2mo/share/ros2_fra2mo/models/marker_0/material/textures/ar_tag_0.png
[0.400s] -- Up-to-date: /home/user/ros2_ws/install/ros2_fra2mo/share/ros2_fra2mo/models/marker_0/material/textures/ar_tag_3.png
[0.400s] -- Up-to-date: /home/user/ros2_ws/install/ros2_fra2mo/share/ros2_fra2mo/models/marker_0/material/textures/ar_tag_4.png
[0.400s] -- Up-to-date: /home/user/ros2_ws/install/ros2_fra2mo/share/ros2_fra2mo/models/marker_0/material/textures/ar_tag_1.png
[0.400s] -- Up-to-date: /home/user/ros2_ws/install/ros2_fra2mo/share/ros2_fra2mo/models/marker_0/material/textures/ar_tag_2.png
[0.401s] -- Up-to-date: /home/user/ros2_ws/install/ros2_fra2mo/share/ros2_fra2mo/models/marker_0/material/scripts
[0.401s] -- Up-to-date: /home/user/ros2_ws/install/ros2_fra2mo/share/ros2_fra2mo/models/marker_0/material/scripts/marker_0.material
[0.401s] -- Up-to-date: /home/user/ros2_ws/install/ros2_fra2mo/share/ros2_fra2mo/models/marker_0/marker_0.sdf
[0.403s] -- Up-to-date: /home/user/ros2_ws/install/ros2_fra2mo/share/ros2_fra2mo/models/marker_0/model.config
[0.403s] -- Up-to-date: /home/user/ros2_ws/install/ros2_fra2mo/share/ros2_fra2mo/models/race_field
[0.403s] -- Up-to-date: /home/user/ros2_ws/install/ros2_fra2mo/share/ros2_fra2mo/models/race_field/mesh
[0.403s] -- Up-to-date: /home/user/ros2_ws/install/ros2_fra2mo/share/ros2_fra2mo/models/race_field/mesh/campo_gara.stl
[0.403s] -- Up-to-date: /home/user/ros2_ws/install/ros2_fra2mo/share/ros2_fra2mo/models/race_field/model.config
[0.404s] -- Up-to-date: /home/user/ros2_ws/install/ros2_fra2mo/share/ros2_fra2mo/models/race_field/model.sdf
[0.404s] -- Up-to-date: /home/user/ros2_ws/install/ros2_fra2mo/share/ros2_fra2mo/models/obstacle_09
[0.404s] -- Up-to-date: /home/user/ros2_ws/install/ros2_fra2mo/share/ros2_fra2mo/models/obstacle_09/mesh
[0.404s] -- Up-to-date: /home/user/ros2_ws/install/ros2_fra2mo/share/ros2_fra2mo/models/obstacle_09/mesh/ostacolo_09.stl
[0.405s] -- Up-to-date: /home/user/ros2_ws/install/ros2_fra2mo/share/ros2_fra2mo/models/obstacle_09/model.config
[0.405s] -- Up-to-date: /home/user/ros2_ws/install/ros2_fra2mo/share/ros2_fra2mo/models/obstacle_09/obstacle_09.sdf
[0.405s] -- Up-to-date: /home/user/ros2_ws/install/ros2_fra2mo/share/ros2_fra2mo/models/obstacle_03
[0.405s] -- Up-to-date: /home/user/ros2_ws/install/ros2_fra2mo/share/ros2_fra2mo/models/obstacle_03/mesh
[0.406s] -- Up-to-date: /home/user/ros2_ws/install/ros2_fra2mo/share/ros2_fra2mo/models/obstacle_03/mesh/ostacolo_03.stl
[0.406s] -- Up-to-date: /home/user/ros2_ws/install/ros2_fra2mo/share/ros2_fra2mo/models/obstacle_03/model.config
[0.406s] -- Up-to-date: /home/user/ros2_ws/install/ros2_fra2mo/share/ros2_fra2mo/models/obstacle_03/obstacle_03.sdf
[0.406s] -- Up-to-date: /home/user/ros2_ws/install/ros2_fra2mo/share/ros2_fra2mo/models/marker26_8cm_massless
[0.407s] -- Up-to-date: /home/user/ros2_ws/install/ros2_fra2mo/share/ros2_fra2mo/models/marker26_8cm_massless/material
[0.407s] -- Up-to-date: /home/user/ros2_ws/install/ros2_fra2mo/share/ros2_fra2mo/models/marker26_8cm_massless/material/textures
[0.407s] -- Up-to-date: /home/user/ros2_ws/install/ros2_fra2mo/share/ros2_fra2mo/models/marker26_8cm_massless/material/textures/aruco-26_8cm.png
[0.408s] -- Up-to-date: /home/user/ros2_ws/install/ros2_fra2mo/share/ros2_fra2mo/models/marker26_8cm_massless/material/scripts
[0.408s] -- Up-to-date: /home/user/ros2_ws/install/ros2_fra2mo/share/ros2_fra2mo/models/marker26_8cm_massless/material/scripts/marker26_8cm.material
[0.408s] -- Up-to-date: /home/user/ros2_ws/install/ros2_fra2mo/share/ros2_fra2mo/models/marker26_8cm_massless/model.config
[0.408s] -- Up-to-date: /home/user/ros2_ws/install/ros2_fra2mo/share/ros2_fra2mo/models/marker26_8cm_massless/marker26_8cm_massless.sdf
[0.408s] -- Up-to-date: /home/user/ros2_ws/install/ros2_fra2mo/share/ros2_fra2mo/models/marker_2
[0.408s] -- Up-to-date: /home/user/ros2_ws/install/ros2_fra2mo/share/ros2_fra2mo/models/marker_2/material
[0.409s] -- Up-to-date: /home/user/ros2_ws/install/ros2_fra2mo/share/ros2_fra2mo/models/marker_2/material/textures
[0.409s] -- Up-to-date: /home/user/ros2_ws/install/ros2_fra2mo/share/ros2_fra2mo/models/marker_2/material/textures/ar_tag_0.png
[0.409s] -- Up-to-date: /home/user/ros2_ws/install/ros2_fra2mo/share/ros2_fra2mo/models/marker_2/material/textures/ar_tag_3.png
[0.412s] -- Up-to-date: /home/user/ros2_ws/install/ros2_fra2mo/share/ros2_fra2mo/models/marker_2/material/textures/ar_tag_4.png
[0.412s] -- Up-to-date: /home/user/ros2_ws/install/ros2_fra2mo/share/ros2_fra2mo/models/marker_2/material/textures/ar_tag_1.png
[0.412s] -- Up-to-date: /home/user/ros2_ws/install/ros2_fra2mo/share/ros2_fra2mo/models/marker_2/material/textures/ar_tag_2.png
[0.412s] -- Up-to-date: /home/user/ros2_ws/install/ros2_fra2mo/share/ros2_fra2mo/models/marker_2/material/scripts
[0.413s] -- Up-to-date: /home/user/ros2_ws/install/ros2_fra2mo/share/ros2_fra2mo/models/marker_2/material/scripts/marker_2.material
[0.414s] -- Up-to-date: /home/user/ros2_ws/install/ros2_fra2mo/share/ros2_fra2mo/models/marker_2/model.config
[0.414s] -- Up-to-date: /home/user/ros2_ws/install/ros2_fra2mo/share/ros2_fra2mo/models/marker_2/marker_2.sdf
[0.414s] -- Up-to-date: /home/user/ros2_ws/install/ros2_fra2mo/share/ros2_fra2mo/models/obstacle_10
[0.414s] -- Up-to-date: /home/user/ros2_ws/install/ros2_fra2mo/share/ros2_fra2mo/models/obstacle_10/mesh
[0.415s] -- Up-to-date: /home/user/ros2_ws/install/ros2_fra2mo/share/ros2_fra2mo/models/obstacle_10/mesh/ostacolo_10.stl
[0.415s] -- Up-to-date: /home/user/ros2_ws/install/ros2_fra2mo/share/ros2_fra2mo/models/obstacle_10/model.config
[0.415s] -- Up-to-date: /home/user/ros2_ws/install/ros2_fra2mo/share/ros2_fra2mo/models/obstacle_10/obstacle_10.sdf
[0.415s] -- Up-to-date: /home/user/ros2_ws/install/ros2_fra2mo/share/ros2_fra2mo/models/intruder
[0.415s] -- Up-to-date: /home/user/ros2_ws/install/ros2_fra2mo/share/ros2_fra2mo/models/intruder/intruder.sdf
[0.416s] -- Up-to-date: /home/user/ros2_ws/install/ros2_fra2mo/share/ros2_fra2mo/models/intruder/mesh
[0.416s] -- Up-to-date: /home/user/ros2_ws/install/ros2_fra2mo/share/ros2_fra2mo/models/intruder/mesh/intruder.stl
[0.417s] -- Up-to-date: /home/user/ros2_ws/install/ros2_fra2mo/share/ros2_fra2mo/models/intruder/model.config
[0.417s] -- Up-to-date: /home/user/ros2_ws/install/ros2_fra2mo/share/ros2_fra2mo/meshes
[0.417s] -- Up-to-date: /home/user/ros2_ws/install/ros2_fra2mo/share/ros2_fra2mo/meshes/unknown_obst_low.stl
[0.417s] -- Up-to-date: /home/user/ros2_ws/install/ros2_fra2mo/share/ros2_fra2mo/meshes/assieme_gara_2023.stl
[0.417s] -- Up-to-date: /home/user/ros2_ws/install/ros2_fra2mo/share/ros2_fra2mo/meshes/start_pod.stl
[0.418s] -- Up-to-date: /home/user/ros2_ws/install/ros2_fra2mo/share/ros2_fra2mo/meshes/ostacolo_10.stl
[0.418s] -- Up-to-date: /home/user/ros2_ws/install/ros2_fra2mo/share/ros2_fra2mo/meshes/tunnel_short.stl
[0.418s] -- Up-to-date: /home/user/ros2_ws/install/ros2_fra2mo/share/ros2_fra2mo/meshes/ostacolo_06.stl
[0.419s] -- Up-to-date: /home/user/ros2_ws/install/ros2_fra2mo/share/ros2_fra2mo/meshes/ostacolo_09.stl
[0.419s] -- Up-to-date: /home/user/ros2_ws/install/ros2_fra2mo/share/ros2_fra2mo/meshes/unknown_obst_wall.stl
[0.419s] -- Up-to-date: /home/user/ros2_ws/install/ros2_fra2mo/share/ros2_fra2mo/meshes/intruder.stl
[0.419s] -- Up-to-date: /home/user/ros2_ws/install/ros2_fra2mo/share/ros2_fra2mo/meshes/rl_fra2mo_body.stl
[0.420s] -- Up-to-date: /home/user/ros2_ws/install/ros2_fra2mo/share/ros2_fra2mo/meshes/rl_fra2mo_wheel.stl
[0.420s] -- Up-to-date: /home/user/ros2_ws/install/ros2_fra2mo/share/ros2_fra2mo/meshes/unknown_obst_high.stl
[0.420s] -- Up-to-date: /home/user/ros2_ws/install/ros2_fra2mo/share/ros2_fra2mo/meshes/ostacolo_03.stl
[0.421s] -- Up-to-date: /home/user/ros2_ws/install/ros2_fra2mo/share/ros2_fra2mo/meshes/tunnel_long.stl
[0.421s] -- Up-to-date: /home/user/ros2_ws/install/ros2_fra2mo/share/ros2_fra2mo/meshes/campo_gara.stl
[0.422s] -- Up-to-date: /home/user/ros2_ws/install/ros2_fra2mo/share/ros2_fra2mo/meshes/lidar.stl
[0.422s] -- Up-to-date: /home/user/ros2_ws/install/ros2_fra2mo/share/ros2_fra2mo/worlds
[0.422s] -- Up-to-date: /home/user/ros2_ws/install/ros2_fra2mo/share/ros2_fra2mo/worlds/leonardo_race_field.sdf
[0.422s] -- Up-to-date: /home/user/ros2_ws/install/ros2_fra2mo/share/ros2_fra2mo/worlds/warehouse.sdf
[0.423s] -- Up-to-date: /home/user/ros2_ws/install/ros2_fra2mo/share/ros2_fra2mo/config
[0.423s] -- Up-to-date: /home/user/ros2_ws/install/ros2_fra2mo/share/ros2_fra2mo/config/slam.yaml
[0.423s] -- Up-to-date: /home/user/ros2_ws/install/ros2_fra2mo/share/ros2_fra2mo/config/explore.yaml
[0.423s] -- Up-to-date: /home/user/ros2_ws/install/ros2_fra2mo/share/ros2_fra2mo/config/iiwa.pose.yaml
[0.424s] -- Up-to-date: /home/user/ros2_ws/install/ros2_fra2mo/share/ros2_fra2mo/config/amcl.yaml
[0.425s] -- Up-to-date: /home/user/ros2_ws/install/ros2_fra2mo/share/ros2_fra2mo/config/navigation.yaml
[0.425s] -- Up-to-date: /home/user/ros2_ws/install/ros2_fra2mo/share/ros2_fra2mo/src
[0.425s] -- Up-to-date: /home/user/ros2_ws/install/ros2_fra2mo/share/ros2_fra2mo/src/odom_bl_tf.cpp
[0.425s] -- Up-to-date: /home/user/ros2_ws/install/ros2_fra2mo/share/ros2_fra2mo/maps
[0.425s] -- Up-to-date: /home/user/ros2_ws/install/ros2_fra2mo/share/ros2_fra2mo/maps/sim_map.pgm
[0.430s] -- Up-to-date: /home/user/ros2_ws/install/ros2_fra2mo/share/ros2_fra2mo/maps/warehouse_map.yaml
[0.430s] -- Up-to-date: /home/user/ros2_ws/install/ros2_fra2mo/share/ros2_fra2mo/maps/sim_map.yaml
[0.430s] -- Up-to-date: /home/user/ros2_ws/install/ros2_fra2mo/share/ros2_fra2mo/maps/map.yaml
[0.430s] -- Up-to-date: /home/user/ros2_ws/install/ros2_fra2mo/share/ros2_fra2mo/maps/map.pgm
[0.430s] -- Up-to-date: /home/user/ros2_ws/install/ros2_fra2mo/share/ros2_fra2mo/maps/warehouse_map.pgm
[0.431s] -- Up-to-date: /home/user/ros2_ws/install/ros2_fra2mo/share/ros2_fra2mo/scripts
[0.431s] -- Up-to-date: /home/user/ros2_ws/install/ros2_fra2mo/share/ros2_fra2mo/scripts/reach_goal.py
[0.431s] -- Installing: /home/user/ros2_ws/install/ros2_fra2mo/share/ros2_fra2mo/scripts/follow_waypoints.py
[0.431s] -- Up-to-date: /home/user/ros2_ws/install/ros2_fra2mo/share/ros2_fra2mo/rviz_conf
[0.431s] -- Up-to-date: /home/user/ros2_ws/install/ros2_fra2mo/share/ros2_fra2mo/rviz_conf/slam_view.rviz
[0.431s] -- Up-to-date: /home/user/ros2_ws/install/ros2_fra2mo/share/ros2_fra2mo/rviz_conf/amcl_view.rviz
[0.431s] -- Up-to-date: /home/user/ros2_ws/install/ros2_fra2mo/share/ros2_fra2mo/rviz_conf/navigation.rviz
[0.432s] -- Up-to-date: /home/user/ros2_ws/install/ros2_fra2mo/share/ros2_fra2mo/rviz_conf/fra2mo_conf.rviz
[0.432s] -- Up-to-date: /home/user/ros2_ws/install/ros2_fra2mo/share/ros2_fra2mo/rviz_conf/conf_base.rviz
[0.432s] -- Up-to-date: /home/user/ros2_ws/install/ros2_fra2mo/share/ros2_fra2mo/rviz_conf/explore.rviz
[0.432s] -- Up-to-date: /home/user/ros2_ws/install/ros2_fra2mo/lib/ros2_fra2mo/dynamic_tf_publisher
[0.432s] -- Up-to-date: /home/user/ros2_ws/install/ros2_fra2mo/lib/ros2_fra2mo/reach_goal.py
[0.432s] -- Installing: /home/user/ros2_ws/install/ros2_fra2mo/lib/ros2_fra2mo/follow_waypoints.py
[0.432s] -- Up-to-date: /home/user/ros2_ws/install/ros2_fra2mo/share/ament_index/resource_index/package_run_dependencies/ros2_fra2mo
[0.433s] -- Up-to-date: /home/user/ros2_ws/install/ros2_fra2mo/share/ament_index/resource_index/parent_prefix_path/ros2_fra2mo
[0.433s] -- Up-to-date: /home/user/ros2_ws/install/ros2_fra2mo/share/ros2_fra2mo/environment/ament_prefix_path.sh
[0.433s] -- Up-to-date: /home/user/ros2_ws/install/ros2_fra2mo/share/ros2_fra2mo/environment/ament_prefix_path.dsv
[0.433s] -- Up-to-date: /home/user/ros2_ws/install/ros2_fra2mo/share/ros2_fra2mo/environment/path.sh
[0.433s] -- Up-to-date: /home/user/ros2_ws/install/ros2_fra2mo/share/ros2_fra2mo/environment/path.dsv
[0.433s] -- Up-to-date: /home/user/ros2_ws/install/ros2_fra2mo/share/ros2_fra2mo/local_setup.bash
[0.433s] -- Up-to-date: /home/user/ros2_ws/install/ros2_fra2mo/share/ros2_fra2mo/local_setup.sh
[0.434s] -- Up-to-date: /home/user/ros2_ws/install/ros2_fra2mo/share/ros2_fra2mo/local_setup.zsh
[0.434s] -- Up-to-date: /home/user/ros2_ws/install/ros2_fra2mo/share/ros2_fra2mo/local_setup.dsv
[0.434s] -- Installing: /home/user/ros2_ws/install/ros2_fra2mo/share/ros2_fra2mo/package.dsv
[0.434s] -- Up-to-date: /home/user/ros2_ws/install/ros2_fra2mo/share/ament_index/resource_index/packages/ros2_fra2mo
[0.434s] -- Up-to-date: /home/user/ros2_ws/install/ros2_fra2mo/share/ros2_fra2mo/cmake/ros2_fra2moConfig.cmake
[0.434s] -- Up-to-date: /home/user/ros2_ws/install/ros2_fra2mo/share/ros2_fra2mo/cmake/ros2_fra2moConfig-version.cmake
[0.434s] -- Up-to-date: /home/user/ros2_ws/install/ros2_fra2mo/share/ros2_fra2mo/package.xml
[0.460s] Invoked command in '/home/user/ros2_ws/build/ros2_fra2mo' returned '0': CMAKE_PREFIX_PATH=${CMAKE_PREFIX_PATH}:/opt/ros/humble /usr/bin/cmake --install /home/user/ros2_ws/build/ros2_fra2mo
