[0.058s] Invoking command in '/home/user/ros2_ws/build/aruco': CMAKE_PREFIX_PATH=${CMAKE_PREFIX_PATH}:/opt/ros/humble /usr/bin/cmake --build /home/user/ros2_ws/build/aruco -- -j12 -l12
[0.185s] [100%] Built target aruco
[0.310s] Invoked command in '/home/user/ros2_ws/build/aruco' returned '0': CMAKE_PREFIX_PATH=${CMAKE_PREFIX_PATH}:/opt/ros/humble /usr/bin/cmake --build /home/user/ros2_ws/build/aruco -- -j12 -l12
[0.312s] Invoking command in '/home/user/ros2_ws/build/aruco': CMAKE_PREFIX_PATH=${CMAKE_PREFIX_PATH}:/opt/ros/humble /usr/bin/cmake --install /home/user/ros2_ws/build/aruco
[0.330s] -- Install configuration: ""
[0.333s] -- Up-to-date: /home/user/ros2_ws/install/aruco/lib/libaruco.so
[0.333s] -- Up-to-date: /home/user/ros2_ws/install/aruco/include
[0.333s] -- Up-to-date: /home/user/ros2_ws/install/aruco/include/aruco
[0.334s] -- Up-to-date: /home/user/ros2_ws/install/aruco/include/aruco/fractaldetector.h
[0.334s] -- Up-to-date: /home/user/ros2_ws/install/aruco/include/aruco/fractallabelers
[0.334s] -- Up-to-date: /home/user/ros2_ws/install/aruco/include/aruco/fractallabelers/fractalmarkerset.h
[0.334s] -- Up-to-date: /home/user/ros2_ws/install/aruco/include/aruco/fractallabelers/fractalposetracker.h
[0.334s] -- Up-to-date: /home/user/ros2_ws/install/aruco/include/aruco/fractallabelers/fractallabeler.h
[0.334s] -- Up-to-date: /home/user/ros2_ws/install/aruco/include/aruco/fractallabelers/fractalmarker.h
[0.336s] -- Up-to-date: /home/user/ros2_ws/install/aruco/include/aruco/cvdrawingutils.h
[0.337s] -- Up-to-date: /home/user/ros2_ws/install/aruco/include/aruco/aruco_cvversioning.h
[0.338s] -- Up-to-date: /home/user/ros2_ws/install/aruco/include/aruco/dictionary.h
[0.341s] -- Up-to-date: /home/user/ros2_ws/install/aruco/include/aruco/markerdetector_impl.h
[0.341s] -- Up-to-date: /home/user/ros2_ws/install/aruco/include/aruco/marker.h
[0.341s] -- Up-to-date: /home/user/ros2_ws/install/aruco/include/aruco/aruco.h
[0.341s] -- Up-to-date: /home/user/ros2_ws/install/aruco/include/aruco/levmarq.h
[0.341s] -- Up-to-date: /home/user/ros2_ws/install/aruco/include/aruco/debug.h
[0.342s] -- Up-to-date: /home/user/ros2_ws/install/aruco/include/aruco/cameraparameters.h
[0.342s] -- Up-to-date: /home/user/ros2_ws/install/aruco/include/aruco/aruco_export.h
[0.343s] -- Up-to-date: /home/user/ros2_ws/install/aruco/include/aruco/markermap.h
[0.344s] -- Up-to-date: /home/user/ros2_ws/install/aruco/include/aruco/ippe.h
[0.345s] -- Up-to-date: /home/user/ros2_ws/install/aruco/include/aruco/posetracker.h
[0.347s] -- Up-to-date: /home/user/ros2_ws/install/aruco/include/aruco/dictionary_based.h
[0.347s] -- Up-to-date: /home/user/ros2_ws/install/aruco/include/aruco/markerlabeler.h
[0.348s] -- Up-to-date: /home/user/ros2_ws/install/aruco/include/aruco/markerdetector.h
[0.348s] -- Up-to-date: /home/user/ros2_ws/install/aruco/include/aruco/timers.h
[0.352s] -- Up-to-date: /home/user/ros2_ws/install/aruco/include/aruco/picoflann.h
[0.358s] -- Up-to-date: /home/user/ros2_ws/install/aruco/share/aruco/environment/library_path.sh
[0.360s] -- Up-to-date: /home/user/ros2_ws/install/aruco/share/aruco/environment/library_path.dsv
[0.360s] -- Up-to-date: /home/user/ros2_ws/install/aruco/share/ament_index/resource_index/package_run_dependencies/aruco
[0.360s] -- Up-to-date: /home/user/ros2_ws/install/aruco/share/ament_index/resource_index/parent_prefix_path/aruco
[0.361s] -- Up-to-date: /home/user/ros2_ws/install/aruco/share/aruco/environment/ament_prefix_path.sh
[0.361s] -- Up-to-date: /home/user/ros2_ws/install/aruco/share/aruco/environment/ament_prefix_path.dsv
[0.361s] -- Up-to-date: /home/user/ros2_ws/install/aruco/share/aruco/environment/path.sh
[0.361s] -- Up-to-date: /home/user/ros2_ws/install/aruco/share/aruco/environment/path.dsv
[0.362s] -- Up-to-date: /home/user/ros2_ws/install/aruco/share/aruco/local_setup.bash
[0.362s] -- Up-to-date: /home/user/ros2_ws/install/aruco/share/aruco/local_setup.sh
[0.362s] -- Up-to-date: /home/user/ros2_ws/install/aruco/share/aruco/local_setup.zsh
[0.362s] -- Up-to-date: /home/user/ros2_ws/install/aruco/share/aruco/local_setup.dsv
[0.362s] -- Installing: /home/user/ros2_ws/install/aruco/share/aruco/package.dsv
[0.363s] -- Up-to-date: /home/user/ros2_ws/install/aruco/share/ament_index/resource_index/packages/aruco
[0.364s] -- Up-to-date: /home/user/ros2_ws/install/aruco/share/aruco/cmake/ament_cmake_export_include_directories-extras.cmake
[0.364s] -- Up-to-date: /home/user/ros2_ws/install/aruco/share/aruco/cmake/ament_cmake_export_libraries-extras.cmake
[0.364s] -- Up-to-date: /home/user/ros2_ws/install/aruco/share/aruco/cmake/arucoConfig.cmake
[0.364s] -- Up-to-date: /home/user/ros2_ws/install/aruco/share/aruco/cmake/arucoConfig-version.cmake
[0.364s] -- Up-to-date: /home/user/ros2_ws/install/aruco/share/aruco/package.xml
[0.426s] Invoked command in '/home/user/ros2_ws/build/aruco' returned '0': CMAKE_PREFIX_PATH=${CMAKE_PREFIX_PATH}:/opt/ros/humble /usr/bin/cmake --install /home/user/ros2_ws/build/aruco
