[0.019s] Invoking command in '/home/user/ros2_ws/build/aruco_ros': CMAKE_PREFIX_PATH=/home/user/ros2_ws/install/aruco_msgs:/home/user/ros2_ws/install/aruco:/home/user/ros2_ws/install/ros2_kdl_package:/home/user/ros2_ws/install/ros2_fra2mo:/home/user/ros2_ws/install/impedance_controller:/home/user/ros2_ws/install/iiwa_bringup:/home/user/ros2_ws/install/iiwa_description:/home/user/ros2_ws/install/external_torque_sensor_broadcaster:/home/user/ros2_ws/install/aruco_ros:/opt/ros/humble LD_LIBRARY_PATH=/home/user/ros2_ws/install/aruco_msgs/lib:/home/user/ros2_ws/install/aruco/lib:/home/user/ros2_ws/install/ros2_kdl_package/lib:/home/user/ros2_ws/install/impedance_controller/lib:/home/user/ros2_ws/install/external_torque_sensor_broadcaster/lib:/home/user/ros2_ws/install/aruco_ros/lib:/opt/ros/humble/opt/rviz_ogre_vendor/lib:/opt/ros/humble/lib/x86_64-linux-gnu:/opt/ros/humble/lib /usr/bin/cmake /home/user/ros2_ws/src/aruco_ros/aruco_ros -DCMAKE_INSTALL_PREFIX=/home/user/ros2_ws/install/aruco_ros
[0.089s] -- The C compiler identification is GNU 11.4.0
[0.168s] -- The CXX compiler identification is GNU 11.4.0
[0.181s] -- Detecting C compiler ABI info
[0.300s] -- Detecting C compiler ABI info - done
[0.316s] -- Check for working C compiler: /usr/bin/cc - skipped
[0.316s] -- Detecting C compile features
[0.317s] -- Detecting C compile features - done
[0.322s] -- Detecting CXX compiler ABI info
[0.454s] -- Detecting CXX compiler ABI info - done
[0.469s] -- Check for working CXX compiler: /usr/bin/c++ - skipped
[0.469s] -- Detecting CXX compile features
[0.470s] -- Detecting CXX compile features - done
[0.480s] -- Found ament_cmake: 1.3.12 (/opt/ros/humble/share/ament_cmake/cmake)
[0.662s] -- Found Python3: /usr/bin/python3 (found version "3.10.12") found components: Interpreter 
[0.854s] -- Found OpenCV: /usr (found version "4.5.4") 
[0.860s] -- Found cv_bridge: 3.2.1 (/opt/ros/humble/share/cv_bridge/cmake)
[0.959s] -- Found rosidl_generator_c: 3.1.7 (/opt/ros/humble/share/rosidl_generator_c/cmake)
[0.975s] -- Found rosidl_adapter: 3.1.7 (/opt/ros/humble/share/rosidl_adapter/cmake)
[0.996s] -- Found rosidl_generator_cpp: 3.1.7 (/opt/ros/humble/share/rosidl_generator_cpp/cmake)
[1.028s] -- Using all available rosidl_typesupport_c: rosidl_typesupport_fastrtps_c;rosidl_typesupport_introspection_c
[1.073s] -- Using all available rosidl_typesupport_cpp: rosidl_typesupport_fastrtps_cpp;rosidl_typesupport_introspection_cpp
[1.175s] -- Found image_transport: 3.1.12 (/opt/ros/humble/share/image_transport/cmake)
[1.264s] -- Found rmw_implementation_cmake: 6.1.2 (/opt/ros/humble/share/rmw_implementation_cmake/cmake)
[1.271s] -- Found rmw_fastrtps_cpp: 6.2.9 (/opt/ros/humble/share/rmw_fastrtps_cpp/cmake)
[1.406s] -- Found OpenSSL: /usr/lib/x86_64-linux-gnu/libcrypto.so (found version "3.0.2")  
[1.447s] -- Found FastRTPS: /opt/ros/humble/include  
[1.513s] -- Using RMW implementation 'rmw_fastrtps_cpp' as default
[1.533s] -- Looking for pthread.h
[1.618s] -- Looking for pthread.h - found
[1.619s] -- Performing Test CMAKE_HAVE_LIBC_PTHREAD
[1.708s] -- Performing Test CMAKE_HAVE_LIBC_PTHREAD - Success
[1.710s] -- Found Threads: TRUE  
[1.889s] -- Found rclpy: 3.3.19 (/opt/ros/humble/share/rclpy/cmake)
[1.897s] -- Found tf2: 0.25.17 (/opt/ros/humble/share/tf2/cmake)
[1.911s] -- Found tf2_ros: 0.25.17 (/opt/ros/humble/share/tf2_ros/cmake)
[2.119s] -- Found tf2_geometry_msgs: 0.25.17 (/opt/ros/humble/share/tf2_geometry_msgs/cmake)
[2.166s] -- Found eigen3_cmake_module: 0.1.1 (/opt/ros/humble/share/eigen3_cmake_module/cmake)
[2.168s] -- Found Eigen3: TRUE (found version "3.4.0") 
[2.169s] -- Ensuring Eigen3 include directory is part of orocos-kdl CMake target
[2.172s] -- Found aruco: 5.0.5 (/home/user/ros2_ws/install/aruco/share/aruco/cmake)
[2.175s] -- Found aruco_msgs: 5.0.5 (/home/user/ros2_ws/install/aruco_msgs/share/aruco_msgs/cmake)
[2.212s] -- Found visualization_msgs: 4.9.0 (/opt/ros/humble/share/visualization_msgs/cmake)
[2.300s] -- Found ament_lint_auto: 0.12.14 (/opt/ros/humble/share/ament_lint_auto/cmake)
[2.491s] -- Added test 'cppcheck' to perform static code analysis on C / C++ code
[2.492s] -- Configured cppcheck include dirs: /home/user/ros2_ws/src/aruco_ros/aruco_ros/include
[2.492s] -- Configured cppcheck exclude dirs and/or files: 
[2.495s] -- Added test 'cpplint' to check C / C++ code against the Google style
[2.496s] -- Configured cpplint exclude dirs and/or files: 
[2.497s] -- Added test 'flake8' to check Python code syntax and style conventions
[2.498s] -- Added test 'lint_cmake' to check CMake code style
[2.500s] -- Added test 'pep257' to check Python code against some of the docstring style conventions in PEP 257
[2.503s] -- Added test 'uncrustify' to check C / C++ code style
[2.503s] -- Configured uncrustify additional arguments: 
[2.505s] -- Added test 'xmllint' to check XML markup files
[2.508s] -- Configuring done
[2.608s] -- Generating done
[2.637s] -- Build files have been written to: /home/user/ros2_ws/build/aruco_ros
[2.654s] Invoked command in '/home/user/ros2_ws/build/aruco_ros' returned '0': CMAKE_PREFIX_PATH=/home/user/ros2_ws/install/aruco_msgs:/home/user/ros2_ws/install/aruco:/home/user/ros2_ws/install/ros2_kdl_package:/home/user/ros2_ws/install/ros2_fra2mo:/home/user/ros2_ws/install/impedance_controller:/home/user/ros2_ws/install/iiwa_bringup:/home/user/ros2_ws/install/iiwa_description:/home/user/ros2_ws/install/external_torque_sensor_broadcaster:/home/user/ros2_ws/install/aruco_ros:/opt/ros/humble LD_LIBRARY_PATH=/home/user/ros2_ws/install/aruco_msgs/lib:/home/user/ros2_ws/install/aruco/lib:/home/user/ros2_ws/install/ros2_kdl_package/lib:/home/user/ros2_ws/install/impedance_controller/lib:/home/user/ros2_ws/install/external_torque_sensor_broadcaster/lib:/home/user/ros2_ws/install/aruco_ros/lib:/opt/ros/humble/opt/rviz_ogre_vendor/lib:/opt/ros/humble/lib/x86_64-linux-gnu:/opt/ros/humble/lib /usr/bin/cmake /home/user/ros2_ws/src/aruco_ros/aruco_ros -DCMAKE_INSTALL_PREFIX=/home/user/ros2_ws/install/aruco_ros
[2.657s] Invoking command in '/home/user/ros2_ws/build/aruco_ros': CMAKE_PREFIX_PATH=/home/user/ros2_ws/install/aruco_msgs:/home/user/ros2_ws/install/aruco:/home/user/ros2_ws/install/ros2_kdl_package:/home/user/ros2_ws/install/ros2_fra2mo:/home/user/ros2_ws/install/impedance_controller:/home/user/ros2_ws/install/iiwa_bringup:/home/user/ros2_ws/install/iiwa_description:/home/user/ros2_ws/install/external_torque_sensor_broadcaster:/home/user/ros2_ws/install/aruco_ros:/opt/ros/humble LD_LIBRARY_PATH=/home/user/ros2_ws/install/aruco_msgs/lib:/home/user/ros2_ws/install/aruco/lib:/home/user/ros2_ws/install/ros2_kdl_package/lib:/home/user/ros2_ws/install/impedance_controller/lib:/home/user/ros2_ws/install/external_torque_sensor_broadcaster/lib:/home/user/ros2_ws/install/aruco_ros/lib:/opt/ros/humble/opt/rviz_ogre_vendor/lib:/opt/ros/humble/lib/x86_64-linux-gnu:/opt/ros/humble/lib /usr/bin/cmake --build /home/user/ros2_ws/build/aruco_ros -- -j12 -l12
[2.747s] [ 18%] [32mBuilding CXX object CMakeFiles/single.dir/src/simple_single.cpp.o[0m
[2.747s] [ 27%] [32mBuilding CXX object CMakeFiles/aruco_ros_utils.dir/src/aruco_ros_utils.cpp.o[0m
[2.747s] [ 27%] [32mBuilding CXX object CMakeFiles/single.dir/src/aruco_ros_utils.cpp.o[0m
[2.751s] [ 36%] [32mBuilding CXX object CMakeFiles/double.dir/src/aruco_ros_utils.cpp.o[0m
[2.751s] [ 45%] [32mBuilding CXX object CMakeFiles/marker_publisher.dir/src/aruco_ros_utils.cpp.o[0m
[2.752s] [ 54%] [32mBuilding CXX object CMakeFiles/marker_publisher.dir/src/marker_publish.cpp.o[0m
[2.760s] [ 63%] [32mBuilding CXX object CMakeFiles/double.dir/src/simple_double.cpp.o[0m
[6.188s] [ 72%] [32m[1mLinking CXX shared library libaruco_ros_utils.so[0m
[6.713s] [ 72%] Built target aruco_ros_utils
[16.096s] [ 81%] [32m[1mLinking CXX executable double[0m
[17.328s] [ 81%] Built target double
[17.688s] [ 90%] [32m[1mLinking CXX executable marker_publisher[0m
[18.140s] [100%] [32m[1mLinking CXX executable single[0m
[19.080s] [100%] Built target marker_publisher
[19.398s] [100%] Built target single
[19.410s] Invoked command in '/home/user/ros2_ws/build/aruco_ros' returned '0': CMAKE_PREFIX_PATH=/home/user/ros2_ws/install/aruco_msgs:/home/user/ros2_ws/install/aruco:/home/user/ros2_ws/install/ros2_kdl_package:/home/user/ros2_ws/install/ros2_fra2mo:/home/user/ros2_ws/install/impedance_controller:/home/user/ros2_ws/install/iiwa_bringup:/home/user/ros2_ws/install/iiwa_description:/home/user/ros2_ws/install/external_torque_sensor_broadcaster:/home/user/ros2_ws/install/aruco_ros:/opt/ros/humble LD_LIBRARY_PATH=/home/user/ros2_ws/install/aruco_msgs/lib:/home/user/ros2_ws/install/aruco/lib:/home/user/ros2_ws/install/ros2_kdl_package/lib:/home/user/ros2_ws/install/impedance_controller/lib:/home/user/ros2_ws/install/external_torque_sensor_broadcaster/lib:/home/user/ros2_ws/install/aruco_ros/lib:/opt/ros/humble/opt/rviz_ogre_vendor/lib:/opt/ros/humble/lib/x86_64-linux-gnu:/opt/ros/humble/lib /usr/bin/cmake --build /home/user/ros2_ws/build/aruco_ros -- -j12 -l12
[19.411s] Invoking command in '/home/user/ros2_ws/build/aruco_ros': CMAKE_PREFIX_PATH=/home/user/ros2_ws/install/aruco_msgs:/home/user/ros2_ws/install/aruco:/home/user/ros2_ws/install/ros2_kdl_package:/home/user/ros2_ws/install/ros2_fra2mo:/home/user/ros2_ws/install/impedance_controller:/home/user/ros2_ws/install/iiwa_bringup:/home/user/ros2_ws/install/iiwa_description:/home/user/ros2_ws/install/external_torque_sensor_broadcaster:/home/user/ros2_ws/install/aruco_ros:/opt/ros/humble LD_LIBRARY_PATH=/home/user/ros2_ws/install/aruco_msgs/lib:/home/user/ros2_ws/install/aruco/lib:/home/user/ros2_ws/install/ros2_kdl_package/lib:/home/user/ros2_ws/install/impedance_controller/lib:/home/user/ros2_ws/install/external_torque_sensor_broadcaster/lib:/home/user/ros2_ws/install/aruco_ros/lib:/opt/ros/humble/opt/rviz_ogre_vendor/lib:/opt/ros/humble/lib/x86_64-linux-gnu:/opt/ros/humble/lib /usr/bin/cmake --install /home/user/ros2_ws/build/aruco_ros
[19.420s] -- Install configuration: ""
[19.420s] -- Installing: /home/user/ros2_ws/install/aruco_ros/lib/libaruco_ros_utils.so
[19.421s] -- Set runtime path of "/home/user/ros2_ws/install/aruco_ros/lib/libaruco_ros_utils.so" to ""
[19.421s] -- Installing: /home/user/ros2_ws/install/aruco_ros/lib/aruco_ros/marker_publisher
[19.426s] -- Set runtime path of "/home/user/ros2_ws/install/aruco_ros/lib/aruco_ros/marker_publisher" to ""
[19.426s] -- Installing: /home/user/ros2_ws/install/aruco_ros/lib/aruco_ros/single
[19.431s] -- Set runtime path of "/home/user/ros2_ws/install/aruco_ros/lib/aruco_ros/single" to ""
[19.431s] -- Installing: /home/user/ros2_ws/install/aruco_ros/lib/aruco_ros/double
[19.435s] -- Set runtime path of "/home/user/ros2_ws/install/aruco_ros/lib/aruco_ros/double" to ""
[19.435s] -- Installing: /home/user/ros2_ws/install/aruco_ros/include
[19.435s] -- Installing: /home/user/ros2_ws/install/aruco_ros/include/aruco_ros
[19.435s] -- Installing: /home/user/ros2_ws/install/aruco_ros/share/aruco_ros/etc
[19.435s] -- Installing: /home/user/ros2_ws/install/aruco_ros/share/aruco_ros/etc/marker26_5cm.jpg
[19.435s] -- Installing: /home/user/ros2_ws/install/aruco_ros/share/aruco_ros/etc/marker582_5cm.jpg
[19.436s] -- Installing: /home/user/ros2_ws/install/aruco_ros/share/aruco_ros/etc/new_coordinates.png
[19.436s] -- Installing: /home/user/ros2_ws/install/aruco_ros/share/aruco_ros/etc/reem_gazebo_floating_marker_world.png
[19.436s] -- Installing: /home/user/ros2_ws/install/aruco_ros/share/aruco_ros/etc/marker582_5cm_margin_2cm.jpg
[19.436s] -- Installing: /home/user/ros2_ws/install/aruco_ros/share/aruco_ros/etc/marker_in_hand.jpg
[19.436s] -- Installing: /home/user/ros2_ws/install/aruco_ros/share/aruco_ros/etc/reem_gazebo_floating_marker.png
[19.436s] -- Installing: /home/user/ros2_ws/install/aruco_ros/share/aruco_ros/etc/marker_in_object.jpg
[19.436s] -- Installing: /home/user/ros2_ws/install/aruco_ros/share/aruco_ros/etc/marker26_5cm_margin_1cm.jpg
[19.437s] -- Installing: /home/user/ros2_ws/install/aruco_ros/share/aruco_ros/etc/marker26_5cm_margin_2cm.jpg
[19.437s] -- Installing: /home/user/ros2_ws/install/aruco_ros/share/aruco_ros/launch
[19.437s] -- Installing: /home/user/ros2_ws/install/aruco_ros/share/aruco_ros/launch/double.launch.py
[19.437s] -- Installing: /home/user/ros2_ws/install/aruco_ros/share/aruco_ros/launch/marker_publisher.launch.py
[19.437s] -- Installing: /home/user/ros2_ws/install/aruco_ros/share/aruco_ros/launch/single.launch.py
[19.437s] -- Installing: /home/user/ros2_ws/install/aruco_ros/share/ament_index/resource_index/package_run_dependencies/aruco_ros
[19.438s] -- Installing: /home/user/ros2_ws/install/aruco_ros/share/ament_index/resource_index/parent_prefix_path/aruco_ros
[19.438s] -- Installing: /home/user/ros2_ws/install/aruco_ros/share/aruco_ros/environment/ament_prefix_path.sh
[19.438s] -- Installing: /home/user/ros2_ws/install/aruco_ros/share/aruco_ros/environment/ament_prefix_path.dsv
[19.438s] -- Installing: /home/user/ros2_ws/install/aruco_ros/share/aruco_ros/environment/path.sh
[19.439s] -- Installing: /home/user/ros2_ws/install/aruco_ros/share/aruco_ros/environment/path.dsv
[19.439s] -- Installing: /home/user/ros2_ws/install/aruco_ros/share/aruco_ros/local_setup.bash
[19.439s] -- Installing: /home/user/ros2_ws/install/aruco_ros/share/aruco_ros/local_setup.sh
[19.439s] -- Installing: /home/user/ros2_ws/install/aruco_ros/share/aruco_ros/local_setup.zsh
[19.439s] -- Installing: /home/user/ros2_ws/install/aruco_ros/share/aruco_ros/local_setup.dsv
[19.439s] -- Installing: /home/user/ros2_ws/install/aruco_ros/share/aruco_ros/package.dsv
[19.440s] -- Installing: /home/user/ros2_ws/install/aruco_ros/share/ament_index/resource_index/packages/aruco_ros
[19.440s] -- Installing: /home/user/ros2_ws/install/aruco_ros/share/aruco_ros/cmake/aruco_rosConfig.cmake
[19.440s] -- Installing: /home/user/ros2_ws/install/aruco_ros/share/aruco_ros/cmake/aruco_rosConfig-version.cmake
[19.440s] -- Installing: /home/user/ros2_ws/install/aruco_ros/share/aruco_ros/package.xml
[19.443s] Invoked command in '/home/user/ros2_ws/build/aruco_ros' returned '0': CMAKE_PREFIX_PATH=/home/user/ros2_ws/install/aruco_msgs:/home/user/ros2_ws/install/aruco:/home/user/ros2_ws/install/ros2_kdl_package:/home/user/ros2_ws/install/ros2_fra2mo:/home/user/ros2_ws/install/impedance_controller:/home/user/ros2_ws/install/iiwa_bringup:/home/user/ros2_ws/install/iiwa_description:/home/user/ros2_ws/install/external_torque_sensor_broadcaster:/home/user/ros2_ws/install/aruco_ros:/opt/ros/humble LD_LIBRARY_PATH=/home/user/ros2_ws/install/aruco_msgs/lib:/home/user/ros2_ws/install/aruco/lib:/home/user/ros2_ws/install/ros2_kdl_package/lib:/home/user/ros2_ws/install/impedance_controller/lib:/home/user/ros2_ws/install/external_torque_sensor_broadcaster/lib:/home/user/ros2_ws/install/aruco_ros/lib:/opt/ros/humble/opt/rviz_ogre_vendor/lib:/opt/ros/humble/lib/x86_64-linux-gnu:/opt/ros/humble/lib /usr/bin/cmake --install /home/user/ros2_ws/build/aruco_ros
