[0.037s] Invoking command in '/home/user/ros2_ws/build/iiwa_bringup': CMAKE_PREFIX_PATH=/home/user/ros2_ws/install/iiwa_description:/home/user/ros2_ws/install/ros2_kdl_package:/home/user/ros2_ws/install/ros2_fra2mo:/home/user/ros2_ws/install/multirobot_map_merge:/home/user/ros2_ws/install/impedance_controller:/home/user/ros2_ws/install/iiwa_bringup:/home/user/ros2_ws/install/external_torque_sensor_broadcaster:/home/user/ros2_ws/install/explore_lite:/home/user/ros2_ws/install/aruco_ros:/home/user/ros2_ws/install/aruco_msgs:/home/user/ros2_ws/install/aruco:/opt/ros/humble /usr/bin/cmake /home/user/ros2_ws/src/ros2_iiwa/iiwa_bringup -DCMAKE_INSTALL_PREFIX=/home/user/ros2_ws/install/iiwa_bringup
[0.943s] -- The C compiler identification is GNU 11.4.0
[0.943s] -- The CXX compiler identification is GNU 11.4.0
[0.943s] -- Detecting C compiler ABI info
[0.943s] -- Detecting C compiler ABI info - done
[0.944s] -- Check for working C compiler: /usr/bin/cc - skipped
[0.944s] -- Detecting C compile features
[0.944s] -- Detecting C compile features - done
[0.944s] -- Detecting CXX compiler ABI info
[0.944s] -- Detecting CXX compiler ABI info - done
[0.944s] -- Check for working CXX compiler: /usr/bin/c++ - skipped
[0.944s] -- Detecting CXX compile features
[0.945s] -- Detecting CXX compile features - done
[0.945s] -- Found ament_cmake: 1.3.12 (/opt/ros/humble/share/ament_cmake/cmake)
[1.234s] -- Found Python3: /usr/bin/python3 (found version "3.10.12") found components: Interpreter 
[1.649s] -- Found rclcpp: 16.0.16 (/opt/ros/humble/share/rclcpp/cmake)
[1.891s] -- Found rosidl_generator_c: 3.1.7 (/opt/ros/humble/share/rosidl_generator_c/cmake)
[1.913s] -- Found rosidl_adapter: 3.1.7 (/opt/ros/humble/share/rosidl_adapter/cmake)
[1.942s] -- Found rosidl_generator_cpp: 3.1.7 (/opt/ros/humble/share/rosidl_generator_cpp/cmake)
[1.981s] -- Using all available rosidl_typesupport_c: rosidl_typesupport_fastrtps_c;rosidl_typesupport_introspection_c
[2.039s] -- Using all available rosidl_typesupport_cpp: rosidl_typesupport_fastrtps_cpp;rosidl_typesupport_introspection_cpp
[2.207s] -- Found rmw_implementation_cmake: 6.1.2 (/opt/ros/humble/share/rmw_implementation_cmake/cmake)
[2.219s] -- Found rmw_fastrtps_cpp: 6.2.9 (/opt/ros/humble/share/rmw_fastrtps_cpp/cmake)
[2.535s] -- Found OpenSSL: /usr/lib/x86_64-linux-gnu/libcrypto.so (found version "3.0.2")  
[2.688s] -- Found FastRTPS: /opt/ros/humble/include  
[2.954s] -- Using RMW implementation 'rmw_fastrtps_cpp' as default
[3.058s] -- Looking for pthread.h
[3.382s] -- Looking for pthread.h - found
[3.382s] -- Performing Test CMAKE_HAVE_LIBC_PTHREAD
[3.724s] -- Performing Test CMAKE_HAVE_LIBC_PTHREAD - Success
[3.736s] -- Found Threads: TRUE  
[4.256s] -- Found rclpy: 3.3.19 (/opt/ros/humble/share/rclpy/cmake)
[4.271s] -- Found sensor_msgs: 4.9.0 (/opt/ros/humble/share/sensor_msgs/cmake)
[4.571s] -- Found visualization_msgs: 4.9.0 (/opt/ros/humble/share/visualization_msgs/cmake)
[4.753s] -- Found ament_cmake_gtest: 1.3.12 (/opt/ros/humble/share/ament_cmake_gtest/cmake)
[4.780s] -- Found ament_lint_auto: 0.12.14 (/opt/ros/humble/share/ament_lint_auto/cmake)
[5.352s] -- Added test 'copyright' to check source files copyright and LICENSE
[5.372s] -- Added test 'flake8' to check Python code syntax and style conventions
[5.383s] -- Added test 'lint_cmake' to check CMake code style
[5.383s] -- Added test 'pep257' to check Python code against some of the docstring style conventions in PEP 257
[5.390s] -- Added test 'xmllint' to check XML markup files
[5.409s] -- Configuring done
[5.432s] -- Generating done
[5.439s] -- Build files have been written to: /home/user/ros2_ws/build/iiwa_bringup
[5.490s] Invoked command in '/home/user/ros2_ws/build/iiwa_bringup' returned '0': CMAKE_PREFIX_PATH=/home/user/ros2_ws/install/iiwa_description:/home/user/ros2_ws/install/ros2_kdl_package:/home/user/ros2_ws/install/ros2_fra2mo:/home/user/ros2_ws/install/multirobot_map_merge:/home/user/ros2_ws/install/impedance_controller:/home/user/ros2_ws/install/iiwa_bringup:/home/user/ros2_ws/install/external_torque_sensor_broadcaster:/home/user/ros2_ws/install/explore_lite:/home/user/ros2_ws/install/aruco_ros:/home/user/ros2_ws/install/aruco_msgs:/home/user/ros2_ws/install/aruco:/opt/ros/humble /usr/bin/cmake /home/user/ros2_ws/src/ros2_iiwa/iiwa_bringup -DCMAKE_INSTALL_PREFIX=/home/user/ros2_ws/install/iiwa_bringup
[5.491s] Invoking command in '/home/user/ros2_ws/build/iiwa_bringup': CMAKE_PREFIX_PATH=/home/user/ros2_ws/install/iiwa_description:/home/user/ros2_ws/install/ros2_kdl_package:/home/user/ros2_ws/install/ros2_fra2mo:/home/user/ros2_ws/install/multirobot_map_merge:/home/user/ros2_ws/install/impedance_controller:/home/user/ros2_ws/install/iiwa_bringup:/home/user/ros2_ws/install/external_torque_sensor_broadcaster:/home/user/ros2_ws/install/explore_lite:/home/user/ros2_ws/install/aruco_ros:/home/user/ros2_ws/install/aruco_msgs:/home/user/ros2_ws/install/aruco:/opt/ros/humble /usr/bin/cmake --build /home/user/ros2_ws/build/iiwa_bringup -- -j12 -l12
[9.758s] Invoked command in '/home/user/ros2_ws/build/iiwa_bringup' returned '0': CMAKE_PREFIX_PATH=/home/user/ros2_ws/install/iiwa_description:/home/user/ros2_ws/install/ros2_kdl_package:/home/user/ros2_ws/install/ros2_fra2mo:/home/user/ros2_ws/install/multirobot_map_merge:/home/user/ros2_ws/install/impedance_controller:/home/user/ros2_ws/install/iiwa_bringup:/home/user/ros2_ws/install/external_torque_sensor_broadcaster:/home/user/ros2_ws/install/explore_lite:/home/user/ros2_ws/install/aruco_ros:/home/user/ros2_ws/install/aruco_msgs:/home/user/ros2_ws/install/aruco:/opt/ros/humble /usr/bin/cmake --build /home/user/ros2_ws/build/iiwa_bringup -- -j12 -l12
[9.759s] Invoking command in '/home/user/ros2_ws/build/iiwa_bringup': CMAKE_PREFIX_PATH=/home/user/ros2_ws/install/iiwa_description:/home/user/ros2_ws/install/ros2_kdl_package:/home/user/ros2_ws/install/ros2_fra2mo:/home/user/ros2_ws/install/multirobot_map_merge:/home/user/ros2_ws/install/impedance_controller:/home/user/ros2_ws/install/iiwa_bringup:/home/user/ros2_ws/install/external_torque_sensor_broadcaster:/home/user/ros2_ws/install/explore_lite:/home/user/ros2_ws/install/aruco_ros:/home/user/ros2_ws/install/aruco_msgs:/home/user/ros2_ws/install/aruco:/opt/ros/humble /usr/bin/cmake --install /home/user/ros2_ws/build/iiwa_bringup
[10.097s] -- Install configuration: ""
[10.097s] -- Installing: /home/user/ros2_ws/install/iiwa_bringup/share/iiwa_bringup/launch
[10.097s] -- Installing: /home/user/ros2_ws/install/iiwa_bringup/share/iiwa_bringup/launch/iiwa_pose_tracking.launch.py
[10.098s] -- Installing: /home/user/ros2_ws/install/iiwa_bringup/share/iiwa_bringup/launch/iiwa_servoing.launch.py
[10.098s] -- Installing: /home/user/ros2_ws/install/iiwa_bringup/share/iiwa_bringup/launch/joy_servo_teleop.launch.py
[10.098s] -- Installing: /home/user/ros2_ws/install/iiwa_bringup/share/iiwa_bringup/launch/iiwa_test_joint_trajectory_controller.launch.py
[10.098s] -- Installing: /home/user/ros2_ws/install/iiwa_bringup/share/iiwa_bringup/launch/iiwa_planning.launch.py
[10.098s] -- Installing: /home/user/ros2_ws/install/iiwa_bringup/share/iiwa_bringup/launch/iiwa.launch.py
[10.098s] -- Installing: /home/user/ros2_ws/install/iiwa_bringup/share/iiwa_bringup/config
[10.098s] -- Installing: /home/user/ros2_ws/install/iiwa_bringup/share/iiwa_bringup/config/test_trajectory_config.yaml
[10.099s] -- Installing: /home/user/ros2_ws/install/iiwa_bringup/share/ament_index/resource_index/package_run_dependencies/iiwa_bringup
[10.099s] -- Installing: /home/user/ros2_ws/install/iiwa_bringup/share/ament_index/resource_index/parent_prefix_path/iiwa_bringup
[10.099s] -- Installing: /home/user/ros2_ws/install/iiwa_bringup/share/iiwa_bringup/environment/ament_prefix_path.sh
[10.099s] -- Installing: /home/user/ros2_ws/install/iiwa_bringup/share/iiwa_bringup/environment/ament_prefix_path.dsv
[10.099s] -- Installing: /home/user/ros2_ws/install/iiwa_bringup/share/iiwa_bringup/environment/path.sh
[10.099s] -- Installing: /home/user/ros2_ws/install/iiwa_bringup/share/iiwa_bringup/environment/path.dsv
[10.099s] -- Installing: /home/user/ros2_ws/install/iiwa_bringup/share/iiwa_bringup/local_setup.bash
[10.100s] -- Installing: /home/user/ros2_ws/install/iiwa_bringup/share/iiwa_bringup/local_setup.sh
[10.100s] -- Installing: /home/user/ros2_ws/install/iiwa_bringup/share/iiwa_bringup/local_setup.zsh
[10.131s] -- Installing: /home/user/ros2_ws/install/iiwa_bringup/share/iiwa_bringup/local_setup.dsv
[10.131s] -- Installing: /home/user/ros2_ws/install/iiwa_bringup/share/iiwa_bringup/package.dsv
[10.132s] -- Installing: /home/user/ros2_ws/install/iiwa_bringup/share/ament_index/resource_index/packages/iiwa_bringup
[10.132s] -- Installing: /home/user/ros2_ws/install/iiwa_bringup/share/iiwa_bringup/cmake/iiwa_bringupConfig.cmake
[10.132s] -- Installing: /home/user/ros2_ws/install/iiwa_bringup/share/iiwa_bringup/cmake/iiwa_bringupConfig-version.cmake
[10.132s] -- Installing: /home/user/ros2_ws/install/iiwa_bringup/share/iiwa_bringup/package.xml
[10.175s] Invoked command in '/home/user/ros2_ws/build/iiwa_bringup' returned '0': CMAKE_PREFIX_PATH=/home/user/ros2_ws/install/iiwa_description:/home/user/ros2_ws/install/ros2_kdl_package:/home/user/ros2_ws/install/ros2_fra2mo:/home/user/ros2_ws/install/multirobot_map_merge:/home/user/ros2_ws/install/impedance_controller:/home/user/ros2_ws/install/iiwa_bringup:/home/user/ros2_ws/install/external_torque_sensor_broadcaster:/home/user/ros2_ws/install/explore_lite:/home/user/ros2_ws/install/aruco_ros:/home/user/ros2_ws/install/aruco_msgs:/home/user/ros2_ws/install/aruco:/opt/ros/humble /usr/bin/cmake --install /home/user/ros2_ws/build/iiwa_bringup
