[0.043s] Invoking command in '/home/user/ros2_ws/build/ros2_kdl_package': CMAKE_PREFIX_PATH=${CMAKE_PREFIX_PATH}:/opt/ros/humble /usr/bin/cmake --build /home/user/ros2_ws/build/ros2_kdl_package -- -j12 -l12
[0.203s] [  2%] Built target ros2_kdl_package__cpp
[0.205s] [ 10%] Built target ros2_kdl_package__rosidl_generator_c
[0.235s] [ 15%] Built target ros2_kdl_node_example
[0.256s] [ 15%] Built target ament_cmake_python_symlink_ros2_kdl_package
[0.262s] [ 22%] Built target ros2_kdl_package__rosidl_typesupport_cpp
[0.264s] [ 30%] Built target ros2_kdl_package__rosidl_typesupport_introspection_cpp
[0.264s] [ 37%] Built target ros2_kdl_package__rosidl_typesupport_fastrtps_cpp
[0.264s] [ 45%] Built target ros2_kdl_package__rosidl_typesupport_c
[0.264s] [ 52%] Built target ros2_kdl_package__rosidl_typesupport_introspection_c
[0.265s] [ 60%] Built target ros2_kdl_package__rosidl_typesupport_fastrtps_c
[0.305s] [ 60%] Built target ros2_kdl_package
[0.315s] [ 65%] Built target ros2_kdl_node_client
[0.318s] [ 77%] Built target ros2_kdl_node
[0.334s] [ 80%] Built target ros2_kdl_package__py
[0.379s] [ 85%] Built target ros2_kdl_package__rosidl_generator_py
[0.417s] [ 90%] Built target ros2_kdl_package__rosidl_typesupport_introspection_c__pyext
[0.418s] [ 95%] Built target ros2_kdl_package__rosidl_typesupport_fastrtps_c__pyext
[0.418s] [100%] Built target ros2_kdl_package__rosidl_typesupport_c__pyext
[0.599s] running egg_info
[0.600s] writing ros2_kdl_package.egg-info/PKG-INFO
[0.600s] writing dependency_links to ros2_kdl_package.egg-info/dependency_links.txt
[0.601s] writing top-level names to ros2_kdl_package.egg-info/top_level.txt
[0.603s] reading manifest file 'ros2_kdl_package.egg-info/SOURCES.txt'
[0.603s] writing manifest file 'ros2_kdl_package.egg-info/SOURCES.txt'
[0.631s] [100%] Built target ament_cmake_python_build_ros2_kdl_package_egg
[0.643s] Invoked command in '/home/user/ros2_ws/build/ros2_kdl_package' returned '0': CMAKE_PREFIX_PATH=${CMAKE_PREFIX_PATH}:/opt/ros/humble /usr/bin/cmake --build /home/user/ros2_ws/build/ros2_kdl_package -- -j12 -l12
[0.645s] Invoking command in '/home/user/ros2_ws/build/ros2_kdl_package': CMAKE_PREFIX_PATH=${CMAKE_PREFIX_PATH}:/opt/ros/humble /usr/bin/cmake --install /home/user/ros2_ws/build/ros2_kdl_package
[0.653s] -- Install configuration: ""
[0.653s] -- Execute custom install script
[0.653s] -- Up-to-date symlink: /home/user/ros2_ws/install/ros2_kdl_package/share/ament_index/resource_index/rosidl_interfaces/ros2_kdl_package
[0.654s] -- Up-to-date symlink: /home/user/ros2_ws/install/ros2_kdl_package/include/ros2_kdl_package/ros2_kdl_package/action/detail/execute_trajectory__functions.h
[0.654s] -- Up-to-date symlink: /home/user/ros2_ws/install/ros2_kdl_package/include/ros2_kdl_package/ros2_kdl_package/action/detail/execute_trajectory__struct.h
[0.654s] -- Up-to-date symlink: /home/user/ros2_ws/install/ros2_kdl_package/include/ros2_kdl_package/ros2_kdl_package/action/detail/execute_trajectory__type_support.h
[0.654s] -- Up-to-date symlink: /home/user/ros2_ws/install/ros2_kdl_package/include/ros2_kdl_package/ros2_kdl_package/action/execute_trajectory.h
[0.654s] -- Up-to-date symlink: /home/user/ros2_ws/install/ros2_kdl_package/include/ros2_kdl_package/ros2_kdl_package/msg/rosidl_generator_c__visibility_control.h
[0.655s] -- Up-to-date symlink: /home/user/ros2_ws/install/ros2_kdl_package/share/ros2_kdl_package/environment/library_path.sh
[0.655s] -- Up-to-date symlink: /home/user/ros2_ws/install/ros2_kdl_package/share/ros2_kdl_package/environment/library_path.dsv
[0.655s] -- Up-to-date symlink: /home/user/ros2_ws/install/ros2_kdl_package/include/ros2_kdl_package/ros2_kdl_package/action/detail/execute_trajectory__rosidl_typesupport_fastrtps_c.h
[0.655s] -- Up-to-date symlink: /home/user/ros2_ws/install/ros2_kdl_package/include/ros2_kdl_package/ros2_kdl_package/msg/rosidl_typesupport_fastrtps_c__visibility_control.h
[0.656s] -- Up-to-date symlink: /home/user/ros2_ws/install/ros2_kdl_package/include/ros2_kdl_package/ros2_kdl_package/action/detail/execute_trajectory__builder.hpp
[0.656s] -- Up-to-date symlink: /home/user/ros2_ws/install/ros2_kdl_package/include/ros2_kdl_package/ros2_kdl_package/action/detail/execute_trajectory__struct.hpp
[0.656s] -- Up-to-date symlink: /home/user/ros2_ws/install/ros2_kdl_package/include/ros2_kdl_package/ros2_kdl_package/action/detail/execute_trajectory__traits.hpp
[0.656s] -- Up-to-date symlink: /home/user/ros2_ws/install/ros2_kdl_package/include/ros2_kdl_package/ros2_kdl_package/action/detail/execute_trajectory__type_support.hpp
[0.656s] -- Up-to-date symlink: /home/user/ros2_ws/install/ros2_kdl_package/include/ros2_kdl_package/ros2_kdl_package/action/execute_trajectory.hpp
[0.656s] -- Up-to-date symlink: /home/user/ros2_ws/install/ros2_kdl_package/include/ros2_kdl_package/ros2_kdl_package/msg/rosidl_generator_cpp__visibility_control.hpp
[0.657s] -- Up-to-date symlink: /home/user/ros2_ws/install/ros2_kdl_package/include/ros2_kdl_package/ros2_kdl_package/action/detail/execute_trajectory__rosidl_typesupport_fastrtps_cpp.hpp
[0.657s] -- Up-to-date symlink: /home/user/ros2_ws/install/ros2_kdl_package/include/ros2_kdl_package/ros2_kdl_package/msg/rosidl_typesupport_fastrtps_cpp__visibility_control.h
[0.657s] -- Up-to-date symlink: /home/user/ros2_ws/install/ros2_kdl_package/include/ros2_kdl_package/ros2_kdl_package/action/detail/execute_trajectory__rosidl_typesupport_introspection_c.h
[0.658s] -- Up-to-date symlink: /home/user/ros2_ws/install/ros2_kdl_package/include/ros2_kdl_package/ros2_kdl_package/msg/rosidl_typesupport_introspection_c__visibility_control.h
[0.658s] -- Up-to-date symlink: /home/user/ros2_ws/install/ros2_kdl_package/include/ros2_kdl_package/ros2_kdl_package/action/detail/execute_trajectory__rosidl_typesupport_introspection_cpp.hpp
[0.658s] -- Up-to-date symlink: /home/user/ros2_ws/install/ros2_kdl_package/share/ros2_kdl_package/environment/pythonpath.sh
[0.658s] -- Up-to-date symlink: /home/user/ros2_ws/install/ros2_kdl_package/share/ros2_kdl_package/environment/pythonpath.dsv
[0.659s] -- Up-to-date symlink: /home/user/ros2_ws/install/ros2_kdl_package/local/lib/python3.10/dist-packages/ros2_kdl_package-0.0.0-py3.10.egg-info/PKG-INFO
[0.659s] -- Up-to-date symlink: /home/user/ros2_ws/install/ros2_kdl_package/local/lib/python3.10/dist-packages/ros2_kdl_package-0.0.0-py3.10.egg-info/SOURCES.txt
[0.659s] -- Up-to-date symlink: /home/user/ros2_ws/install/ros2_kdl_package/local/lib/python3.10/dist-packages/ros2_kdl_package-0.0.0-py3.10.egg-info/dependency_links.txt
[0.659s] -- Up-to-date symlink: /home/user/ros2_ws/install/ros2_kdl_package/local/lib/python3.10/dist-packages/ros2_kdl_package-0.0.0-py3.10.egg-info/top_level.txt
[0.660s] -- Up-to-date symlink: /home/user/ros2_ws/install/ros2_kdl_package/local/lib/python3.10/dist-packages/ros2_kdl_package/__init__.py
[0.660s] -- Up-to-date symlink: /home/user/ros2_ws/install/ros2_kdl_package/local/lib/python3.10/dist-packages/ros2_kdl_package/_ros2_kdl_package_s.ep.rosidl_typesupport_c.c
[0.660s] -- Up-to-date symlink: /home/user/ros2_ws/install/ros2_kdl_package/local/lib/python3.10/dist-packages/ros2_kdl_package/_ros2_kdl_package_s.ep.rosidl_typesupport_fastrtps_c.c
[0.660s] -- Up-to-date symlink: /home/user/ros2_ws/install/ros2_kdl_package/local/lib/python3.10/dist-packages/ros2_kdl_package/_ros2_kdl_package_s.ep.rosidl_typesupport_introspection_c.c
[0.660s] -- Up-to-date symlink: /home/user/ros2_ws/install/ros2_kdl_package/local/lib/python3.10/dist-packages/ros2_kdl_package/action/__init__.py
[0.660s] -- Up-to-date symlink: /home/user/ros2_ws/install/ros2_kdl_package/local/lib/python3.10/dist-packages/ros2_kdl_package/action/_execute_trajectory.py
[0.660s] -- Up-to-date symlink: /home/user/ros2_ws/install/ros2_kdl_package/local/lib/python3.10/dist-packages/ros2_kdl_package/action/_execute_trajectory_s.c
[0.661s] -- Up-to-date symlink: /home/user/ros2_ws/install/ros2_kdl_package/local/lib/python3.10/dist-packages/ros2_kdl_package/libros2_kdl_package__rosidl_generator_py.so
[0.661s] -- Up-to-date symlink: /home/user/ros2_ws/install/ros2_kdl_package/local/lib/python3.10/dist-packages/ros2_kdl_package/ros2_kdl_package_s__rosidl_typesupport_c.cpython-310-x86_64-linux-gnu.so
[0.661s] -- Up-to-date symlink: /home/user/ros2_ws/install/ros2_kdl_package/local/lib/python3.10/dist-packages/ros2_kdl_package/ros2_kdl_package_s__rosidl_typesupport_fastrtps_c.cpython-310-x86_64-linux-gnu.so
[0.661s] -- Up-to-date symlink: /home/user/ros2_ws/install/ros2_kdl_package/local/lib/python3.10/dist-packages/ros2_kdl_package/ros2_kdl_package_s__rosidl_typesupport_introspection_c.cpython-310-x86_64-linux-gnu.so
[0.661s] -- Up-to-date symlink: /home/user/ros2_ws/install/ros2_kdl_package/local/lib/python3.10/dist-packages/ros2_kdl_package/ros2_kdl_package_s__rosidl_typesupport_fastrtps_c.cpython-310-x86_64-linux-gnu.so
[0.662s] -- Up-to-date symlink: /home/user/ros2_ws/install/ros2_kdl_package/local/lib/python3.10/dist-packages/ros2_kdl_package/ros2_kdl_package_s__rosidl_typesupport_introspection_c.cpython-310-x86_64-linux-gnu.so
[0.662s] -- Up-to-date symlink: /home/user/ros2_ws/install/ros2_kdl_package/local/lib/python3.10/dist-packages/ros2_kdl_package/ros2_kdl_package_s__rosidl_typesupport_c.cpython-310-x86_64-linux-gnu.so
[0.662s] -- Up-to-date symlink: /home/user/ros2_ws/install/ros2_kdl_package/share/ros2_kdl_package/action/ExecuteTrajectory.idl
[0.662s] -- Up-to-date symlink: /home/user/ros2_ws/install/ros2_kdl_package/share/ros2_kdl_package/action/ExecuteTrajectory.action
[0.663s] -- Up-to-date symlink: /home/user/ros2_ws/install/ros2_kdl_package/lib/ros2_kdl_package/ros2_kdl_node
[0.663s] -- Up-to-date symlink: /home/user/ros2_ws/install/ros2_kdl_package/lib/ros2_kdl_package/ros2_kdl_node_example
[0.663s] -- Up-to-date symlink: /home/user/ros2_ws/install/ros2_kdl_package/lib/ros2_kdl_package/ros2_kdl_node_client
[0.663s] -- Up-to-date symlink: /home/user/ros2_ws/install/ros2_kdl_package/share/ros2_kdl_package/launch/__pycache__/launching.launch.cpython-310.pyc
[0.664s] -- Up-to-date symlink: /home/user/ros2_ws/install/ros2_kdl_package/share/ros2_kdl_package/launch/launching.launch.py
[0.664s] -- Up-to-date symlink: /home/user/ros2_ws/install/ros2_kdl_package/share/ros2_kdl_package/config/bridge_config.yaml
[0.664s] -- Up-to-date symlink: /home/user/ros2_ws/install/ros2_kdl_package/share/ros2_kdl_package/config/kdl_params.yaml
[0.664s] -- Up-to-date symlink: /home/user/ros2_ws/install/ros2_kdl_package/share/ament_index/resource_index/package_run_dependencies/ros2_kdl_package
[0.664s] -- Up-to-date symlink: /home/user/ros2_ws/install/ros2_kdl_package/share/ament_index/resource_index/parent_prefix_path/ros2_kdl_package
[0.665s] -- Up-to-date symlink: /home/user/ros2_ws/install/ros2_kdl_package/share/ros2_kdl_package/environment/ament_prefix_path.sh
[0.665s] -- Up-to-date symlink: /home/user/ros2_ws/install/ros2_kdl_package/share/ros2_kdl_package/environment/ament_prefix_path.dsv
[0.665s] -- Up-to-date symlink: /home/user/ros2_ws/install/ros2_kdl_package/share/ros2_kdl_package/environment/path.sh
[0.665s] -- Up-to-date symlink: /home/user/ros2_ws/install/ros2_kdl_package/share/ros2_kdl_package/environment/path.dsv
[0.665s] -- Up-to-date symlink: /home/user/ros2_ws/install/ros2_kdl_package/share/ros2_kdl_package/local_setup.bash
[0.665s] -- Up-to-date symlink: /home/user/ros2_ws/install/ros2_kdl_package/share/ros2_kdl_package/local_setup.sh
[0.666s] -- Up-to-date symlink: /home/user/ros2_ws/install/ros2_kdl_package/share/ros2_kdl_package/local_setup.zsh
[0.666s] -- Up-to-date symlink: /home/user/ros2_ws/install/ros2_kdl_package/share/ros2_kdl_package/local_setup.dsv
[0.666s] -- Symlinking: /home/user/ros2_ws/install/ros2_kdl_package/share/ros2_kdl_package/package.dsv
[0.675s] -- Up-to-date symlink: /home/user/ros2_ws/install/ros2_kdl_package/share/ament_index/resource_index/packages/ros2_kdl_package
[0.676s] -- Up-to-date symlink: /home/user/ros2_ws/install/ros2_kdl_package/share/ros2_kdl_package/cmake/rosidl_cmake-extras.cmake
[0.676s] -- Up-to-date symlink: /home/user/ros2_ws/install/ros2_kdl_package/share/ros2_kdl_package/cmake/ament_cmake_export_dependencies-extras.cmake
[0.676s] -- Up-to-date symlink: /home/user/ros2_ws/install/ros2_kdl_package/share/ros2_kdl_package/cmake/ament_cmake_export_include_directories-extras.cmake
[0.676s] -- Up-to-date symlink: /home/user/ros2_ws/install/ros2_kdl_package/share/ros2_kdl_package/cmake/ament_cmake_export_libraries-extras.cmake
[0.676s] -- Up-to-date symlink: /home/user/ros2_ws/install/ros2_kdl_package/share/ros2_kdl_package/cmake/ament_cmake_export_targets-extras.cmake
[0.676s] -- Up-to-date symlink: /home/user/ros2_ws/install/ros2_kdl_package/share/ros2_kdl_package/cmake/rosidl_cmake_export_typesupport_targets-extras.cmake
[0.676s] -- Up-to-date symlink: /home/user/ros2_ws/install/ros2_kdl_package/share/ros2_kdl_package/cmake/rosidl_cmake_export_typesupport_libraries-extras.cmake
[0.677s] -- Up-to-date symlink: /home/user/ros2_ws/install/ros2_kdl_package/share/ros2_kdl_package/cmake/ros2_kdl_packageConfig.cmake
[0.677s] -- Up-to-date symlink: /home/user/ros2_ws/install/ros2_kdl_package/share/ros2_kdl_package/cmake/ros2_kdl_packageConfig-version.cmake
[0.677s] -- Up-to-date symlink: /home/user/ros2_ws/install/ros2_kdl_package/share/ros2_kdl_package/package.xml
[0.677s] -- Up-to-date: /home/user/ros2_ws/install/ros2_kdl_package/lib/libros2_kdl_package__rosidl_generator_c.so
[0.678s] -- Up-to-date: /home/user/ros2_ws/install/ros2_kdl_package/lib/libros2_kdl_package__rosidl_typesupport_fastrtps_c.so
[0.678s] -- Up-to-date: /home/user/ros2_ws/install/ros2_kdl_package/lib/libros2_kdl_package__rosidl_typesupport_fastrtps_cpp.so
[0.679s] -- Up-to-date: /home/user/ros2_ws/install/ros2_kdl_package/lib/libros2_kdl_package__rosidl_typesupport_introspection_c.so
[0.679s] -- Up-to-date: /home/user/ros2_ws/install/ros2_kdl_package/lib/libros2_kdl_package__rosidl_typesupport_c.so
[0.679s] -- Up-to-date: /home/user/ros2_ws/install/ros2_kdl_package/lib/libros2_kdl_package__rosidl_typesupport_introspection_cpp.so
[0.680s] -- Up-to-date: /home/user/ros2_ws/install/ros2_kdl_package/lib/libros2_kdl_package__rosidl_typesupport_cpp.so
[0.724s] Listing '/home/user/ros2_ws/install/ros2_kdl_package/local/lib/python3.10/dist-packages/ros2_kdl_package'...
[0.724s] Listing '/home/user/ros2_ws/install/ros2_kdl_package/local/lib/python3.10/dist-packages/ros2_kdl_package/action'...
[0.727s] -- Up-to-date: /home/user/ros2_ws/install/ros2_kdl_package/lib/libros2_kdl_package__rosidl_generator_py.so
[0.728s] -- Up-to-date: /home/user/ros2_ws/install/ros2_kdl_package/share/ros2_kdl_package/cmake/export_ros2_kdl_package__rosidl_generator_cExport.cmake
[0.728s] -- Up-to-date: /home/user/ros2_ws/install/ros2_kdl_package/share/ros2_kdl_package/cmake/export_ros2_kdl_package__rosidl_generator_cExport-noconfig.cmake
[0.728s] -- Up-to-date: /home/user/ros2_ws/install/ros2_kdl_package/share/ros2_kdl_package/cmake/export_ros2_kdl_package__rosidl_typesupport_fastrtps_cExport.cmake
[0.728s] -- Up-to-date: /home/user/ros2_ws/install/ros2_kdl_package/share/ros2_kdl_package/cmake/export_ros2_kdl_package__rosidl_typesupport_fastrtps_cExport-noconfig.cmake
[0.728s] -- Up-to-date: /home/user/ros2_ws/install/ros2_kdl_package/share/ros2_kdl_package/cmake/export_ros2_kdl_package__rosidl_generator_cppExport.cmake
[0.728s] -- Up-to-date: /home/user/ros2_ws/install/ros2_kdl_package/share/ros2_kdl_package/cmake/export_ros2_kdl_package__rosidl_typesupport_fastrtps_cppExport.cmake
[0.728s] -- Up-to-date: /home/user/ros2_ws/install/ros2_kdl_package/share/ros2_kdl_package/cmake/export_ros2_kdl_package__rosidl_typesupport_fastrtps_cppExport-noconfig.cmake
[0.728s] -- Up-to-date: /home/user/ros2_ws/install/ros2_kdl_package/share/ros2_kdl_package/cmake/ros2_kdl_package__rosidl_typesupport_introspection_cExport.cmake
[0.729s] -- Up-to-date: /home/user/ros2_ws/install/ros2_kdl_package/share/ros2_kdl_package/cmake/ros2_kdl_package__rosidl_typesupport_introspection_cExport-noconfig.cmake
[0.729s] -- Up-to-date: /home/user/ros2_ws/install/ros2_kdl_package/share/ros2_kdl_package/cmake/ros2_kdl_package__rosidl_typesupport_cExport.cmake
[0.729s] -- Up-to-date: /home/user/ros2_ws/install/ros2_kdl_package/share/ros2_kdl_package/cmake/ros2_kdl_package__rosidl_typesupport_cExport-noconfig.cmake
[0.729s] -- Up-to-date: /home/user/ros2_ws/install/ros2_kdl_package/share/ros2_kdl_package/cmake/ros2_kdl_package__rosidl_typesupport_introspection_cppExport.cmake
[0.729s] -- Up-to-date: /home/user/ros2_ws/install/ros2_kdl_package/share/ros2_kdl_package/cmake/ros2_kdl_package__rosidl_typesupport_introspection_cppExport-noconfig.cmake
[0.729s] -- Up-to-date: /home/user/ros2_ws/install/ros2_kdl_package/share/ros2_kdl_package/cmake/ros2_kdl_package__rosidl_typesupport_cppExport.cmake
[0.729s] -- Up-to-date: /home/user/ros2_ws/install/ros2_kdl_package/share/ros2_kdl_package/cmake/ros2_kdl_package__rosidl_typesupport_cppExport-noconfig.cmake
[0.729s] -- Up-to-date: /home/user/ros2_ws/install/ros2_kdl_package/share/ros2_kdl_package/cmake/export_ros2_kdl_package__rosidl_generator_pyExport.cmake
[0.729s] -- Up-to-date: /home/user/ros2_ws/install/ros2_kdl_package/share/ros2_kdl_package/cmake/export_ros2_kdl_package__rosidl_generator_pyExport-noconfig.cmake
[0.733s] Invoked command in '/home/user/ros2_ws/build/ros2_kdl_package' returned '0': CMAKE_PREFIX_PATH=${CMAKE_PREFIX_PATH}:/opt/ros/humble /usr/bin/cmake --install /home/user/ros2_ws/build/ros2_kdl_package
