[0.026s] Invoking command in '/home/user/ros2_ws/build/ros2_kdl_package': CMAKE_PREFIX_PATH=${CMAKE_PREFIX_PATH}:/opt/ros/humble /usr/bin/cmake /home/user/ros2_ws/src/ros2_kdl_package -DCMAKE_INSTALL_PREFIX=/home/user/ros2_ws/install/ros2_kdl_package
[0.115s] -- The C compiler identification is GNU 11.4.0
[0.190s] -- The CXX compiler identification is GNU 11.4.0
[0.200s] -- Detecting C compiler ABI info
[0.288s] -- Detecting C compiler ABI info - done
[0.298s] -- Check for working C compiler: /usr/bin/cc - skipped
[0.299s] -- Detecting C compile features
[0.299s] -- Detecting C compile features - done
[0.304s] -- Detecting CXX compiler ABI info
[0.416s] -- Detecting CXX compiler ABI info - done
[0.426s] -- Check for working CXX compiler: /usr/bin/c++ - skipped
[0.426s] -- Detecting CXX compile features
[0.427s] -- Detecting CXX compile features - done
[0.432s] -- Found ament_cmake: 1.3.12 (/opt/ros/humble/share/ament_cmake/cmake)
[0.644s] -- Found Python3: /usr/bin/python3 (found version "3.10.12") found components: Interpreter 
[0.824s] -- Found urdf: 2.6.1 (/opt/ros/humble/share/urdf/cmake)
[0.962s] -- Found kdl_parser: 2.6.4 (/opt/ros/humble/share/kdl_parser/cmake)
[0.974s] -- Found eigen3_cmake_module: 0.1.1 (/opt/ros/humble/share/eigen3_cmake_module/cmake)
[0.976s] -- Found Eigen3: TRUE (found version "3.4.0") 
[0.976s] -- Ensuring Eigen3 include directory is part of orocos-kdl CMake target
[0.983s] -- Found sensor_msgs: 4.9.0 (/opt/ros/humble/share/sensor_msgs/cmake)
[1.053s] -- Found rosidl_generator_c: 3.1.7 (/opt/ros/humble/share/rosidl_generator_c/cmake)
[1.064s] -- Found rosidl_adapter: 3.1.7 (/opt/ros/humble/share/rosidl_adapter/cmake)
[1.080s] -- Found rosidl_generator_cpp: 3.1.7 (/opt/ros/humble/share/rosidl_generator_cpp/cmake)
[1.101s] -- Using all available rosidl_typesupport_c: rosidl_typesupport_fastrtps_c;rosidl_typesupport_introspection_c
[1.131s] -- Using all available rosidl_typesupport_cpp: rosidl_typesupport_fastrtps_cpp;rosidl_typesupport_introspection_cpp
[1.275s] -- Found rclcpp: 16.0.16 (/opt/ros/humble/share/rclcpp/cmake)
[1.367s] -- Found rmw_implementation_cmake: 6.1.2 (/opt/ros/humble/share/rmw_implementation_cmake/cmake)
[1.380s] -- Found rmw_fastrtps_cpp: 6.2.9 (/opt/ros/humble/share/rmw_fastrtps_cpp/cmake)
[1.442s] -- Found TinyXML2 via Config file: TinyXML2_DIR-NOTFOUND
[1.517s] -- Found OpenSSL: /usr/lib/x86_64-linux-gnu/libcrypto.so (found version "3.0.2")  
[1.522s] -- Found TinyXML2 via Config file: TinyXML2_DIR-NOTFOUND
[1.546s] -- Found FastRTPS: /opt/ros/humble/include  
[1.551s] -- Found TinyXML2 via Config file: TinyXML2_DIR-NOTFOUND
[1.563s] -- Found TinyXML2 via Config file: TinyXML2_DIR-NOTFOUND
[1.574s] -- Using RMW implementation 'rmw_fastrtps_cpp' as default
[1.600s] -- Looking for pthread.h
[1.689s] -- Looking for pthread.h - found
[1.690s] -- Performing Test CMAKE_HAVE_LIBC_PTHREAD
[1.785s] -- Performing Test CMAKE_HAVE_LIBC_PTHREAD - Success
[1.786s] -- Found Threads: TRUE  
[1.891s] -- Found rclcpp_action: 16.0.16 (/opt/ros/humble/share/rclcpp_action/cmake)
[1.978s] -- Found rosidl_default_generators: 1.2.0 (/opt/ros/humble/share/rosidl_default_generators/cmake)
[1.997s] -- Found tf2_ros: 0.25.17 (/opt/ros/humble/share/tf2_ros/cmake)
[2.438s] -- Found ament_cmake_ros: 0.10.0 (/opt/ros/humble/share/ament_cmake_ros/cmake)
[2.948s] -- Using all available rosidl_typesupport_c: rosidl_typesupport_fastrtps_c;rosidl_typesupport_introspection_c
[3.116s] -- Using all available rosidl_typesupport_cpp: rosidl_typesupport_fastrtps_cpp;rosidl_typesupport_introspection_cpp
[3.161s] -- Found PythonInterp: /usr/bin/python3 (found suitable version "3.10.12", minimum required is "3.6") 
[3.170s] -- Found python_cmake_module: 0.10.0 (/opt/ros/humble/share/python_cmake_module/cmake)
[3.216s] -- Found PythonLibs: /usr/lib/x86_64-linux-gnu/libpython3.10.so (found suitable version "3.10.12", minimum required is "3.5") 
[3.216s] -- Using PYTHON_EXECUTABLE: /usr/bin/python3
[3.216s] -- Using PYTHON_INCLUDE_DIRS: /usr/include/python3.10
[3.216s] -- Using PYTHON_LIBRARIES: /usr/lib/x86_64-linux-gnu/libpython3.10.so
[3.246s] -- Found PythonExtra: .so  
[3.328s] [0mCMake Deprecation Warning at /opt/ros/humble/share/rosidl_cmake/cmake/rosidl_target_interfaces.cmake:32 (message):
[3.329s]   Use rosidl_get_typesupport_target() and target_link_libraries() instead of
[3.329s]   rosidl_target_interfaces()
[3.329s] Call Stack (most recent call first):
[3.329s]   CMakeLists.txt:60 (rosidl_target_interfaces)
[3.329s] 
[3.329s] [0m
[3.332s] [0mCMake Deprecation Warning at /opt/ros/humble/share/rosidl_cmake/cmake/rosidl_target_interfaces.cmake:32 (message):
[3.332s]   Use rosidl_get_typesupport_target() and target_link_libraries() instead of
[3.332s]   rosidl_target_interfaces()
[3.332s] Call Stack (most recent call first):
[3.332s]   CMakeLists.txt:90 (rosidl_target_interfaces)
[3.332s] 
[3.332s] [0m
[3.339s] -- Found ament_lint_auto: 0.12.14 (/opt/ros/humble/share/ament_lint_auto/cmake)
[3.407s] -- Added test 'cppcheck' to perform static code analysis on C / C++ code
[3.409s] -- Configured cppcheck include dirs: $<BUILD_INTERFACE:/home/user/ros2_ws/src/ros2_kdl_package/include>
[3.409s] -- Configured cppcheck exclude dirs and/or files: 
[3.410s] -- Added test 'flake8' to check Python code syntax and style conventions
[3.412s] -- Added test 'lint_cmake' to check CMake code style
[3.413s] -- Added test 'pep257' to check Python code against some of the docstring style conventions in PEP 257
[3.417s] -- Added test 'uncrustify' to check C / C++ code style
[3.417s] -- Configured uncrustify additional arguments: 
[3.418s] -- Added test 'xmllint' to check XML markup files
[3.425s] -- Configuring done
[3.517s] -- Generating done
[3.542s] -- Build files have been written to: /home/user/ros2_ws/build/ros2_kdl_package
[3.557s] Invoked command in '/home/user/ros2_ws/build/ros2_kdl_package' returned '0': CMAKE_PREFIX_PATH=${CMAKE_PREFIX_PATH}:/opt/ros/humble /usr/bin/cmake /home/user/ros2_ws/src/ros2_kdl_package -DCMAKE_INSTALL_PREFIX=/home/user/ros2_ws/install/ros2_kdl_package
[3.560s] Invoking command in '/home/user/ros2_ws/build/ros2_kdl_package': CMAKE_PREFIX_PATH=${CMAKE_PREFIX_PATH}:/opt/ros/humble /usr/bin/cmake --build /home/user/ros2_ws/build/ros2_kdl_package -- -j12 -l12
[3.626s] [  2%] [34m[1mGenerating C++ code for ROS interfaces[0m
[4.221s] [  2%] Built target ros2_kdl_package__cpp
[4.247s] [  5%] [32mBuilding CXX object CMakeFiles/ros2_kdl_node_example.dir/src/ros2_kdl_node_example.cpp.o[0m
[7.615s] [01m[K/home/user/ros2_ws/src/ros2_kdl_package/src/ros2_kdl_node_example.cpp:[m[K In function ‘[01m[Kint main(int, char**)[m[K’:
[7.616s] [01m[K/home/user/ros2_ws/src/ros2_kdl_package/src/ros2_kdl_node_example.cpp:51:25:[m[K [01;35m[Kwarning: [m[Kcomparison of constant ‘[01m[K0[m[K’ with boolean expression is always true [[01;35m[K-Wbool-compare[m[K]
[7.616s]    51 |     if([01;35m[Kkinematics_status>=0[m[K){
[7.616s]       |        [01;35m[K~~~~~~~~~~~~~~~~~^~~[m[K
[8.249s] [  7%] [32m[1mLinking CXX executable ros2_kdl_node_example[0m
[8.396s] [  7%] Built target ros2_kdl_node_example
[8.409s] [ 10%] [34m[1mGenerating C++ introspection for ROS interfaces[0m
[8.822s] [ 12%] [32mBuilding CXX object CMakeFiles/ros2_kdl_package__rosidl_typesupport_introspection_cpp.dir/rosidl_typesupport_introspection_cpp/ros2_kdl_package/action/detail/execute_trajectory__type_support.cpp.o[0m
[9.475s] [ 15%] [32m[1mLinking CXX shared library libros2_kdl_package__rosidl_typesupport_introspection_cpp.so[0m
[9.564s] [ 15%] Built target ros2_kdl_package__rosidl_typesupport_introspection_cpp
[9.576s] [ 17%] [34m[1mGenerating C++ type support for eProsima Fast-RTPS[0m
[10.078s] [ 20%] [32mBuilding CXX object CMakeFiles/ros2_kdl_package__rosidl_typesupport_fastrtps_cpp.dir/rosidl_typesupport_fastrtps_cpp/ros2_kdl_package/action/detail/dds_fastrtps/execute_trajectory__type_support.cpp.o[0m
[10.708s] [ 22%] [32m[1mLinking CXX shared library libros2_kdl_package__rosidl_typesupport_fastrtps_cpp.so[0m
[10.797s] [ 22%] Built target ros2_kdl_package__rosidl_typesupport_fastrtps_cpp
[10.809s] [ 25%] [34m[1mGenerating C++ type support dispatch for ROS interfaces[0m
[11.150s] [ 27%] [32mBuilding CXX object CMakeFiles/ros2_kdl_package__rosidl_typesupport_cpp.dir/rosidl_typesupport_cpp/ros2_kdl_package/action/execute_trajectory__type_support.cpp.o[0m
[11.645s] [ 30%] [32m[1mLinking CXX shared library libros2_kdl_package__rosidl_typesupport_cpp.so[0m
[11.693s] [ 30%] Built target ros2_kdl_package__rosidl_typesupport_cpp
[11.726s] [ 30%] Built target ament_cmake_python_copy_ros2_kdl_package
[11.738s] [ 32%] [34m[1mGenerating C code for ROS interfaces[0m
[12.310s] [ 35%] [32mBuilding C object CMakeFiles/ros2_kdl_package__rosidl_generator_c.dir/rosidl_generator_c/ros2_kdl_package/action/detail/execute_trajectory__functions.c.o[0m
[12.459s] [ 37%] [32m[1mLinking C shared library libros2_kdl_package__rosidl_generator_c.so[0m
[12.505s] [ 37%] Built target ros2_kdl_package__rosidl_generator_c
[12.766s] running egg_info
[12.767s] creating ros2_kdl_package.egg-info
[12.767s] writing ros2_kdl_package.egg-info/PKG-INFO
[12.767s] writing dependency_links to ros2_kdl_package.egg-info/dependency_links.txt
[12.767s] writing top-level names to ros2_kdl_package.egg-info/top_level.txt
[12.768s] writing manifest file 'ros2_kdl_package.egg-info/SOURCES.txt'
[12.769s] reading manifest file 'ros2_kdl_package.egg-info/SOURCES.txt'
[12.770s] writing manifest file 'ros2_kdl_package.egg-info/SOURCES.txt'
[12.799s] [ 37%] Built target ament_cmake_python_build_ros2_kdl_package_egg
[12.816s] [ 40%] [34m[1mGenerating C type support dispatch for ROS interfaces[0m
[13.125s] [ 42%] [32mBuilding CXX object CMakeFiles/ros2_kdl_package__rosidl_typesupport_c.dir/rosidl_typesupport_c/ros2_kdl_package/action/execute_trajectory__type_support.cpp.o[0m
[13.173s] [ 45%] [32m[1mLinking CXX shared library libros2_kdl_package__rosidl_typesupport_c.so[0m
[13.212s] [ 45%] Built target ros2_kdl_package__rosidl_typesupport_c
[13.222s] [ 47%] [34m[1mGenerating C introspection for ROS interfaces[0m
[13.603s] [ 50%] [32mBuilding C object CMakeFiles/ros2_kdl_package__rosidl_typesupport_introspection_c.dir/rosidl_typesupport_introspection_c/ros2_kdl_package/action/detail/execute_trajectory__type_support.c.o[0m
[13.653s] [ 52%] [32m[1mLinking C shared library libros2_kdl_package__rosidl_typesupport_introspection_c.so[0m
[13.683s] [ 52%] Built target ros2_kdl_package__rosidl_typesupport_introspection_c
[13.693s] [ 55%] [34m[1mGenerating C type support for eProsima Fast-RTPS[0m
[14.096s] [ 57%] [32mBuilding CXX object CMakeFiles/ros2_kdl_package__rosidl_typesupport_fastrtps_c.dir/rosidl_typesupport_fastrtps_c/ros2_kdl_package/action/detail/execute_trajectory__type_support_c.cpp.o[0m
[14.476s] [ 60%] [32m[1mLinking CXX shared library libros2_kdl_package__rosidl_typesupport_fastrtps_c.so[0m
[14.545s] [ 60%] Built target ros2_kdl_package__rosidl_typesupport_fastrtps_c
[14.565s] [ 60%] Built target ros2_kdl_package
[14.585s] [ 62%] [34m[1mGenerating Python code for ROS interfaces[0m
[15.380s] [ 62%] Built target ros2_kdl_package__py
[15.402s] [ 65%] [32mBuilding CXX object CMakeFiles/ros2_kdl_node_client.dir/src/ros2_kdl_node_client.cpp.o[0m
[19.096s] [ 67%] [32m[1mLinking CXX executable ros2_kdl_node_client[0m
[19.264s] [ 67%] Built target ros2_kdl_node_client
[19.286s] [ 70%] [32mBuilding C object CMakeFiles/ros2_kdl_package__rosidl_generator_py.dir/rosidl_generator_py/ros2_kdl_package/action/_execute_trajectory_s.c.o[0m
[19.434s] [ 72%] [32m[1mLinking C shared library rosidl_generator_py/ros2_kdl_package/libros2_kdl_package__rosidl_generator_py.so[0m
[19.476s] [ 72%] Built target ros2_kdl_package__rosidl_generator_py
[19.498s] [ 75%] [32mBuilding CXX object CMakeFiles/ros2_kdl_node.dir/src/ros2_kdl_node.cpp.o[0m
[51.791s] [ 77%] [32mBuilding CXX object CMakeFiles/ros2_kdl_node.dir/src/kdl_control.cpp.o[0m
[70.245s] [ 80%] [32mBuilding CXX object CMakeFiles/ros2_kdl_node.dir/src/kdl_planner.cpp.o[0m
[71.827s] [ 82%] [32mBuilding CXX object CMakeFiles/ros2_kdl_node.dir/src/kdl_robot.cpp.o[0m
[79.648s] [ 85%] [32m[1mLinking CXX executable ros2_kdl_node[0m
[80.956s] [ 85%] Built target ros2_kdl_node
[80.976s] [ 87%] [32mBuilding C object CMakeFiles/ros2_kdl_package__rosidl_typesupport_c__pyext.dir/rosidl_generator_py/ros2_kdl_package/_ros2_kdl_package_s.ep.rosidl_typesupport_c.c.o[0m
[81.094s] [ 90%] [32m[1mLinking C shared library rosidl_generator_py/ros2_kdl_package/ros2_kdl_package_s__rosidl_typesupport_c.cpython-310-x86_64-linux-gnu.so[0m
[81.133s] [ 90%] Built target ros2_kdl_package__rosidl_typesupport_c__pyext
[81.153s] [ 92%] [32mBuilding C object CMakeFiles/ros2_kdl_package__rosidl_typesupport_introspection_c__pyext.dir/rosidl_generator_py/ros2_kdl_package/_ros2_kdl_package_s.ep.rosidl_typesupport_introspection_c.c.o[0m
[81.274s] [ 95%] [32m[1mLinking C shared library rosidl_generator_py/ros2_kdl_package/ros2_kdl_package_s__rosidl_typesupport_introspection_c.cpython-310-x86_64-linux-gnu.so[0m
[81.313s] [ 95%] Built target ros2_kdl_package__rosidl_typesupport_introspection_c__pyext
[81.335s] [ 97%] [32mBuilding C object CMakeFiles/ros2_kdl_package__rosidl_typesupport_fastrtps_c__pyext.dir/rosidl_generator_py/ros2_kdl_package/_ros2_kdl_package_s.ep.rosidl_typesupport_fastrtps_c.c.o[0m
[81.458s] [100%] [32m[1mLinking C shared library rosidl_generator_py/ros2_kdl_package/ros2_kdl_package_s__rosidl_typesupport_fastrtps_c.cpython-310-x86_64-linux-gnu.so[0m
[81.498s] [100%] Built target ros2_kdl_package__rosidl_typesupport_fastrtps_c__pyext
[81.509s] Invoked command in '/home/user/ros2_ws/build/ros2_kdl_package' returned '0': CMAKE_PREFIX_PATH=${CMAKE_PREFIX_PATH}:/opt/ros/humble /usr/bin/cmake --build /home/user/ros2_ws/build/ros2_kdl_package -- -j12 -l12
[81.511s] Invoking command in '/home/user/ros2_ws/build/ros2_kdl_package': CMAKE_PREFIX_PATH=${CMAKE_PREFIX_PATH}:/opt/ros/humble /usr/bin/cmake --install /home/user/ros2_ws/build/ros2_kdl_package
[81.518s] -- Install configuration: ""
[81.518s] -- Installing: /home/user/ros2_ws/install/ros2_kdl_package/share/ament_index/resource_index/rosidl_interfaces/ros2_kdl_package
[81.518s] -- Installing: /home/user/ros2_ws/install/ros2_kdl_package/include/ros2_kdl_package/ros2_kdl_package
[81.519s] -- Installing: /home/user/ros2_ws/install/ros2_kdl_package/include/ros2_kdl_package/ros2_kdl_package/action
[81.519s] -- Installing: /home/user/ros2_ws/install/ros2_kdl_package/include/ros2_kdl_package/ros2_kdl_package/action/detail
[81.519s] -- Installing: /home/user/ros2_ws/install/ros2_kdl_package/include/ros2_kdl_package/ros2_kdl_package/action/detail/execute_trajectory__type_support.h
[81.519s] -- Installing: /home/user/ros2_ws/install/ros2_kdl_package/include/ros2_kdl_package/ros2_kdl_package/action/detail/execute_trajectory__functions.h
[81.519s] -- Installing: /home/user/ros2_ws/install/ros2_kdl_package/include/ros2_kdl_package/ros2_kdl_package/action/detail/execute_trajectory__functions.c
[81.519s] -- Installing: /home/user/ros2_ws/install/ros2_kdl_package/include/ros2_kdl_package/ros2_kdl_package/action/detail/execute_trajectory__struct.h
[81.520s] -- Installing: /home/user/ros2_ws/install/ros2_kdl_package/include/ros2_kdl_package/ros2_kdl_package/action/execute_trajectory.h
[81.520s] -- Installing: /home/user/ros2_ws/install/ros2_kdl_package/include/ros2_kdl_package/ros2_kdl_package/msg
[81.520s] -- Installing: /home/user/ros2_ws/install/ros2_kdl_package/include/ros2_kdl_package/ros2_kdl_package/msg/rosidl_generator_c__visibility_control.h
[81.520s] -- Installing: /home/user/ros2_ws/install/ros2_kdl_package/share/ros2_kdl_package/environment/library_path.sh
[81.520s] -- Installing: /home/user/ros2_ws/install/ros2_kdl_package/share/ros2_kdl_package/environment/library_path.dsv
[81.520s] -- Installing: /home/user/ros2_ws/install/ros2_kdl_package/lib/libros2_kdl_package__rosidl_generator_c.so
[81.521s] -- Set runtime path of "/home/user/ros2_ws/install/ros2_kdl_package/lib/libros2_kdl_package__rosidl_generator_c.so" to ""
[81.521s] -- Up-to-date: /home/user/ros2_ws/install/ros2_kdl_package/include/ros2_kdl_package/ros2_kdl_package
[81.521s] -- Up-to-date: /home/user/ros2_ws/install/ros2_kdl_package/include/ros2_kdl_package/ros2_kdl_package/action
[81.521s] -- Up-to-date: /home/user/ros2_ws/install/ros2_kdl_package/include/ros2_kdl_package/ros2_kdl_package/action/detail
[81.521s] -- Installing: /home/user/ros2_ws/install/ros2_kdl_package/include/ros2_kdl_package/ros2_kdl_package/action/detail/execute_trajectory__rosidl_typesupport_fastrtps_c.h
[81.521s] -- Up-to-date: /home/user/ros2_ws/install/ros2_kdl_package/include/ros2_kdl_package/ros2_kdl_package/msg
[81.521s] -- Installing: /home/user/ros2_ws/install/ros2_kdl_package/include/ros2_kdl_package/ros2_kdl_package/msg/rosidl_typesupport_fastrtps_c__visibility_control.h
[81.521s] -- Installing: /home/user/ros2_ws/install/ros2_kdl_package/lib/libros2_kdl_package__rosidl_typesupport_fastrtps_c.so
[81.522s] -- Set runtime path of "/home/user/ros2_ws/install/ros2_kdl_package/lib/libros2_kdl_package__rosidl_typesupport_fastrtps_c.so" to ""
[81.522s] -- Up-to-date: /home/user/ros2_ws/install/ros2_kdl_package/include/ros2_kdl_package/ros2_kdl_package
[81.522s] -- Up-to-date: /home/user/ros2_ws/install/ros2_kdl_package/include/ros2_kdl_package/ros2_kdl_package/action
[81.522s] -- Up-to-date: /home/user/ros2_ws/install/ros2_kdl_package/include/ros2_kdl_package/ros2_kdl_package/action/detail
[81.522s] -- Installing: /home/user/ros2_ws/install/ros2_kdl_package/include/ros2_kdl_package/ros2_kdl_package/action/detail/execute_trajectory__builder.hpp
[81.522s] -- Installing: /home/user/ros2_ws/install/ros2_kdl_package/include/ros2_kdl_package/ros2_kdl_package/action/detail/execute_trajectory__type_support.hpp
[81.522s] -- Installing: /home/user/ros2_ws/install/ros2_kdl_package/include/ros2_kdl_package/ros2_kdl_package/action/detail/execute_trajectory__traits.hpp
[81.523s] -- Installing: /home/user/ros2_ws/install/ros2_kdl_package/include/ros2_kdl_package/ros2_kdl_package/action/detail/execute_trajectory__struct.hpp
[81.523s] -- Installing: /home/user/ros2_ws/install/ros2_kdl_package/include/ros2_kdl_package/ros2_kdl_package/action/execute_trajectory.hpp
[81.523s] -- Up-to-date: /home/user/ros2_ws/install/ros2_kdl_package/include/ros2_kdl_package/ros2_kdl_package/msg
[81.523s] -- Installing: /home/user/ros2_ws/install/ros2_kdl_package/include/ros2_kdl_package/ros2_kdl_package/msg/rosidl_generator_cpp__visibility_control.hpp
[81.523s] -- Up-to-date: /home/user/ros2_ws/install/ros2_kdl_package/include/ros2_kdl_package/ros2_kdl_package
[81.523s] -- Up-to-date: /home/user/ros2_ws/install/ros2_kdl_package/include/ros2_kdl_package/ros2_kdl_package/action
[81.523s] -- Up-to-date: /home/user/ros2_ws/install/ros2_kdl_package/include/ros2_kdl_package/ros2_kdl_package/action/detail
[81.523s] -- Installing: /home/user/ros2_ws/install/ros2_kdl_package/include/ros2_kdl_package/ros2_kdl_package/action/detail/dds_fastrtps
[81.523s] -- Installing: /home/user/ros2_ws/install/ros2_kdl_package/include/ros2_kdl_package/ros2_kdl_package/action/detail/execute_trajectory__rosidl_typesupport_fastrtps_cpp.hpp
[81.524s] -- Up-to-date: /home/user/ros2_ws/install/ros2_kdl_package/include/ros2_kdl_package/ros2_kdl_package/msg
[81.524s] -- Installing: /home/user/ros2_ws/install/ros2_kdl_package/include/ros2_kdl_package/ros2_kdl_package/msg/rosidl_typesupport_fastrtps_cpp__visibility_control.h
[81.524s] -- Installing: /home/user/ros2_ws/install/ros2_kdl_package/lib/libros2_kdl_package__rosidl_typesupport_fastrtps_cpp.so
[81.524s] -- Set runtime path of "/home/user/ros2_ws/install/ros2_kdl_package/lib/libros2_kdl_package__rosidl_typesupport_fastrtps_cpp.so" to ""
[81.524s] -- Up-to-date: /home/user/ros2_ws/install/ros2_kdl_package/include/ros2_kdl_package/ros2_kdl_package
[81.525s] -- Up-to-date: /home/user/ros2_ws/install/ros2_kdl_package/include/ros2_kdl_package/ros2_kdl_package/action
[81.525s] -- Up-to-date: /home/user/ros2_ws/install/ros2_kdl_package/include/ros2_kdl_package/ros2_kdl_package/action/detail
[81.525s] -- Installing: /home/user/ros2_ws/install/ros2_kdl_package/include/ros2_kdl_package/ros2_kdl_package/action/detail/execute_trajectory__rosidl_typesupport_introspection_c.h
[81.525s] -- Installing: /home/user/ros2_ws/install/ros2_kdl_package/include/ros2_kdl_package/ros2_kdl_package/action/detail/execute_trajectory__type_support.c
[81.525s] -- Up-to-date: /home/user/ros2_ws/install/ros2_kdl_package/include/ros2_kdl_package/ros2_kdl_package/msg
[81.525s] -- Installing: /home/user/ros2_ws/install/ros2_kdl_package/include/ros2_kdl_package/ros2_kdl_package/msg/rosidl_typesupport_introspection_c__visibility_control.h
[81.525s] -- Installing: /home/user/ros2_ws/install/ros2_kdl_package/lib/libros2_kdl_package__rosidl_typesupport_introspection_c.so
[81.526s] -- Set runtime path of "/home/user/ros2_ws/install/ros2_kdl_package/lib/libros2_kdl_package__rosidl_typesupport_introspection_c.so" to ""
[81.526s] -- Installing: /home/user/ros2_ws/install/ros2_kdl_package/lib/libros2_kdl_package__rosidl_typesupport_c.so
[81.526s] -- Set runtime path of "/home/user/ros2_ws/install/ros2_kdl_package/lib/libros2_kdl_package__rosidl_typesupport_c.so" to ""
[81.526s] -- Up-to-date: /home/user/ros2_ws/install/ros2_kdl_package/include/ros2_kdl_package/ros2_kdl_package
[81.526s] -- Up-to-date: /home/user/ros2_ws/install/ros2_kdl_package/include/ros2_kdl_package/ros2_kdl_package/action
[81.526s] -- Up-to-date: /home/user/ros2_ws/install/ros2_kdl_package/include/ros2_kdl_package/ros2_kdl_package/action/detail
[81.526s] -- Installing: /home/user/ros2_ws/install/ros2_kdl_package/include/ros2_kdl_package/ros2_kdl_package/action/detail/execute_trajectory__rosidl_typesupport_introspection_cpp.hpp
[81.526s] -- Installing: /home/user/ros2_ws/install/ros2_kdl_package/include/ros2_kdl_package/ros2_kdl_package/action/detail/execute_trajectory__type_support.cpp
[81.527s] -- Installing: /home/user/ros2_ws/install/ros2_kdl_package/lib/libros2_kdl_package__rosidl_typesupport_introspection_cpp.so
[81.527s] -- Set runtime path of "/home/user/ros2_ws/install/ros2_kdl_package/lib/libros2_kdl_package__rosidl_typesupport_introspection_cpp.so" to ""
[81.527s] -- Installing: /home/user/ros2_ws/install/ros2_kdl_package/lib/libros2_kdl_package__rosidl_typesupport_cpp.so
[81.528s] -- Set runtime path of "/home/user/ros2_ws/install/ros2_kdl_package/lib/libros2_kdl_package__rosidl_typesupport_cpp.so" to ""
[81.528s] -- Installing: /home/user/ros2_ws/install/ros2_kdl_package/share/ros2_kdl_package/environment/pythonpath.sh
[81.528s] -- Installing: /home/user/ros2_ws/install/ros2_kdl_package/share/ros2_kdl_package/environment/pythonpath.dsv
[81.528s] -- Installing: /home/user/ros2_ws/install/ros2_kdl_package/local/lib/python3.10/dist-packages/ros2_kdl_package-0.0.0-py3.10.egg-info
[81.528s] -- Installing: /home/user/ros2_ws/install/ros2_kdl_package/local/lib/python3.10/dist-packages/ros2_kdl_package-0.0.0-py3.10.egg-info/PKG-INFO
[81.528s] -- Installing: /home/user/ros2_ws/install/ros2_kdl_package/local/lib/python3.10/dist-packages/ros2_kdl_package-0.0.0-py3.10.egg-info/top_level.txt
[81.528s] -- Installing: /home/user/ros2_ws/install/ros2_kdl_package/local/lib/python3.10/dist-packages/ros2_kdl_package-0.0.0-py3.10.egg-info/SOURCES.txt
[81.529s] -- Installing: /home/user/ros2_ws/install/ros2_kdl_package/local/lib/python3.10/dist-packages/ros2_kdl_package-0.0.0-py3.10.egg-info/dependency_links.txt
[81.529s] -- Installing: /home/user/ros2_ws/install/ros2_kdl_package/local/lib/python3.10/dist-packages/ros2_kdl_package
[81.529s] -- Installing: /home/user/ros2_ws/install/ros2_kdl_package/local/lib/python3.10/dist-packages/ros2_kdl_package/action
[81.529s] -- Installing: /home/user/ros2_ws/install/ros2_kdl_package/local/lib/python3.10/dist-packages/ros2_kdl_package/action/__init__.py
[81.529s] -- Installing: /home/user/ros2_ws/install/ros2_kdl_package/local/lib/python3.10/dist-packages/ros2_kdl_package/action/_execute_trajectory.py
[81.529s] -- Installing: /home/user/ros2_ws/install/ros2_kdl_package/local/lib/python3.10/dist-packages/ros2_kdl_package/action/_execute_trajectory_s.c
[81.529s] -- Installing: /home/user/ros2_ws/install/ros2_kdl_package/local/lib/python3.10/dist-packages/ros2_kdl_package/_ros2_kdl_package_s.ep.rosidl_typesupport_fastrtps_c.c
[81.530s] -- Installing: /home/user/ros2_ws/install/ros2_kdl_package/local/lib/python3.10/dist-packages/ros2_kdl_package/libros2_kdl_package__rosidl_generator_py.so
[81.530s] -- Installing: /home/user/ros2_ws/install/ros2_kdl_package/local/lib/python3.10/dist-packages/ros2_kdl_package/ros2_kdl_package_s__rosidl_typesupport_fastrtps_c.cpython-310-x86_64-linux-gnu.so
[81.530s] -- Installing: /home/user/ros2_ws/install/ros2_kdl_package/local/lib/python3.10/dist-packages/ros2_kdl_package/__init__.py
[81.530s] -- Installing: /home/user/ros2_ws/install/ros2_kdl_package/local/lib/python3.10/dist-packages/ros2_kdl_package/ros2_kdl_package_s__rosidl_typesupport_c.cpython-310-x86_64-linux-gnu.so
[81.530s] -- Installing: /home/user/ros2_ws/install/ros2_kdl_package/local/lib/python3.10/dist-packages/ros2_kdl_package/_ros2_kdl_package_s.ep.rosidl_typesupport_introspection_c.c
[81.531s] -- Installing: /home/user/ros2_ws/install/ros2_kdl_package/local/lib/python3.10/dist-packages/ros2_kdl_package/_ros2_kdl_package_s.ep.rosidl_typesupport_c.c
[81.531s] -- Installing: /home/user/ros2_ws/install/ros2_kdl_package/local/lib/python3.10/dist-packages/ros2_kdl_package/ros2_kdl_package_s__rosidl_typesupport_introspection_c.cpython-310-x86_64-linux-gnu.so
[81.566s] Listing '/home/user/ros2_ws/install/ros2_kdl_package/local/lib/python3.10/dist-packages/ros2_kdl_package'...
[81.566s] Compiling '/home/user/ros2_ws/install/ros2_kdl_package/local/lib/python3.10/dist-packages/ros2_kdl_package/__init__.py'...
[81.566s] Listing '/home/user/ros2_ws/install/ros2_kdl_package/local/lib/python3.10/dist-packages/ros2_kdl_package/action'...
[81.566s] Compiling '/home/user/ros2_ws/install/ros2_kdl_package/local/lib/python3.10/dist-packages/ros2_kdl_package/action/__init__.py'...
[81.566s] Compiling '/home/user/ros2_ws/install/ros2_kdl_package/local/lib/python3.10/dist-packages/ros2_kdl_package/action/_execute_trajectory.py'...
[81.570s] -- Installing: /home/user/ros2_ws/install/ros2_kdl_package/local/lib/python3.10/dist-packages/ros2_kdl_package/ros2_kdl_package_s__rosidl_typesupport_fastrtps_c.cpython-310-x86_64-linux-gnu.so
[81.570s] -- Set runtime path of "/home/user/ros2_ws/install/ros2_kdl_package/local/lib/python3.10/dist-packages/ros2_kdl_package/ros2_kdl_package_s__rosidl_typesupport_fastrtps_c.cpython-310-x86_64-linux-gnu.so" to ""
[81.571s] -- Installing: /home/user/ros2_ws/install/ros2_kdl_package/local/lib/python3.10/dist-packages/ros2_kdl_package/ros2_kdl_package_s__rosidl_typesupport_introspection_c.cpython-310-x86_64-linux-gnu.so
[81.571s] -- Set runtime path of "/home/user/ros2_ws/install/ros2_kdl_package/local/lib/python3.10/dist-packages/ros2_kdl_package/ros2_kdl_package_s__rosidl_typesupport_introspection_c.cpython-310-x86_64-linux-gnu.so" to ""
[81.571s] -- Installing: /home/user/ros2_ws/install/ros2_kdl_package/local/lib/python3.10/dist-packages/ros2_kdl_package/ros2_kdl_package_s__rosidl_typesupport_c.cpython-310-x86_64-linux-gnu.so
[81.572s] -- Set runtime path of "/home/user/ros2_ws/install/ros2_kdl_package/local/lib/python3.10/dist-packages/ros2_kdl_package/ros2_kdl_package_s__rosidl_typesupport_c.cpython-310-x86_64-linux-gnu.so" to ""
[81.572s] -- Installing: /home/user/ros2_ws/install/ros2_kdl_package/lib/libros2_kdl_package__rosidl_generator_py.so
[81.572s] -- Set runtime path of "/home/user/ros2_ws/install/ros2_kdl_package/lib/libros2_kdl_package__rosidl_generator_py.so" to ""
[81.572s] -- Installing: /home/user/ros2_ws/install/ros2_kdl_package/share/ros2_kdl_package/action/ExecuteTrajectory.idl
[81.573s] -- Installing: /home/user/ros2_ws/install/ros2_kdl_package/share/ros2_kdl_package/action/ExecuteTrajectory.action
[81.573s] -- Installing: /home/user/ros2_ws/install/ros2_kdl_package/lib/ros2_kdl_package/ros2_kdl_node
[81.584s] -- Set runtime path of "/home/user/ros2_ws/install/ros2_kdl_package/lib/ros2_kdl_package/ros2_kdl_node" to ""
[81.584s] -- Installing: /home/user/ros2_ws/install/ros2_kdl_package/lib/ros2_kdl_package/ros2_kdl_node_example
[81.584s] -- Set runtime path of "/home/user/ros2_ws/install/ros2_kdl_package/lib/ros2_kdl_package/ros2_kdl_node_example" to ""
[81.584s] -- Installing: /home/user/ros2_ws/install/ros2_kdl_package/lib/ros2_kdl_package/ros2_kdl_node_client
[81.585s] -- Set runtime path of "/home/user/ros2_ws/install/ros2_kdl_package/lib/ros2_kdl_package/ros2_kdl_node_client" to ""
[81.585s] -- Installing: /home/user/ros2_ws/install/ros2_kdl_package/share/ros2_kdl_package/launch
[81.585s] -- Installing: /home/user/ros2_ws/install/ros2_kdl_package/share/ros2_kdl_package/launch/__pycache__
[81.586s] -- Installing: /home/user/ros2_ws/install/ros2_kdl_package/share/ros2_kdl_package/launch/__pycache__/launching.launch.cpython-310.pyc
[81.586s] -- Installing: /home/user/ros2_ws/install/ros2_kdl_package/share/ros2_kdl_package/launch/launching.launch.py
[81.586s] -- Installing: /home/user/ros2_ws/install/ros2_kdl_package/share/ros2_kdl_package/config
[81.586s] -- Installing: /home/user/ros2_ws/install/ros2_kdl_package/share/ros2_kdl_package/config/kdl_params.yaml
[81.586s] -- Installing: /home/user/ros2_ws/install/ros2_kdl_package/share/ament_index/resource_index/package_run_dependencies/ros2_kdl_package
[81.586s] -- Installing: /home/user/ros2_ws/install/ros2_kdl_package/share/ament_index/resource_index/parent_prefix_path/ros2_kdl_package
[81.586s] -- Installing: /home/user/ros2_ws/install/ros2_kdl_package/share/ros2_kdl_package/environment/ament_prefix_path.sh
[81.586s] -- Installing: /home/user/ros2_ws/install/ros2_kdl_package/share/ros2_kdl_package/environment/ament_prefix_path.dsv
[81.587s] -- Installing: /home/user/ros2_ws/install/ros2_kdl_package/share/ros2_kdl_package/environment/path.sh
[81.587s] -- Installing: /home/user/ros2_ws/install/ros2_kdl_package/share/ros2_kdl_package/environment/path.dsv
[81.587s] -- Installing: /home/user/ros2_ws/install/ros2_kdl_package/share/ros2_kdl_package/local_setup.bash
[81.587s] -- Installing: /home/user/ros2_ws/install/ros2_kdl_package/share/ros2_kdl_package/local_setup.sh
[81.587s] -- Installing: /home/user/ros2_ws/install/ros2_kdl_package/share/ros2_kdl_package/local_setup.zsh
[81.587s] -- Installing: /home/user/ros2_ws/install/ros2_kdl_package/share/ros2_kdl_package/local_setup.dsv
[81.588s] -- Installing: /home/user/ros2_ws/install/ros2_kdl_package/share/ros2_kdl_package/package.dsv
[81.588s] -- Installing: /home/user/ros2_ws/install/ros2_kdl_package/share/ament_index/resource_index/packages/ros2_kdl_package
[81.588s] -- Installing: /home/user/ros2_ws/install/ros2_kdl_package/share/ros2_kdl_package/cmake/export_ros2_kdl_package__rosidl_generator_cExport.cmake
[81.588s] -- Installing: /home/user/ros2_ws/install/ros2_kdl_package/share/ros2_kdl_package/cmake/export_ros2_kdl_package__rosidl_generator_cExport-noconfig.cmake
[81.588s] -- Installing: /home/user/ros2_ws/install/ros2_kdl_package/share/ros2_kdl_package/cmake/export_ros2_kdl_package__rosidl_typesupport_fastrtps_cExport.cmake
[81.589s] -- Installing: /home/user/ros2_ws/install/ros2_kdl_package/share/ros2_kdl_package/cmake/export_ros2_kdl_package__rosidl_typesupport_fastrtps_cExport-noconfig.cmake
[81.589s] -- Installing: /home/user/ros2_ws/install/ros2_kdl_package/share/ros2_kdl_package/cmake/export_ros2_kdl_package__rosidl_generator_cppExport.cmake
[81.589s] -- Installing: /home/user/ros2_ws/install/ros2_kdl_package/share/ros2_kdl_package/cmake/export_ros2_kdl_package__rosidl_typesupport_fastrtps_cppExport.cmake
[81.589s] -- Installing: /home/user/ros2_ws/install/ros2_kdl_package/share/ros2_kdl_package/cmake/export_ros2_kdl_package__rosidl_typesupport_fastrtps_cppExport-noconfig.cmake
[81.589s] -- Installing: /home/user/ros2_ws/install/ros2_kdl_package/share/ros2_kdl_package/cmake/ros2_kdl_package__rosidl_typesupport_introspection_cExport.cmake
[81.589s] -- Installing: /home/user/ros2_ws/install/ros2_kdl_package/share/ros2_kdl_package/cmake/ros2_kdl_package__rosidl_typesupport_introspection_cExport-noconfig.cmake
[81.590s] -- Installing: /home/user/ros2_ws/install/ros2_kdl_package/share/ros2_kdl_package/cmake/ros2_kdl_package__rosidl_typesupport_cExport.cmake
[81.590s] -- Installing: /home/user/ros2_ws/install/ros2_kdl_package/share/ros2_kdl_package/cmake/ros2_kdl_package__rosidl_typesupport_cExport-noconfig.cmake
[81.590s] -- Installing: /home/user/ros2_ws/install/ros2_kdl_package/share/ros2_kdl_package/cmake/ros2_kdl_package__rosidl_typesupport_introspection_cppExport.cmake
[81.590s] -- Installing: /home/user/ros2_ws/install/ros2_kdl_package/share/ros2_kdl_package/cmake/ros2_kdl_package__rosidl_typesupport_introspection_cppExport-noconfig.cmake
[81.590s] -- Installing: /home/user/ros2_ws/install/ros2_kdl_package/share/ros2_kdl_package/cmake/ros2_kdl_package__rosidl_typesupport_cppExport.cmake
[81.591s] -- Installing: /home/user/ros2_ws/install/ros2_kdl_package/share/ros2_kdl_package/cmake/ros2_kdl_package__rosidl_typesupport_cppExport-noconfig.cmake
[81.591s] -- Installing: /home/user/ros2_ws/install/ros2_kdl_package/share/ros2_kdl_package/cmake/export_ros2_kdl_package__rosidl_generator_pyExport.cmake
[81.591s] -- Installing: /home/user/ros2_ws/install/ros2_kdl_package/share/ros2_kdl_package/cmake/export_ros2_kdl_package__rosidl_generator_pyExport-noconfig.cmake
[81.591s] -- Installing: /home/user/ros2_ws/install/ros2_kdl_package/share/ros2_kdl_package/cmake/rosidl_cmake-extras.cmake
[81.591s] -- Installing: /home/user/ros2_ws/install/ros2_kdl_package/share/ros2_kdl_package/cmake/ament_cmake_export_dependencies-extras.cmake
[81.591s] -- Installing: /home/user/ros2_ws/install/ros2_kdl_package/share/ros2_kdl_package/cmake/ament_cmake_export_include_directories-extras.cmake
[81.592s] -- Installing: /home/user/ros2_ws/install/ros2_kdl_package/share/ros2_kdl_package/cmake/ament_cmake_export_libraries-extras.cmake
[81.592s] -- Installing: /home/user/ros2_ws/install/ros2_kdl_package/share/ros2_kdl_package/cmake/ament_cmake_export_targets-extras.cmake
[81.592s] -- Installing: /home/user/ros2_ws/install/ros2_kdl_package/share/ros2_kdl_package/cmake/rosidl_cmake_export_typesupport_targets-extras.cmake
[81.592s] -- Installing: /home/user/ros2_ws/install/ros2_kdl_package/share/ros2_kdl_package/cmake/rosidl_cmake_export_typesupport_libraries-extras.cmake
[81.592s] -- Installing: /home/user/ros2_ws/install/ros2_kdl_package/share/ros2_kdl_package/cmake/ros2_kdl_packageConfig.cmake
[81.592s] -- Installing: /home/user/ros2_ws/install/ros2_kdl_package/share/ros2_kdl_package/cmake/ros2_kdl_packageConfig-version.cmake
[81.592s] -- Installing: /home/user/ros2_ws/install/ros2_kdl_package/share/ros2_kdl_package/package.xml
[81.595s] Invoked command in '/home/user/ros2_ws/build/ros2_kdl_package' returned '0': CMAKE_PREFIX_PATH=${CMAKE_PREFIX_PATH}:/opt/ros/humble /usr/bin/cmake --install /home/user/ros2_ws/build/ros2_kdl_package
