[0.030s] Invoking command in '/home/user/ros2_ws/build/iiwa_bringup': CMAKE_PREFIX_PATH=/home/user/ros2_ws/install/iiwa_description:/home/user/ros2_ws/install/ros2_kdl_package:/home/user/ros2_ws/install/ros2_fra2mo:/home/user/ros2_ws/install/impedance_controller:/home/user/ros2_ws/install/iiwa_bringup:/home/user/ros2_ws/install/external_torque_sensor_broadcaster:/home/user/ros2_ws/install/aruco_ros:/home/user/ros2_ws/install/aruco_msgs:/home/user/ros2_ws/install/aruco:/opt/ros/humble /usr/bin/cmake /home/user/ros2_ws/src/ros2_iiwa/iiwa_bringup -DCMAKE_INSTALL_PREFIX=/home/user/ros2_ws/install/iiwa_bringup
[0.245s] -- The C compiler identification is GNU 11.4.0
[0.485s] -- The CXX compiler identification is GNU 11.4.0
[0.516s] -- Detecting C compiler ABI info
[0.770s] -- Detecting C compiler ABI info - done
[0.809s] -- Check for working C compiler: /usr/bin/cc - skipped
[0.809s] -- Detecting C compile features
[0.810s] -- Detecting C compile features - done
[0.818s] -- Detecting CXX compiler ABI info
[1.094s] -- Detecting CXX compiler ABI info - done
[1.149s] -- Check for working CXX compiler: /usr/bin/c++ - skipped
[1.149s] -- Detecting CXX compile features
[1.153s] -- Detecting CXX compile features - done
[1.173s] -- Found ament_cmake: 1.3.12 (/opt/ros/humble/share/ament_cmake/cmake)
[1.663s] -- Found Python3: /usr/bin/python3 (found version "3.10.12") found components: Interpreter 
[2.198s] -- Found rclcpp: 16.0.16 (/opt/ros/humble/share/rclcpp/cmake)
[2.479s] -- Found rosidl_generator_c: 3.1.7 (/opt/ros/humble/share/rosidl_generator_c/cmake)
[2.501s] -- Found rosidl_adapter: 3.1.7 (/opt/ros/humble/share/rosidl_adapter/cmake)
[2.534s] -- Found rosidl_generator_cpp: 3.1.7 (/opt/ros/humble/share/rosidl_generator_cpp/cmake)
[2.604s] -- Using all available rosidl_typesupport_c: rosidl_typesupport_fastrtps_c;rosidl_typesupport_introspection_c
[2.697s] -- Using all available rosidl_typesupport_cpp: rosidl_typesupport_fastrtps_cpp;rosidl_typesupport_introspection_cpp
[2.972s] -- Found rmw_implementation_cmake: 6.1.2 (/opt/ros/humble/share/rmw_implementation_cmake/cmake)
[2.988s] -- Found rmw_fastrtps_cpp: 6.2.9 (/opt/ros/humble/share/rmw_fastrtps_cpp/cmake)
[3.215s] -- Found OpenSSL: /usr/lib/x86_64-linux-gnu/libcrypto.so (found version "3.0.2")  
[3.287s] -- Found FastRTPS: /opt/ros/humble/include  
[3.400s] -- Using RMW implementation 'rmw_fastrtps_cpp' as default
[3.431s] -- Looking for pthread.h
[3.577s] -- Looking for pthread.h - found
[3.577s] -- Performing Test CMAKE_HAVE_LIBC_PTHREAD
[3.734s] -- Performing Test CMAKE_HAVE_LIBC_PTHREAD - Success
[3.734s] -- Found Threads: TRUE  
[3.940s] -- Found rclpy: 3.3.19 (/opt/ros/humble/share/rclpy/cmake)
[3.951s] -- Found sensor_msgs: 4.9.0 (/opt/ros/humble/share/sensor_msgs/cmake)
[4.041s] -- Found visualization_msgs: 4.9.0 (/opt/ros/humble/share/visualization_msgs/cmake)
[4.108s] -- Found ament_cmake_gtest: 1.3.12 (/opt/ros/humble/share/ament_cmake_gtest/cmake)
[4.122s] -- Found ament_lint_auto: 0.12.14 (/opt/ros/humble/share/ament_lint_auto/cmake)
[4.342s] -- Added test 'copyright' to check source files copyright and LICENSE
[4.346s] -- Added test 'flake8' to check Python code syntax and style conventions
[4.348s] -- Added test 'lint_cmake' to check CMake code style
[4.349s] -- Added test 'pep257' to check Python code against some of the docstring style conventions in PEP 257
[4.352s] -- Added test 'xmllint' to check XML markup files
[4.355s] -- Configuring done
[4.365s] -- Generating done
[4.371s] -- Build files have been written to: /home/user/ros2_ws/build/iiwa_bringup
[4.390s] Invoked command in '/home/user/ros2_ws/build/iiwa_bringup' returned '0': CMAKE_PREFIX_PATH=/home/user/ros2_ws/install/iiwa_description:/home/user/ros2_ws/install/ros2_kdl_package:/home/user/ros2_ws/install/ros2_fra2mo:/home/user/ros2_ws/install/impedance_controller:/home/user/ros2_ws/install/iiwa_bringup:/home/user/ros2_ws/install/external_torque_sensor_broadcaster:/home/user/ros2_ws/install/aruco_ros:/home/user/ros2_ws/install/aruco_msgs:/home/user/ros2_ws/install/aruco:/opt/ros/humble /usr/bin/cmake /home/user/ros2_ws/src/ros2_iiwa/iiwa_bringup -DCMAKE_INSTALL_PREFIX=/home/user/ros2_ws/install/iiwa_bringup
[4.390s] Invoking command in '/home/user/ros2_ws/build/iiwa_bringup': CMAKE_PREFIX_PATH=/home/user/ros2_ws/install/iiwa_description:/home/user/ros2_ws/install/ros2_kdl_package:/home/user/ros2_ws/install/ros2_fra2mo:/home/user/ros2_ws/install/impedance_controller:/home/user/ros2_ws/install/iiwa_bringup:/home/user/ros2_ws/install/external_torque_sensor_broadcaster:/home/user/ros2_ws/install/aruco_ros:/home/user/ros2_ws/install/aruco_msgs:/home/user/ros2_ws/install/aruco:/opt/ros/humble /usr/bin/cmake --build /home/user/ros2_ws/build/iiwa_bringup -- -j12 -l12
[4.505s] Invoked command in '/home/user/ros2_ws/build/iiwa_bringup' returned '0': CMAKE_PREFIX_PATH=/home/user/ros2_ws/install/iiwa_description:/home/user/ros2_ws/install/ros2_kdl_package:/home/user/ros2_ws/install/ros2_fra2mo:/home/user/ros2_ws/install/impedance_controller:/home/user/ros2_ws/install/iiwa_bringup:/home/user/ros2_ws/install/external_torque_sensor_broadcaster:/home/user/ros2_ws/install/aruco_ros:/home/user/ros2_ws/install/aruco_msgs:/home/user/ros2_ws/install/aruco:/opt/ros/humble /usr/bin/cmake --build /home/user/ros2_ws/build/iiwa_bringup -- -j12 -l12
[4.506s] Invoking command in '/home/user/ros2_ws/build/iiwa_bringup': CMAKE_PREFIX_PATH=/home/user/ros2_ws/install/iiwa_description:/home/user/ros2_ws/install/ros2_kdl_package:/home/user/ros2_ws/install/ros2_fra2mo:/home/user/ros2_ws/install/impedance_controller:/home/user/ros2_ws/install/iiwa_bringup:/home/user/ros2_ws/install/external_torque_sensor_broadcaster:/home/user/ros2_ws/install/aruco_ros:/home/user/ros2_ws/install/aruco_msgs:/home/user/ros2_ws/install/aruco:/opt/ros/humble /usr/bin/cmake --install /home/user/ros2_ws/build/iiwa_bringup
[4.521s] -- Install configuration: ""
[4.522s] -- Installing: /home/user/ros2_ws/install/iiwa_bringup/share/iiwa_bringup/launch
[4.522s] -- Installing: /home/user/ros2_ws/install/iiwa_bringup/share/iiwa_bringup/launch/iiwa_pose_tracking.launch.py
[4.531s] -- Installing: /home/user/ros2_ws/install/iiwa_bringup/share/iiwa_bringup/launch/iiwa_servoing.launch.py
[4.531s] -- Installing: /home/user/ros2_ws/install/iiwa_bringup/share/iiwa_bringup/launch/joy_servo_teleop.launch.py
[4.532s] -- Installing: /home/user/ros2_ws/install/iiwa_bringup/share/iiwa_bringup/launch/iiwa_test_joint_trajectory_controller.launch.py
[4.536s] -- Installing: /home/user/ros2_ws/install/iiwa_bringup/share/iiwa_bringup/launch/iiwa_planning.launch.py
[4.536s] -- Installing: /home/user/ros2_ws/install/iiwa_bringup/share/iiwa_bringup/launch/iiwa.launch.py
[4.537s] -- Installing: /home/user/ros2_ws/install/iiwa_bringup/share/iiwa_bringup/config
[4.538s] -- Installing: /home/user/ros2_ws/install/iiwa_bringup/share/iiwa_bringup/config/test_trajectory_config.yaml
[4.538s] -- Installing: /home/user/ros2_ws/install/iiwa_bringup/share/ament_index/resource_index/package_run_dependencies/iiwa_bringup
[4.543s] -- Installing: /home/user/ros2_ws/install/iiwa_bringup/share/ament_index/resource_index/parent_prefix_path/iiwa_bringup
[4.544s] -- Installing: /home/user/ros2_ws/install/iiwa_bringup/share/iiwa_bringup/environment/ament_prefix_path.sh
[4.544s] -- Installing: /home/user/ros2_ws/install/iiwa_bringup/share/iiwa_bringup/environment/ament_prefix_path.dsv
[4.544s] -- Installing: /home/user/ros2_ws/install/iiwa_bringup/share/iiwa_bringup/environment/path.sh
[4.545s] -- Installing: /home/user/ros2_ws/install/iiwa_bringup/share/iiwa_bringup/environment/path.dsv
[4.545s] -- Installing: /home/user/ros2_ws/install/iiwa_bringup/share/iiwa_bringup/local_setup.bash
[4.546s] -- Installing: /home/user/ros2_ws/install/iiwa_bringup/share/iiwa_bringup/local_setup.sh
[4.546s] -- Installing: /home/user/ros2_ws/install/iiwa_bringup/share/iiwa_bringup/local_setup.zsh
[4.547s] -- Installing: /home/user/ros2_ws/install/iiwa_bringup/share/iiwa_bringup/local_setup.dsv
[4.548s] -- Installing: /home/user/ros2_ws/install/iiwa_bringup/share/iiwa_bringup/package.dsv
[4.548s] -- Installing: /home/user/ros2_ws/install/iiwa_bringup/share/ament_index/resource_index/packages/iiwa_bringup
[4.550s] -- Installing: /home/user/ros2_ws/install/iiwa_bringup/share/iiwa_bringup/cmake/iiwa_bringupConfig.cmake
[4.551s] -- Installing: /home/user/ros2_ws/install/iiwa_bringup/share/iiwa_bringup/cmake/iiwa_bringupConfig-version.cmake
[4.551s] -- Installing: /home/user/ros2_ws/install/iiwa_bringup/share/iiwa_bringup/package.xml
[4.558s] Invoked command in '/home/user/ros2_ws/build/iiwa_bringup' returned '0': CMAKE_PREFIX_PATH=/home/user/ros2_ws/install/iiwa_description:/home/user/ros2_ws/install/ros2_kdl_package:/home/user/ros2_ws/install/ros2_fra2mo:/home/user/ros2_ws/install/impedance_controller:/home/user/ros2_ws/install/iiwa_bringup:/home/user/ros2_ws/install/external_torque_sensor_broadcaster:/home/user/ros2_ws/install/aruco_ros:/home/user/ros2_ws/install/aruco_msgs:/home/user/ros2_ws/install/aruco:/opt/ros/humble /usr/bin/cmake --install /home/user/ros2_ws/build/iiwa_bringup
