[0.030s] Invoking command in '/home/user/ros2_ws/build/ros2_kdl_package': CMAKE_PREFIX_PATH=${CMAKE_PREFIX_PATH}:/opt/ros/humble /usr/bin/cmake --build /home/user/ros2_ws/build/ros2_kdl_package -- -j12 -l12
[0.119s] [  2%] Built target ros2_kdl_package__cpp
[0.131s] [ 10%] Built target ros2_kdl_package__rosidl_generator_c
[0.140s] [ 10%] Built target ament_cmake_python_copy_ros2_kdl_package
[0.152s] [ 15%] Built target ros2_kdl_node_example
[0.171s] [ 22%] Built target ros2_kdl_package__rosidl_typesupport_introspection_cpp
[0.173s] [ 30%] Built target ros2_kdl_package__rosidl_typesupport_fastrtps_cpp
[0.177s] [ 37%] Built target ros2_kdl_package__rosidl_typesupport_cpp
[0.189s] [ 45%] Built target ros2_kdl_package__rosidl_typesupport_introspection_c
[0.191s] [ 52%] Built target ros2_kdl_package__rosidl_typesupport_fastrtps_c
[0.197s] [ 60%] Built target ros2_kdl_package__rosidl_typesupport_c
[0.201s] [35m[1mConsolidate compiler generated dependencies of target ros2_kdl_node_client[0m
[0.228s] [ 60%] Built target ros2_kdl_package
[0.254s] [ 62%] [32mBuilding CXX object CMakeFiles/ros2_kdl_node_client.dir/src/ros2_kdl_node_client.cpp.o[0m
[0.284s] [ 65%] [32mBuilding CXX object CMakeFiles/ros2_kdl_node.dir/src/ros2_kdl_node.cpp.o[0m
[0.314s] [ 67%] Built target ros2_kdl_package__py
[0.315s] [ 72%] Built target ros2_kdl_package__rosidl_generator_py
[0.338s] [ 77%] Built target ros2_kdl_package__rosidl_typesupport_c__pyext
[0.339s] [ 82%] Built target ros2_kdl_package__rosidl_typesupport_introspection_c__pyext
[0.339s] [ 87%] Built target ros2_kdl_package__rosidl_typesupport_fastrtps_c__pyext
[0.493s] running egg_info
[0.494s] writing ros2_kdl_package.egg-info/PKG-INFO
[0.495s] writing dependency_links to ros2_kdl_package.egg-info/dependency_links.txt
[0.495s] writing top-level names to ros2_kdl_package.egg-info/top_level.txt
[0.497s] reading manifest file 'ros2_kdl_package.egg-info/SOURCES.txt'
[0.498s] writing manifest file 'ros2_kdl_package.egg-info/SOURCES.txt'
[0.526s] [ 87%] Built target ament_cmake_python_build_ros2_kdl_package_egg
[9.751s] [ 90%] [32m[1mLinking CXX executable ros2_kdl_node_client[0m
[10.299s] [ 90%] Built target ros2_kdl_node_client
[19.114s] [ 92%] [32m[1mLinking CXX executable ros2_kdl_node[0m
[20.078s] [100%] Built target ros2_kdl_node
[20.091s] Invoked command in '/home/user/ros2_ws/build/ros2_kdl_package' returned '0': CMAKE_PREFIX_PATH=${CMAKE_PREFIX_PATH}:/opt/ros/humble /usr/bin/cmake --build /home/user/ros2_ws/build/ros2_kdl_package -- -j12 -l12
[20.092s] Invoking command in '/home/user/ros2_ws/build/ros2_kdl_package': CMAKE_PREFIX_PATH=${CMAKE_PREFIX_PATH}:/opt/ros/humble /usr/bin/cmake --install /home/user/ros2_ws/build/ros2_kdl_package
[20.101s] -- Install configuration: ""
[20.101s] -- Up-to-date: /home/user/ros2_ws/install/ros2_kdl_package/share/ament_index/resource_index/rosidl_interfaces/ros2_kdl_package
[20.102s] -- Up-to-date: /home/user/ros2_ws/install/ros2_kdl_package/include/ros2_kdl_package/ros2_kdl_package
[20.102s] -- Up-to-date: /home/user/ros2_ws/install/ros2_kdl_package/include/ros2_kdl_package/ros2_kdl_package/action
[20.102s] -- Up-to-date: /home/user/ros2_ws/install/ros2_kdl_package/include/ros2_kdl_package/ros2_kdl_package/action/detail
[20.102s] -- Up-to-date: /home/user/ros2_ws/install/ros2_kdl_package/include/ros2_kdl_package/ros2_kdl_package/action/detail/execute_trajectory__type_support.h
[20.102s] -- Up-to-date: /home/user/ros2_ws/install/ros2_kdl_package/include/ros2_kdl_package/ros2_kdl_package/action/detail/execute_trajectory__functions.h
[20.102s] -- Up-to-date: /home/user/ros2_ws/install/ros2_kdl_package/include/ros2_kdl_package/ros2_kdl_package/action/detail/execute_trajectory__functions.c
[20.102s] -- Up-to-date: /home/user/ros2_ws/install/ros2_kdl_package/include/ros2_kdl_package/ros2_kdl_package/action/detail/execute_trajectory__struct.h
[20.102s] -- Up-to-date: /home/user/ros2_ws/install/ros2_kdl_package/include/ros2_kdl_package/ros2_kdl_package/action/execute_trajectory.h
[20.102s] -- Up-to-date: /home/user/ros2_ws/install/ros2_kdl_package/include/ros2_kdl_package/ros2_kdl_package/msg
[20.102s] -- Up-to-date: /home/user/ros2_ws/install/ros2_kdl_package/include/ros2_kdl_package/ros2_kdl_package/msg/rosidl_generator_c__visibility_control.h
[20.102s] -- Up-to-date: /home/user/ros2_ws/install/ros2_kdl_package/share/ros2_kdl_package/environment/library_path.sh
[20.103s] -- Up-to-date: /home/user/ros2_ws/install/ros2_kdl_package/share/ros2_kdl_package/environment/library_path.dsv
[20.103s] -- Up-to-date: /home/user/ros2_ws/install/ros2_kdl_package/lib/libros2_kdl_package__rosidl_generator_c.so
[20.103s] -- Up-to-date: /home/user/ros2_ws/install/ros2_kdl_package/include/ros2_kdl_package/ros2_kdl_package
[20.103s] -- Up-to-date: /home/user/ros2_ws/install/ros2_kdl_package/include/ros2_kdl_package/ros2_kdl_package/action
[20.103s] -- Up-to-date: /home/user/ros2_ws/install/ros2_kdl_package/include/ros2_kdl_package/ros2_kdl_package/action/detail
[20.103s] -- Up-to-date: /home/user/ros2_ws/install/ros2_kdl_package/include/ros2_kdl_package/ros2_kdl_package/action/detail/execute_trajectory__rosidl_typesupport_fastrtps_c.h
[20.103s] -- Up-to-date: /home/user/ros2_ws/install/ros2_kdl_package/include/ros2_kdl_package/ros2_kdl_package/msg
[20.103s] -- Up-to-date: /home/user/ros2_ws/install/ros2_kdl_package/include/ros2_kdl_package/ros2_kdl_package/msg/rosidl_typesupport_fastrtps_c__visibility_control.h
[20.104s] -- Up-to-date: /home/user/ros2_ws/install/ros2_kdl_package/lib/libros2_kdl_package__rosidl_typesupport_fastrtps_c.so
[20.104s] -- Up-to-date: /home/user/ros2_ws/install/ros2_kdl_package/include/ros2_kdl_package/ros2_kdl_package
[20.104s] -- Up-to-date: /home/user/ros2_ws/install/ros2_kdl_package/include/ros2_kdl_package/ros2_kdl_package/action
[20.104s] -- Up-to-date: /home/user/ros2_ws/install/ros2_kdl_package/include/ros2_kdl_package/ros2_kdl_package/action/detail
[20.104s] -- Up-to-date: /home/user/ros2_ws/install/ros2_kdl_package/include/ros2_kdl_package/ros2_kdl_package/action/detail/execute_trajectory__builder.hpp
[20.104s] -- Up-to-date: /home/user/ros2_ws/install/ros2_kdl_package/include/ros2_kdl_package/ros2_kdl_package/action/detail/execute_trajectory__type_support.hpp
[20.104s] -- Up-to-date: /home/user/ros2_ws/install/ros2_kdl_package/include/ros2_kdl_package/ros2_kdl_package/action/detail/execute_trajectory__traits.hpp
[20.105s] -- Up-to-date: /home/user/ros2_ws/install/ros2_kdl_package/include/ros2_kdl_package/ros2_kdl_package/action/detail/execute_trajectory__struct.hpp
[20.105s] -- Up-to-date: /home/user/ros2_ws/install/ros2_kdl_package/include/ros2_kdl_package/ros2_kdl_package/action/execute_trajectory.hpp
[20.105s] -- Up-to-date: /home/user/ros2_ws/install/ros2_kdl_package/include/ros2_kdl_package/ros2_kdl_package/msg
[20.105s] -- Up-to-date: /home/user/ros2_ws/install/ros2_kdl_package/include/ros2_kdl_package/ros2_kdl_package/msg/rosidl_generator_cpp__visibility_control.hpp
[20.105s] -- Up-to-date: /home/user/ros2_ws/install/ros2_kdl_package/include/ros2_kdl_package/ros2_kdl_package
[20.105s] -- Up-to-date: /home/user/ros2_ws/install/ros2_kdl_package/include/ros2_kdl_package/ros2_kdl_package/action
[20.105s] -- Up-to-date: /home/user/ros2_ws/install/ros2_kdl_package/include/ros2_kdl_package/ros2_kdl_package/action/detail
[20.105s] -- Up-to-date: /home/user/ros2_ws/install/ros2_kdl_package/include/ros2_kdl_package/ros2_kdl_package/action/detail/dds_fastrtps
[20.105s] -- Up-to-date: /home/user/ros2_ws/install/ros2_kdl_package/include/ros2_kdl_package/ros2_kdl_package/action/detail/execute_trajectory__rosidl_typesupport_fastrtps_cpp.hpp
[20.105s] -- Up-to-date: /home/user/ros2_ws/install/ros2_kdl_package/include/ros2_kdl_package/ros2_kdl_package/msg
[20.105s] -- Up-to-date: /home/user/ros2_ws/install/ros2_kdl_package/include/ros2_kdl_package/ros2_kdl_package/msg/rosidl_typesupport_fastrtps_cpp__visibility_control.h
[20.105s] -- Up-to-date: /home/user/ros2_ws/install/ros2_kdl_package/lib/libros2_kdl_package__rosidl_typesupport_fastrtps_cpp.so
[20.106s] -- Up-to-date: /home/user/ros2_ws/install/ros2_kdl_package/include/ros2_kdl_package/ros2_kdl_package
[20.106s] -- Up-to-date: /home/user/ros2_ws/install/ros2_kdl_package/include/ros2_kdl_package/ros2_kdl_package/action
[20.106s] -- Up-to-date: /home/user/ros2_ws/install/ros2_kdl_package/include/ros2_kdl_package/ros2_kdl_package/action/detail
[20.106s] -- Up-to-date: /home/user/ros2_ws/install/ros2_kdl_package/include/ros2_kdl_package/ros2_kdl_package/action/detail/execute_trajectory__rosidl_typesupport_introspection_c.h
[20.106s] -- Up-to-date: /home/user/ros2_ws/install/ros2_kdl_package/include/ros2_kdl_package/ros2_kdl_package/action/detail/execute_trajectory__type_support.c
[20.106s] -- Up-to-date: /home/user/ros2_ws/install/ros2_kdl_package/include/ros2_kdl_package/ros2_kdl_package/msg
[20.106s] -- Up-to-date: /home/user/ros2_ws/install/ros2_kdl_package/include/ros2_kdl_package/ros2_kdl_package/msg/rosidl_typesupport_introspection_c__visibility_control.h
[20.107s] -- Up-to-date: /home/user/ros2_ws/install/ros2_kdl_package/lib/libros2_kdl_package__rosidl_typesupport_introspection_c.so
[20.108s] -- Up-to-date: /home/user/ros2_ws/install/ros2_kdl_package/lib/libros2_kdl_package__rosidl_typesupport_c.so
[20.108s] -- Up-to-date: /home/user/ros2_ws/install/ros2_kdl_package/include/ros2_kdl_package/ros2_kdl_package
[20.108s] -- Up-to-date: /home/user/ros2_ws/install/ros2_kdl_package/include/ros2_kdl_package/ros2_kdl_package/action
[20.108s] -- Up-to-date: /home/user/ros2_ws/install/ros2_kdl_package/include/ros2_kdl_package/ros2_kdl_package/action/detail
[20.108s] -- Up-to-date: /home/user/ros2_ws/install/ros2_kdl_package/include/ros2_kdl_package/ros2_kdl_package/action/detail/execute_trajectory__rosidl_typesupport_introspection_cpp.hpp
[20.108s] -- Up-to-date: /home/user/ros2_ws/install/ros2_kdl_package/include/ros2_kdl_package/ros2_kdl_package/action/detail/execute_trajectory__type_support.cpp
[20.109s] -- Up-to-date: /home/user/ros2_ws/install/ros2_kdl_package/lib/libros2_kdl_package__rosidl_typesupport_introspection_cpp.so
[20.110s] -- Up-to-date: /home/user/ros2_ws/install/ros2_kdl_package/lib/libros2_kdl_package__rosidl_typesupport_cpp.so
[20.110s] -- Up-to-date: /home/user/ros2_ws/install/ros2_kdl_package/share/ros2_kdl_package/environment/pythonpath.sh
[20.110s] -- Up-to-date: /home/user/ros2_ws/install/ros2_kdl_package/share/ros2_kdl_package/environment/pythonpath.dsv
[20.110s] -- Up-to-date: /home/user/ros2_ws/install/ros2_kdl_package/local/lib/python3.10/dist-packages/ros2_kdl_package-0.0.0-py3.10.egg-info
[20.110s] -- Installing: /home/user/ros2_ws/install/ros2_kdl_package/local/lib/python3.10/dist-packages/ros2_kdl_package-0.0.0-py3.10.egg-info/PKG-INFO
[20.110s] -- Installing: /home/user/ros2_ws/install/ros2_kdl_package/local/lib/python3.10/dist-packages/ros2_kdl_package-0.0.0-py3.10.egg-info/top_level.txt
[20.111s] -- Installing: /home/user/ros2_ws/install/ros2_kdl_package/local/lib/python3.10/dist-packages/ros2_kdl_package-0.0.0-py3.10.egg-info/SOURCES.txt
[20.111s] -- Installing: /home/user/ros2_ws/install/ros2_kdl_package/local/lib/python3.10/dist-packages/ros2_kdl_package-0.0.0-py3.10.egg-info/dependency_links.txt
[20.111s] -- Up-to-date: /home/user/ros2_ws/install/ros2_kdl_package/local/lib/python3.10/dist-packages/ros2_kdl_package
[20.111s] -- Up-to-date: /home/user/ros2_ws/install/ros2_kdl_package/local/lib/python3.10/dist-packages/ros2_kdl_package/action
[20.111s] -- Up-to-date: /home/user/ros2_ws/install/ros2_kdl_package/local/lib/python3.10/dist-packages/ros2_kdl_package/action/__init__.py
[20.112s] -- Up-to-date: /home/user/ros2_ws/install/ros2_kdl_package/local/lib/python3.10/dist-packages/ros2_kdl_package/action/_execute_trajectory.py
[20.112s] -- Up-to-date: /home/user/ros2_ws/install/ros2_kdl_package/local/lib/python3.10/dist-packages/ros2_kdl_package/action/_execute_trajectory_s.c
[20.112s] -- Up-to-date: /home/user/ros2_ws/install/ros2_kdl_package/local/lib/python3.10/dist-packages/ros2_kdl_package/_ros2_kdl_package_s.ep.rosidl_typesupport_fastrtps_c.c
[20.112s] -- Up-to-date: /home/user/ros2_ws/install/ros2_kdl_package/local/lib/python3.10/dist-packages/ros2_kdl_package/libros2_kdl_package__rosidl_generator_py.so
[20.112s] -- Up-to-date: /home/user/ros2_ws/install/ros2_kdl_package/local/lib/python3.10/dist-packages/ros2_kdl_package/ros2_kdl_package_s__rosidl_typesupport_fastrtps_c.cpython-310-x86_64-linux-gnu.so
[20.112s] -- Up-to-date: /home/user/ros2_ws/install/ros2_kdl_package/local/lib/python3.10/dist-packages/ros2_kdl_package/__init__.py
[20.112s] -- Up-to-date: /home/user/ros2_ws/install/ros2_kdl_package/local/lib/python3.10/dist-packages/ros2_kdl_package/ros2_kdl_package_s__rosidl_typesupport_c.cpython-310-x86_64-linux-gnu.so
[20.112s] -- Up-to-date: /home/user/ros2_ws/install/ros2_kdl_package/local/lib/python3.10/dist-packages/ros2_kdl_package/_ros2_kdl_package_s.ep.rosidl_typesupport_introspection_c.c
[20.112s] -- Up-to-date: /home/user/ros2_ws/install/ros2_kdl_package/local/lib/python3.10/dist-packages/ros2_kdl_package/_ros2_kdl_package_s.ep.rosidl_typesupport_c.c
[20.112s] -- Up-to-date: /home/user/ros2_ws/install/ros2_kdl_package/local/lib/python3.10/dist-packages/ros2_kdl_package/ros2_kdl_package_s__rosidl_typesupport_introspection_c.cpython-310-x86_64-linux-gnu.so
[20.146s] Listing '/home/user/ros2_ws/install/ros2_kdl_package/local/lib/python3.10/dist-packages/ros2_kdl_package'...
[20.146s] Listing '/home/user/ros2_ws/install/ros2_kdl_package/local/lib/python3.10/dist-packages/ros2_kdl_package/action'...
[20.150s] -- Up-to-date: /home/user/ros2_ws/install/ros2_kdl_package/local/lib/python3.10/dist-packages/ros2_kdl_package/ros2_kdl_package_s__rosidl_typesupport_fastrtps_c.cpython-310-x86_64-linux-gnu.so
[20.151s] -- Up-to-date: /home/user/ros2_ws/install/ros2_kdl_package/local/lib/python3.10/dist-packages/ros2_kdl_package/ros2_kdl_package_s__rosidl_typesupport_introspection_c.cpython-310-x86_64-linux-gnu.so
[20.152s] -- Up-to-date: /home/user/ros2_ws/install/ros2_kdl_package/local/lib/python3.10/dist-packages/ros2_kdl_package/ros2_kdl_package_s__rosidl_typesupport_c.cpython-310-x86_64-linux-gnu.so
[20.153s] -- Up-to-date: /home/user/ros2_ws/install/ros2_kdl_package/lib/libros2_kdl_package__rosidl_generator_py.so
[20.153s] -- Up-to-date: /home/user/ros2_ws/install/ros2_kdl_package/share/ros2_kdl_package/action/ExecuteTrajectory.idl
[20.153s] -- Up-to-date: /home/user/ros2_ws/install/ros2_kdl_package/share/ros2_kdl_package/action/ExecuteTrajectory.action
[20.154s] -- Installing: /home/user/ros2_ws/install/ros2_kdl_package/lib/ros2_kdl_package/ros2_kdl_node
[20.162s] -- Set runtime path of "/home/user/ros2_ws/install/ros2_kdl_package/lib/ros2_kdl_package/ros2_kdl_node" to ""
[20.163s] -- Up-to-date: /home/user/ros2_ws/install/ros2_kdl_package/lib/ros2_kdl_package/ros2_kdl_node_example
[20.163s] -- Installing: /home/user/ros2_ws/install/ros2_kdl_package/lib/ros2_kdl_package/ros2_kdl_node_client
[20.167s] -- Set runtime path of "/home/user/ros2_ws/install/ros2_kdl_package/lib/ros2_kdl_package/ros2_kdl_node_client" to ""
[20.167s] -- Up-to-date: /home/user/ros2_ws/install/ros2_kdl_package/share/ros2_kdl_package/launch
[20.167s] -- Up-to-date: /home/user/ros2_ws/install/ros2_kdl_package/share/ros2_kdl_package/launch/__pycache__
[20.168s] -- Installing: /home/user/ros2_ws/install/ros2_kdl_package/share/ros2_kdl_package/launch/__pycache__/launching.launch.cpython-310.pyc
[20.168s] -- Installing: /home/user/ros2_ws/install/ros2_kdl_package/share/ros2_kdl_package/launch/launching.launch.py
[20.168s] -- Up-to-date: /home/user/ros2_ws/install/ros2_kdl_package/share/ros2_kdl_package/config
[20.168s] -- Up-to-date: /home/user/ros2_ws/install/ros2_kdl_package/share/ros2_kdl_package/config/bridge_config.yaml
[20.168s] -- Up-to-date: /home/user/ros2_ws/install/ros2_kdl_package/share/ros2_kdl_package/config/kdl_params.yaml
[20.168s] -- Up-to-date: /home/user/ros2_ws/install/ros2_kdl_package/share/ament_index/resource_index/package_run_dependencies/ros2_kdl_package
[20.168s] -- Up-to-date: /home/user/ros2_ws/install/ros2_kdl_package/share/ament_index/resource_index/parent_prefix_path/ros2_kdl_package
[20.169s] -- Up-to-date: /home/user/ros2_ws/install/ros2_kdl_package/share/ros2_kdl_package/environment/ament_prefix_path.sh
[20.169s] -- Up-to-date: /home/user/ros2_ws/install/ros2_kdl_package/share/ros2_kdl_package/environment/ament_prefix_path.dsv
[20.169s] -- Up-to-date: /home/user/ros2_ws/install/ros2_kdl_package/share/ros2_kdl_package/environment/path.sh
[20.169s] -- Up-to-date: /home/user/ros2_ws/install/ros2_kdl_package/share/ros2_kdl_package/environment/path.dsv
[20.169s] -- Up-to-date: /home/user/ros2_ws/install/ros2_kdl_package/share/ros2_kdl_package/local_setup.bash
[20.169s] -- Up-to-date: /home/user/ros2_ws/install/ros2_kdl_package/share/ros2_kdl_package/local_setup.sh
[20.169s] -- Up-to-date: /home/user/ros2_ws/install/ros2_kdl_package/share/ros2_kdl_package/local_setup.zsh
[20.169s] -- Up-to-date: /home/user/ros2_ws/install/ros2_kdl_package/share/ros2_kdl_package/local_setup.dsv
[20.169s] -- Installing: /home/user/ros2_ws/install/ros2_kdl_package/share/ros2_kdl_package/package.dsv
[20.169s] -- Up-to-date: /home/user/ros2_ws/install/ros2_kdl_package/share/ament_index/resource_index/packages/ros2_kdl_package
[20.170s] -- Up-to-date: /home/user/ros2_ws/install/ros2_kdl_package/share/ros2_kdl_package/cmake/export_ros2_kdl_package__rosidl_generator_cExport.cmake
[20.170s] -- Up-to-date: /home/user/ros2_ws/install/ros2_kdl_package/share/ros2_kdl_package/cmake/export_ros2_kdl_package__rosidl_generator_cExport-noconfig.cmake
[20.171s] -- Up-to-date: /home/user/ros2_ws/install/ros2_kdl_package/share/ros2_kdl_package/cmake/export_ros2_kdl_package__rosidl_typesupport_fastrtps_cExport.cmake
[20.171s] -- Up-to-date: /home/user/ros2_ws/install/ros2_kdl_package/share/ros2_kdl_package/cmake/export_ros2_kdl_package__rosidl_typesupport_fastrtps_cExport-noconfig.cmake
[20.171s] -- Up-to-date: /home/user/ros2_ws/install/ros2_kdl_package/share/ros2_kdl_package/cmake/export_ros2_kdl_package__rosidl_generator_cppExport.cmake
[20.171s] -- Up-to-date: /home/user/ros2_ws/install/ros2_kdl_package/share/ros2_kdl_package/cmake/export_ros2_kdl_package__rosidl_typesupport_fastrtps_cppExport.cmake
[20.171s] -- Up-to-date: /home/user/ros2_ws/install/ros2_kdl_package/share/ros2_kdl_package/cmake/export_ros2_kdl_package__rosidl_typesupport_fastrtps_cppExport-noconfig.cmake
[20.172s] -- Up-to-date: /home/user/ros2_ws/install/ros2_kdl_package/share/ros2_kdl_package/cmake/ros2_kdl_package__rosidl_typesupport_introspection_cExport.cmake
[20.172s] -- Up-to-date: /home/user/ros2_ws/install/ros2_kdl_package/share/ros2_kdl_package/cmake/ros2_kdl_package__rosidl_typesupport_introspection_cExport-noconfig.cmake
[20.172s] -- Up-to-date: /home/user/ros2_ws/install/ros2_kdl_package/share/ros2_kdl_package/cmake/ros2_kdl_package__rosidl_typesupport_cExport.cmake
[20.172s] -- Up-to-date: /home/user/ros2_ws/install/ros2_kdl_package/share/ros2_kdl_package/cmake/ros2_kdl_package__rosidl_typesupport_cExport-noconfig.cmake
[20.172s] -- Up-to-date: /home/user/ros2_ws/install/ros2_kdl_package/share/ros2_kdl_package/cmake/ros2_kdl_package__rosidl_typesupport_introspection_cppExport.cmake
[20.172s] -- Up-to-date: /home/user/ros2_ws/install/ros2_kdl_package/share/ros2_kdl_package/cmake/ros2_kdl_package__rosidl_typesupport_introspection_cppExport-noconfig.cmake
[20.173s] -- Up-to-date: /home/user/ros2_ws/install/ros2_kdl_package/share/ros2_kdl_package/cmake/ros2_kdl_package__rosidl_typesupport_cppExport.cmake
[20.173s] -- Up-to-date: /home/user/ros2_ws/install/ros2_kdl_package/share/ros2_kdl_package/cmake/ros2_kdl_package__rosidl_typesupport_cppExport-noconfig.cmake
[20.173s] -- Up-to-date: /home/user/ros2_ws/install/ros2_kdl_package/share/ros2_kdl_package/cmake/export_ros2_kdl_package__rosidl_generator_pyExport.cmake
[20.173s] -- Up-to-date: /home/user/ros2_ws/install/ros2_kdl_package/share/ros2_kdl_package/cmake/export_ros2_kdl_package__rosidl_generator_pyExport-noconfig.cmake
[20.173s] -- Up-to-date: /home/user/ros2_ws/install/ros2_kdl_package/share/ros2_kdl_package/cmake/rosidl_cmake-extras.cmake
[20.173s] -- Up-to-date: /home/user/ros2_ws/install/ros2_kdl_package/share/ros2_kdl_package/cmake/ament_cmake_export_dependencies-extras.cmake
[20.173s] -- Up-to-date: /home/user/ros2_ws/install/ros2_kdl_package/share/ros2_kdl_package/cmake/ament_cmake_export_include_directories-extras.cmake
[20.174s] -- Up-to-date: /home/user/ros2_ws/install/ros2_kdl_package/share/ros2_kdl_package/cmake/ament_cmake_export_libraries-extras.cmake
[20.174s] -- Up-to-date: /home/user/ros2_ws/install/ros2_kdl_package/share/ros2_kdl_package/cmake/ament_cmake_export_targets-extras.cmake
[20.174s] -- Up-to-date: /home/user/ros2_ws/install/ros2_kdl_package/share/ros2_kdl_package/cmake/rosidl_cmake_export_typesupport_targets-extras.cmake
[20.174s] -- Up-to-date: /home/user/ros2_ws/install/ros2_kdl_package/share/ros2_kdl_package/cmake/rosidl_cmake_export_typesupport_libraries-extras.cmake
[20.174s] -- Up-to-date: /home/user/ros2_ws/install/ros2_kdl_package/share/ros2_kdl_package/cmake/ros2_kdl_packageConfig.cmake
[20.174s] -- Up-to-date: /home/user/ros2_ws/install/ros2_kdl_package/share/ros2_kdl_package/cmake/ros2_kdl_packageConfig-version.cmake
[20.174s] -- Up-to-date: /home/user/ros2_ws/install/ros2_kdl_package/share/ros2_kdl_package/package.xml
[20.176s] Invoked command in '/home/user/ros2_ws/build/ros2_kdl_package' returned '0': CMAKE_PREFIX_PATH=${CMAKE_PREFIX_PATH}:/opt/ros/humble /usr/bin/cmake --install /home/user/ros2_ws/build/ros2_kdl_package
