[0.025s] Invoking command in '/home/user/ros2_ws/build/impedance_controller': CMAKE_PREFIX_PATH=${CMAKE_PREFIX_PATH}:/opt/ros/humble /usr/bin/cmake /home/user/ros2_ws/src/ros2_iiwa/iiwa_controllers/impedance_controller -DCMAKE_INSTALL_PREFIX=/home/user/ros2_ws/install/impedance_controller
[0.098s] -- The C compiler identification is GNU 11.4.0
[0.176s] -- The CXX compiler identification is GNU 11.4.0
[0.187s] -- Detecting C compiler ABI info
[0.276s] -- Detecting C compiler ABI info - done
[0.291s] -- Check for working C compiler: /usr/bin/cc - skipped
[0.291s] -- Detecting C compile features
[0.292s] -- Detecting C compile features - done
[0.297s] -- Detecting CXX compiler ABI info
[0.407s] -- Detecting CXX compiler ABI info - done
[0.417s] -- Check for working CXX compiler: /usr/bin/c++ - skipped
[0.418s] -- Detecting CXX compile features
[0.419s] -- Detecting CXX compile features - done
[0.424s] -- Found ament_cmake: 1.3.12 (/opt/ros/humble/share/ament_cmake/cmake)
[0.644s] -- Found Python3: /usr/bin/python3 (found version "3.10.12") found components: Interpreter 
[0.796s] -- Found controller_interface: 2.52.2 (/opt/ros/humble/share/controller_interface/cmake)
[0.885s] -- Found rosidl_generator_c: 3.1.7 (/opt/ros/humble/share/rosidl_generator_c/cmake)
[0.899s] -- Found rosidl_adapter: 3.1.7 (/opt/ros/humble/share/rosidl_adapter/cmake)
[0.921s] -- Found rosidl_generator_cpp: 3.1.7 (/opt/ros/humble/share/rosidl_generator_cpp/cmake)
[0.950s] -- Using all available rosidl_typesupport_c: rosidl_typesupport_fastrtps_c;rosidl_typesupport_introspection_c
[0.986s] -- Using all available rosidl_typesupport_cpp: rosidl_typesupport_fastrtps_cpp;rosidl_typesupport_introspection_cpp
[1.870s] -- Found rmw_implementation_cmake: 6.1.2 (/opt/ros/humble/share/rmw_implementation_cmake/cmake)
[1.889s] -- Found rmw_fastrtps_cpp: 6.2.9 (/opt/ros/humble/share/rmw_fastrtps_cpp/cmake)
[2.053s] -- Found TinyXML2 via Config file: TinyXML2_DIR-NOTFOUND
[2.257s] -- Found OpenSSL: /usr/lib/x86_64-linux-gnu/libcrypto.so (found version "3.0.2")  
[2.269s] -- Found TinyXML2 via Config file: TinyXML2_DIR-NOTFOUND
[2.335s] -- Found FastRTPS: /opt/ros/humble/include  
[2.347s] -- Found TinyXML2 via Config file: TinyXML2_DIR-NOTFOUND
[2.383s] -- Found TinyXML2 via Config file: TinyXML2_DIR-NOTFOUND
[2.421s] -- Using RMW implementation 'rmw_fastrtps_cpp' as default
[2.496s] -- Looking for pthread.h
[2.821s] -- Looking for pthread.h - found
[2.826s] -- Performing Test CMAKE_HAVE_LIBC_PTHREAD
[3.113s] -- Performing Test CMAKE_HAVE_LIBC_PTHREAD - Success
[3.118s] -- Found Threads: TRUE  
[3.429s] -- Found realtime_tools: 2.14.1 (/opt/ros/humble/share/realtime_tools/cmake)
[3.535s] -- Found ament_cmake_gtest: 1.3.12 (/opt/ros/humble/share/ament_cmake_gtest/cmake)
[3.542s] -- Found ament_lint_auto: 0.12.14 (/opt/ros/humble/share/ament_lint_auto/cmake)
[3.818s] -- Configuring done
[3.889s] -- Generating done
[3.898s] -- Build files have been written to: /home/user/ros2_ws/build/impedance_controller
[3.931s] Invoked command in '/home/user/ros2_ws/build/impedance_controller' returned '0': CMAKE_PREFIX_PATH=${CMAKE_PREFIX_PATH}:/opt/ros/humble /usr/bin/cmake /home/user/ros2_ws/src/ros2_iiwa/iiwa_controllers/impedance_controller -DCMAKE_INSTALL_PREFIX=/home/user/ros2_ws/install/impedance_controller
[3.932s] Invoking command in '/home/user/ros2_ws/build/impedance_controller': CMAKE_PREFIX_PATH=${CMAKE_PREFIX_PATH}:/opt/ros/humble /usr/bin/cmake --build /home/user/ros2_ws/build/impedance_controller -- -j12 -l12
[4.132s] [ 50%] [32mBuilding CXX object CMakeFiles/impedance_controller.dir/src/impedance_controller.cpp.o[0m
[10.023s] In file included from [01m[K/home/user/ros2_ws/src/ros2_iiwa/iiwa_controllers/impedance_controller/include/impedance_controller/impedance_controller.hpp:27[m[K,
[10.023s]                  from [01m[K/home/user/ros2_ws/src/ros2_iiwa/iiwa_controllers/impedance_controller/src/impedance_controller.cpp:15[m[K:
[10.025s] [01m[K/opt/ros/humble/include/realtime_tools/realtime_tools/realtime_buffer.h:22:100:[m[K [01;36m[Knote: [m[K‘[01m[K#pragma message: This header include is deprecated. Please update your code to use 'realtime_buffer.hpp' header.[m[K’
[10.025s]    22 |  Please update your code to use 'realtime_buffer.hpp' header."[01;36m[K)[m[K  //NOLINT
[10.025s]       |                                                               [01;36m[K^[m[K
[10.025s] 
[23.156s] [100%] [32m[1mLinking CXX shared library libimpedance_controller.so[0m
[24.257s] [100%] Built target impedance_controller
[24.272s] Invoked command in '/home/user/ros2_ws/build/impedance_controller' returned '0': CMAKE_PREFIX_PATH=${CMAKE_PREFIX_PATH}:/opt/ros/humble /usr/bin/cmake --build /home/user/ros2_ws/build/impedance_controller -- -j12 -l12
[24.275s] Invoking command in '/home/user/ros2_ws/build/impedance_controller': CMAKE_PREFIX_PATH=${CMAKE_PREFIX_PATH}:/opt/ros/humble /usr/bin/cmake --install /home/user/ros2_ws/build/impedance_controller
[24.289s] -- Install configuration: ""
[24.289s] -- Installing: /home/user/ros2_ws/install/impedance_controller/share/impedance_controller/impedance_plugin.xml
[24.289s] -- Installing: /home/user/ros2_ws/install/impedance_controller/include
[24.289s] -- Installing: /home/user/ros2_ws/install/impedance_controller/include/impedance_controller
[24.290s] -- Installing: /home/user/ros2_ws/install/impedance_controller/include/impedance_controller/visibility_control.h
[24.290s] -- Installing: /home/user/ros2_ws/install/impedance_controller/include/impedance_controller/impedance_controller.hpp
[24.290s] -- Installing: /home/user/ros2_ws/install/impedance_controller/lib/libimpedance_controller.so
[24.302s] -- Set runtime path of "/home/user/ros2_ws/install/impedance_controller/lib/libimpedance_controller.so" to ""
[24.303s] -- Installing: /home/user/ros2_ws/install/impedance_controller/share/impedance_controller/environment/library_path.sh
[24.303s] -- Installing: /home/user/ros2_ws/install/impedance_controller/share/impedance_controller/environment/library_path.dsv
[24.303s] -- Installing: /home/user/ros2_ws/install/impedance_controller/share/ament_index/resource_index/package_run_dependencies/impedance_controller
[24.303s] -- Installing: /home/user/ros2_ws/install/impedance_controller/share/ament_index/resource_index/parent_prefix_path/impedance_controller
[24.303s] -- Installing: /home/user/ros2_ws/install/impedance_controller/share/impedance_controller/environment/ament_prefix_path.sh
[24.303s] -- Installing: /home/user/ros2_ws/install/impedance_controller/share/impedance_controller/environment/ament_prefix_path.dsv
[24.303s] -- Installing: /home/user/ros2_ws/install/impedance_controller/share/impedance_controller/environment/path.sh
[24.304s] -- Installing: /home/user/ros2_ws/install/impedance_controller/share/impedance_controller/environment/path.dsv
[24.304s] -- Installing: /home/user/ros2_ws/install/impedance_controller/share/impedance_controller/local_setup.bash
[24.304s] -- Installing: /home/user/ros2_ws/install/impedance_controller/share/impedance_controller/local_setup.sh
[24.304s] -- Installing: /home/user/ros2_ws/install/impedance_controller/share/impedance_controller/local_setup.zsh
[24.304s] -- Installing: /home/user/ros2_ws/install/impedance_controller/share/impedance_controller/local_setup.dsv
[24.304s] -- Installing: /home/user/ros2_ws/install/impedance_controller/share/impedance_controller/package.dsv
[24.305s] -- Installing: /home/user/ros2_ws/install/impedance_controller/share/ament_index/resource_index/packages/impedance_controller
[24.305s] -- Installing: /home/user/ros2_ws/install/impedance_controller/share/ament_index/resource_index/controller_interface__pluginlib__plugin/impedance_controller
[24.305s] -- Installing: /home/user/ros2_ws/install/impedance_controller/share/impedance_controller/cmake/ament_cmake_export_dependencies-extras.cmake
[24.306s] -- Installing: /home/user/ros2_ws/install/impedance_controller/share/impedance_controller/cmake/ament_cmake_export_include_directories-extras.cmake
[24.306s] -- Installing: /home/user/ros2_ws/install/impedance_controller/share/impedance_controller/cmake/ament_cmake_export_libraries-extras.cmake
[24.306s] -- Installing: /home/user/ros2_ws/install/impedance_controller/share/impedance_controller/cmake/impedance_controllerConfig.cmake
[24.307s] -- Installing: /home/user/ros2_ws/install/impedance_controller/share/impedance_controller/cmake/impedance_controllerConfig-version.cmake
[24.307s] -- Installing: /home/user/ros2_ws/install/impedance_controller/share/impedance_controller/package.xml
[24.311s] Invoked command in '/home/user/ros2_ws/build/impedance_controller' returned '0': CMAKE_PREFIX_PATH=${CMAKE_PREFIX_PATH}:/opt/ros/humble /usr/bin/cmake --install /home/user/ros2_ws/build/impedance_controller
