[0.047s] Invoking command in '/home/user/ros2_ws/build/aruco': CMAKE_PREFIX_PATH=${CMAKE_PREFIX_PATH}:/opt/ros/humble /usr/bin/cmake /home/user/ros2_ws/src/aruco_ros/aruco -DCMAKE_INSTALL_PREFIX=/home/user/ros2_ws/install/aruco
[0.171s] -- The C compiler identification is GNU 11.4.0
[0.260s] -- The CXX compiler identification is GNU 11.4.0
[0.272s] -- Detecting C compiler ABI info
[0.382s] -- Detecting C compiler ABI info - done
[0.400s] -- Check for working C compiler: /usr/bin/cc - skipped
[0.400s] -- Detecting C compile features
[0.400s] -- Detecting C compile features - done
[0.406s] -- Detecting CXX compiler ABI info
[0.533s] -- Detecting CXX compiler ABI info - done
[0.551s] -- Check for working CXX compiler: /usr/bin/c++ - skipped
[0.552s] -- Detecting CXX compile features
[0.553s] -- Detecting CXX compile features - done
[0.559s] -- Found ament_cmake: 1.3.12 (/opt/ros/humble/share/ament_cmake/cmake)
[0.793s] -- Found Python3: /usr/bin/python3 (found version "3.10.12") found components: Interpreter 
[1.004s] -- Found OpenCV: /usr (found suitable version "4.5.4", minimum required is "4.2.0") 
[1.081s] -- Configuring done
[1.092s] -- Generating done
[1.095s] -- Build files have been written to: /home/user/ros2_ws/build/aruco
[1.105s] Invoked command in '/home/user/ros2_ws/build/aruco' returned '0': CMAKE_PREFIX_PATH=${CMAKE_PREFIX_PATH}:/opt/ros/humble /usr/bin/cmake /home/user/ros2_ws/src/aruco_ros/aruco -DCMAKE_INSTALL_PREFIX=/home/user/ros2_ws/install/aruco
[1.105s] Invoking command in '/home/user/ros2_ws/build/aruco': CMAKE_PREFIX_PATH=${CMAKE_PREFIX_PATH}:/opt/ros/humble /usr/bin/cmake --build /home/user/ros2_ws/build/aruco -- -j12 -l12
[1.297s] [  5%] [32mBuilding CXX object CMakeFiles/aruco.dir/src/aruco/cameraparameters.cpp.o[0m
[1.297s] [ 11%] [32mBuilding CXX object CMakeFiles/aruco.dir/src/aruco/debug.cpp.o[0m
[1.298s] [ 16%] [32mBuilding CXX object CMakeFiles/aruco.dir/src/aruco/cvdrawingutils.cpp.o[0m
[1.298s] [ 22%] [32mBuilding CXX object CMakeFiles/aruco.dir/src/aruco/fractaldetector.cpp.o[0m
[1.298s] [ 27%] [32mBuilding CXX object CMakeFiles/aruco.dir/src/aruco/dictionary.cpp.o[0m
[1.298s] [ 33%] [32mBuilding CXX object CMakeFiles/aruco.dir/src/aruco/markerdetector_impl.cpp.o[0m
[1.298s] [ 38%] [32mBuilding CXX object CMakeFiles/aruco.dir/src/aruco/marker.cpp.o[0m
[1.298s] [ 44%] [32mBuilding CXX object CMakeFiles/aruco.dir/src/aruco/dictionary_based.cpp.o[0m
[1.298s] [ 50%] [32mBuilding CXX object CMakeFiles/aruco.dir/src/aruco/ippe.cpp.o[0m
[1.299s] [ 55%] [32mBuilding CXX object CMakeFiles/aruco.dir/src/aruco/markerdetector.cpp.o[0m
[1.299s] [ 61%] [32mBuilding CXX object CMakeFiles/aruco.dir/src/aruco/markerlabeler.cpp.o[0m
[1.299s] [ 66%] [32mBuilding CXX object CMakeFiles/aruco.dir/src/aruco/markermap.cpp.o[0m
[2.126s] [ 72%] [32mBuilding CXX object CMakeFiles/aruco.dir/src/aruco/posetracker.cpp.o[0m
[3.543s] [ 77%] [32mBuilding CXX object CMakeFiles/aruco.dir/src/aruco/fractallabelers/fractallabeler.cpp.o[0m
[3.643s] [ 83%] [32mBuilding CXX object CMakeFiles/aruco.dir/src/aruco/fractallabelers/fractalmarker.cpp.o[0m
[4.022s] [ 88%] [32mBuilding CXX object CMakeFiles/aruco.dir/src/aruco/fractallabelers/fractalmarkerset.cpp.o[0m
[4.055s] [ 94%] [32mBuilding CXX object CMakeFiles/aruco.dir/src/aruco/fractallabelers/fractalposetracker.cpp.o[0m
[18.565s] [100%] [32m[1mLinking CXX shared library libaruco.so[0m
[20.131s] [100%] Built target aruco
[20.173s] Invoked command in '/home/user/ros2_ws/build/aruco' returned '0': CMAKE_PREFIX_PATH=${CMAKE_PREFIX_PATH}:/opt/ros/humble /usr/bin/cmake --build /home/user/ros2_ws/build/aruco -- -j12 -l12
[20.179s] Invoking command in '/home/user/ros2_ws/build/aruco': CMAKE_PREFIX_PATH=${CMAKE_PREFIX_PATH}:/opt/ros/humble /usr/bin/cmake --install /home/user/ros2_ws/build/aruco
[20.208s] -- Install configuration: ""
[20.208s] -- Installing: /home/user/ros2_ws/install/aruco/lib/libaruco.so
[20.231s] -- Installing: /home/user/ros2_ws/install/aruco/include
[20.231s] -- Installing: /home/user/ros2_ws/install/aruco/include/aruco
[20.231s] -- Installing: /home/user/ros2_ws/install/aruco/include/aruco/fractaldetector.h
[20.231s] -- Installing: /home/user/ros2_ws/install/aruco/include/aruco/fractallabelers
[20.232s] -- Installing: /home/user/ros2_ws/install/aruco/include/aruco/fractallabelers/fractalmarkerset.h
[20.232s] -- Installing: /home/user/ros2_ws/install/aruco/include/aruco/fractallabelers/fractalposetracker.h
[20.232s] -- Installing: /home/user/ros2_ws/install/aruco/include/aruco/fractallabelers/fractallabeler.h
[20.234s] -- Installing: /home/user/ros2_ws/install/aruco/include/aruco/fractallabelers/fractalmarker.h
[20.234s] -- Installing: /home/user/ros2_ws/install/aruco/include/aruco/cvdrawingutils.h
[20.235s] -- Installing: /home/user/ros2_ws/install/aruco/include/aruco/aruco_cvversioning.h
[20.235s] -- Installing: /home/user/ros2_ws/install/aruco/include/aruco/dictionary.h
[20.237s] -- Installing: /home/user/ros2_ws/install/aruco/include/aruco/markerdetector_impl.h
[20.237s] -- Installing: /home/user/ros2_ws/install/aruco/include/aruco/marker.h
[20.237s] -- Installing: /home/user/ros2_ws/install/aruco/include/aruco/aruco.h
[20.237s] -- Installing: /home/user/ros2_ws/install/aruco/include/aruco/levmarq.h
[20.238s] -- Installing: /home/user/ros2_ws/install/aruco/include/aruco/debug.h
[20.238s] -- Installing: /home/user/ros2_ws/install/aruco/include/aruco/cameraparameters.h
[20.238s] -- Installing: /home/user/ros2_ws/install/aruco/include/aruco/aruco_export.h
[20.238s] -- Installing: /home/user/ros2_ws/install/aruco/include/aruco/markermap.h
[20.238s] -- Installing: /home/user/ros2_ws/install/aruco/include/aruco/ippe.h
[20.242s] -- Installing: /home/user/ros2_ws/install/aruco/include/aruco/posetracker.h
[20.246s] -- Installing: /home/user/ros2_ws/install/aruco/include/aruco/dictionary_based.h
[20.246s] -- Installing: /home/user/ros2_ws/install/aruco/include/aruco/markerlabeler.h
[20.246s] -- Installing: /home/user/ros2_ws/install/aruco/include/aruco/markerdetector.h
[20.246s] -- Installing: /home/user/ros2_ws/install/aruco/include/aruco/timers.h
[20.247s] -- Installing: /home/user/ros2_ws/install/aruco/include/aruco/picoflann.h
[20.247s] -- Installing: /home/user/ros2_ws/install/aruco/share/aruco/environment/library_path.sh
[20.247s] -- Installing: /home/user/ros2_ws/install/aruco/share/aruco/environment/library_path.dsv
[20.247s] -- Installing: /home/user/ros2_ws/install/aruco/share/ament_index/resource_index/package_run_dependencies/aruco
[20.248s] -- Installing: /home/user/ros2_ws/install/aruco/share/ament_index/resource_index/parent_prefix_path/aruco
[20.248s] -- Installing: /home/user/ros2_ws/install/aruco/share/aruco/environment/ament_prefix_path.sh
[20.249s] -- Installing: /home/user/ros2_ws/install/aruco/share/aruco/environment/ament_prefix_path.dsv
[20.249s] -- Installing: /home/user/ros2_ws/install/aruco/share/aruco/environment/path.sh
[20.250s] -- Installing: /home/user/ros2_ws/install/aruco/share/aruco/environment/path.dsv
[20.250s] -- Installing: /home/user/ros2_ws/install/aruco/share/aruco/local_setup.bash
[20.250s] -- Installing: /home/user/ros2_ws/install/aruco/share/aruco/local_setup.sh
[20.251s] -- Installing: /home/user/ros2_ws/install/aruco/share/aruco/local_setup.zsh
[20.255s] -- Installing: /home/user/ros2_ws/install/aruco/share/aruco/local_setup.dsv
[20.256s] -- Installing: /home/user/ros2_ws/install/aruco/share/aruco/package.dsv
[20.257s] -- Installing: /home/user/ros2_ws/install/aruco/share/ament_index/resource_index/packages/aruco
[20.257s] -- Installing: /home/user/ros2_ws/install/aruco/share/aruco/cmake/ament_cmake_export_include_directories-extras.cmake
[20.257s] -- Installing: /home/user/ros2_ws/install/aruco/share/aruco/cmake/ament_cmake_export_libraries-extras.cmake
[20.261s] -- Installing: /home/user/ros2_ws/install/aruco/share/aruco/cmake/arucoConfig.cmake
[20.261s] -- Installing: /home/user/ros2_ws/install/aruco/share/aruco/cmake/arucoConfig-version.cmake
[20.262s] -- Installing: /home/user/ros2_ws/install/aruco/share/aruco/package.xml
[20.270s] Invoked command in '/home/user/ros2_ws/build/aruco' returned '0': CMAKE_PREFIX_PATH=${CMAKE_PREFIX_PATH}:/opt/ros/humble /usr/bin/cmake --install /home/user/ros2_ws/build/aruco
