[0.043s] Invoking command in '/home/user/ros2_ws/build/aruco': CMAKE_PREFIX_PATH=${CMAKE_PREFIX_PATH}:/opt/ros/humble /usr/bin/cmake --build /home/user/ros2_ws/build/aruco -- -j12 -l12
[0.161s] [100%] Built target aruco
[0.221s] Invoked command in '/home/user/ros2_ws/build/aruco' returned '0': CMAKE_PREFIX_PATH=${CMAKE_PREFIX_PATH}:/opt/ros/humble /usr/bin/cmake --build /home/user/ros2_ws/build/aruco -- -j12 -l12
[0.224s] Invoking command in '/home/user/ros2_ws/build/aruco': CMAKE_PREFIX_PATH=${CMAKE_PREFIX_PATH}:/opt/ros/humble /usr/bin/cmake --install /home/user/ros2_ws/build/aruco
[0.257s] -- Install configuration: ""
[0.257s] -- Up-to-date: /home/user/ros2_ws/install/aruco/lib/libaruco.so
[0.258s] -- Up-to-date: /home/user/ros2_ws/install/aruco/include
[0.259s] -- Up-to-date: /home/user/ros2_ws/install/aruco/include/aruco
[0.260s] -- Up-to-date: /home/user/ros2_ws/install/aruco/include/aruco/fractaldetector.h
[0.260s] -- Up-to-date: /home/user/ros2_ws/install/aruco/include/aruco/fractallabelers
[0.261s] -- Up-to-date: /home/user/ros2_ws/install/aruco/include/aruco/fractallabelers/fractalmarkerset.h
[0.261s] -- Up-to-date: /home/user/ros2_ws/install/aruco/include/aruco/fractallabelers/fractalposetracker.h
[0.261s] -- Up-to-date: /home/user/ros2_ws/install/aruco/include/aruco/fractallabelers/fractallabeler.h
[0.262s] -- Up-to-date: /home/user/ros2_ws/install/aruco/include/aruco/fractallabelers/fractalmarker.h
[0.262s] -- Up-to-date: /home/user/ros2_ws/install/aruco/include/aruco/cvdrawingutils.h
[0.262s] -- Up-to-date: /home/user/ros2_ws/install/aruco/include/aruco/aruco_cvversioning.h
[0.262s] -- Up-to-date: /home/user/ros2_ws/install/aruco/include/aruco/dictionary.h
[0.263s] -- Up-to-date: /home/user/ros2_ws/install/aruco/include/aruco/markerdetector_impl.h
[0.263s] -- Up-to-date: /home/user/ros2_ws/install/aruco/include/aruco/marker.h
[0.263s] -- Up-to-date: /home/user/ros2_ws/install/aruco/include/aruco/aruco.h
[0.264s] -- Up-to-date: /home/user/ros2_ws/install/aruco/include/aruco/levmarq.h
[0.264s] -- Up-to-date: /home/user/ros2_ws/install/aruco/include/aruco/debug.h
[0.264s] -- Up-to-date: /home/user/ros2_ws/install/aruco/include/aruco/cameraparameters.h
[0.264s] -- Up-to-date: /home/user/ros2_ws/install/aruco/include/aruco/aruco_export.h
[0.265s] -- Up-to-date: /home/user/ros2_ws/install/aruco/include/aruco/markermap.h
[0.265s] -- Up-to-date: /home/user/ros2_ws/install/aruco/include/aruco/ippe.h
[0.266s] -- Up-to-date: /home/user/ros2_ws/install/aruco/include/aruco/posetracker.h
[0.266s] -- Up-to-date: /home/user/ros2_ws/install/aruco/include/aruco/dictionary_based.h
[0.266s] -- Up-to-date: /home/user/ros2_ws/install/aruco/include/aruco/markerlabeler.h
[0.266s] -- Up-to-date: /home/user/ros2_ws/install/aruco/include/aruco/markerdetector.h
[0.266s] -- Up-to-date: /home/user/ros2_ws/install/aruco/include/aruco/timers.h
[0.267s] -- Up-to-date: /home/user/ros2_ws/install/aruco/include/aruco/picoflann.h
[0.267s] -- Up-to-date: /home/user/ros2_ws/install/aruco/share/aruco/environment/library_path.sh
[0.268s] -- Up-to-date: /home/user/ros2_ws/install/aruco/share/aruco/environment/library_path.dsv
[0.268s] -- Up-to-date: /home/user/ros2_ws/install/aruco/share/ament_index/resource_index/package_run_dependencies/aruco
[0.268s] -- Up-to-date: /home/user/ros2_ws/install/aruco/share/ament_index/resource_index/parent_prefix_path/aruco
[0.268s] -- Up-to-date: /home/user/ros2_ws/install/aruco/share/aruco/environment/ament_prefix_path.sh
[0.268s] -- Up-to-date: /home/user/ros2_ws/install/aruco/share/aruco/environment/ament_prefix_path.dsv
[0.269s] -- Up-to-date: /home/user/ros2_ws/install/aruco/share/aruco/environment/path.sh
[0.269s] -- Up-to-date: /home/user/ros2_ws/install/aruco/share/aruco/environment/path.dsv
[0.269s] -- Up-to-date: /home/user/ros2_ws/install/aruco/share/aruco/local_setup.bash
[0.269s] -- Up-to-date: /home/user/ros2_ws/install/aruco/share/aruco/local_setup.sh
[0.270s] -- Up-to-date: /home/user/ros2_ws/install/aruco/share/aruco/local_setup.zsh
[0.273s] -- Up-to-date: /home/user/ros2_ws/install/aruco/share/aruco/local_setup.dsv
[0.274s] -- Installing: /home/user/ros2_ws/install/aruco/share/aruco/package.dsv
[0.290s] -- Up-to-date: /home/user/ros2_ws/install/aruco/share/ament_index/resource_index/packages/aruco
[0.290s] -- Up-to-date: /home/user/ros2_ws/install/aruco/share/aruco/cmake/ament_cmake_export_include_directories-extras.cmake
[0.290s] -- Up-to-date: /home/user/ros2_ws/install/aruco/share/aruco/cmake/ament_cmake_export_libraries-extras.cmake
[0.291s] -- Up-to-date: /home/user/ros2_ws/install/aruco/share/aruco/cmake/arucoConfig.cmake
[0.291s] -- Up-to-date: /home/user/ros2_ws/install/aruco/share/aruco/cmake/arucoConfig-version.cmake
[0.292s] -- Up-to-date: /home/user/ros2_ws/install/aruco/share/aruco/package.xml
[0.301s] Invoked command in '/home/user/ros2_ws/build/aruco' returned '0': CMAKE_PREFIX_PATH=${CMAKE_PREFIX_PATH}:/opt/ros/humble /usr/bin/cmake --install /home/user/ros2_ws/build/aruco
