[0.016s] Invoking command in '/home/user/ros2_ws/build/iiwa_bringup': CMAKE_PREFIX_PATH=/home/user/ros2_ws/install/iiwa_description:/home/user/ros2_ws/install/multirobot_map_merge:/home/user/ros2_ws/install/explore_lite:/home/user/ros2_ws/install/ros2_kdl_package:/home/user/ros2_ws/install/ros2_fra2mo:/home/user/ros2_ws/install/impedance_controller:/home/user/ros2_ws/install/iiwa_bringup:/home/user/ros2_ws/install/external_torque_sensor_broadcaster:/home/user/ros2_ws/install/aruco_ros:/home/user/ros2_ws/install/aruco_msgs:/home/user/ros2_ws/install/aruco:/opt/ros/humble /usr/bin/cmake /home/user/ros2_ws/src/ros2_iiwa/iiwa_bringup -DCMAKE_INSTALL_PREFIX=/home/user/ros2_ws/install/iiwa_bringup
[0.030s] -- Found ament_cmake: 1.3.12 (/opt/ros/humble/share/ament_cmake/cmake)
[0.180s] -- Override CMake install command with custom implementation using symlinks instead of copying resources
[0.189s] -- Found rclcpp: 16.0.16 (/opt/ros/humble/share/rclcpp/cmake)
[0.227s] -- Found rosidl_generator_c: 3.1.7 (/opt/ros/humble/share/rosidl_generator_c/cmake)
[0.230s] -- Found rosidl_adapter: 3.1.7 (/opt/ros/humble/share/rosidl_adapter/cmake)
[0.237s] -- Found rosidl_generator_cpp: 3.1.7 (/opt/ros/humble/share/rosidl_generator_cpp/cmake)
[0.249s] -- Using all available rosidl_typesupport_c: rosidl_typesupport_fastrtps_c;rosidl_typesupport_introspection_c
[0.265s] -- Using all available rosidl_typesupport_cpp: rosidl_typesupport_fastrtps_cpp;rosidl_typesupport_introspection_cpp
[0.310s] -- Found rmw_implementation_cmake: 6.1.2 (/opt/ros/humble/share/rmw_implementation_cmake/cmake)
[0.312s] -- Found rmw_fastrtps_cpp: 6.2.9 (/opt/ros/humble/share/rmw_fastrtps_cpp/cmake)
[0.495s] -- Using RMW implementation 'rmw_fastrtps_cpp' as default
[0.580s] -- Found rclpy: 3.3.19 (/opt/ros/humble/share/rclpy/cmake)
[0.580s] -- Found sensor_msgs: 4.9.0 (/opt/ros/humble/share/sensor_msgs/cmake)
[0.625s] -- Found visualization_msgs: 4.9.0 (/opt/ros/humble/share/visualization_msgs/cmake)
[0.665s] -- Found ament_cmake_gtest: 1.3.12 (/opt/ros/humble/share/ament_cmake_gtest/cmake)
[0.665s] -- Found ament_lint_auto: 0.12.14 (/opt/ros/humble/share/ament_lint_auto/cmake)
[0.769s] -- Added test 'copyright' to check source files copyright and LICENSE
[0.773s] -- Added test 'flake8' to check Python code syntax and style conventions
[0.774s] -- Added test 'lint_cmake' to check CMake code style
[0.775s] -- Added test 'pep257' to check Python code against some of the docstring style conventions in PEP 257
[0.777s] -- Added test 'xmllint' to check XML markup files
[0.780s] -- Configuring done
[0.792s] -- Generating done
[0.797s] -- Build files have been written to: /home/user/ros2_ws/build/iiwa_bringup
[0.810s] Invoked command in '/home/user/ros2_ws/build/iiwa_bringup' returned '0': CMAKE_PREFIX_PATH=/home/user/ros2_ws/install/iiwa_description:/home/user/ros2_ws/install/multirobot_map_merge:/home/user/ros2_ws/install/explore_lite:/home/user/ros2_ws/install/ros2_kdl_package:/home/user/ros2_ws/install/ros2_fra2mo:/home/user/ros2_ws/install/impedance_controller:/home/user/ros2_ws/install/iiwa_bringup:/home/user/ros2_ws/install/external_torque_sensor_broadcaster:/home/user/ros2_ws/install/aruco_ros:/home/user/ros2_ws/install/aruco_msgs:/home/user/ros2_ws/install/aruco:/opt/ros/humble /usr/bin/cmake /home/user/ros2_ws/src/ros2_iiwa/iiwa_bringup -DCMAKE_INSTALL_PREFIX=/home/user/ros2_ws/install/iiwa_bringup
[0.813s] Invoking command in '/home/user/ros2_ws/build/iiwa_bringup': CMAKE_PREFIX_PATH=/home/user/ros2_ws/install/iiwa_description:/home/user/ros2_ws/install/multirobot_map_merge:/home/user/ros2_ws/install/explore_lite:/home/user/ros2_ws/install/ros2_kdl_package:/home/user/ros2_ws/install/ros2_fra2mo:/home/user/ros2_ws/install/impedance_controller:/home/user/ros2_ws/install/iiwa_bringup:/home/user/ros2_ws/install/external_torque_sensor_broadcaster:/home/user/ros2_ws/install/aruco_ros:/home/user/ros2_ws/install/aruco_msgs:/home/user/ros2_ws/install/aruco:/opt/ros/humble /usr/bin/cmake --build /home/user/ros2_ws/build/iiwa_bringup -- -j12 -l12
[0.870s] Invoked command in '/home/user/ros2_ws/build/iiwa_bringup' returned '0': CMAKE_PREFIX_PATH=/home/user/ros2_ws/install/iiwa_description:/home/user/ros2_ws/install/multirobot_map_merge:/home/user/ros2_ws/install/explore_lite:/home/user/ros2_ws/install/ros2_kdl_package:/home/user/ros2_ws/install/ros2_fra2mo:/home/user/ros2_ws/install/impedance_controller:/home/user/ros2_ws/install/iiwa_bringup:/home/user/ros2_ws/install/external_torque_sensor_broadcaster:/home/user/ros2_ws/install/aruco_ros:/home/user/ros2_ws/install/aruco_msgs:/home/user/ros2_ws/install/aruco:/opt/ros/humble /usr/bin/cmake --build /home/user/ros2_ws/build/iiwa_bringup -- -j12 -l12
[0.873s] Invoking command in '/home/user/ros2_ws/build/iiwa_bringup': CMAKE_PREFIX_PATH=/home/user/ros2_ws/install/iiwa_description:/home/user/ros2_ws/install/multirobot_map_merge:/home/user/ros2_ws/install/explore_lite:/home/user/ros2_ws/install/ros2_kdl_package:/home/user/ros2_ws/install/ros2_fra2mo:/home/user/ros2_ws/install/impedance_controller:/home/user/ros2_ws/install/iiwa_bringup:/home/user/ros2_ws/install/external_torque_sensor_broadcaster:/home/user/ros2_ws/install/aruco_ros:/home/user/ros2_ws/install/aruco_msgs:/home/user/ros2_ws/install/aruco:/opt/ros/humble /usr/bin/cmake --install /home/user/ros2_ws/build/iiwa_bringup
[0.881s] -- Install configuration: ""
[0.881s] -- Execute custom install script
[0.881s] -- Up-to-date symlink: /home/user/ros2_ws/install/iiwa_bringup/share/iiwa_bringup/launch/iiwa.launch.py
[0.882s] -- Up-to-date symlink: /home/user/ros2_ws/install/iiwa_bringup/share/iiwa_bringup/launch/iiwa_planning.launch.py
[0.882s] -- Up-to-date symlink: /home/user/ros2_ws/install/iiwa_bringup/share/iiwa_bringup/launch/iiwa_pose_tracking.launch.py
[0.882s] -- Up-to-date symlink: /home/user/ros2_ws/install/iiwa_bringup/share/iiwa_bringup/launch/iiwa_servoing.launch.py
[0.882s] -- Up-to-date symlink: /home/user/ros2_ws/install/iiwa_bringup/share/iiwa_bringup/launch/iiwa_test_joint_trajectory_controller.launch.py
[0.882s] -- Up-to-date symlink: /home/user/ros2_ws/install/iiwa_bringup/share/iiwa_bringup/launch/joy_servo_teleop.launch.py
[0.883s] -- Up-to-date symlink: /home/user/ros2_ws/install/iiwa_bringup/share/iiwa_bringup/config/test_trajectory_config.yaml
[0.883s] -- Up-to-date symlink: /home/user/ros2_ws/install/iiwa_bringup/share/ament_index/resource_index/package_run_dependencies/iiwa_bringup
[0.883s] -- Up-to-date symlink: /home/user/ros2_ws/install/iiwa_bringup/share/ament_index/resource_index/parent_prefix_path/iiwa_bringup
[0.883s] -- Up-to-date symlink: /home/user/ros2_ws/install/iiwa_bringup/share/iiwa_bringup/environment/ament_prefix_path.sh
[0.883s] -- Up-to-date symlink: /home/user/ros2_ws/install/iiwa_bringup/share/iiwa_bringup/environment/ament_prefix_path.dsv
[0.884s] -- Up-to-date symlink: /home/user/ros2_ws/install/iiwa_bringup/share/iiwa_bringup/environment/path.sh
[0.884s] -- Up-to-date symlink: /home/user/ros2_ws/install/iiwa_bringup/share/iiwa_bringup/environment/path.dsv
[0.884s] -- Up-to-date symlink: /home/user/ros2_ws/install/iiwa_bringup/share/iiwa_bringup/local_setup.bash
[0.884s] -- Up-to-date symlink: /home/user/ros2_ws/install/iiwa_bringup/share/iiwa_bringup/local_setup.sh
[0.884s] -- Up-to-date symlink: /home/user/ros2_ws/install/iiwa_bringup/share/iiwa_bringup/local_setup.zsh
[0.884s] -- Up-to-date symlink: /home/user/ros2_ws/install/iiwa_bringup/share/iiwa_bringup/local_setup.dsv
[0.885s] -- Symlinking: /home/user/ros2_ws/install/iiwa_bringup/share/iiwa_bringup/package.dsv
[0.896s] -- Up-to-date symlink: /home/user/ros2_ws/install/iiwa_bringup/share/ament_index/resource_index/packages/iiwa_bringup
[0.896s] -- Up-to-date symlink: /home/user/ros2_ws/install/iiwa_bringup/share/iiwa_bringup/cmake/iiwa_bringupConfig.cmake
[0.897s] -- Up-to-date symlink: /home/user/ros2_ws/install/iiwa_bringup/share/iiwa_bringup/cmake/iiwa_bringupConfig-version.cmake
[0.897s] -- Up-to-date symlink: /home/user/ros2_ws/install/iiwa_bringup/share/iiwa_bringup/package.xml
[0.899s] Invoked command in '/home/user/ros2_ws/build/iiwa_bringup' returned '0': CMAKE_PREFIX_PATH=/home/user/ros2_ws/install/iiwa_description:/home/user/ros2_ws/install/multirobot_map_merge:/home/user/ros2_ws/install/explore_lite:/home/user/ros2_ws/install/ros2_kdl_package:/home/user/ros2_ws/install/ros2_fra2mo:/home/user/ros2_ws/install/impedance_controller:/home/user/ros2_ws/install/iiwa_bringup:/home/user/ros2_ws/install/external_torque_sensor_broadcaster:/home/user/ros2_ws/install/aruco_ros:/home/user/ros2_ws/install/aruco_msgs:/home/user/ros2_ws/install/aruco:/opt/ros/humble /usr/bin/cmake --install /home/user/ros2_ws/build/iiwa_bringup
