[0.040s] Invoking command in '/home/user/ros2_ws/build/explore_lite': CMAKE_PREFIX_PATH=${CMAKE_PREFIX_PATH}:/opt/ros/humble /usr/bin/cmake --build /home/user/ros2_ws/build/explore_lite -- -j12 -l12
[0.125s] [ 20%] Built target gtest_main
[0.128s] [ 40%] Built target gtest
[0.193s] [ 80%] Built target explore
[0.212s] [100%] Built target test_explore
[0.273s] Invoked command in '/home/user/ros2_ws/build/explore_lite' returned '0': CMAKE_PREFIX_PATH=${CMAKE_PREFIX_PATH}:/opt/ros/humble /usr/bin/cmake --build /home/user/ros2_ws/build/explore_lite -- -j12 -l12
[0.275s] Invoking command in '/home/user/ros2_ws/build/explore_lite': CMAKE_PREFIX_PATH=${CMAKE_PREFIX_PATH}:/opt/ros/humble /usr/bin/cmake --install /home/user/ros2_ws/build/explore_lite
[0.290s] -- Install configuration: ""
[0.290s] -- Up-to-date: /home/user/ros2_ws/install/explore_lite/include/explore/
[0.291s] -- Up-to-date: /home/user/ros2_ws/install/explore_lite/include/explore//explore.h
[0.291s] -- Up-to-date: /home/user/ros2_ws/install/explore_lite/include/explore//costmap_tools.h
[0.292s] -- Up-to-date: /home/user/ros2_ws/install/explore_lite/include/explore//frontier_search.h
[0.294s] -- Up-to-date: /home/user/ros2_ws/install/explore_lite/include/explore//costmap_client.h
[0.294s] -- Up-to-date: /home/user/ros2_ws/install/explore_lite/share/explore_lite/config
[0.294s] -- Up-to-date: /home/user/ros2_ws/install/explore_lite/share/explore_lite/config/params_costmap.yaml
[0.295s] -- Up-to-date: /home/user/ros2_ws/install/explore_lite/share/explore_lite/config/params.yaml
[0.296s] -- Up-to-date: /home/user/ros2_ws/install/explore_lite/share/explore_lite/launch
[0.297s] -- Up-to-date: /home/user/ros2_ws/install/explore_lite/share/explore_lite/launch/explore.launch.py
[0.298s] -- Up-to-date: /home/user/ros2_ws/install/explore_lite/lib/explore_lite/explore
[0.298s] -- Up-to-date: /home/user/ros2_ws/install/explore_lite/share/ament_index/resource_index/package_run_dependencies/explore_lite
[0.299s] -- Up-to-date: /home/user/ros2_ws/install/explore_lite/share/ament_index/resource_index/parent_prefix_path/explore_lite
[0.299s] -- Up-to-date: /home/user/ros2_ws/install/explore_lite/share/explore_lite/environment/ament_prefix_path.sh
[0.299s] -- Up-to-date: /home/user/ros2_ws/install/explore_lite/share/explore_lite/environment/ament_prefix_path.dsv
[0.299s] -- Up-to-date: /home/user/ros2_ws/install/explore_lite/share/explore_lite/environment/path.sh
[0.299s] -- Up-to-date: /home/user/ros2_ws/install/explore_lite/share/explore_lite/environment/path.dsv
[0.299s] -- Up-to-date: /home/user/ros2_ws/install/explore_lite/share/explore_lite/local_setup.bash
[0.299s] -- Up-to-date: /home/user/ros2_ws/install/explore_lite/share/explore_lite/local_setup.sh
[0.299s] -- Up-to-date: /home/user/ros2_ws/install/explore_lite/share/explore_lite/local_setup.zsh
[0.300s] -- Up-to-date: /home/user/ros2_ws/install/explore_lite/share/explore_lite/local_setup.dsv
[0.300s] -- Installing: /home/user/ros2_ws/install/explore_lite/share/explore_lite/package.dsv
[0.300s] -- Up-to-date: /home/user/ros2_ws/install/explore_lite/share/ament_index/resource_index/packages/explore_lite
[0.300s] -- Up-to-date: /home/user/ros2_ws/install/explore_lite/share/explore_lite/cmake/ament_cmake_export_include_directories-extras.cmake
[0.300s] -- Up-to-date: /home/user/ros2_ws/install/explore_lite/share/explore_lite/cmake/explore_liteConfig.cmake
[0.301s] -- Up-to-date: /home/user/ros2_ws/install/explore_lite/share/explore_lite/cmake/explore_liteConfig-version.cmake
[0.301s] -- Up-to-date: /home/user/ros2_ws/install/explore_lite/share/explore_lite/package.xml
[0.376s] Invoked command in '/home/user/ros2_ws/build/explore_lite' returned '0': CMAKE_PREFIX_PATH=${CMAKE_PREFIX_PATH}:/opt/ros/humble /usr/bin/cmake --install /home/user/ros2_ws/build/explore_lite
