[35m[1mConsolidate compiler generated dependencies of target ros2_kdl_package__rosidl_generator_c[0m
[  2%] Built target ros2_kdl_package__cpp
[ 10%] Built target ros2_kdl_package__rosidl_generator_c
[ 10%] Built target ament_cmake_python_copy_ros2_kdl_package
[35m[1mConsolidate compiler generated dependencies of target ros2_kdl_package__rosidl_typesupport_cpp[0m
[ 15%] Built target ros2_kdl_node_example
[35m[1mConsolidate compiler generated dependencies of target ros2_kdl_package__rosidl_typesupport_fastrtps_cpp[0m
[35m[1mConsolidate compiler generated dependencies of target ros2_kdl_package__rosidl_typesupport_introspection_c[0m
[35m[1mConsolidate compiler generated dependencies of target ros2_kdl_package__rosidl_typesupport_c[0m
[35m[1mConsolidate compiler generated dependencies of target ros2_kdl_package__rosidl_typesupport_introspection_cpp[0m
[35m[1mConsolidate compiler generated dependencies of target ros2_kdl_package__rosidl_typesupport_fastrtps_c[0m
[ 22%] Built target ros2_kdl_package__rosidl_typesupport_cpp
[ 30%] Built target ros2_kdl_package__rosidl_typesupport_introspection_c
[ 37%] Built target ros2_kdl_package__rosidl_typesupport_c
[ 45%] Built target ros2_kdl_package__rosidl_typesupport_fastrtps_cpp
[ 52%] Built target ros2_kdl_package__rosidl_typesupport_introspection_cpp
[ 60%] Built target ros2_kdl_package__rosidl_typesupport_fastrtps_c
[35m[1mConsolidate compiler generated dependencies of target ros2_kdl_node[0m
[35m[1mConsolidate compiler generated dependencies of target ros2_kdl_node_client[0m
[ 60%] Built target ros2_kdl_package
[ 62%] [32mBuilding CXX object CMakeFiles/ros2_kdl_node_client.dir/src/ros2_kdl_node_client.cpp.o[0m
[ 65%] [32mBuilding CXX object CMakeFiles/ros2_kdl_node.dir/src/ros2_kdl_node.cpp.o[0m
[ 67%] Built target ros2_kdl_package__py
[35m[1mConsolidate compiler generated dependencies of target ros2_kdl_package__rosidl_generator_py[0m
[ 72%] Built target ros2_kdl_package__rosidl_generator_py
[35m[1mConsolidate compiler generated dependencies of target ros2_kdl_package__rosidl_typesupport_fastrtps_c__pyext[0m
[35m[1mConsolidate compiler generated dependencies of target ros2_kdl_package__rosidl_typesupport_c__pyext[0m
[35m[1mConsolidate compiler generated dependencies of target ros2_kdl_package__rosidl_typesupport_introspection_c__pyext[0m
[ 77%] Built target ros2_kdl_package__rosidl_typesupport_fastrtps_c__pyext
[ 82%] Built target ros2_kdl_package__rosidl_typesupport_c__pyext
[ 87%] Built target ros2_kdl_package__rosidl_typesupport_introspection_c__pyext
running egg_info
writing ros2_kdl_package.egg-info/PKG-INFO
writing dependency_links to ros2_kdl_package.egg-info/dependency_links.txt
writing top-level names to ros2_kdl_package.egg-info/top_level.txt
reading manifest file 'ros2_kdl_package.egg-info/SOURCES.txt'
writing manifest file 'ros2_kdl_package.egg-info/SOURCES.txt'
[ 87%] Built target ament_cmake_python_build_ros2_kdl_package_egg
[ 90%] [32m[1mLinking CXX executable ros2_kdl_node_client[0m
[ 90%] Built target ros2_kdl_node_client
