[0.034s] Invoking command in '/home/user/ros2_ws/build/aruco_ros': CMAKE_PREFIX_PATH=/home/user/ros2_ws/install/aruco_msgs:/home/user/ros2_ws/install/aruco:/home/user/ros2_ws/install/ros2_kdl_package:/home/user/ros2_ws/install/ros2_fra2mo:/home/user/ros2_ws/install/impedance_controller:/home/user/ros2_ws/install/iiwa_bringup:/home/user/ros2_ws/install/iiwa_description:/home/user/ros2_ws/install/external_torque_sensor_broadcaster:/home/user/ros2_ws/install/aruco_ros:/opt/ros/humble LD_LIBRARY_PATH=/home/user/ros2_ws/install/aruco_msgs/lib:/home/user/ros2_ws/install/aruco/lib:/home/user/ros2_ws/install/ros2_kdl_package/lib:/home/user/ros2_ws/install/impedance_controller/lib:/home/user/ros2_ws/install/external_torque_sensor_broadcaster/lib:/home/user/ros2_ws/install/aruco_ros/lib:/opt/ros/humble/opt/rviz_ogre_vendor/lib:/opt/ros/humble/lib/x86_64-linux-gnu:/opt/ros/humble/lib /usr/bin/cmake /home/user/ros2_ws/src/aruco_ros/aruco_ros -DCMAKE_INSTALL_PREFIX=/home/user/ros2_ws/install/aruco_ros
[0.233s] -- The C compiler identification is GNU 11.4.0
[0.456s] -- The CXX compiler identification is GNU 11.4.0
[0.473s] -- Detecting C compiler ABI info
[0.653s] -- Detecting C compiler ABI info - done
[0.679s] -- Check for working C compiler: /usr/bin/cc - skipped
[0.679s] -- Detecting C compile features
[0.680s] -- Detecting C compile features - done
[0.689s] -- Detecting CXX compiler ABI info
[0.862s] -- Detecting CXX compiler ABI info - done
[0.879s] -- Check for working CXX compiler: /usr/bin/c++ - skipped
[0.879s] -- Detecting CXX compile features
[0.881s] -- Detecting CXX compile features - done
[0.896s] -- Found ament_cmake: 1.3.12 (/opt/ros/humble/share/ament_cmake/cmake)
[1.214s] -- Found Python3: /usr/bin/python3 (found version "3.10.12") found components: Interpreter 
[1.427s] -- Found OpenCV: /usr (found version "4.5.4") 
[1.433s] -- Found cv_bridge: 3.2.1 (/opt/ros/humble/share/cv_bridge/cmake)
[1.529s] -- Found rosidl_generator_c: 3.1.7 (/opt/ros/humble/share/rosidl_generator_c/cmake)
[1.544s] -- Found rosidl_adapter: 3.1.7 (/opt/ros/humble/share/rosidl_adapter/cmake)
[1.563s] -- Found rosidl_generator_cpp: 3.1.7 (/opt/ros/humble/share/rosidl_generator_cpp/cmake)
[1.592s] -- Using all available rosidl_typesupport_c: rosidl_typesupport_fastrtps_c;rosidl_typesupport_introspection_c
[1.628s] -- Using all available rosidl_typesupport_cpp: rosidl_typesupport_fastrtps_cpp;rosidl_typesupport_introspection_cpp
[1.745s] -- Found image_transport: 3.1.12 (/opt/ros/humble/share/image_transport/cmake)
[1.863s] -- Found rmw_implementation_cmake: 6.1.2 (/opt/ros/humble/share/rmw_implementation_cmake/cmake)
[1.871s] -- Found rmw_fastrtps_cpp: 6.2.9 (/opt/ros/humble/share/rmw_fastrtps_cpp/cmake)
[2.069s] -- Found OpenSSL: /usr/lib/x86_64-linux-gnu/libcrypto.so (found version "3.0.2")  
[2.125s] -- Found FastRTPS: /opt/ros/humble/include  
[2.212s] -- Using RMW implementation 'rmw_fastrtps_cpp' as default
[2.243s] -- Looking for pthread.h
[2.346s] -- Looking for pthread.h - found
[2.347s] -- Performing Test CMAKE_HAVE_LIBC_PTHREAD
[2.466s] -- Performing Test CMAKE_HAVE_LIBC_PTHREAD - Success
[2.467s] -- Found Threads: TRUE  
[2.625s] -- Found rclpy: 3.3.19 (/opt/ros/humble/share/rclpy/cmake)
[2.631s] -- Found tf2: 0.25.17 (/opt/ros/humble/share/tf2/cmake)
[2.641s] -- Found tf2_ros: 0.25.17 (/opt/ros/humble/share/tf2_ros/cmake)
[2.809s] -- Found tf2_geometry_msgs: 0.25.17 (/opt/ros/humble/share/tf2_geometry_msgs/cmake)
[2.851s] -- Found eigen3_cmake_module: 0.1.1 (/opt/ros/humble/share/eigen3_cmake_module/cmake)
[2.853s] -- Found Eigen3: TRUE (found version "3.4.0") 
[2.853s] -- Ensuring Eigen3 include directory is part of orocos-kdl CMake target
[2.855s] -- Found aruco: 5.0.5 (/home/user/ros2_ws/install/aruco/share/aruco/cmake)
[2.857s] -- Found aruco_msgs: 5.0.5 (/home/user/ros2_ws/install/aruco_msgs/share/aruco_msgs/cmake)
[2.883s] -- Found visualization_msgs: 4.9.0 (/opt/ros/humble/share/visualization_msgs/cmake)
[2.954s] -- Found ament_lint_auto: 0.12.14 (/opt/ros/humble/share/ament_lint_auto/cmake)
[3.149s] -- Added test 'cppcheck' to perform static code analysis on C / C++ code
[3.151s] -- Configured cppcheck include dirs: /home/user/ros2_ws/src/aruco_ros/aruco_ros/include
[3.151s] -- Configured cppcheck exclude dirs and/or files: 
[3.155s] -- Added test 'cpplint' to check C / C++ code against the Google style
[3.155s] -- Configured cpplint exclude dirs and/or files: 
[3.156s] -- Added test 'flake8' to check Python code syntax and style conventions
[3.158s] -- Added test 'lint_cmake' to check CMake code style
[3.160s] -- Added test 'pep257' to check Python code against some of the docstring style conventions in PEP 257
[3.163s] -- Added test 'uncrustify' to check C / C++ code style
[3.163s] -- Configured uncrustify additional arguments: 
[3.164s] -- Added test 'xmllint' to check XML markup files
[3.167s] -- Configuring done
[3.255s] -- Generating done
[3.278s] -- Build files have been written to: /home/user/ros2_ws/build/aruco_ros
[3.297s] Invoked command in '/home/user/ros2_ws/build/aruco_ros' returned '0': CMAKE_PREFIX_PATH=/home/user/ros2_ws/install/aruco_msgs:/home/user/ros2_ws/install/aruco:/home/user/ros2_ws/install/ros2_kdl_package:/home/user/ros2_ws/install/ros2_fra2mo:/home/user/ros2_ws/install/impedance_controller:/home/user/ros2_ws/install/iiwa_bringup:/home/user/ros2_ws/install/iiwa_description:/home/user/ros2_ws/install/external_torque_sensor_broadcaster:/home/user/ros2_ws/install/aruco_ros:/opt/ros/humble LD_LIBRARY_PATH=/home/user/ros2_ws/install/aruco_msgs/lib:/home/user/ros2_ws/install/aruco/lib:/home/user/ros2_ws/install/ros2_kdl_package/lib:/home/user/ros2_ws/install/impedance_controller/lib:/home/user/ros2_ws/install/external_torque_sensor_broadcaster/lib:/home/user/ros2_ws/install/aruco_ros/lib:/opt/ros/humble/opt/rviz_ogre_vendor/lib:/opt/ros/humble/lib/x86_64-linux-gnu:/opt/ros/humble/lib /usr/bin/cmake /home/user/ros2_ws/src/aruco_ros/aruco_ros -DCMAKE_INSTALL_PREFIX=/home/user/ros2_ws/install/aruco_ros
[3.300s] Invoking command in '/home/user/ros2_ws/build/aruco_ros': CMAKE_PREFIX_PATH=/home/user/ros2_ws/install/aruco_msgs:/home/user/ros2_ws/install/aruco:/home/user/ros2_ws/install/ros2_kdl_package:/home/user/ros2_ws/install/ros2_fra2mo:/home/user/ros2_ws/install/impedance_controller:/home/user/ros2_ws/install/iiwa_bringup:/home/user/ros2_ws/install/iiwa_description:/home/user/ros2_ws/install/external_torque_sensor_broadcaster:/home/user/ros2_ws/install/aruco_ros:/opt/ros/humble LD_LIBRARY_PATH=/home/user/ros2_ws/install/aruco_msgs/lib:/home/user/ros2_ws/install/aruco/lib:/home/user/ros2_ws/install/ros2_kdl_package/lib:/home/user/ros2_ws/install/impedance_controller/lib:/home/user/ros2_ws/install/external_torque_sensor_broadcaster/lib:/home/user/ros2_ws/install/aruco_ros/lib:/opt/ros/humble/opt/rviz_ogre_vendor/lib:/opt/ros/humble/lib/x86_64-linux-gnu:/opt/ros/humble/lib /usr/bin/cmake --build /home/user/ros2_ws/build/aruco_ros -- -j12 -l12
[3.398s] [  9%] [32mBuilding CXX object CMakeFiles/aruco_ros_utils.dir/src/aruco_ros_utils.cpp.o[0m
[3.401s] [ 18%] [32mBuilding CXX object CMakeFiles/single.dir/src/simple_single.cpp.o[0m
[3.406s] [ 27%] [32mBuilding CXX object CMakeFiles/single.dir/src/aruco_ros_utils.cpp.o[0m
[3.410s] [ 36%] [32mBuilding CXX object CMakeFiles/double.dir/src/simple_double.cpp.o[0m
[3.414s] [ 45%] [32mBuilding CXX object CMakeFiles/double.dir/src/aruco_ros_utils.cpp.o[0m
[3.421s] [ 54%] [32mBuilding CXX object CMakeFiles/marker_publisher.dir/src/marker_publish.cpp.o[0m
[3.421s] [ 63%] [32mBuilding CXX object CMakeFiles/marker_publisher.dir/src/aruco_ros_utils.cpp.o[0m
[8.108s] [ 72%] [32m[1mLinking CXX shared library libaruco_ros_utils.so[0m
[8.957s] [ 72%] Built target aruco_ros_utils
[20.620s] [ 81%] [32m[1mLinking CXX executable double[0m
[22.102s] [ 81%] Built target double
[22.537s] [ 90%] [32m[1mLinking CXX executable marker_publisher[0m
[24.095s] [ 90%] Built target marker_publisher
[24.506s] [100%] [32m[1mLinking CXX executable single[0m
[25.892s] [100%] Built target single
[25.905s] Invoked command in '/home/user/ros2_ws/build/aruco_ros' returned '0': CMAKE_PREFIX_PATH=/home/user/ros2_ws/install/aruco_msgs:/home/user/ros2_ws/install/aruco:/home/user/ros2_ws/install/ros2_kdl_package:/home/user/ros2_ws/install/ros2_fra2mo:/home/user/ros2_ws/install/impedance_controller:/home/user/ros2_ws/install/iiwa_bringup:/home/user/ros2_ws/install/iiwa_description:/home/user/ros2_ws/install/external_torque_sensor_broadcaster:/home/user/ros2_ws/install/aruco_ros:/opt/ros/humble LD_LIBRARY_PATH=/home/user/ros2_ws/install/aruco_msgs/lib:/home/user/ros2_ws/install/aruco/lib:/home/user/ros2_ws/install/ros2_kdl_package/lib:/home/user/ros2_ws/install/impedance_controller/lib:/home/user/ros2_ws/install/external_torque_sensor_broadcaster/lib:/home/user/ros2_ws/install/aruco_ros/lib:/opt/ros/humble/opt/rviz_ogre_vendor/lib:/opt/ros/humble/lib/x86_64-linux-gnu:/opt/ros/humble/lib /usr/bin/cmake --build /home/user/ros2_ws/build/aruco_ros -- -j12 -l12
[25.906s] Invoking command in '/home/user/ros2_ws/build/aruco_ros': CMAKE_PREFIX_PATH=/home/user/ros2_ws/install/aruco_msgs:/home/user/ros2_ws/install/aruco:/home/user/ros2_ws/install/ros2_kdl_package:/home/user/ros2_ws/install/ros2_fra2mo:/home/user/ros2_ws/install/impedance_controller:/home/user/ros2_ws/install/iiwa_bringup:/home/user/ros2_ws/install/iiwa_description:/home/user/ros2_ws/install/external_torque_sensor_broadcaster:/home/user/ros2_ws/install/aruco_ros:/opt/ros/humble LD_LIBRARY_PATH=/home/user/ros2_ws/install/aruco_msgs/lib:/home/user/ros2_ws/install/aruco/lib:/home/user/ros2_ws/install/ros2_kdl_package/lib:/home/user/ros2_ws/install/impedance_controller/lib:/home/user/ros2_ws/install/external_torque_sensor_broadcaster/lib:/home/user/ros2_ws/install/aruco_ros/lib:/opt/ros/humble/opt/rviz_ogre_vendor/lib:/opt/ros/humble/lib/x86_64-linux-gnu:/opt/ros/humble/lib /usr/bin/cmake --install /home/user/ros2_ws/build/aruco_ros
[25.916s] -- Install configuration: ""
[25.916s] -- Installing: /home/user/ros2_ws/install/aruco_ros/lib/libaruco_ros_utils.so
[25.917s] -- Set runtime path of "/home/user/ros2_ws/install/aruco_ros/lib/libaruco_ros_utils.so" to ""
[25.917s] -- Installing: /home/user/ros2_ws/install/aruco_ros/lib/aruco_ros/marker_publisher
[25.922s] -- Set runtime path of "/home/user/ros2_ws/install/aruco_ros/lib/aruco_ros/marker_publisher" to ""
[25.922s] -- Installing: /home/user/ros2_ws/install/aruco_ros/lib/aruco_ros/single
[25.928s] -- Set runtime path of "/home/user/ros2_ws/install/aruco_ros/lib/aruco_ros/single" to ""
[25.928s] -- Installing: /home/user/ros2_ws/install/aruco_ros/lib/aruco_ros/double
[25.932s] -- Set runtime path of "/home/user/ros2_ws/install/aruco_ros/lib/aruco_ros/double" to ""
[25.932s] -- Installing: /home/user/ros2_ws/install/aruco_ros/include
[25.932s] -- Installing: /home/user/ros2_ws/install/aruco_ros/include/aruco_ros
[25.933s] -- Installing: /home/user/ros2_ws/install/aruco_ros/share/aruco_ros/etc
[25.933s] -- Installing: /home/user/ros2_ws/install/aruco_ros/share/aruco_ros/etc/marker26_5cm.jpg
[25.933s] -- Installing: /home/user/ros2_ws/install/aruco_ros/share/aruco_ros/etc/marker582_5cm.jpg
[25.933s] -- Installing: /home/user/ros2_ws/install/aruco_ros/share/aruco_ros/etc/new_coordinates.png
[25.933s] -- Installing: /home/user/ros2_ws/install/aruco_ros/share/aruco_ros/etc/reem_gazebo_floating_marker_world.png
[25.933s] -- Installing: /home/user/ros2_ws/install/aruco_ros/share/aruco_ros/etc/marker582_5cm_margin_2cm.jpg
[25.934s] -- Installing: /home/user/ros2_ws/install/aruco_ros/share/aruco_ros/etc/marker_in_hand.jpg
[25.934s] -- Installing: /home/user/ros2_ws/install/aruco_ros/share/aruco_ros/etc/reem_gazebo_floating_marker.png
[25.934s] -- Installing: /home/user/ros2_ws/install/aruco_ros/share/aruco_ros/etc/marker_in_object.jpg
[25.934s] -- Installing: /home/user/ros2_ws/install/aruco_ros/share/aruco_ros/etc/marker26_5cm_margin_1cm.jpg
[25.934s] -- Installing: /home/user/ros2_ws/install/aruco_ros/share/aruco_ros/etc/marker26_5cm_margin_2cm.jpg
[25.935s] -- Installing: /home/user/ros2_ws/install/aruco_ros/share/aruco_ros/launch
[25.935s] -- Installing: /home/user/ros2_ws/install/aruco_ros/share/aruco_ros/launch/double.launch.py
[25.935s] -- Installing: /home/user/ros2_ws/install/aruco_ros/share/aruco_ros/launch/marker_publisher.launch.py
[25.935s] -- Installing: /home/user/ros2_ws/install/aruco_ros/share/aruco_ros/launch/single.launch.py
[25.935s] -- Installing: /home/user/ros2_ws/install/aruco_ros/share/ament_index/resource_index/package_run_dependencies/aruco_ros
[25.936s] -- Installing: /home/user/ros2_ws/install/aruco_ros/share/ament_index/resource_index/parent_prefix_path/aruco_ros
[25.936s] -- Installing: /home/user/ros2_ws/install/aruco_ros/share/aruco_ros/environment/ament_prefix_path.sh
[25.936s] -- Installing: /home/user/ros2_ws/install/aruco_ros/share/aruco_ros/environment/ament_prefix_path.dsv
[25.936s] -- Installing: /home/user/ros2_ws/install/aruco_ros/share/aruco_ros/environment/path.sh
[25.937s] -- Installing: /home/user/ros2_ws/install/aruco_ros/share/aruco_ros/environment/path.dsv
[25.937s] -- Installing: /home/user/ros2_ws/install/aruco_ros/share/aruco_ros/local_setup.bash
[25.937s] -- Installing: /home/user/ros2_ws/install/aruco_ros/share/aruco_ros/local_setup.sh
[25.937s] -- Installing: /home/user/ros2_ws/install/aruco_ros/share/aruco_ros/local_setup.zsh
[25.937s] -- Installing: /home/user/ros2_ws/install/aruco_ros/share/aruco_ros/local_setup.dsv
[25.938s] -- Installing: /home/user/ros2_ws/install/aruco_ros/share/aruco_ros/package.dsv
[25.938s] -- Installing: /home/user/ros2_ws/install/aruco_ros/share/ament_index/resource_index/packages/aruco_ros
[25.938s] -- Installing: /home/user/ros2_ws/install/aruco_ros/share/aruco_ros/cmake/aruco_rosConfig.cmake
[25.938s] -- Installing: /home/user/ros2_ws/install/aruco_ros/share/aruco_ros/cmake/aruco_rosConfig-version.cmake
[25.938s] -- Installing: /home/user/ros2_ws/install/aruco_ros/share/aruco_ros/package.xml
[25.941s] Invoked command in '/home/user/ros2_ws/build/aruco_ros' returned '0': CMAKE_PREFIX_PATH=/home/user/ros2_ws/install/aruco_msgs:/home/user/ros2_ws/install/aruco:/home/user/ros2_ws/install/ros2_kdl_package:/home/user/ros2_ws/install/ros2_fra2mo:/home/user/ros2_ws/install/impedance_controller:/home/user/ros2_ws/install/iiwa_bringup:/home/user/ros2_ws/install/iiwa_description:/home/user/ros2_ws/install/external_torque_sensor_broadcaster:/home/user/ros2_ws/install/aruco_ros:/opt/ros/humble LD_LIBRARY_PATH=/home/user/ros2_ws/install/aruco_msgs/lib:/home/user/ros2_ws/install/aruco/lib:/home/user/ros2_ws/install/ros2_kdl_package/lib:/home/user/ros2_ws/install/impedance_controller/lib:/home/user/ros2_ws/install/external_torque_sensor_broadcaster/lib:/home/user/ros2_ws/install/aruco_ros/lib:/opt/ros/humble/opt/rviz_ogre_vendor/lib:/opt/ros/humble/lib/x86_64-linux-gnu:/opt/ros/humble/lib /usr/bin/cmake --install /home/user/ros2_ws/build/aruco_ros
