[0.042s] Invoking command in '/home/user/ros2_ws/build/multirobot_map_merge': CMAKE_PREFIX_PATH=${CMAKE_PREFIX_PATH}:/opt/ros/humble /usr/bin/cmake --build /home/user/ros2_ws/build/multirobot_map_merge -- -j12 -l12
[0.200s] [ 33%] Built target combine_grids
[0.203s] [ 50%] Built target gtest_main
[0.203s] [ 66%] Built target gtest
[0.280s] [ 83%] Built target test_merging_pipeline
[0.285s] [100%] Built target map_merge
[0.382s] Invoked command in '/home/user/ros2_ws/build/multirobot_map_merge' returned '0': CMAKE_PREFIX_PATH=${CMAKE_PREFIX_PATH}:/opt/ros/humble /usr/bin/cmake --build /home/user/ros2_ws/build/multirobot_map_merge -- -j12 -l12
[0.382s] Invoking command in '/home/user/ros2_ws/build/multirobot_map_merge': CMAKE_PREFIX_PATH=${CMAKE_PREFIX_PATH}:/opt/ros/humble /usr/bin/cmake --install /home/user/ros2_ws/build/multirobot_map_merge
[0.465s] -- Install configuration: ""
[0.466s] -- Execute custom install script
[0.466s] -- Up-to-date symlink: /home/user/ros2_ws/install/multirobot_map_merge/include/map_merge//map_merge.h
[0.466s] -- Up-to-date symlink: /home/user/ros2_ws/install/multirobot_map_merge/include/map_merge//ros1_names.hpp
[0.466s] -- Up-to-date symlink: /home/user/ros2_ws/install/multirobot_map_merge/share/multirobot_map_merge/launch/from_map_server.launch.py
[0.466s] -- Up-to-date symlink: /home/user/ros2_ws/install/multirobot_map_merge/share/multirobot_map_merge/launch/map_merge.launch.py
[0.466s] -- Up-to-date symlink: /home/user/ros2_ws/install/multirobot_map_merge/share/multirobot_map_merge/launch/map_merge.rviz
[0.467s] -- Up-to-date symlink: /home/user/ros2_ws/install/multirobot_map_merge/share/multirobot_map_merge/launch/tb3_simulation/bringup_launch.py
[0.467s] -- Up-to-date symlink: /home/user/ros2_ws/install/multirobot_map_merge/share/multirobot_map_merge/launch/tb3_simulation/config/nav2_multirobot_params_1.yaml
[0.469s] -- Up-to-date symlink: /home/user/ros2_ws/install/multirobot_map_merge/share/multirobot_map_merge/launch/tb3_simulation/config/nav2_multirobot_params_2.yaml
[0.469s] -- Up-to-date symlink: /home/user/ros2_ws/install/multirobot_map_merge/share/multirobot_map_merge/launch/tb3_simulation/multi_tb3_simulation_launch.py
[0.469s] -- Up-to-date symlink: /home/user/ros2_ws/install/multirobot_map_merge/share/multirobot_map_merge/launch/tb3_simulation/slam_toolbox.py
[0.470s] -- Up-to-date symlink: /home/user/ros2_ws/install/multirobot_map_merge/share/multirobot_map_merge/launch/tb3_simulation/tb3_simulation_launch.py
[0.470s] -- Up-to-date symlink: /home/user/ros2_ws/install/multirobot_map_merge/share/multirobot_map_merge/launch/tb3_simulation/worlds/world_only.model
[0.470s] -- Up-to-date symlink: /home/user/ros2_ws/install/multirobot_map_merge/share/multirobot_map_merge/config/params.yaml
[0.470s] -- Up-to-date symlink: /home/user/ros2_ws/install/multirobot_map_merge/lib/multirobot_map_merge/map_merge
[0.471s] -- Up-to-date symlink: /home/user/ros2_ws/install/multirobot_map_merge/share/multirobot_map_merge/environment/library_path.sh
[0.471s] -- Up-to-date symlink: /home/user/ros2_ws/install/multirobot_map_merge/share/multirobot_map_merge/environment/library_path.dsv
[0.471s] -- Up-to-date symlink: /home/user/ros2_ws/install/multirobot_map_merge/share/ament_index/resource_index/package_run_dependencies/multirobot_map_merge
[0.471s] -- Up-to-date symlink: /home/user/ros2_ws/install/multirobot_map_merge/share/ament_index/resource_index/parent_prefix_path/multirobot_map_merge
[0.471s] -- Up-to-date symlink: /home/user/ros2_ws/install/multirobot_map_merge/share/multirobot_map_merge/environment/ament_prefix_path.sh
[0.472s] -- Up-to-date symlink: /home/user/ros2_ws/install/multirobot_map_merge/share/multirobot_map_merge/environment/ament_prefix_path.dsv
[0.472s] -- Up-to-date symlink: /home/user/ros2_ws/install/multirobot_map_merge/share/multirobot_map_merge/environment/path.sh
[0.472s] -- Up-to-date symlink: /home/user/ros2_ws/install/multirobot_map_merge/share/multirobot_map_merge/environment/path.dsv
[0.473s] -- Up-to-date symlink: /home/user/ros2_ws/install/multirobot_map_merge/share/multirobot_map_merge/local_setup.bash
[0.473s] -- Up-to-date symlink: /home/user/ros2_ws/install/multirobot_map_merge/share/multirobot_map_merge/local_setup.sh
[0.473s] -- Up-to-date symlink: /home/user/ros2_ws/install/multirobot_map_merge/share/multirobot_map_merge/local_setup.zsh
[0.474s] -- Up-to-date symlink: /home/user/ros2_ws/install/multirobot_map_merge/share/multirobot_map_merge/local_setup.dsv
[0.474s] -- Symlinking: /home/user/ros2_ws/install/multirobot_map_merge/share/multirobot_map_merge/package.dsv
[0.474s] -- Up-to-date symlink: /home/user/ros2_ws/install/multirobot_map_merge/share/ament_index/resource_index/packages/multirobot_map_merge
[0.474s] -- Up-to-date symlink: /home/user/ros2_ws/install/multirobot_map_merge/share/multirobot_map_merge/cmake/ament_cmake_export_include_directories-extras.cmake
[0.475s] -- Up-to-date symlink: /home/user/ros2_ws/install/multirobot_map_merge/share/multirobot_map_merge/cmake/ament_cmake_export_libraries-extras.cmake
[0.475s] -- Up-to-date symlink: /home/user/ros2_ws/install/multirobot_map_merge/share/multirobot_map_merge/cmake/multirobot_map_mergeConfig.cmake
[0.475s] -- Up-to-date symlink: /home/user/ros2_ws/install/multirobot_map_merge/share/multirobot_map_merge/cmake/multirobot_map_mergeConfig-version.cmake
[0.476s] -- Up-to-date symlink: /home/user/ros2_ws/install/multirobot_map_merge/share/multirobot_map_merge/package.xml
[0.477s] -- Up-to-date: /home/user/ros2_ws/install/multirobot_map_merge/lib/libcombine_grids.a
[0.479s] Invoked command in '/home/user/ros2_ws/build/multirobot_map_merge' returned '0': CMAKE_PREFIX_PATH=${CMAKE_PREFIX_PATH}:/opt/ros/humble /usr/bin/cmake --install /home/user/ros2_ws/build/multirobot_map_merge
