[0.042s] Invoking command in '/home/user/ros2_ws/build/impedance_controller': CMAKE_PREFIX_PATH=${CMAKE_PREFIX_PATH}:/opt/ros/humble /usr/bin/cmake --build /home/user/ros2_ws/build/impedance_controller -- -j12 -l12
[0.157s] [100%] Built target impedance_controller
[0.268s] Invoked command in '/home/user/ros2_ws/build/impedance_controller' returned '0': CMAKE_PREFIX_PATH=${CMAKE_PREFIX_PATH}:/opt/ros/humble /usr/bin/cmake --build /home/user/ros2_ws/build/impedance_controller -- -j12 -l12
[0.275s] Invoking command in '/home/user/ros2_ws/build/impedance_controller': CMAKE_PREFIX_PATH=${CMAKE_PREFIX_PATH}:/opt/ros/humble /usr/bin/cmake --install /home/user/ros2_ws/build/impedance_controller
[0.314s] -- Install configuration: ""
[0.315s] -- Up-to-date: /home/user/ros2_ws/install/impedance_controller/share/impedance_controller/impedance_plugin.xml
[0.315s] -- Up-to-date: /home/user/ros2_ws/install/impedance_controller/include
[0.315s] -- Up-to-date: /home/user/ros2_ws/install/impedance_controller/include/impedance_controller
[0.315s] -- Up-to-date: /home/user/ros2_ws/install/impedance_controller/include/impedance_controller/visibility_control.h
[0.316s] -- Up-to-date: /home/user/ros2_ws/install/impedance_controller/include/impedance_controller/impedance_controller.hpp
[0.317s] -- Up-to-date: /home/user/ros2_ws/install/impedance_controller/lib/libimpedance_controller.so
[0.317s] -- Up-to-date: /home/user/ros2_ws/install/impedance_controller/share/impedance_controller/environment/library_path.sh
[0.317s] -- Up-to-date: /home/user/ros2_ws/install/impedance_controller/share/impedance_controller/environment/library_path.dsv
[0.318s] -- Up-to-date: /home/user/ros2_ws/install/impedance_controller/share/ament_index/resource_index/package_run_dependencies/impedance_controller
[0.319s] -- Up-to-date: /home/user/ros2_ws/install/impedance_controller/share/ament_index/resource_index/parent_prefix_path/impedance_controller
[0.319s] -- Up-to-date: /home/user/ros2_ws/install/impedance_controller/share/impedance_controller/environment/ament_prefix_path.sh
[0.319s] -- Up-to-date: /home/user/ros2_ws/install/impedance_controller/share/impedance_controller/environment/ament_prefix_path.dsv
[0.320s] -- Up-to-date: /home/user/ros2_ws/install/impedance_controller/share/impedance_controller/environment/path.sh
[0.320s] -- Up-to-date: /home/user/ros2_ws/install/impedance_controller/share/impedance_controller/environment/path.dsv
[0.320s] -- Up-to-date: /home/user/ros2_ws/install/impedance_controller/share/impedance_controller/local_setup.bash
[0.320s] -- Up-to-date: /home/user/ros2_ws/install/impedance_controller/share/impedance_controller/local_setup.sh
[0.321s] -- Up-to-date: /home/user/ros2_ws/install/impedance_controller/share/impedance_controller/local_setup.zsh
[0.321s] -- Up-to-date: /home/user/ros2_ws/install/impedance_controller/share/impedance_controller/local_setup.dsv
[0.321s] -- Installing: /home/user/ros2_ws/install/impedance_controller/share/impedance_controller/package.dsv
[0.321s] -- Up-to-date: /home/user/ros2_ws/install/impedance_controller/share/ament_index/resource_index/packages/impedance_controller
[0.322s] -- Up-to-date: /home/user/ros2_ws/install/impedance_controller/share/ament_index/resource_index/controller_interface__pluginlib__plugin/impedance_controller
[0.322s] -- Up-to-date: /home/user/ros2_ws/install/impedance_controller/share/impedance_controller/cmake/ament_cmake_export_dependencies-extras.cmake
[0.322s] -- Up-to-date: /home/user/ros2_ws/install/impedance_controller/share/impedance_controller/cmake/ament_cmake_export_include_directories-extras.cmake
[0.322s] -- Up-to-date: /home/user/ros2_ws/install/impedance_controller/share/impedance_controller/cmake/ament_cmake_export_libraries-extras.cmake
[0.322s] -- Up-to-date: /home/user/ros2_ws/install/impedance_controller/share/impedance_controller/cmake/impedance_controllerConfig.cmake
[0.322s] -- Up-to-date: /home/user/ros2_ws/install/impedance_controller/share/impedance_controller/cmake/impedance_controllerConfig-version.cmake
[0.323s] -- Up-to-date: /home/user/ros2_ws/install/impedance_controller/share/impedance_controller/package.xml
[0.405s] Invoked command in '/home/user/ros2_ws/build/impedance_controller' returned '0': CMAKE_PREFIX_PATH=${CMAKE_PREFIX_PATH}:/opt/ros/humble /usr/bin/cmake --install /home/user/ros2_ws/build/impedance_controller
