[0.033s] Invoking command in '/home/user/ros2_ws/build/ros2_kdl_package': CMAKE_PREFIX_PATH=${CMAKE_PREFIX_PATH}:/opt/ros/humble /usr/bin/cmake --build /home/user/ros2_ws/build/ros2_kdl_package -- -j12 -l12
[0.156s] [  2%] Built target ros2_kdl_package__cpp
[0.157s] [ 10%] Built target ros2_kdl_package__rosidl_generator_c
[0.174s] [ 10%] Built target ament_cmake_python_copy_ros2_kdl_package
[0.174s] [ 15%] Built target ros2_kdl_node_example
[0.193s] [ 22%] Built target ros2_kdl_package__rosidl_typesupport_cpp
[0.198s] [ 32%] Built target ros2_kdl_package__rosidl_typesupport_introspection_cpp
[0.198s] [ 37%] Built target ros2_kdl_package__rosidl_typesupport_fastrtps_cpp
[0.200s] [ 45%] Built target ros2_kdl_package__rosidl_typesupport_fastrtps_c
[0.202s] [ 52%] Built target ros2_kdl_package__rosidl_typesupport_introspection_c
[0.205s] [ 60%] Built target ros2_kdl_package__rosidl_typesupport_c
[0.218s] [35m[1mConsolidate compiler generated dependencies of target ros2_kdl_node_client[0m
[0.307s] [ 60%] Built target ros2_kdl_package
[0.308s] [ 62%] [32mBuilding CXX object CMakeFiles/ros2_kdl_node_client.dir/src/ros2_kdl_node_client.cpp.o[0m
[0.308s] [ 75%] Built target ros2_kdl_node
[0.308s] [ 77%] Built target ros2_kdl_package__py
[0.320s] [ 82%] Built target ros2_kdl_package__rosidl_generator_py
[0.360s] [ 90%] Built target ros2_kdl_package__rosidl_typesupport_introspection_c__pyext
[0.360s] [ 92%] Built target ros2_kdl_package__rosidl_typesupport_fastrtps_c__pyext
[0.363s] [ 97%] Built target ros2_kdl_package__rosidl_typesupport_c__pyext
[0.595s] running egg_info
[0.596s] writing ros2_kdl_package.egg-info/PKG-INFO
[0.596s] writing dependency_links to ros2_kdl_package.egg-info/dependency_links.txt
[0.596s] writing top-level names to ros2_kdl_package.egg-info/top_level.txt
[0.599s] reading manifest file 'ros2_kdl_package.egg-info/SOURCES.txt'
[0.600s] writing manifest file 'ros2_kdl_package.egg-info/SOURCES.txt'
[0.628s] [ 97%] Built target ament_cmake_python_build_ros2_kdl_package_egg
[9.793s] [100%] [32m[1mLinking CXX executable ros2_kdl_node_client[0m
[10.271s] [100%] Built target ros2_kdl_node_client
[10.283s] Invoked command in '/home/user/ros2_ws/build/ros2_kdl_package' returned '0': CMAKE_PREFIX_PATH=${CMAKE_PREFIX_PATH}:/opt/ros/humble /usr/bin/cmake --build /home/user/ros2_ws/build/ros2_kdl_package -- -j12 -l12
[10.284s] Invoking command in '/home/user/ros2_ws/build/ros2_kdl_package': CMAKE_PREFIX_PATH=${CMAKE_PREFIX_PATH}:/opt/ros/humble /usr/bin/cmake --install /home/user/ros2_ws/build/ros2_kdl_package
[10.293s] -- Install configuration: ""
[10.293s] -- Up-to-date: /home/user/ros2_ws/install/ros2_kdl_package/share/ament_index/resource_index/rosidl_interfaces/ros2_kdl_package
[10.293s] -- Up-to-date: /home/user/ros2_ws/install/ros2_kdl_package/include/ros2_kdl_package/ros2_kdl_package
[10.294s] -- Up-to-date: /home/user/ros2_ws/install/ros2_kdl_package/include/ros2_kdl_package/ros2_kdl_package/action
[10.294s] -- Up-to-date: /home/user/ros2_ws/install/ros2_kdl_package/include/ros2_kdl_package/ros2_kdl_package/action/detail
[10.294s] -- Up-to-date: /home/user/ros2_ws/install/ros2_kdl_package/include/ros2_kdl_package/ros2_kdl_package/action/detail/execute_trajectory__type_support.h
[10.294s] -- Up-to-date: /home/user/ros2_ws/install/ros2_kdl_package/include/ros2_kdl_package/ros2_kdl_package/action/detail/execute_trajectory__functions.h
[10.294s] -- Up-to-date: /home/user/ros2_ws/install/ros2_kdl_package/include/ros2_kdl_package/ros2_kdl_package/action/detail/execute_trajectory__functions.c
[10.294s] -- Up-to-date: /home/user/ros2_ws/install/ros2_kdl_package/include/ros2_kdl_package/ros2_kdl_package/action/detail/execute_trajectory__struct.h
[10.294s] -- Up-to-date: /home/user/ros2_ws/install/ros2_kdl_package/include/ros2_kdl_package/ros2_kdl_package/action/execute_trajectory.h
[10.295s] -- Up-to-date: /home/user/ros2_ws/install/ros2_kdl_package/include/ros2_kdl_package/ros2_kdl_package/msg
[10.295s] -- Up-to-date: /home/user/ros2_ws/install/ros2_kdl_package/include/ros2_kdl_package/ros2_kdl_package/msg/rosidl_generator_c__visibility_control.h
[10.295s] -- Up-to-date: /home/user/ros2_ws/install/ros2_kdl_package/share/ros2_kdl_package/environment/library_path.sh
[10.295s] -- Up-to-date: /home/user/ros2_ws/install/ros2_kdl_package/share/ros2_kdl_package/environment/library_path.dsv
[10.295s] -- Up-to-date: /home/user/ros2_ws/install/ros2_kdl_package/lib/libros2_kdl_package__rosidl_generator_c.so
[10.295s] -- Up-to-date: /home/user/ros2_ws/install/ros2_kdl_package/include/ros2_kdl_package/ros2_kdl_package
[10.296s] -- Up-to-date: /home/user/ros2_ws/install/ros2_kdl_package/include/ros2_kdl_package/ros2_kdl_package/action
[10.296s] -- Up-to-date: /home/user/ros2_ws/install/ros2_kdl_package/include/ros2_kdl_package/ros2_kdl_package/action/detail
[10.296s] -- Up-to-date: /home/user/ros2_ws/install/ros2_kdl_package/include/ros2_kdl_package/ros2_kdl_package/action/detail/execute_trajectory__rosidl_typesupport_fastrtps_c.h
[10.296s] -- Up-to-date: /home/user/ros2_ws/install/ros2_kdl_package/include/ros2_kdl_package/ros2_kdl_package/msg
[10.296s] -- Up-to-date: /home/user/ros2_ws/install/ros2_kdl_package/include/ros2_kdl_package/ros2_kdl_package/msg/rosidl_typesupport_fastrtps_c__visibility_control.h
[10.297s] -- Up-to-date: /home/user/ros2_ws/install/ros2_kdl_package/lib/libros2_kdl_package__rosidl_typesupport_fastrtps_c.so
[10.297s] -- Up-to-date: /home/user/ros2_ws/install/ros2_kdl_package/include/ros2_kdl_package/ros2_kdl_package
[10.297s] -- Up-to-date: /home/user/ros2_ws/install/ros2_kdl_package/include/ros2_kdl_package/ros2_kdl_package/action
[10.297s] -- Up-to-date: /home/user/ros2_ws/install/ros2_kdl_package/include/ros2_kdl_package/ros2_kdl_package/action/detail
[10.297s] -- Up-to-date: /home/user/ros2_ws/install/ros2_kdl_package/include/ros2_kdl_package/ros2_kdl_package/action/detail/execute_trajectory__builder.hpp
[10.297s] -- Up-to-date: /home/user/ros2_ws/install/ros2_kdl_package/include/ros2_kdl_package/ros2_kdl_package/action/detail/execute_trajectory__type_support.hpp
[10.298s] -- Up-to-date: /home/user/ros2_ws/install/ros2_kdl_package/include/ros2_kdl_package/ros2_kdl_package/action/detail/execute_trajectory__traits.hpp
[10.298s] -- Up-to-date: /home/user/ros2_ws/install/ros2_kdl_package/include/ros2_kdl_package/ros2_kdl_package/action/detail/execute_trajectory__struct.hpp
[10.298s] -- Up-to-date: /home/user/ros2_ws/install/ros2_kdl_package/include/ros2_kdl_package/ros2_kdl_package/action/execute_trajectory.hpp
[10.298s] -- Up-to-date: /home/user/ros2_ws/install/ros2_kdl_package/include/ros2_kdl_package/ros2_kdl_package/msg
[10.298s] -- Up-to-date: /home/user/ros2_ws/install/ros2_kdl_package/include/ros2_kdl_package/ros2_kdl_package/msg/rosidl_generator_cpp__visibility_control.hpp
[10.298s] -- Up-to-date: /home/user/ros2_ws/install/ros2_kdl_package/include/ros2_kdl_package/ros2_kdl_package
[10.298s] -- Up-to-date: /home/user/ros2_ws/install/ros2_kdl_package/include/ros2_kdl_package/ros2_kdl_package/action
[10.298s] -- Up-to-date: /home/user/ros2_ws/install/ros2_kdl_package/include/ros2_kdl_package/ros2_kdl_package/action/detail
[10.298s] -- Up-to-date: /home/user/ros2_ws/install/ros2_kdl_package/include/ros2_kdl_package/ros2_kdl_package/action/detail/dds_fastrtps
[10.298s] -- Up-to-date: /home/user/ros2_ws/install/ros2_kdl_package/include/ros2_kdl_package/ros2_kdl_package/action/detail/execute_trajectory__rosidl_typesupport_fastrtps_cpp.hpp
[10.298s] -- Up-to-date: /home/user/ros2_ws/install/ros2_kdl_package/include/ros2_kdl_package/ros2_kdl_package/msg
[10.299s] -- Up-to-date: /home/user/ros2_ws/install/ros2_kdl_package/include/ros2_kdl_package/ros2_kdl_package/msg/rosidl_typesupport_fastrtps_cpp__visibility_control.h
[10.299s] -- Up-to-date: /home/user/ros2_ws/install/ros2_kdl_package/lib/libros2_kdl_package__rosidl_typesupport_fastrtps_cpp.so
[10.299s] -- Up-to-date: /home/user/ros2_ws/install/ros2_kdl_package/include/ros2_kdl_package/ros2_kdl_package
[10.299s] -- Up-to-date: /home/user/ros2_ws/install/ros2_kdl_package/include/ros2_kdl_package/ros2_kdl_package/action
[10.299s] -- Up-to-date: /home/user/ros2_ws/install/ros2_kdl_package/include/ros2_kdl_package/ros2_kdl_package/action/detail
[10.299s] -- Up-to-date: /home/user/ros2_ws/install/ros2_kdl_package/include/ros2_kdl_package/ros2_kdl_package/action/detail/execute_trajectory__rosidl_typesupport_introspection_c.h
[10.299s] -- Up-to-date: /home/user/ros2_ws/install/ros2_kdl_package/include/ros2_kdl_package/ros2_kdl_package/action/detail/execute_trajectory__type_support.c
[10.299s] -- Up-to-date: /home/user/ros2_ws/install/ros2_kdl_package/include/ros2_kdl_package/ros2_kdl_package/msg
[10.299s] -- Up-to-date: /home/user/ros2_ws/install/ros2_kdl_package/include/ros2_kdl_package/ros2_kdl_package/msg/rosidl_typesupport_introspection_c__visibility_control.h
[10.299s] -- Up-to-date: /home/user/ros2_ws/install/ros2_kdl_package/lib/libros2_kdl_package__rosidl_typesupport_introspection_c.so
[10.299s] -- Up-to-date: /home/user/ros2_ws/install/ros2_kdl_package/lib/libros2_kdl_package__rosidl_typesupport_c.so
[10.299s] -- Up-to-date: /home/user/ros2_ws/install/ros2_kdl_package/include/ros2_kdl_package/ros2_kdl_package
[10.299s] -- Up-to-date: /home/user/ros2_ws/install/ros2_kdl_package/include/ros2_kdl_package/ros2_kdl_package/action
[10.299s] -- Up-to-date: /home/user/ros2_ws/install/ros2_kdl_package/include/ros2_kdl_package/ros2_kdl_package/action/detail
[10.299s] -- Up-to-date: /home/user/ros2_ws/install/ros2_kdl_package/include/ros2_kdl_package/ros2_kdl_package/action/detail/execute_trajectory__rosidl_typesupport_introspection_cpp.hpp
[10.300s] -- Up-to-date: /home/user/ros2_ws/install/ros2_kdl_package/include/ros2_kdl_package/ros2_kdl_package/action/detail/execute_trajectory__type_support.cpp
[10.300s] -- Up-to-date: /home/user/ros2_ws/install/ros2_kdl_package/lib/libros2_kdl_package__rosidl_typesupport_introspection_cpp.so
[10.300s] -- Up-to-date: /home/user/ros2_ws/install/ros2_kdl_package/lib/libros2_kdl_package__rosidl_typesupport_cpp.so
[10.300s] -- Up-to-date: /home/user/ros2_ws/install/ros2_kdl_package/share/ros2_kdl_package/environment/pythonpath.sh
[10.300s] -- Up-to-date: /home/user/ros2_ws/install/ros2_kdl_package/share/ros2_kdl_package/environment/pythonpath.dsv
[10.300s] -- Up-to-date: /home/user/ros2_ws/install/ros2_kdl_package/local/lib/python3.10/dist-packages/ros2_kdl_package-0.0.0-py3.10.egg-info
[10.300s] -- Installing: /home/user/ros2_ws/install/ros2_kdl_package/local/lib/python3.10/dist-packages/ros2_kdl_package-0.0.0-py3.10.egg-info/PKG-INFO
[10.300s] -- Installing: /home/user/ros2_ws/install/ros2_kdl_package/local/lib/python3.10/dist-packages/ros2_kdl_package-0.0.0-py3.10.egg-info/top_level.txt
[10.300s] -- Installing: /home/user/ros2_ws/install/ros2_kdl_package/local/lib/python3.10/dist-packages/ros2_kdl_package-0.0.0-py3.10.egg-info/SOURCES.txt
[10.300s] -- Installing: /home/user/ros2_ws/install/ros2_kdl_package/local/lib/python3.10/dist-packages/ros2_kdl_package-0.0.0-py3.10.egg-info/dependency_links.txt
[10.300s] -- Up-to-date: /home/user/ros2_ws/install/ros2_kdl_package/local/lib/python3.10/dist-packages/ros2_kdl_package
[10.300s] -- Up-to-date: /home/user/ros2_ws/install/ros2_kdl_package/local/lib/python3.10/dist-packages/ros2_kdl_package/action
[10.301s] -- Up-to-date: /home/user/ros2_ws/install/ros2_kdl_package/local/lib/python3.10/dist-packages/ros2_kdl_package/action/__init__.py
[10.301s] -- Up-to-date: /home/user/ros2_ws/install/ros2_kdl_package/local/lib/python3.10/dist-packages/ros2_kdl_package/action/_execute_trajectory.py
[10.301s] -- Up-to-date: /home/user/ros2_ws/install/ros2_kdl_package/local/lib/python3.10/dist-packages/ros2_kdl_package/action/_execute_trajectory_s.c
[10.301s] -- Up-to-date: /home/user/ros2_ws/install/ros2_kdl_package/local/lib/python3.10/dist-packages/ros2_kdl_package/_ros2_kdl_package_s.ep.rosidl_typesupport_fastrtps_c.c
[10.301s] -- Up-to-date: /home/user/ros2_ws/install/ros2_kdl_package/local/lib/python3.10/dist-packages/ros2_kdl_package/libros2_kdl_package__rosidl_generator_py.so
[10.301s] -- Up-to-date: /home/user/ros2_ws/install/ros2_kdl_package/local/lib/python3.10/dist-packages/ros2_kdl_package/ros2_kdl_package_s__rosidl_typesupport_fastrtps_c.cpython-310-x86_64-linux-gnu.so
[10.301s] -- Up-to-date: /home/user/ros2_ws/install/ros2_kdl_package/local/lib/python3.10/dist-packages/ros2_kdl_package/__init__.py
[10.301s] -- Up-to-date: /home/user/ros2_ws/install/ros2_kdl_package/local/lib/python3.10/dist-packages/ros2_kdl_package/ros2_kdl_package_s__rosidl_typesupport_c.cpython-310-x86_64-linux-gnu.so
[10.301s] -- Up-to-date: /home/user/ros2_ws/install/ros2_kdl_package/local/lib/python3.10/dist-packages/ros2_kdl_package/_ros2_kdl_package_s.ep.rosidl_typesupport_introspection_c.c
[10.301s] -- Up-to-date: /home/user/ros2_ws/install/ros2_kdl_package/local/lib/python3.10/dist-packages/ros2_kdl_package/_ros2_kdl_package_s.ep.rosidl_typesupport_c.c
[10.301s] -- Up-to-date: /home/user/ros2_ws/install/ros2_kdl_package/local/lib/python3.10/dist-packages/ros2_kdl_package/ros2_kdl_package_s__rosidl_typesupport_introspection_c.cpython-310-x86_64-linux-gnu.so
[10.336s] Listing '/home/user/ros2_ws/install/ros2_kdl_package/local/lib/python3.10/dist-packages/ros2_kdl_package'...
[10.336s] Listing '/home/user/ros2_ws/install/ros2_kdl_package/local/lib/python3.10/dist-packages/ros2_kdl_package/action'...
[10.339s] -- Up-to-date: /home/user/ros2_ws/install/ros2_kdl_package/local/lib/python3.10/dist-packages/ros2_kdl_package/ros2_kdl_package_s__rosidl_typesupport_fastrtps_c.cpython-310-x86_64-linux-gnu.so
[10.340s] -- Up-to-date: /home/user/ros2_ws/install/ros2_kdl_package/local/lib/python3.10/dist-packages/ros2_kdl_package/ros2_kdl_package_s__rosidl_typesupport_introspection_c.cpython-310-x86_64-linux-gnu.so
[10.340s] -- Up-to-date: /home/user/ros2_ws/install/ros2_kdl_package/local/lib/python3.10/dist-packages/ros2_kdl_package/ros2_kdl_package_s__rosidl_typesupport_c.cpython-310-x86_64-linux-gnu.so
[10.340s] -- Up-to-date: /home/user/ros2_ws/install/ros2_kdl_package/lib/libros2_kdl_package__rosidl_generator_py.so
[10.341s] -- Up-to-date: /home/user/ros2_ws/install/ros2_kdl_package/share/ros2_kdl_package/action/ExecuteTrajectory.idl
[10.341s] -- Up-to-date: /home/user/ros2_ws/install/ros2_kdl_package/share/ros2_kdl_package/action/ExecuteTrajectory.action
[10.341s] -- Up-to-date: /home/user/ros2_ws/install/ros2_kdl_package/lib/ros2_kdl_package/ros2_kdl_node
[10.341s] -- Up-to-date: /home/user/ros2_ws/install/ros2_kdl_package/lib/ros2_kdl_package/ros2_kdl_node_example
[10.342s] -- Installing: /home/user/ros2_ws/install/ros2_kdl_package/lib/ros2_kdl_package/ros2_kdl_node_client
[10.346s] -- Set runtime path of "/home/user/ros2_ws/install/ros2_kdl_package/lib/ros2_kdl_package/ros2_kdl_node_client" to ""
[10.346s] -- Up-to-date: /home/user/ros2_ws/install/ros2_kdl_package/share/ros2_kdl_package/launch
[10.347s] -- Up-to-date: /home/user/ros2_ws/install/ros2_kdl_package/share/ros2_kdl_package/launch/__pycache__
[10.347s] -- Installing: /home/user/ros2_ws/install/ros2_kdl_package/share/ros2_kdl_package/launch/__pycache__/launching.launch.cpython-310.pyc
[10.347s] -- Up-to-date: /home/user/ros2_ws/install/ros2_kdl_package/share/ros2_kdl_package/launch/launching.launch.py
[10.347s] -- Up-to-date: /home/user/ros2_ws/install/ros2_kdl_package/share/ros2_kdl_package/config
[10.347s] -- Up-to-date: /home/user/ros2_ws/install/ros2_kdl_package/share/ros2_kdl_package/config/bridge_config.yaml
[10.347s] -- Up-to-date: /home/user/ros2_ws/install/ros2_kdl_package/share/ros2_kdl_package/config/kdl_params.yaml
[10.347s] -- Up-to-date: /home/user/ros2_ws/install/ros2_kdl_package/share/ament_index/resource_index/package_run_dependencies/ros2_kdl_package
[10.347s] -- Up-to-date: /home/user/ros2_ws/install/ros2_kdl_package/share/ament_index/resource_index/parent_prefix_path/ros2_kdl_package
[10.347s] -- Up-to-date: /home/user/ros2_ws/install/ros2_kdl_package/share/ros2_kdl_package/environment/ament_prefix_path.sh
[10.347s] -- Up-to-date: /home/user/ros2_ws/install/ros2_kdl_package/share/ros2_kdl_package/environment/ament_prefix_path.dsv
[10.347s] -- Up-to-date: /home/user/ros2_ws/install/ros2_kdl_package/share/ros2_kdl_package/environment/path.sh
[10.347s] -- Up-to-date: /home/user/ros2_ws/install/ros2_kdl_package/share/ros2_kdl_package/environment/path.dsv
[10.348s] -- Up-to-date: /home/user/ros2_ws/install/ros2_kdl_package/share/ros2_kdl_package/local_setup.bash
[10.348s] -- Up-to-date: /home/user/ros2_ws/install/ros2_kdl_package/share/ros2_kdl_package/local_setup.sh
[10.348s] -- Up-to-date: /home/user/ros2_ws/install/ros2_kdl_package/share/ros2_kdl_package/local_setup.zsh
[10.348s] -- Up-to-date: /home/user/ros2_ws/install/ros2_kdl_package/share/ros2_kdl_package/local_setup.dsv
[10.348s] -- Installing: /home/user/ros2_ws/install/ros2_kdl_package/share/ros2_kdl_package/package.dsv
[10.348s] -- Up-to-date: /home/user/ros2_ws/install/ros2_kdl_package/share/ament_index/resource_index/packages/ros2_kdl_package
[10.348s] -- Up-to-date: /home/user/ros2_ws/install/ros2_kdl_package/share/ros2_kdl_package/cmake/export_ros2_kdl_package__rosidl_generator_cExport.cmake
[10.348s] -- Up-to-date: /home/user/ros2_ws/install/ros2_kdl_package/share/ros2_kdl_package/cmake/export_ros2_kdl_package__rosidl_generator_cExport-noconfig.cmake
[10.348s] -- Up-to-date: /home/user/ros2_ws/install/ros2_kdl_package/share/ros2_kdl_package/cmake/export_ros2_kdl_package__rosidl_typesupport_fastrtps_cExport.cmake
[10.348s] -- Up-to-date: /home/user/ros2_ws/install/ros2_kdl_package/share/ros2_kdl_package/cmake/export_ros2_kdl_package__rosidl_typesupport_fastrtps_cExport-noconfig.cmake
[10.348s] -- Up-to-date: /home/user/ros2_ws/install/ros2_kdl_package/share/ros2_kdl_package/cmake/export_ros2_kdl_package__rosidl_generator_cppExport.cmake
[10.348s] -- Up-to-date: /home/user/ros2_ws/install/ros2_kdl_package/share/ros2_kdl_package/cmake/export_ros2_kdl_package__rosidl_typesupport_fastrtps_cppExport.cmake
[10.348s] -- Up-to-date: /home/user/ros2_ws/install/ros2_kdl_package/share/ros2_kdl_package/cmake/export_ros2_kdl_package__rosidl_typesupport_fastrtps_cppExport-noconfig.cmake
[10.348s] -- Up-to-date: /home/user/ros2_ws/install/ros2_kdl_package/share/ros2_kdl_package/cmake/ros2_kdl_package__rosidl_typesupport_introspection_cExport.cmake
[10.348s] -- Up-to-date: /home/user/ros2_ws/install/ros2_kdl_package/share/ros2_kdl_package/cmake/ros2_kdl_package__rosidl_typesupport_introspection_cExport-noconfig.cmake
[10.349s] -- Up-to-date: /home/user/ros2_ws/install/ros2_kdl_package/share/ros2_kdl_package/cmake/ros2_kdl_package__rosidl_typesupport_cExport.cmake
[10.349s] -- Up-to-date: /home/user/ros2_ws/install/ros2_kdl_package/share/ros2_kdl_package/cmake/ros2_kdl_package__rosidl_typesupport_cExport-noconfig.cmake
[10.349s] -- Up-to-date: /home/user/ros2_ws/install/ros2_kdl_package/share/ros2_kdl_package/cmake/ros2_kdl_package__rosidl_typesupport_introspection_cppExport.cmake
[10.349s] -- Up-to-date: /home/user/ros2_ws/install/ros2_kdl_package/share/ros2_kdl_package/cmake/ros2_kdl_package__rosidl_typesupport_introspection_cppExport-noconfig.cmake
[10.349s] -- Up-to-date: /home/user/ros2_ws/install/ros2_kdl_package/share/ros2_kdl_package/cmake/ros2_kdl_package__rosidl_typesupport_cppExport.cmake
[10.349s] -- Up-to-date: /home/user/ros2_ws/install/ros2_kdl_package/share/ros2_kdl_package/cmake/ros2_kdl_package__rosidl_typesupport_cppExport-noconfig.cmake
[10.350s] -- Up-to-date: /home/user/ros2_ws/install/ros2_kdl_package/share/ros2_kdl_package/cmake/export_ros2_kdl_package__rosidl_generator_pyExport.cmake
[10.350s] -- Up-to-date: /home/user/ros2_ws/install/ros2_kdl_package/share/ros2_kdl_package/cmake/export_ros2_kdl_package__rosidl_generator_pyExport-noconfig.cmake
[10.350s] -- Up-to-date: /home/user/ros2_ws/install/ros2_kdl_package/share/ros2_kdl_package/cmake/rosidl_cmake-extras.cmake
[10.350s] -- Up-to-date: /home/user/ros2_ws/install/ros2_kdl_package/share/ros2_kdl_package/cmake/ament_cmake_export_dependencies-extras.cmake
[10.350s] -- Up-to-date: /home/user/ros2_ws/install/ros2_kdl_package/share/ros2_kdl_package/cmake/ament_cmake_export_include_directories-extras.cmake
[10.350s] -- Up-to-date: /home/user/ros2_ws/install/ros2_kdl_package/share/ros2_kdl_package/cmake/ament_cmake_export_libraries-extras.cmake
[10.350s] -- Up-to-date: /home/user/ros2_ws/install/ros2_kdl_package/share/ros2_kdl_package/cmake/ament_cmake_export_targets-extras.cmake
[10.350s] -- Up-to-date: /home/user/ros2_ws/install/ros2_kdl_package/share/ros2_kdl_package/cmake/rosidl_cmake_export_typesupport_targets-extras.cmake
[10.350s] -- Up-to-date: /home/user/ros2_ws/install/ros2_kdl_package/share/ros2_kdl_package/cmake/rosidl_cmake_export_typesupport_libraries-extras.cmake
[10.351s] -- Up-to-date: /home/user/ros2_ws/install/ros2_kdl_package/share/ros2_kdl_package/cmake/ros2_kdl_packageConfig.cmake
[10.351s] -- Up-to-date: /home/user/ros2_ws/install/ros2_kdl_package/share/ros2_kdl_package/cmake/ros2_kdl_packageConfig-version.cmake
[10.351s] -- Up-to-date: /home/user/ros2_ws/install/ros2_kdl_package/share/ros2_kdl_package/package.xml
[10.352s] Invoked command in '/home/user/ros2_ws/build/ros2_kdl_package' returned '0': CMAKE_PREFIX_PATH=${CMAKE_PREFIX_PATH}:/opt/ros/humble /usr/bin/cmake --install /home/user/ros2_ws/build/ros2_kdl_package
