[0.039s] Invoking command in '/home/user/ros2_ws/build/impedance_controller': CMAKE_PREFIX_PATH=${CMAKE_PREFIX_PATH}:/opt/ros/humble /usr/bin/cmake --build /home/user/ros2_ws/build/impedance_controller -- -j12 -l12
[0.149s] [100%] Built target impedance_controller
[0.248s] Invoked command in '/home/user/ros2_ws/build/impedance_controller' returned '0': CMAKE_PREFIX_PATH=${CMAKE_PREFIX_PATH}:/opt/ros/humble /usr/bin/cmake --build /home/user/ros2_ws/build/impedance_controller -- -j12 -l12
[0.252s] Invoking command in '/home/user/ros2_ws/build/impedance_controller': CMAKE_PREFIX_PATH=${CMAKE_PREFIX_PATH}:/opt/ros/humble /usr/bin/cmake --install /home/user/ros2_ws/build/impedance_controller
[0.270s] -- Install configuration: ""
[0.270s] -- Execute custom install script
[0.270s] -- Up-to-date symlink: /home/user/ros2_ws/install/impedance_controller/share/impedance_controller//impedance_plugin.xml
[0.272s] -- Up-to-date symlink: /home/user/ros2_ws/install/impedance_controller/include/impedance_controller/impedance_controller.hpp
[0.272s] -- Up-to-date symlink: /home/user/ros2_ws/install/impedance_controller/include/impedance_controller/visibility_control.h
[0.278s] -- Up-to-date symlink: /home/user/ros2_ws/install/impedance_controller/lib/libimpedance_controller.so
[0.278s] -- Up-to-date symlink: /home/user/ros2_ws/install/impedance_controller/share/impedance_controller/environment/library_path.sh
[0.279s] -- Up-to-date symlink: /home/user/ros2_ws/install/impedance_controller/share/impedance_controller/environment/library_path.dsv
[0.281s] -- Up-to-date symlink: /home/user/ros2_ws/install/impedance_controller/share/ament_index/resource_index/package_run_dependencies/impedance_controller
[0.282s] -- Up-to-date symlink: /home/user/ros2_ws/install/impedance_controller/share/ament_index/resource_index/parent_prefix_path/impedance_controller
[0.284s] -- Up-to-date symlink: /home/user/ros2_ws/install/impedance_controller/share/impedance_controller/environment/ament_prefix_path.sh
[0.284s] -- Up-to-date symlink: /home/user/ros2_ws/install/impedance_controller/share/impedance_controller/environment/ament_prefix_path.dsv
[0.285s] -- Up-to-date symlink: /home/user/ros2_ws/install/impedance_controller/share/impedance_controller/environment/path.sh
[0.286s] -- Up-to-date symlink: /home/user/ros2_ws/install/impedance_controller/share/impedance_controller/environment/path.dsv
[0.286s] -- Up-to-date symlink: /home/user/ros2_ws/install/impedance_controller/share/impedance_controller/local_setup.bash
[0.287s] -- Up-to-date symlink: /home/user/ros2_ws/install/impedance_controller/share/impedance_controller/local_setup.sh
[0.288s] -- Up-to-date symlink: /home/user/ros2_ws/install/impedance_controller/share/impedance_controller/local_setup.zsh
[0.294s] -- Up-to-date symlink: /home/user/ros2_ws/install/impedance_controller/share/impedance_controller/local_setup.dsv
[0.294s] -- Symlinking: /home/user/ros2_ws/install/impedance_controller/share/impedance_controller/package.dsv
[0.311s] -- Up-to-date symlink: /home/user/ros2_ws/install/impedance_controller/share/ament_index/resource_index/packages/impedance_controller
[0.312s] -- Up-to-date symlink: /home/user/ros2_ws/install/impedance_controller/share/ament_index/resource_index/controller_interface__pluginlib__plugin/impedance_controller
[0.312s] -- Up-to-date symlink: /home/user/ros2_ws/install/impedance_controller/share/impedance_controller/cmake/ament_cmake_export_dependencies-extras.cmake
[0.312s] -- Up-to-date symlink: /home/user/ros2_ws/install/impedance_controller/share/impedance_controller/cmake/ament_cmake_export_include_directories-extras.cmake
[0.313s] -- Up-to-date symlink: /home/user/ros2_ws/install/impedance_controller/share/impedance_controller/cmake/ament_cmake_export_libraries-extras.cmake
[0.313s] -- Up-to-date symlink: /home/user/ros2_ws/install/impedance_controller/share/impedance_controller/cmake/impedance_controllerConfig.cmake
[0.313s] -- Up-to-date symlink: /home/user/ros2_ws/install/impedance_controller/share/impedance_controller/cmake/impedance_controllerConfig-version.cmake
[0.314s] -- Up-to-date symlink: /home/user/ros2_ws/install/impedance_controller/share/impedance_controller/package.xml
[0.367s] Invoked command in '/home/user/ros2_ws/build/impedance_controller' returned '0': CMAKE_PREFIX_PATH=${CMAKE_PREFIX_PATH}:/opt/ros/humble /usr/bin/cmake --install /home/user/ros2_ws/build/impedance_controller
