[0.039s] Invoking command in '/home/user/ros2_ws/build/explore_lite': CMAKE_PREFIX_PATH=${CMAKE_PREFIX_PATH}:/opt/ros/humble /usr/bin/cmake /home/user/ros2_ws/m-explore-ros2/explore -DAMENT_CMAKE_SYMLINK_INSTALL=1 -DCMAKE_INSTALL_PREFIX=/home/user/ros2_ws/install/explore_lite
[0.139s] -- The C compiler identification is GNU 11.4.0
[0.224s] -- The CXX compiler identification is GNU 11.4.0
[0.235s] -- Detecting C compiler ABI info
[0.344s] -- Detecting C compiler ABI info - done
[0.363s] -- Check for working C compiler: /usr/bin/cc - skipped
[0.363s] -- Detecting C compile features
[0.364s] -- Detecting C compile features - done
[0.368s] -- Detecting CXX compiler ABI info
[0.503s] -- Detecting CXX compiler ABI info - done
[0.522s] -- Check for working CXX compiler: /usr/bin/c++ - skipped
[0.522s] -- Detecting CXX compile features
[0.523s] -- Detecting CXX compile features - done
[0.524s] -- BuilD for ROS2: humble
[0.531s] -- Found ament_cmake: 1.3.12 (/opt/ros/humble/share/ament_cmake/cmake)
[0.801s] -- Found Python3: /usr/bin/python3 (found version "3.10.12") found components: Interpreter 
[0.922s] -- Override CMake install command with custom implementation using symlinks instead of copying resources
[1.006s] -- Found rclcpp: 16.0.16 (/opt/ros/humble/share/rclcpp/cmake)
[1.108s] -- Found rosidl_generator_c: 3.1.7 (/opt/ros/humble/share/rosidl_generator_c/cmake)
[1.121s] -- Found rosidl_adapter: 3.1.7 (/opt/ros/humble/share/rosidl_adapter/cmake)
[1.138s] -- Found rosidl_generator_cpp: 3.1.7 (/opt/ros/humble/share/rosidl_generator_cpp/cmake)
[1.173s] -- Using all available rosidl_typesupport_c: rosidl_typesupport_fastrtps_c;rosidl_typesupport_introspection_c
[1.282s] -- Using all available rosidl_typesupport_cpp: rosidl_typesupport_fastrtps_cpp;rosidl_typesupport_introspection_cpp
[1.647s] -- Found rmw_implementation_cmake: 6.1.2 (/opt/ros/humble/share/rmw_implementation_cmake/cmake)
[1.694s] -- Found rmw_fastrtps_cpp: 6.2.9 (/opt/ros/humble/share/rmw_fastrtps_cpp/cmake)
[2.226s] -- Found OpenSSL: /usr/lib/x86_64-linux-gnu/libcrypto.so (found version "3.0.2")  
[2.412s] -- Found FastRTPS: /opt/ros/humble/include  
[2.676s] -- Using RMW implementation 'rmw_fastrtps_cpp' as default
[2.748s] -- Looking for pthread.h
[2.973s] -- Looking for pthread.h - found
[2.974s] -- Performing Test CMAKE_HAVE_LIBC_PTHREAD
[3.232s] -- Performing Test CMAKE_HAVE_LIBC_PTHREAD - Success
[3.234s] -- Found Threads: TRUE  
[3.519s] -- Found sensor_msgs: 4.9.0 (/opt/ros/humble/share/sensor_msgs/cmake)
[3.711s] -- Found tf2_ros: 0.25.17 (/opt/ros/humble/share/tf2_ros/cmake)
[4.415s] -- Found tf2_geometry_msgs: 0.25.17 (/opt/ros/humble/share/tf2_geometry_msgs/cmake)
[4.519s] -- Found eigen3_cmake_module: 0.1.1 (/opt/ros/humble/share/eigen3_cmake_module/cmake)
[4.521s] -- Found Eigen3: TRUE (found version "3.4.0") 
[4.529s] -- Ensuring Eigen3 include directory is part of orocos-kdl CMake target
[4.547s] -- Found nav2_msgs: 1.1.20 (/opt/ros/humble/share/nav2_msgs/cmake)
[4.806s] -- Found map_msgs: 2.1.0 (/opt/ros/humble/share/map_msgs/cmake)
[4.857s] -- Found visualization_msgs: 4.9.0 (/opt/ros/humble/share/visualization_msgs/cmake)
[4.927s] -- Found nav2_costmap_2d: 1.1.20 (/opt/ros/humble/share/nav2_costmap_2d/cmake)
[5.435s] -- Found ament_lint_auto: 0.12.14 (/opt/ros/humble/share/ament_lint_auto/cmake)
[5.742s] -- Found ament_cmake_gtest: 1.3.12 (/opt/ros/humble/share/ament_cmake_gtest/cmake)
[5.748s] -- Found gtest sources under '/opt/ros/humble/src/gtest_vendor': C++ tests using 'Google Test' will be built
[5.798s] -- Added test 'cppcheck' to perform static code analysis on C / C++ code
[5.800s] -- Configured cppcheck include dirs: /home/user/ros2_ws/m-explore-ros2/explore/include;$<BUILD_INTERFACE:/home/user/ros2_ws/m-explore-ros2/explore/include>
[5.800s] -- Configured cppcheck exclude dirs and/or files: 
[5.802s] -- Added test 'flake8' to check Python code syntax and style conventions
[5.806s] -- Added test 'lint_cmake' to check CMake code style
[5.807s] -- Added test 'pep257' to check Python code against some of the docstring style conventions in PEP 257
[5.812s] -- Added test 'uncrustify' to check C / C++ code style
[5.812s] -- Configured uncrustify additional arguments: 
[5.815s] -- Added test 'xmllint' to check XML markup files
[5.821s] -- Configuring done
[6.215s] -- Generating done
[6.265s] -- Build files have been written to: /home/user/ros2_ws/build/explore_lite
[6.292s] Invoked command in '/home/user/ros2_ws/build/explore_lite' returned '0': CMAKE_PREFIX_PATH=${CMAKE_PREFIX_PATH}:/opt/ros/humble /usr/bin/cmake /home/user/ros2_ws/m-explore-ros2/explore -DAMENT_CMAKE_SYMLINK_INSTALL=1 -DCMAKE_INSTALL_PREFIX=/home/user/ros2_ws/install/explore_lite
[6.294s] Invoking command in '/home/user/ros2_ws/build/explore_lite': CMAKE_PREFIX_PATH=${CMAKE_PREFIX_PATH}:/opt/ros/humble /usr/bin/cmake --build /home/user/ros2_ws/build/explore_lite -- -j12 -l12
[6.669s] [ 10%] [32mBuilding CXX object gtest/CMakeFiles/gtest_main.dir/src/gtest_main.cc.o[0m
[6.669s] [ 20%] [32mBuilding CXX object CMakeFiles/explore.dir/src/costmap_client.cpp.o[0m
[6.670s] [ 30%] [32mBuilding CXX object gtest/CMakeFiles/gtest.dir/src/gtest-all.cc.o[0m
[6.670s] [ 40%] [32mBuilding CXX object CMakeFiles/explore.dir/src/explore.cpp.o[0m
[6.670s] [ 50%] [32mBuilding CXX object CMakeFiles/explore.dir/src/frontier_search.cpp.o[0m
[8.585s] [ 60%] [32m[1mLinking CXX static library libgtest_main.a[0m
[8.715s] [ 60%] Built target gtest_main
[17.106s] [ 70%] [32m[1mLinking CXX static library libgtest.a[0m
[17.348s] [ 70%] Built target gtest
[17.437s] [ 80%] [32mBuilding CXX object CMakeFiles/test_explore.dir/test/test_explore.cpp.o[0m
[21.011s] [ 90%] [32m[1mLinking CXX executable test_explore[0m
[22.990s] [ 90%] Built target test_explore
[40.352s] [100%] [32m[1mLinking CXX executable explore[0m
[44.593s] [100%] Built target explore
[44.614s] Invoked command in '/home/user/ros2_ws/build/explore_lite' returned '0': CMAKE_PREFIX_PATH=${CMAKE_PREFIX_PATH}:/opt/ros/humble /usr/bin/cmake --build /home/user/ros2_ws/build/explore_lite -- -j12 -l12
[44.617s] Invoking command in '/home/user/ros2_ws/build/explore_lite': CMAKE_PREFIX_PATH=${CMAKE_PREFIX_PATH}:/opt/ros/humble /usr/bin/cmake --install /home/user/ros2_ws/build/explore_lite
[44.631s] -- Install configuration: ""
[44.632s] -- Execute custom install script
[44.633s] -- Symlinking: /home/user/ros2_ws/install/explore_lite/include/explore//costmap_client.h
[44.650s] -- Symlinking: /home/user/ros2_ws/install/explore_lite/include/explore//costmap_tools.h
[44.667s] -- Symlinking: /home/user/ros2_ws/install/explore_lite/include/explore//explore.h
[44.683s] -- Symlinking: /home/user/ros2_ws/install/explore_lite/include/explore//frontier_search.h
[44.701s] -- Symlinking: /home/user/ros2_ws/install/explore_lite/share/explore_lite/config/params.yaml
[44.718s] -- Symlinking: /home/user/ros2_ws/install/explore_lite/share/explore_lite/config/params_costmap.yaml
[44.735s] -- Symlinking: /home/user/ros2_ws/install/explore_lite/share/explore_lite/launch/explore.launch.py
[44.752s] -- Symlinking: /home/user/ros2_ws/install/explore_lite/lib/explore_lite/explore
[44.769s] -- Symlinking: /home/user/ros2_ws/install/explore_lite/share/ament_index/resource_index/package_run_dependencies/explore_lite
[44.786s] -- Symlinking: /home/user/ros2_ws/install/explore_lite/share/ament_index/resource_index/parent_prefix_path/explore_lite
[44.803s] -- Symlinking: /home/user/ros2_ws/install/explore_lite/share/explore_lite/environment/ament_prefix_path.sh
[44.820s] -- Symlinking: /home/user/ros2_ws/install/explore_lite/share/explore_lite/environment/ament_prefix_path.dsv
[44.836s] -- Symlinking: /home/user/ros2_ws/install/explore_lite/share/explore_lite/environment/path.sh
[44.853s] -- Symlinking: /home/user/ros2_ws/install/explore_lite/share/explore_lite/environment/path.dsv
[44.869s] -- Symlinking: /home/user/ros2_ws/install/explore_lite/share/explore_lite/local_setup.bash
[44.886s] -- Symlinking: /home/user/ros2_ws/install/explore_lite/share/explore_lite/local_setup.sh
[44.902s] -- Symlinking: /home/user/ros2_ws/install/explore_lite/share/explore_lite/local_setup.zsh
[44.919s] -- Symlinking: /home/user/ros2_ws/install/explore_lite/share/explore_lite/local_setup.dsv
[44.936s] -- Symlinking: /home/user/ros2_ws/install/explore_lite/share/explore_lite/package.dsv
[44.952s] -- Symlinking: /home/user/ros2_ws/install/explore_lite/share/ament_index/resource_index/packages/explore_lite
[44.969s] -- Symlinking: /home/user/ros2_ws/install/explore_lite/share/explore_lite/cmake/ament_cmake_export_include_directories-extras.cmake
[44.986s] -- Symlinking: /home/user/ros2_ws/install/explore_lite/share/explore_lite/cmake/explore_liteConfig.cmake
[45.003s] -- Symlinking: /home/user/ros2_ws/install/explore_lite/share/explore_lite/cmake/explore_liteConfig-version.cmake
[45.019s] -- Symlinking: /home/user/ros2_ws/install/explore_lite/share/explore_lite/package.xml
[45.039s] Invoked command in '/home/user/ros2_ws/build/explore_lite' returned '0': CMAKE_PREFIX_PATH=${CMAKE_PREFIX_PATH}:/opt/ros/humble /usr/bin/cmake --install /home/user/ros2_ws/build/explore_lite
