[0.036s] Invoking command in '/home/user/ros2_ws/build/impedance_controller': CMAKE_PREFIX_PATH=${CMAKE_PREFIX_PATH}:/opt/ros/humble /usr/bin/cmake --build /home/user/ros2_ws/build/impedance_controller -- -j12 -l12
[0.136s] [100%] Built target impedance_controller
[0.226s] Invoked command in '/home/user/ros2_ws/build/impedance_controller' returned '0': CMAKE_PREFIX_PATH=${CMAKE_PREFIX_PATH}:/opt/ros/humble /usr/bin/cmake --build /home/user/ros2_ws/build/impedance_controller -- -j12 -l12
[0.227s] Invoking command in '/home/user/ros2_ws/build/impedance_controller': CMAKE_PREFIX_PATH=${CMAKE_PREFIX_PATH}:/opt/ros/humble /usr/bin/cmake --install /home/user/ros2_ws/build/impedance_controller
[0.239s] -- Install configuration: ""
[0.240s] -- Execute custom install script
[0.240s] -- Up-to-date symlink: /home/user/ros2_ws/install/impedance_controller/share/impedance_controller//impedance_plugin.xml
[0.241s] -- Up-to-date symlink: /home/user/ros2_ws/install/impedance_controller/include/impedance_controller/impedance_controller.hpp
[0.241s] -- Up-to-date symlink: /home/user/ros2_ws/install/impedance_controller/include/impedance_controller/visibility_control.h
[0.242s] -- Up-to-date symlink: /home/user/ros2_ws/install/impedance_controller/lib/libimpedance_controller.so
[0.242s] -- Up-to-date symlink: /home/user/ros2_ws/install/impedance_controller/share/impedance_controller/environment/library_path.sh
[0.242s] -- Up-to-date symlink: /home/user/ros2_ws/install/impedance_controller/share/impedance_controller/environment/library_path.dsv
[0.243s] -- Up-to-date symlink: /home/user/ros2_ws/install/impedance_controller/share/ament_index/resource_index/package_run_dependencies/impedance_controller
[0.243s] -- Up-to-date symlink: /home/user/ros2_ws/install/impedance_controller/share/ament_index/resource_index/parent_prefix_path/impedance_controller
[0.244s] -- Up-to-date symlink: /home/user/ros2_ws/install/impedance_controller/share/impedance_controller/environment/ament_prefix_path.sh
[0.244s] -- Up-to-date symlink: /home/user/ros2_ws/install/impedance_controller/share/impedance_controller/environment/ament_prefix_path.dsv
[0.244s] -- Up-to-date symlink: /home/user/ros2_ws/install/impedance_controller/share/impedance_controller/environment/path.sh
[0.246s] -- Up-to-date symlink: /home/user/ros2_ws/install/impedance_controller/share/impedance_controller/environment/path.dsv
[0.246s] -- Up-to-date symlink: /home/user/ros2_ws/install/impedance_controller/share/impedance_controller/local_setup.bash
[0.247s] -- Up-to-date symlink: /home/user/ros2_ws/install/impedance_controller/share/impedance_controller/local_setup.sh
[0.247s] -- Up-to-date symlink: /home/user/ros2_ws/install/impedance_controller/share/impedance_controller/local_setup.zsh
[0.247s] -- Up-to-date symlink: /home/user/ros2_ws/install/impedance_controller/share/impedance_controller/local_setup.dsv
[0.247s] -- Symlinking: /home/user/ros2_ws/install/impedance_controller/share/impedance_controller/package.dsv
[0.260s] -- Up-to-date symlink: /home/user/ros2_ws/install/impedance_controller/share/ament_index/resource_index/packages/impedance_controller
[0.260s] -- Up-to-date symlink: /home/user/ros2_ws/install/impedance_controller/share/ament_index/resource_index/controller_interface__pluginlib__plugin/impedance_controller
[0.261s] -- Up-to-date symlink: /home/user/ros2_ws/install/impedance_controller/share/impedance_controller/cmake/ament_cmake_export_dependencies-extras.cmake
[0.261s] -- Up-to-date symlink: /home/user/ros2_ws/install/impedance_controller/share/impedance_controller/cmake/ament_cmake_export_include_directories-extras.cmake
[0.262s] -- Up-to-date symlink: /home/user/ros2_ws/install/impedance_controller/share/impedance_controller/cmake/ament_cmake_export_libraries-extras.cmake
[0.262s] -- Up-to-date symlink: /home/user/ros2_ws/install/impedance_controller/share/impedance_controller/cmake/impedance_controllerConfig.cmake
[0.262s] -- Up-to-date symlink: /home/user/ros2_ws/install/impedance_controller/share/impedance_controller/cmake/impedance_controllerConfig-version.cmake
[0.263s] -- Up-to-date symlink: /home/user/ros2_ws/install/impedance_controller/share/impedance_controller/package.xml
[0.330s] Invoked command in '/home/user/ros2_ws/build/impedance_controller' returned '0': CMAKE_PREFIX_PATH=${CMAKE_PREFIX_PATH}:/opt/ros/humble /usr/bin/cmake --install /home/user/ros2_ws/build/impedance_controller
