[0.042s] Invoking command in '/home/user/ros2_ws/build/iiwa_description': CMAKE_PREFIX_PATH=${CMAKE_PREFIX_PATH}:/opt/ros/humble /usr/bin/cmake --build /home/user/ros2_ws/build/iiwa_description -- -j12 -l12
[0.095s] Invoked command in '/home/user/ros2_ws/build/iiwa_description' returned '0': CMAKE_PREFIX_PATH=${CMAKE_PREFIX_PATH}:/opt/ros/humble /usr/bin/cmake --build /home/user/ros2_ws/build/iiwa_description -- -j12 -l12
[0.110s] Invoking command in '/home/user/ros2_ws/build/iiwa_description': CMAKE_PREFIX_PATH=${CMAKE_PREFIX_PATH}:/opt/ros/humble /usr/bin/cmake --install /home/user/ros2_ws/build/iiwa_description
[0.162s] -- Install configuration: ""
[0.162s] -- Up-to-date: /home/user/ros2_ws/install/iiwa_description/share/iiwa_description/urdf
[0.163s] -- Up-to-date: /home/user/ros2_ws/install/iiwa_description/share/iiwa_description/urdf/iiwa.urdf.xacro
[0.163s] -- Up-to-date: /home/user/ros2_ws/install/iiwa_description/share/iiwa_description/meshes
[0.163s] -- Up-to-date: /home/user/ros2_ws/install/iiwa_description/share/iiwa_description/meshes/lbr_iiwa_14_r820
[0.163s] -- Up-to-date: /home/user/ros2_ws/install/iiwa_description/share/iiwa_description/meshes/lbr_iiwa_14_r820/collision
[0.163s] -- Up-to-date: /home/user/ros2_ws/install/iiwa_description/share/iiwa_description/meshes/lbr_iiwa_14_r820/collision/link_1.stl
[0.163s] -- Up-to-date: /home/user/ros2_ws/install/iiwa_description/share/iiwa_description/meshes/lbr_iiwa_14_r820/collision/link_2.stl
[0.163s] -- Up-to-date: /home/user/ros2_ws/install/iiwa_description/share/iiwa_description/meshes/lbr_iiwa_14_r820/collision/link_4.stl
[0.164s] -- Up-to-date: /home/user/ros2_ws/install/iiwa_description/share/iiwa_description/meshes/lbr_iiwa_14_r820/collision/link_5.stl
[0.164s] -- Up-to-date: /home/user/ros2_ws/install/iiwa_description/share/iiwa_description/meshes/lbr_iiwa_14_r820/collision/base_link.stl
[0.164s] -- Up-to-date: /home/user/ros2_ws/install/iiwa_description/share/iiwa_description/meshes/lbr_iiwa_14_r820/collision/link_7.stl
[0.164s] -- Up-to-date: /home/user/ros2_ws/install/iiwa_description/share/iiwa_description/meshes/lbr_iiwa_14_r820/collision/link_6.stl
[0.169s] -- Up-to-date: /home/user/ros2_ws/install/iiwa_description/share/iiwa_description/meshes/lbr_iiwa_14_r820/collision/link_7_2.stl
[0.170s] -- Up-to-date: /home/user/ros2_ws/install/iiwa_description/share/iiwa_description/meshes/lbr_iiwa_14_r820/collision/link_3.stl
[0.171s] -- Up-to-date: /home/user/ros2_ws/install/iiwa_description/share/iiwa_description/meshes/lbr_iiwa_14_r820/link_7_2.stl
[0.171s] -- Up-to-date: /home/user/ros2_ws/install/iiwa_description/share/iiwa_description/meshes/lbr_iiwa_14_r820/visual
[0.171s] -- Up-to-date: /home/user/ros2_ws/install/iiwa_description/share/iiwa_description/meshes/lbr_iiwa_14_r820/visual/link_3.dae
[0.171s] -- Up-to-date: /home/user/ros2_ws/install/iiwa_description/share/iiwa_description/meshes/lbr_iiwa_14_r820/visual/link_4.dae
[0.172s] -- Up-to-date: /home/user/ros2_ws/install/iiwa_description/share/iiwa_description/meshes/lbr_iiwa_14_r820/visual/base_link.dae
[0.172s] -- Up-to-date: /home/user/ros2_ws/install/iiwa_description/share/iiwa_description/meshes/lbr_iiwa_14_r820/visual/link_2.dae
[0.172s] -- Up-to-date: /home/user/ros2_ws/install/iiwa_description/share/iiwa_description/meshes/lbr_iiwa_14_r820/visual/link_7.dae
[0.172s] -- Up-to-date: /home/user/ros2_ws/install/iiwa_description/share/iiwa_description/meshes/lbr_iiwa_14_r820/visual/link_7_2.stl
[0.172s] -- Up-to-date: /home/user/ros2_ws/install/iiwa_description/share/iiwa_description/meshes/lbr_iiwa_14_r820/visual/link_1.dae
[0.172s] -- Up-to-date: /home/user/ros2_ws/install/iiwa_description/share/iiwa_description/meshes/lbr_iiwa_14_r820/visual/link_5.dae
[0.172s] -- Up-to-date: /home/user/ros2_ws/install/iiwa_description/share/iiwa_description/meshes/lbr_iiwa_14_r820/visual/link_6.dae
[0.173s] -- Up-to-date: /home/user/ros2_ws/install/iiwa_description/share/iiwa_description/meshes/flex_fellow_h800
[0.173s] -- Up-to-date: /home/user/ros2_ws/install/iiwa_description/share/iiwa_description/meshes/flex_fellow_h800/flex_fellow_h800.stl
[0.173s] -- Up-to-date: /home/user/ros2_ws/install/iiwa_description/share/iiwa_description/meshes/flex_fellow_h800/flex_fellow_h800.dae
[0.173s] -- Up-to-date: /home/user/ros2_ws/install/iiwa_description/share/iiwa_description/gazebo
[0.173s] -- Up-to-date: /home/user/ros2_ws/install/iiwa_description/share/iiwa_description/gazebo/worlds
[0.173s] -- Up-to-date: /home/user/ros2_ws/install/iiwa_description/share/iiwa_description/gazebo/worlds/empty.world
[0.174s] -- Up-to-date: /home/user/ros2_ws/install/iiwa_description/share/iiwa_description/gazebo/models
[0.174s] -- Up-to-date: /home/user/ros2_ws/install/iiwa_description/share/iiwa_description/gazebo/models/arucotag
[0.174s] -- Up-to-date: /home/user/ros2_ws/install/iiwa_description/share/iiwa_description/gazebo/models/arucotag/model.config
[0.174s] -- Up-to-date: /home/user/ros2_ws/install/iiwa_description/share/iiwa_description/gazebo/models/arucotag/model.sdf
[0.174s] -- Up-to-date: /home/user/ros2_ws/install/iiwa_description/share/iiwa_description/gazebo/models/arucotag/arucotag.png
[0.178s] -- Up-to-date: /home/user/ros2_ws/install/iiwa_description/share/iiwa_description/gazebo/models/arucotag/aruco-201.png
[0.179s] -- Up-to-date: /home/user/ros2_ws/install/iiwa_description/share/iiwa_description/gazebo/iiwa.gazebo.xacro
[0.179s] -- Up-to-date: /home/user/ros2_ws/install/iiwa_description/share/iiwa_description/rviz
[0.179s] -- Up-to-date: /home/user/ros2_ws/install/iiwa_description/share/iiwa_description/rviz/servo_rviz_config.rviz
[0.179s] -- Up-to-date: /home/user/ros2_ws/install/iiwa_description/share/iiwa_description/rviz/moveit.rviz
[0.180s] -- Up-to-date: /home/user/ros2_ws/install/iiwa_description/share/iiwa_description/rviz/iiwa.rviz
[0.180s] -- Up-to-date: /home/user/ros2_ws/install/iiwa_description/share/iiwa_description/ros2_control
[0.180s] -- Up-to-date: /home/user/ros2_ws/install/iiwa_description/share/iiwa_description/ros2_control/iiwa.r2c_hw_ds.xacro
[0.180s] -- Up-to-date: /home/user/ros2_ws/install/iiwa_description/share/iiwa_description/ros2_control/iiwa.r2c_hardware.xacro
[0.180s] -- Up-to-date: /home/user/ros2_ws/install/iiwa_description/share/iiwa_description/config
[0.183s] -- Up-to-date: /home/user/ros2_ws/install/iiwa_description/share/iiwa_description/config/iiwa_controllers.yaml
[0.183s] -- Up-to-date: /home/user/ros2_ws/install/iiwa_description/share/iiwa_description/config/initial_positions.yaml
[0.183s] -- Up-to-date: /home/user/ros2_ws/install/iiwa_description/share/iiwa_description/config/base_frame.yaml
[0.183s] -- Up-to-date: /home/user/ros2_ws/install/iiwa_description/share/iiwa_description/config/iiwa.config.xacro
[0.183s] -- Up-to-date: /home/user/ros2_ws/install/iiwa_description/share/iiwa_description/moveit2
[0.183s] -- Up-to-date: /home/user/ros2_ws/install/iiwa_description/share/iiwa_description/moveit2/planning_pipelines_config.yaml
[0.183s] -- Up-to-date: /home/user/ros2_ws/install/iiwa_description/share/iiwa_description/moveit2/iiwa_moveit2_pose_tracking_settings.yaml
[0.184s] -- Up-to-date: /home/user/ros2_ws/install/iiwa_description/share/iiwa_description/moveit2/iiwa_cartesian_limits.yaml
[0.184s] -- Up-to-date: /home/user/ros2_ws/install/iiwa_description/share/iiwa_description/moveit2/iiwa_moveit_controller_config.yaml
[0.184s] -- Up-to-date: /home/user/ros2_ws/install/iiwa_description/share/iiwa_description/moveit2/ompl_planning.yaml
[0.184s] -- Up-to-date: /home/user/ros2_ws/install/iiwa_description/share/iiwa_description/moveit2/iiwa_joint_limits.yaml
[0.184s] -- Up-to-date: /home/user/ros2_ws/install/iiwa_description/share/iiwa_description/moveit2/kinematics.yaml
[0.184s] -- Up-to-date: /home/user/ros2_ws/install/iiwa_description/share/iiwa_description/moveit2/iiwa_moveit2_servo_config.yaml
[0.184s] -- Up-to-date: /home/user/ros2_ws/install/iiwa_description/share/iiwa_description/moveit2/iiwa_moveit2_pose_tracking_config.yaml
[0.185s] -- Up-to-date: /home/user/ros2_ws/install/iiwa_description/share/iiwa_description/srdf
[0.185s] -- Up-to-date: /home/user/ros2_ws/install/iiwa_description/share/iiwa_description/srdf/iiwa_macro.srdf.xacro
[0.185s] -- Up-to-date: /home/user/ros2_ws/install/iiwa_description/share/iiwa_description/srdf/iiwa.srdf.xacro
[0.185s] -- Up-to-date: /home/user/ros2_ws/install/iiwa_description/share/iiwa_description/environment/iiwa_description.sh
[0.185s] -- Up-to-date: /home/user/ros2_ws/install/iiwa_description/share/ament_index/resource_index/package_run_dependencies/iiwa_description
[0.185s] -- Up-to-date: /home/user/ros2_ws/install/iiwa_description/share/ament_index/resource_index/parent_prefix_path/iiwa_description
[0.185s] -- Up-to-date: /home/user/ros2_ws/install/iiwa_description/share/iiwa_description/environment/ament_prefix_path.sh
[0.185s] -- Up-to-date: /home/user/ros2_ws/install/iiwa_description/share/iiwa_description/environment/ament_prefix_path.dsv
[0.186s] -- Up-to-date: /home/user/ros2_ws/install/iiwa_description/share/iiwa_description/environment/path.sh
[0.186s] -- Up-to-date: /home/user/ros2_ws/install/iiwa_description/share/iiwa_description/environment/path.dsv
[0.186s] -- Up-to-date: /home/user/ros2_ws/install/iiwa_description/share/iiwa_description/local_setup.bash
[0.186s] -- Up-to-date: /home/user/ros2_ws/install/iiwa_description/share/iiwa_description/local_setup.sh
[0.186s] -- Up-to-date: /home/user/ros2_ws/install/iiwa_description/share/iiwa_description/local_setup.zsh
[0.186s] -- Up-to-date: /home/user/ros2_ws/install/iiwa_description/share/iiwa_description/local_setup.dsv
[0.186s] -- Installing: /home/user/ros2_ws/install/iiwa_description/share/iiwa_description/package.dsv
[0.188s] -- Up-to-date: /home/user/ros2_ws/install/iiwa_description/share/ament_index/resource_index/packages/iiwa_description
[0.188s] -- Up-to-date: /home/user/ros2_ws/install/iiwa_description/share/iiwa_description/cmake/iiwa_descriptionConfig.cmake
[0.188s] -- Up-to-date: /home/user/ros2_ws/install/iiwa_description/share/iiwa_description/cmake/iiwa_descriptionConfig-version.cmake
[0.188s] -- Up-to-date: /home/user/ros2_ws/install/iiwa_description/share/iiwa_description/package.xml
[0.188s] Invoked command in '/home/user/ros2_ws/build/iiwa_description' returned '0': CMAKE_PREFIX_PATH=${CMAKE_PREFIX_PATH}:/opt/ros/humble /usr/bin/cmake --install /home/user/ros2_ws/build/iiwa_description
